[0.000000] (-) TimerEvent: {}
[0.002001] (realsense_camera_msgs) JobQueued: {'identifier': 'realsense_camera_msgs', 'dependencies': OrderedDict([('realsense_camera_msgs', '/home/yan/camps_ws/install/realsense_camera_msgs')])}
[0.002207] (realsense_ros2_camera) JobQueued: {'identifier': 'realsense_ros2_camera', 'dependencies': OrderedDict([('realsense_camera_msgs', '/home/yan/camps_ws/install/realsense_camera_msgs'), ('realsense_ros2_camera', '/home/yan/camps_ws/install/realsense_ros2_camera')])}
[0.002365] (realsense_camera_msgs) JobStarted: {'identifier': 'realsense_camera_msgs'}
[0.096975] (-) TimerEvent: {}
[0.198270] (-) TimerEvent: {}
[0.299771] (-) TimerEvent: {}
[0.401837] (-) TimerEvent: {}
[0.503435] (-) TimerEvent: {}
[0.549049] (realsense_camera_msgs) Command: {'cmd': ['/usr/bin/ctest', '-C', 'Release', '-D', 'ExperimentalTest', '--no-compress-output', '-V', '--force-new-ctest-process'], 'cwd': '/home/yan/camps_ws/build/realsense_camera_msgs', 'env': OrderedDict([('LESSOPEN', '| /usr/bin/lesspipe %s'), ('GTK_CSD', '0'), ('USER', 'yan'), ('LC_TIME', 'id_ID.UTF-8'), ('TEXTDOMAIN', 'im-config'), ('XDG_SESSION_TYPE', 'x11'), ('GNOME_SESSION_XDG_SESSION_PATH', ''), ('LD_LIBRARY_PATH', '/home/yan/camps_ws/install/realsense_camera_msgs/lib:/home/yan/ros2_ws/install/realsense_msgs/lib:/opt/ros/dashing/opt/yaml_cpp_vendor/lib:/opt/ros/dashing/opt/rviz_ogre_vendor/lib:/opt/ros/dashing/lib'), ('SHLVL', '2'), ('OLDPWD', '/home/yan/ros2_ws'), ('QT4_IM_MODULE', 'xim'), ('HOME', '/home/yan'), ('DESKTOP_SESSION', 'unity'), ('GTK_MODULES', 'gail:atk-bridge:unity-gtk-module'), ('ROS_PYTHON_VERSION', '3'), ('LC_MONETARY', 'id_ID.UTF-8'), ('MANAGERPID', '5678'), ('DBUS_SESSION_BUS_ADDRESS', 'unix:path=/run/user/1000/bus'), ('COLORTERM', 'truecolor'), ('MANDATORY_PATH', '/usr/share/gconf/unity.mandatory.path'), ('COLCON_PREFIX_PATH', '/home/yan/camps_ws/install:/home/yan/ros2_ws/install'), ('IM_CONFIG_PHASE', '2'), ('ROS_DISTRO', 'dashing'), ('LOGNAME', 'yan'), ('GTK_IM_MODULE', 'ibus'), ('JOURNAL_STREAM', '8:31061'), ('_', '/usr/bin/colcon'), ('DEFAULTS_PATH', '/usr/share/gconf/unity.default.path'), ('ROS_VERSION', '2'), ('USERNAME', 'yan'), ('TERM', 'xterm-256color'), ('GNOME_DESKTOP_SESSION_ID', 'this-is-deprecated'), ('WINDOWPATH', '1'), ('PATH', '/home/yan/camps_ws/install/realsense_ros2_camera/bin:/opt/ros/dashing/bin:/home/yan/.local/bin:/usr/local/sbin:/usr/local/bin:/usr/sbin:/usr/bin:/sbin:/bin:/usr/games:/usr/local/games:/snap/bin'), ('INVOCATION_ID', 'b0626d62104845a39d36296cb48b36e5'), ('SESSION_MANAGER', 'local/yan-desktop:@/tmp/.ICE-unix/6304,unix/yan-desktop:/tmp/.ICE-unix/6304'), ('XDG_MENU_PREFIX', 'gnome-'), ('GNOME_TERMINAL_SCREEN', '/org/gnome/Terminal/screen/146be67b_a2c3_406e_b711_b26aa6662acf'), ('LC_ADDRESS', 'id_ID.UTF-8'), ('XDG_RUNTIME_DIR', '/run/user/1000'), ('DISPLAY', ':0'), ('LANG', 'en_US.UTF-8'), ('XDG_CURRENT_DESKTOP', 'Unity:Unity7:ubuntu'), ('LC_TELEPHONE', 'id_ID.UTF-8'), ('LD_PRELOAD', 'libgtk3-nocsd.so.0'), ('LS_COLORS', 'rs=0:di=01;34:ln=01;36:mh=00:pi=40;33:so=01;35:do=01;35:bd=40;33;01:cd=40;33;01:or=40;31;01:mi=00:su=37;41:sg=30;43:ca=30;41:tw=30;42:ow=34;42:st=37;44:ex=01;32:*.tar=01;31:*.tgz=01;31:*.arc=01;31:*.arj=01;31:*.taz=01;31:*.lha=01;31:*.lz4=01;31:*.lzh=01;31:*.lzma=01;31:*.tlz=01;31:*.txz=01;31:*.tzo=01;31:*.t7z=01;31:*.zip=01;31:*.z=01;31:*.Z=01;31:*.dz=01;31:*.gz=01;31:*.lrz=01;31:*.lz=01;31:*.lzo=01;31:*.xz=01;31:*.zst=01;31:*.tzst=01;31:*.bz2=01;31:*.bz=01;31:*.tbz=01;31:*.tbz2=01;31:*.tz=01;31:*.deb=01;31:*.rpm=01;31:*.jar=01;31:*.war=01;31:*.ear=01;31:*.sar=01;31:*.rar=01;31:*.alz=01;31:*.ace=01;31:*.zoo=01;31:*.cpio=01;31:*.7z=01;31:*.rz=01;31:*.cab=01;31:*.wim=01;31:*.swm=01;31:*.dwm=01;31:*.esd=01;31:*.jpg=01;35:*.jpeg=01;35:*.mjpg=01;35:*.mjpeg=01;35:*.gif=01;35:*.bmp=01;35:*.pbm=01;35:*.pgm=01;35:*.ppm=01;35:*.tga=01;35:*.xbm=01;35:*.xpm=01;35:*.tif=01;35:*.tiff=01;35:*.png=01;35:*.svg=01;35:*.svgz=01;35:*.mng=01;35:*.pcx=01;35:*.mov=01;35:*.mpg=01;35:*.mpeg=01;35:*.m2v=01;35:*.mkv=01;35:*.webm=01;35:*.ogm=01;35:*.mp4=01;35:*.m4v=01;35:*.mp4v=01;35:*.vob=01;35:*.qt=01;35:*.nuv=01;35:*.wmv=01;35:*.asf=01;35:*.rm=01;35:*.rmvb=01;35:*.flc=01;35:*.avi=01;35:*.fli=01;35:*.flv=01;35:*.gl=01;35:*.dl=01;35:*.xcf=01;35:*.xwd=01;35:*.yuv=01;35:*.cgm=01;35:*.emf=01;35:*.ogv=01;35:*.ogx=01;35:*.aac=00;36:*.au=00;36:*.flac=00;36:*.m4a=00;36:*.mid=00;36:*.midi=00;36:*.mka=00;36:*.mp3=00;36:*.mpc=00;36:*.ogg=00;36:*.ra=00;36:*.wav=00;36:*.oga=00;36:*.opus=00;36:*.spx=00;36:*.xspf=00;36:'), ('XDG_SESSION_DESKTOP', 'unity'), ('XMODIFIERS', '@im=ibus'), ('GNOME_TERMINAL_SERVICE', ':1.97'), ('XAUTHORITY', '/run/user/1000/gdm/Xauthority'), ('AMENT_PREFIX_PATH', '/home/yan/camps_ws/install/realsense_ros2_camera:/home/yan/camps_ws/install/realsense_camera_msgs:/home/yan/camps_ws/install/py_pubsub:/home/yan/ros2_ws/install/realsense_msgs:/opt/ros/dashing'), ('SSH_AUTH_SOCK', '/run/user/1000/keyring/ssh'), ('SSH_AGENT_LAUNCHER', 'gnome-keyring'), ('LC_NAME', 'id_ID.UTF-8'), ('SHELL', '/bin/bash'), ('QT_ACCESSIBILITY', '1'), ('GDMSESSION', 'unity'), ('LESSCLOSE', '/usr/bin/lesspipe %s %s'), ('LC_MEASUREMENT', 'id_ID.UTF-8'), ('TEXTDOMAINDIR', '/usr/share/locale/'), ('GPG_AGENT_INFO', '/run/user/1000/gnupg/S.gpg-agent:0:1'), ('LC_IDENTIFICATION', 'id_ID.UTF-8'), ('QT_IM_MODULE', 'ibus'), ('LC_ALL', 'en_US.UTF-8'), ('PWD', '/home/yan/camps_ws/build/realsense_camera_msgs'), ('CLUTTER_IM_MODULE', 'xim'), ('XDG_DATA_DIRS', '/usr/share/unity:/usr/local/share/:/usr/share/:/var/lib/snapd/desktop'), ('XDG_CONFIG_DIRS', '/etc/xdg/xdg-unity:/etc/xdg'), ('LC_NUMERIC', 'id_ID.UTF-8'), ('PYTHONPATH', '/home/yan/camps_ws/install/realsense_camera_msgs/lib/python3.6/site-packages:/home/yan/camps_ws/install/py_pubsub/lib/python3.6/site-packages:/home/yan/ros2_ws/install/realsense_msgs/lib/python3.6/site-packages:/opt/ros/dashing/lib/python3.6/site-packages'), ('LC_PAPER', 'id_ID.UTF-8'), ('COLCON', '1'), ('VTE_VERSION', '5202'), ('CMAKE_PREFIX_PATH', '/home/yan/camps_ws/install/realsense_camera_msgs:/home/yan/camps_ws/install/realsense_ros2_camera:/home/yan/ros2_ws/install/realsense_msgs')]), 'shell': False}
[0.603857] (-) TimerEvent: {}
[0.637087] (realsense_camera_msgs) StdoutLine: {'line': b'UpdateCTestConfiguration  from :/home/yan/camps_ws/build/realsense_camera_msgs/CTestConfiguration.ini\n'}
[0.638827] (realsense_camera_msgs) StdoutLine: {'line': b'Parse Config file:/home/yan/camps_ws/build/realsense_camera_msgs/CTestConfiguration.ini\n'}
[0.639491] (realsense_camera_msgs) StdoutLine: {'line': b'   Site: yan-desktop\n'}
[0.640062] (realsense_camera_msgs) StdoutLine: {'line': b'   Build name: (empty)\n'}
[0.640963] (realsense_camera_msgs) StdoutLine: {'line': b' Add coverage exclude regular expressions.\n'}
[0.641682] (realsense_camera_msgs) StdoutLine: {'line': b'SetCTestConfiguration:CMakeCommand:/usr/bin/cmake\n'}
[0.642213] (realsense_camera_msgs) StdoutLine: {'line': b'Create new tag: 20201220-0758 - Experimental\n'}
[0.642740] (realsense_camera_msgs) StdoutLine: {'line': b'UpdateCTestConfiguration  from :/home/yan/camps_ws/build/realsense_camera_msgs/CTestConfiguration.ini\n'}
[0.643847] (realsense_camera_msgs) StdoutLine: {'line': b'Parse Config file:/home/yan/camps_ws/build/realsense_camera_msgs/CTestConfiguration.ini\n'}
[0.644514] (realsense_camera_msgs) StdoutLine: {'line': b'Test project /home/yan/camps_ws/build/realsense_camera_msgs\n'}
[0.645556] (realsense_camera_msgs) StdoutLine: {'line': b'Constructing a list of tests\n'}
[0.646089] (realsense_camera_msgs) StdoutLine: {'line': b'Done constructing a list of tests\n'}
[0.646642] (realsense_camera_msgs) StdoutLine: {'line': b'Updating test list for fixtures\n'}
[0.647171] (realsense_camera_msgs) StdoutLine: {'line': b'Added 0 tests to meet fixture requirements\n'}
[0.647680] (realsense_camera_msgs) StdoutLine: {'line': b'Checking test dependency graph...\n'}
[0.648168] (realsense_camera_msgs) StdoutLine: {'line': b'Checking test dependency graph end\n'}
[0.648666] (realsense_camera_msgs) StdoutLine: {'line': b'test 1\n'}
[0.649164] (realsense_camera_msgs) StdoutLine: {'line': b'      Start  1: cppcheck_rosidl_typesupport_c\n'}
[0.649738] (realsense_camera_msgs) StdoutLine: {'line': b'\n'}
[0.650245] (realsense_camera_msgs) StdoutLine: {'line': b'1: Test command: /usr/bin/python3 "-u" "/opt/ros/dashing/share/ament_cmake_test/cmake/run_test.py" "/home/yan/camps_ws/build/realsense_camera_msgs/test_results/realsense_camera_msgs/cppcheck_rosidl_typesupport_c.xunit.xml" "--package-name" "realsense_camera_msgs" "--output-file" "/home/yan/camps_ws/build/realsense_camera_msgs/ament_cppcheck/cppcheck_rosidl_typesupport_c.txt" "--command" "/opt/ros/dashing/bin/ament_cppcheck" "--xunit-file" "/home/yan/camps_ws/build/realsense_camera_msgs/test_results/realsense_camera_msgs/cppcheck_rosidl_typesupport_c.xunit.xml" "/home/yan/camps_ws/build/realsense_camera_msgs/rosidl_typesupport_c/realsense_camera_msgs"\n'}
[0.650737] (realsense_camera_msgs) StdoutLine: {'line': b'1: Test timeout computed to be: 120\n'}
[0.703925] (-) TimerEvent: {}
[0.805061] (-) TimerEvent: {}
[0.905868] (-) TimerEvent: {}
[0.995471] (realsense_camera_msgs) StdoutLine: {'line': b"1: -- run_test.py: invoking following command in '/home/yan/camps_ws/src/ros2_intel_realsense/realsense_camera_msgs':\n"}
[0.996222] (realsense_camera_msgs) StdoutLine: {'line': b'1:  - /opt/ros/dashing/bin/ament_cppcheck --xunit-file /home/yan/camps_ws/build/realsense_camera_msgs/test_results/realsense_camera_msgs/cppcheck_rosidl_typesupport_c.xunit.xml /home/yan/camps_ws/build/realsense_camera_msgs/rosidl_typesupport_c/realsense_camera_msgs\n'}
[1.006101] (-) TimerEvent: {}
[1.106843] (-) TimerEvent: {}
[1.207681] (-) TimerEvent: {}
[1.308385] (-) TimerEvent: {}
[1.409135] (-) TimerEvent: {}
[1.509912] (-) TimerEvent: {}
[1.610596] (-) TimerEvent: {}
[1.711276] (-) TimerEvent: {}
[1.812034] (-) TimerEvent: {}
[1.913058] (-) TimerEvent: {}
[2.013886] (-) TimerEvent: {}
[2.114604] (-) TimerEvent: {}
[2.215341] (-) TimerEvent: {}
[2.316064] (-) TimerEvent: {}
[2.416805] (-) TimerEvent: {}
[2.427617] (realsense_camera_msgs) StdoutLine: {'line': b'1: No problems found\n'}
[2.504027] (realsense_camera_msgs) StdoutLine: {'line': b'1: -- run_test.py: return code 0\n'}
[2.504886] (realsense_camera_msgs) StdoutLine: {'line': b"1: -- run_test.py: verify result file '/home/yan/camps_ws/build/realsense_camera_msgs/test_results/realsense_camera_msgs/cppcheck_rosidl_typesupport_c.xunit.xml'\n"}
[2.516994] (-) TimerEvent: {}
[2.552663] (realsense_camera_msgs) StdoutLine: {'line': b' 1/29 Test  #1: cppcheck_rosidl_typesupport_c .....................   Passed    1.91 sec\n'}
[2.553705] (realsense_camera_msgs) StdoutLine: {'line': b'test 2\n'}
[2.554681] (realsense_camera_msgs) StdoutLine: {'line': b'      Start  2: cpplint_rosidl_typesupport_c\n'}
[2.555243] (realsense_camera_msgs) StdoutLine: {'line': b'\n'}
[2.555736] (realsense_camera_msgs) StdoutLine: {'line': b'2: Test command: /usr/bin/python3 "-u" "/opt/ros/dashing/share/ament_cmake_test/cmake/run_test.py" "/home/yan/camps_ws/build/realsense_camera_msgs/test_results/realsense_camera_msgs/cpplint_rosidl_typesupport_c.xunit.xml" "--package-name" "realsense_camera_msgs" "--output-file" "/home/yan/camps_ws/build/realsense_camera_msgs/ament_cpplint/cpplint_rosidl_typesupport_c.txt" "--command" "/opt/ros/dashing/bin/ament_cpplint" "--xunit-file" "/home/yan/camps_ws/build/realsense_camera_msgs/test_results/realsense_camera_msgs/cpplint_rosidl_typesupport_c.xunit.xml" "--linelength" "999" "--root" "/home/yan/camps_ws/build/realsense_camera_msgs/rosidl_typesupport_c" "/home/yan/camps_ws/build/realsense_camera_msgs/rosidl_typesupport_c/realsense_camera_msgs"\n'}
[2.556284] (realsense_camera_msgs) StdoutLine: {'line': b'2: Test timeout computed to be: 120\n'}
[2.617187] (-) TimerEvent: {}
[2.717978] (-) TimerEvent: {}
[2.818714] (-) TimerEvent: {}
[2.889790] (realsense_camera_msgs) StdoutLine: {'line': b"2: -- run_test.py: invoking following command in '/home/yan/camps_ws/src/ros2_intel_realsense/realsense_camera_msgs':\n"}
[2.890522] (realsense_camera_msgs) StdoutLine: {'line': b'2:  - /opt/ros/dashing/bin/ament_cpplint --xunit-file /home/yan/camps_ws/build/realsense_camera_msgs/test_results/realsense_camera_msgs/cpplint_rosidl_typesupport_c.xunit.xml --linelength 999 --root /home/yan/camps_ws/build/realsense_camera_msgs/rosidl_typesupport_c /home/yan/camps_ws/build/realsense_camera_msgs/rosidl_typesupport_c/realsense_camera_msgs\n'}
[2.918940] (-) TimerEvent: {}
[3.019672] (-) TimerEvent: {}
[3.120416] (-) TimerEvent: {}
[3.221190] (-) TimerEvent: {}
[3.322000] (-) TimerEvent: {}
[3.422706] (-) TimerEvent: {}
[3.523446] (-) TimerEvent: {}
[3.624252] (-) TimerEvent: {}
[3.725018] (-) TimerEvent: {}
[3.826043] (-) TimerEvent: {}
[3.926787] (-) TimerEvent: {}
[4.027568] (-) TimerEvent: {}
[4.128392] (-) TimerEvent: {}
[4.229072] (-) TimerEvent: {}
[4.329897] (-) TimerEvent: {}
[4.430634] (-) TimerEvent: {}
[4.531334] (-) TimerEvent: {}
[4.543336] (realsense_camera_msgs) StdoutLine: {'line': b"2: Using '--root=/home/yan/camps_ws/build/realsense_camera_msgs/rosidl_typesupport_c' argument\n"}
[4.544206] (realsense_camera_msgs) StdoutLine: {'line': b'2: \n'}
[4.544780] (realsense_camera_msgs) StdoutLine: {'line': b'2: Done processing /home/yan/camps_ws/build/realsense_camera_msgs/rosidl_typesupport_c/realsense_camera_msgs/msg/extrinsics__type_support.cpp\n'}
[4.545472] (realsense_camera_msgs) StdoutLine: {'line': b'2: \n'}
[4.546504] (realsense_camera_msgs) StdoutLine: {'line': b'2: Done processing /home/yan/camps_ws/build/realsense_camera_msgs/rosidl_typesupport_c/realsense_camera_msgs/msg/imu_info__type_support.cpp\n'}
[4.547133] (realsense_camera_msgs) StdoutLine: {'line': b'2: \n'}
[4.547707] (realsense_camera_msgs) StdoutLine: {'line': b'2: Done processing /home/yan/camps_ws/build/realsense_camera_msgs/rosidl_typesupport_c/realsense_camera_msgs/msg/rosidl_typesupport_c__visibility_control.h\n'}
[4.548360] (realsense_camera_msgs) StdoutLine: {'line': b'2: \n'}
[4.548945] (realsense_camera_msgs) StdoutLine: {'line': b'2: No problems found\n'}
[4.615088] (realsense_camera_msgs) StdoutLine: {'line': b'2: -- run_test.py: return code 0\n'}
[4.615972] (realsense_camera_msgs) StdoutLine: {'line': b"2: -- run_test.py: verify result file '/home/yan/camps_ws/build/realsense_camera_msgs/test_results/realsense_camera_msgs/cpplint_rosidl_typesupport_c.xunit.xml'\n"}
[4.631530] (-) TimerEvent: {}
[4.661764] (realsense_camera_msgs) StdoutLine: {'line': b' 2/29 Test  #2: cpplint_rosidl_typesupport_c ......................   Passed    2.11 sec\n'}
[4.662608] (realsense_camera_msgs) StdoutLine: {'line': b'test 3\n'}
[4.663291] (realsense_camera_msgs) StdoutLine: {'line': b'      Start  3: uncrustify_rosidl_typesupport_c\n'}
[4.663898] (realsense_camera_msgs) StdoutLine: {'line': b'\n'}
[4.664413] (realsense_camera_msgs) StdoutLine: {'line': b'3: Test command: /usr/bin/python3 "-u" "/opt/ros/dashing/share/ament_cmake_test/cmake/run_test.py" "/home/yan/camps_ws/build/realsense_camera_msgs/test_results/realsense_camera_msgs/uncrustify_rosidl_typesupport_c.xunit.xml" "--package-name" "realsense_camera_msgs" "--output-file" "/home/yan/camps_ws/build/realsense_camera_msgs/ament_uncrustify/uncrustify_rosidl_typesupport_c.txt" "--command" "/opt/ros/dashing/bin/ament_uncrustify" "--xunit-file" "/home/yan/camps_ws/build/realsense_camera_msgs/test_results/realsense_camera_msgs/uncrustify_rosidl_typesupport_c.xunit.xml" "--linelength" "0" "/home/yan/camps_ws/build/realsense_camera_msgs/rosidl_typesupport_c/realsense_camera_msgs"\n'}
[4.664959] (realsense_camera_msgs) StdoutLine: {'line': b'3: Test timeout computed to be: 60\n'}
[4.731747] (-) TimerEvent: {}
[4.832496] (-) TimerEvent: {}
[4.933230] (-) TimerEvent: {}
[4.998142] (realsense_camera_msgs) StdoutLine: {'line': b"3: -- run_test.py: invoking following command in '/home/yan/camps_ws/src/ros2_intel_realsense/realsense_camera_msgs':\n"}
[4.998881] (realsense_camera_msgs) StdoutLine: {'line': b'3:  - /opt/ros/dashing/bin/ament_uncrustify --xunit-file /home/yan/camps_ws/build/realsense_camera_msgs/test_results/realsense_camera_msgs/uncrustify_rosidl_typesupport_c.xunit.xml --linelength 0 /home/yan/camps_ws/build/realsense_camera_msgs/rosidl_typesupport_c/realsense_camera_msgs\n'}
[5.033438] (-) TimerEvent: {}
[5.134169] (-) TimerEvent: {}
[5.234943] (-) TimerEvent: {}
[5.335812] (-) TimerEvent: {}
[5.436720] (-) TimerEvent: {}
[5.537443] (-) TimerEvent: {}
[5.638170] (-) TimerEvent: {}
[5.739028] (-) TimerEvent: {}
[5.841985] (-) TimerEvent: {}
[5.942951] (-) TimerEvent: {}
[6.043748] (-) TimerEvent: {}
[6.144479] (-) TimerEvent: {}
[6.248723] (-) TimerEvent: {}
[6.349456] (-) TimerEvent: {}
[6.450164] (-) TimerEvent: {}
[6.510835] (realsense_camera_msgs) StdoutLine: {'line': b"3: No code style divergence in file '/home/yan/camps_ws/build/realsense_camera_msgs/rosidl_typesupport_c/realsense_camera_msgs/msg/extrinsics__type_support.cpp'\n"}
[6.511585] (realsense_camera_msgs) StdoutLine: {'line': b'3: \n'}
[6.512956] (realsense_camera_msgs) StdoutLine: {'line': b"3: No code style divergence in file '/home/yan/camps_ws/build/realsense_camera_msgs/rosidl_typesupport_c/realsense_camera_msgs/msg/imu_info__type_support.cpp'\n"}
[6.513781] (realsense_camera_msgs) StdoutLine: {'line': b'3: \n'}
[6.514375] (realsense_camera_msgs) StdoutLine: {'line': b"3: No code style divergence in file '/home/yan/camps_ws/build/realsense_camera_msgs/rosidl_typesupport_c/realsense_camera_msgs/msg/rosidl_typesupport_c__visibility_control.h'\n"}
[6.514975] (realsense_camera_msgs) StdoutLine: {'line': b'3: \n'}
[6.515602] (realsense_camera_msgs) StdoutLine: {'line': b'3: No problems found\n'}
[6.550364] (-) TimerEvent: {}
[6.592579] (realsense_camera_msgs) StdoutLine: {'line': b'3: -- run_test.py: return code 0\n'}
[6.594885] (realsense_camera_msgs) StdoutLine: {'line': b"3: -- run_test.py: verify result file '/home/yan/camps_ws/build/realsense_camera_msgs/test_results/realsense_camera_msgs/uncrustify_rosidl_typesupport_c.xunit.xml'\n"}
[6.647273] (realsense_camera_msgs) StdoutLine: {'line': b' 3/29 Test  #3: uncrustify_rosidl_typesupport_c ...................   Passed    1.99 sec\n'}
[6.648262] (realsense_camera_msgs) StdoutLine: {'line': b'test 4\n'}
[6.648834] (realsense_camera_msgs) StdoutLine: {'line': b'      Start  4: cppcheck_rosidl_typesupport_cpp\n'}
[6.649383] (realsense_camera_msgs) StdoutLine: {'line': b'\n'}
[6.649930] (realsense_camera_msgs) StdoutLine: {'line': b'4: Test command: /usr/bin/python3 "-u" "/opt/ros/dashing/share/ament_cmake_test/cmake/run_test.py" "/home/yan/camps_ws/build/realsense_camera_msgs/test_results/realsense_camera_msgs/cppcheck_rosidl_typesupport_cpp.xunit.xml" "--package-name" "realsense_camera_msgs" "--output-file" "/home/yan/camps_ws/build/realsense_camera_msgs/ament_cppcheck/cppcheck_rosidl_typesupport_cpp.txt" "--command" "/opt/ros/dashing/bin/ament_cppcheck" "--xunit-file" "/home/yan/camps_ws/build/realsense_camera_msgs/test_results/realsense_camera_msgs/cppcheck_rosidl_typesupport_cpp.xunit.xml" "/home/yan/camps_ws/build/realsense_camera_msgs/rosidl_typesupport_cpp/realsense_camera_msgs"\n'}
[6.650426] (-) TimerEvent: {}
[6.650891] (realsense_camera_msgs) StdoutLine: {'line': b'4: Test timeout computed to be: 120\n'}
[6.750611] (-) TimerEvent: {}
[6.851305] (-) TimerEvent: {}
[6.952078] (-) TimerEvent: {}
[7.006051] (realsense_camera_msgs) StdoutLine: {'line': b"4: -- run_test.py: invoking following command in '/home/yan/camps_ws/src/ros2_intel_realsense/realsense_camera_msgs':\n"}
[7.006803] (realsense_camera_msgs) StdoutLine: {'line': b'4:  - /opt/ros/dashing/bin/ament_cppcheck --xunit-file /home/yan/camps_ws/build/realsense_camera_msgs/test_results/realsense_camera_msgs/cppcheck_rosidl_typesupport_cpp.xunit.xml /home/yan/camps_ws/build/realsense_camera_msgs/rosidl_typesupport_cpp/realsense_camera_msgs\n'}
[7.052243] (-) TimerEvent: {}
[7.153112] (-) TimerEvent: {}
[7.254015] (-) TimerEvent: {}
[7.354752] (-) TimerEvent: {}
[7.455550] (-) TimerEvent: {}
[7.556223] (-) TimerEvent: {}
[7.656938] (-) TimerEvent: {}
[7.758084] (-) TimerEvent: {}
[7.859191] (-) TimerEvent: {}
[7.960434] (-) TimerEvent: {}
[8.061200] (-) TimerEvent: {}
[8.162221] (-) TimerEvent: {}
[8.262995] (-) TimerEvent: {}
[8.363687] (-) TimerEvent: {}
[8.442539] (realsense_camera_msgs) StdoutLine: {'line': b'4: No problems found\n'}
[8.464924] (-) TimerEvent: {}
[8.519178] (realsense_camera_msgs) StdoutLine: {'line': b'4: -- run_test.py: return code 0\n'}
[8.520315] (realsense_camera_msgs) StdoutLine: {'line': b"4: -- run_test.py: verify result file '/home/yan/camps_ws/build/realsense_camera_msgs/test_results/realsense_camera_msgs/cppcheck_rosidl_typesupport_cpp.xunit.xml'\n"}
[8.566178] (-) TimerEvent: {}
[8.569563] (realsense_camera_msgs) StdoutLine: {'line': b' 4/29 Test  #4: cppcheck_rosidl_typesupport_cpp ...................   Passed    1.92 sec\n'}
[8.570692] (realsense_camera_msgs) StdoutLine: {'line': b'test 5\n'}
[8.571227] (realsense_camera_msgs) StdoutLine: {'line': b'      Start  5: cpplint_rosidl_typesupport_cpp\n'}
[8.571713] (realsense_camera_msgs) StdoutLine: {'line': b'\n'}
[8.572395] (realsense_camera_msgs) StdoutLine: {'line': b'5: Test command: /usr/bin/python3 "-u" "/opt/ros/dashing/share/ament_cmake_test/cmake/run_test.py" "/home/yan/camps_ws/build/realsense_camera_msgs/test_results/realsense_camera_msgs/cpplint_rosidl_typesupport_cpp.xunit.xml" "--package-name" "realsense_camera_msgs" "--output-file" "/home/yan/camps_ws/build/realsense_camera_msgs/ament_cpplint/cpplint_rosidl_typesupport_cpp.txt" "--command" "/opt/ros/dashing/bin/ament_cpplint" "--xunit-file" "/home/yan/camps_ws/build/realsense_camera_msgs/test_results/realsense_camera_msgs/cpplint_rosidl_typesupport_cpp.xunit.xml" "--linelength" "999" "--root" "/home/yan/camps_ws/build/realsense_camera_msgs/rosidl_typesupport_cpp" "/home/yan/camps_ws/build/realsense_camera_msgs/rosidl_typesupport_cpp/realsense_camera_msgs"\n'}
[8.573211] (realsense_camera_msgs) StdoutLine: {'line': b'5: Test timeout computed to be: 120\n'}
[8.666342] (-) TimerEvent: {}
[8.767091] (-) TimerEvent: {}
[8.867827] (-) TimerEvent: {}
[8.911088] (realsense_camera_msgs) StdoutLine: {'line': b"5: -- run_test.py: invoking following command in '/home/yan/camps_ws/src/ros2_intel_realsense/realsense_camera_msgs':\n"}
[8.911823] (realsense_camera_msgs) StdoutLine: {'line': b'5:  - /opt/ros/dashing/bin/ament_cpplint --xunit-file /home/yan/camps_ws/build/realsense_camera_msgs/test_results/realsense_camera_msgs/cpplint_rosidl_typesupport_cpp.xunit.xml --linelength 999 --root /home/yan/camps_ws/build/realsense_camera_msgs/rosidl_typesupport_cpp /home/yan/camps_ws/build/realsense_camera_msgs/rosidl_typesupport_cpp/realsense_camera_msgs\n'}
[8.968004] (-) TimerEvent: {}
[9.068778] (-) TimerEvent: {}
[9.169563] (-) TimerEvent: {}
[9.270308] (-) TimerEvent: {}
[9.371053] (-) TimerEvent: {}
[9.471874] (-) TimerEvent: {}
[9.572561] (-) TimerEvent: {}
[9.674865] (-) TimerEvent: {}
[9.776158] (-) TimerEvent: {}
[9.877068] (-) TimerEvent: {}
[9.977883] (-) TimerEvent: {}
[10.078726] (-) TimerEvent: {}
[10.179985] (-) TimerEvent: {}
[10.280738] (-) TimerEvent: {}
[10.381633] (-) TimerEvent: {}
[10.482322] (-) TimerEvent: {}
[10.583054] (-) TimerEvent: {}
[10.616950] (realsense_camera_msgs) StdoutLine: {'line': b"5: Using '--root=/home/yan/camps_ws/build/realsense_camera_msgs/rosidl_typesupport_cpp' argument\n"}
[10.617959] (realsense_camera_msgs) StdoutLine: {'line': b'5: \n'}
[10.618830] (realsense_camera_msgs) StdoutLine: {'line': b'5: Done processing /home/yan/camps_ws/build/realsense_camera_msgs/rosidl_typesupport_cpp/realsense_camera_msgs/msg/extrinsics__type_support.cpp\n'}
[10.619599] (realsense_camera_msgs) StdoutLine: {'line': b'5: \n'}
[10.620232] (realsense_camera_msgs) StdoutLine: {'line': b'5: Done processing /home/yan/camps_ws/build/realsense_camera_msgs/rosidl_typesupport_cpp/realsense_camera_msgs/msg/imu_info__type_support.cpp\n'}
[10.621213] (realsense_camera_msgs) StdoutLine: {'line': b'5: \n'}
[10.622018] (realsense_camera_msgs) StdoutLine: {'line': b'5: No problems found\n'}
[10.683304] (-) TimerEvent: {}
[10.696126] (realsense_camera_msgs) StdoutLine: {'line': b'5: -- run_test.py: return code 0\n'}
[10.696838] (realsense_camera_msgs) StdoutLine: {'line': b"5: -- run_test.py: verify result file '/home/yan/camps_ws/build/realsense_camera_msgs/test_results/realsense_camera_msgs/cpplint_rosidl_typesupport_cpp.xunit.xml'\n"}
[10.748354] (realsense_camera_msgs) StdoutLine: {'line': b' 5/29 Test  #5: cpplint_rosidl_typesupport_cpp ....................   Passed    2.18 sec\n'}
[10.749629] (realsense_camera_msgs) StdoutLine: {'line': b'test 6\n'}
[10.750347] (realsense_camera_msgs) StdoutLine: {'line': b'      Start  6: uncrustify_rosidl_typesupport_cpp\n'}
[10.750883] (realsense_camera_msgs) StdoutLine: {'line': b'\n'}
[10.751479] (realsense_camera_msgs) StdoutLine: {'line': b'6: Test command: /usr/bin/python3 "-u" "/opt/ros/dashing/share/ament_cmake_test/cmake/run_test.py" "/home/yan/camps_ws/build/realsense_camera_msgs/test_results/realsense_camera_msgs/uncrustify_rosidl_typesupport_cpp.xunit.xml" "--package-name" "realsense_camera_msgs" "--output-file" "/home/yan/camps_ws/build/realsense_camera_msgs/ament_uncrustify/uncrustify_rosidl_typesupport_cpp.txt" "--command" "/opt/ros/dashing/bin/ament_uncrustify" "--xunit-file" "/home/yan/camps_ws/build/realsense_camera_msgs/test_results/realsense_camera_msgs/uncrustify_rosidl_typesupport_cpp.xunit.xml" "--linelength" "0" "/home/yan/camps_ws/build/realsense_camera_msgs/rosidl_typesupport_cpp/realsense_camera_msgs"\n'}
[10.752121] (realsense_camera_msgs) StdoutLine: {'line': b'6: Test timeout computed to be: 60\n'}
[10.783455] (-) TimerEvent: {}
[10.884224] (-) TimerEvent: {}
[10.984954] (-) TimerEvent: {}
[11.085778] (-) TimerEvent: {}
[11.097050] (realsense_camera_msgs) StdoutLine: {'line': b"6: -- run_test.py: invoking following command in '/home/yan/camps_ws/src/ros2_intel_realsense/realsense_camera_msgs':\n"}
[11.097854] (realsense_camera_msgs) StdoutLine: {'line': b'6:  - /opt/ros/dashing/bin/ament_uncrustify --xunit-file /home/yan/camps_ws/build/realsense_camera_msgs/test_results/realsense_camera_msgs/uncrustify_rosidl_typesupport_cpp.xunit.xml --linelength 0 /home/yan/camps_ws/build/realsense_camera_msgs/rosidl_typesupport_cpp/realsense_camera_msgs\n'}
[11.185964] (-) TimerEvent: {}
[11.286744] (-) TimerEvent: {}
[11.387775] (-) TimerEvent: {}
[11.488610] (-) TimerEvent: {}
[11.589742] (-) TimerEvent: {}
[11.690660] (-) TimerEvent: {}
[11.791532] (-) TimerEvent: {}
[11.892318] (-) TimerEvent: {}
[11.994120] (-) TimerEvent: {}
[12.095090] (-) TimerEvent: {}
[12.195955] (-) TimerEvent: {}
[12.296731] (-) TimerEvent: {}
[12.397761] (-) TimerEvent: {}
[12.498764] (-) TimerEvent: {}
[12.599481] (-) TimerEvent: {}
[12.683584] (realsense_camera_msgs) StdoutLine: {'line': b"6: No code style divergence in file '/home/yan/camps_ws/build/realsense_camera_msgs/rosidl_typesupport_cpp/realsense_camera_msgs/msg/extrinsics__type_support.cpp'\n"}
[12.684330] (realsense_camera_msgs) StdoutLine: {'line': b'6: \n'}
[12.684855] (realsense_camera_msgs) StdoutLine: {'line': b"6: No code style divergence in file '/home/yan/camps_ws/build/realsense_camera_msgs/rosidl_typesupport_cpp/realsense_camera_msgs/msg/imu_info__type_support.cpp'\n"}
[12.685473] (realsense_camera_msgs) StdoutLine: {'line': b'6: \n'}
[12.686035] (realsense_camera_msgs) StdoutLine: {'line': b'6: No problems found\n'}
[12.699678] (-) TimerEvent: {}
[12.766262] (realsense_camera_msgs) StdoutLine: {'line': b'6: -- run_test.py: return code 0\n'}
[12.767062] (realsense_camera_msgs) StdoutLine: {'line': b"6: -- run_test.py: verify result file '/home/yan/camps_ws/build/realsense_camera_msgs/test_results/realsense_camera_msgs/uncrustify_rosidl_typesupport_cpp.xunit.xml'\n"}
[12.800018] (-) TimerEvent: {}
[12.821715] (realsense_camera_msgs) StdoutLine: {'line': b' 6/29 Test  #6: uncrustify_rosidl_typesupport_cpp .................   Passed    2.07 sec\n'}
[12.823360] (realsense_camera_msgs) StdoutLine: {'line': b'test 7\n'}
[12.824060] (realsense_camera_msgs) StdoutLine: {'line': b'      Start  7: cppcheck_rosidl_typesupport_fastrtps_c\n'}
[12.824649] (realsense_camera_msgs) StdoutLine: {'line': b'\n'}
[12.825240] (realsense_camera_msgs) StdoutLine: {'line': b'7: Test command: /usr/bin/python3 "-u" "/opt/ros/dashing/share/ament_cmake_test/cmake/run_test.py" "/home/yan/camps_ws/build/realsense_camera_msgs/test_results/realsense_camera_msgs/cppcheck_rosidl_typesupport_fastrtps_c.xunit.xml" "--package-name" "realsense_camera_msgs" "--output-file" "/home/yan/camps_ws/build/realsense_camera_msgs/ament_cppcheck/cppcheck_rosidl_typesupport_fastrtps_c.txt" "--command" "/opt/ros/dashing/bin/ament_cppcheck" "--xunit-file" "/home/yan/camps_ws/build/realsense_camera_msgs/test_results/realsense_camera_msgs/cppcheck_rosidl_typesupport_fastrtps_c.xunit.xml" "/home/yan/camps_ws/build/realsense_camera_msgs/rosidl_typesupport_fastrtps_c/realsense_camera_msgs/msg/imu_info__rosidl_typesupport_fastrtps_c.h" "/home/yan/camps_ws/build/realsense_camera_msgs/rosidl_typesupport_fastrtps_c/realsense_camera_msgs/msg/imu_info__type_support_c.cpp" "/home/yan/camps_ws/build/realsense_camera_msgs/rosidl_typesupport_fastrtps_c/realsense_camera_msgs/msg/extrinsics__rosidl_typesupport_fastrtps_c.h" "/home/yan/camps_ws/build/realsense_camera_msgs/rosidl_typesupport_fastrtps_c/realsense_camera_msgs/msg/extrinsics__type_support_c.cpp"\n'}
[12.826119] (realsense_camera_msgs) StdoutLine: {'line': b'7: Test timeout computed to be: 120\n'}
[12.900188] (-) TimerEvent: {}
[13.001086] (-) TimerEvent: {}
[13.101794] (-) TimerEvent: {}
[13.187597] (realsense_camera_msgs) StdoutLine: {'line': b"7: -- run_test.py: invoking following command in '/home/yan/camps_ws/src/ros2_intel_realsense/realsense_camera_msgs':\n"}
[13.188425] (realsense_camera_msgs) StdoutLine: {'line': b'7:  - /opt/ros/dashing/bin/ament_cppcheck --xunit-file /home/yan/camps_ws/build/realsense_camera_msgs/test_results/realsense_camera_msgs/cppcheck_rosidl_typesupport_fastrtps_c.xunit.xml /home/yan/camps_ws/build/realsense_camera_msgs/rosidl_typesupport_fastrtps_c/realsense_camera_msgs/msg/imu_info__rosidl_typesupport_fastrtps_c.h /home/yan/camps_ws/build/realsense_camera_msgs/rosidl_typesupport_fastrtps_c/realsense_camera_msgs/msg/imu_info__type_support_c.cpp /home/yan/camps_ws/build/realsense_camera_msgs/rosidl_typesupport_fastrtps_c/realsense_camera_msgs/msg/extrinsics__rosidl_typesupport_fastrtps_c.h /home/yan/camps_ws/build/realsense_camera_msgs/rosidl_typesupport_fastrtps_c/realsense_camera_msgs/msg/extrinsics__type_support_c.cpp\n'}
[13.202341] (-) TimerEvent: {}
[13.304433] (-) TimerEvent: {}
[13.405591] (-) TimerEvent: {}
[13.508581] (-) TimerEvent: {}
[13.609558] (-) TimerEvent: {}
[13.714171] (-) TimerEvent: {}
[13.815520] (-) TimerEvent: {}
[13.916651] (-) TimerEvent: {}
[14.019427] (-) TimerEvent: {}
[14.122015] (-) TimerEvent: {}
[14.223340] (-) TimerEvent: {}
[14.324506] (-) TimerEvent: {}
[14.430439] (-) TimerEvent: {}
[14.531208] (-) TimerEvent: {}
[14.632123] (-) TimerEvent: {}
[14.732812] (-) TimerEvent: {}
[14.833658] (-) TimerEvent: {}
[14.934408] (-) TimerEvent: {}
[15.035169] (-) TimerEvent: {}
[15.094550] (realsense_camera_msgs) StdoutLine: {'line': b'7: No problems found\n'}
[15.135390] (-) TimerEvent: {}
[15.174344] (realsense_camera_msgs) StdoutLine: {'line': b'7: -- run_test.py: return code 0\n'}
[15.175226] (realsense_camera_msgs) StdoutLine: {'line': b"7: -- run_test.py: verify result file '/home/yan/camps_ws/build/realsense_camera_msgs/test_results/realsense_camera_msgs/cppcheck_rosidl_typesupport_fastrtps_c.xunit.xml'\n"}
[15.221810] (realsense_camera_msgs) StdoutLine: {'line': b' 7/29 Test  #7: cppcheck_rosidl_typesupport_fastrtps_c ............   Passed    2.40 sec\n'}
[15.223516] (realsense_camera_msgs) StdoutLine: {'line': b'test 8\n'}
[15.224236] (realsense_camera_msgs) StdoutLine: {'line': b'      Start  8: cpplint_rosidl_typesupport_fastrtps_c\n'}
[15.226193] (realsense_camera_msgs) StdoutLine: {'line': b'\n'}
[15.227106] (realsense_camera_msgs) StdoutLine: {'line': b'8: Test command: /usr/bin/python3 "-u" "/opt/ros/dashing/share/ament_cmake_test/cmake/run_test.py" "/home/yan/camps_ws/build/realsense_camera_msgs/test_results/realsense_camera_msgs/cpplint_rosidl_typesupport_fastrtps_c.xunit.xml" "--package-name" "realsense_camera_msgs" "--output-file" "/home/yan/camps_ws/build/realsense_camera_msgs/ament_cpplint/cpplint_rosidl_typesupport_fastrtps_c.txt" "--command" "/opt/ros/dashing/bin/ament_cpplint" "--xunit-file" "/home/yan/camps_ws/build/realsense_camera_msgs/test_results/realsense_camera_msgs/cpplint_rosidl_typesupport_fastrtps_c.xunit.xml" "--linelength" "999" "--root" "/home/yan/camps_ws/build/realsense_camera_msgs/rosidl_typesupport_fastrtps_c" "/home/yan/camps_ws/build/realsense_camera_msgs/rosidl_typesupport_fastrtps_c/realsense_camera_msgs/msg/imu_info__rosidl_typesupport_fastrtps_c.h" "/home/yan/camps_ws/build/realsense_camera_msgs/rosidl_typesupport_fastrtps_c/realsense_camera_msgs/msg/imu_info__type_support_c.cpp" "/home/yan/camps_ws/build/realsense_camera_msgs/rosidl_typesupport_fastrtps_c/realsense_camera_msgs/msg/extrinsics__rosidl_typesupport_fastrtps_c.h" "/home/yan/camps_ws/build/realsense_camera_msgs/rosidl_typesupport_fastrtps_c/realsense_camera_msgs/msg/extrinsics__type_support_c.cpp"\n'}
[15.227760] (realsense_camera_msgs) StdoutLine: {'line': b'8: Test timeout computed to be: 120\n'}
[15.235743] (-) TimerEvent: {}
[15.336735] (-) TimerEvent: {}
[15.437487] (-) TimerEvent: {}
[15.538391] (-) TimerEvent: {}
[15.593270] (realsense_camera_msgs) StdoutLine: {'line': b"8: -- run_test.py: invoking following command in '/home/yan/camps_ws/src/ros2_intel_realsense/realsense_camera_msgs':\n"}
[15.594066] (realsense_camera_msgs) StdoutLine: {'line': b'8:  - /opt/ros/dashing/bin/ament_cpplint --xunit-file /home/yan/camps_ws/build/realsense_camera_msgs/test_results/realsense_camera_msgs/cpplint_rosidl_typesupport_fastrtps_c.xunit.xml --linelength 999 --root /home/yan/camps_ws/build/realsense_camera_msgs/rosidl_typesupport_fastrtps_c /home/yan/camps_ws/build/realsense_camera_msgs/rosidl_typesupport_fastrtps_c/realsense_camera_msgs/msg/imu_info__rosidl_typesupport_fastrtps_c.h /home/yan/camps_ws/build/realsense_camera_msgs/rosidl_typesupport_fastrtps_c/realsense_camera_msgs/msg/imu_info__type_support_c.cpp /home/yan/camps_ws/build/realsense_camera_msgs/rosidl_typesupport_fastrtps_c/realsense_camera_msgs/msg/extrinsics__rosidl_typesupport_fastrtps_c.h /home/yan/camps_ws/build/realsense_camera_msgs/rosidl_typesupport_fastrtps_c/realsense_camera_msgs/msg/extrinsics__type_support_c.cpp\n'}
[15.638551] (-) TimerEvent: {}
[15.739285] (-) TimerEvent: {}
[15.840115] (-) TimerEvent: {}
[15.942054] (-) TimerEvent: {}
[16.057295] (-) TimerEvent: {}
[16.158067] (-) TimerEvent: {}
[16.258844] (-) TimerEvent: {}
[16.359566] (-) TimerEvent: {}
[16.460310] (-) TimerEvent: {}
[16.561013] (-) TimerEvent: {}
[16.661810] (-) TimerEvent: {}
[16.762566] (-) TimerEvent: {}
[16.863315] (-) TimerEvent: {}
[16.964280] (-) TimerEvent: {}
[17.065014] (-) TimerEvent: {}
[17.165903] (-) TimerEvent: {}
[17.266592] (-) TimerEvent: {}
[17.367301] (-) TimerEvent: {}
[17.467997] (-) TimerEvent: {}
[17.569082] (-) TimerEvent: {}
[17.670068] (-) TimerEvent: {}
[17.770810] (-) TimerEvent: {}
[17.869804] (realsense_camera_msgs) StdoutLine: {'line': b"8: Using '--root=/home/yan/camps_ws/build/realsense_camera_msgs/rosidl_typesupport_fastrtps_c' argument\n"}
[17.870589] (realsense_camera_msgs) StdoutLine: {'line': b'8: \n'}
[17.871466] (-) TimerEvent: {}
[17.871993] (realsense_camera_msgs) StdoutLine: {'line': b'8: Done processing /home/yan/camps_ws/build/realsense_camera_msgs/rosidl_typesupport_fastrtps_c/realsense_camera_msgs/msg/imu_info__rosidl_typesupport_fastrtps_c.h\n'}
[17.872710] (realsense_camera_msgs) StdoutLine: {'line': b'8: \n'}
[17.873583] (realsense_camera_msgs) StdoutLine: {'line': b'8: Done processing /home/yan/camps_ws/build/realsense_camera_msgs/rosidl_typesupport_fastrtps_c/realsense_camera_msgs/msg/imu_info__type_support_c.cpp\n'}
[17.874393] (realsense_camera_msgs) StdoutLine: {'line': b'8: \n'}
[17.875077] (realsense_camera_msgs) StdoutLine: {'line': b'8: Done processing /home/yan/camps_ws/build/realsense_camera_msgs/rosidl_typesupport_fastrtps_c/realsense_camera_msgs/msg/extrinsics__rosidl_typesupport_fastrtps_c.h\n'}
[17.875701] (realsense_camera_msgs) StdoutLine: {'line': b'8: \n'}
[17.876576] (realsense_camera_msgs) StdoutLine: {'line': b'8: Done processing /home/yan/camps_ws/build/realsense_camera_msgs/rosidl_typesupport_fastrtps_c/realsense_camera_msgs/msg/extrinsics__type_support_c.cpp\n'}
[17.877507] (realsense_camera_msgs) StdoutLine: {'line': b'8: \n'}
[17.878233] (realsense_camera_msgs) StdoutLine: {'line': b'8: No problems found\n'}
[17.944383] (realsense_camera_msgs) StdoutLine: {'line': b'8: -- run_test.py: return code 0\n'}
[17.945162] (realsense_camera_msgs) StdoutLine: {'line': b"8: -- run_test.py: verify result file '/home/yan/camps_ws/build/realsense_camera_msgs/test_results/realsense_camera_msgs/cpplint_rosidl_typesupport_fastrtps_c.xunit.xml'\n"}
[17.971670] (-) TimerEvent: {}
[17.990782] (realsense_camera_msgs) StdoutLine: {'line': b' 8/29 Test  #8: cpplint_rosidl_typesupport_fastrtps_c .............   Passed    2.77 sec\n'}
[17.991796] (realsense_camera_msgs) StdoutLine: {'line': b'test 9\n'}
[17.992351] (realsense_camera_msgs) StdoutLine: {'line': b'      Start  9: uncrustify_rosidl_typesupport_fastrtps_c\n'}
[17.992977] (realsense_camera_msgs) StdoutLine: {'line': b'\n'}
[17.993613] (realsense_camera_msgs) StdoutLine: {'line': b'9: Test command: /usr/bin/python3 "-u" "/opt/ros/dashing/share/ament_cmake_test/cmake/run_test.py" "/home/yan/camps_ws/build/realsense_camera_msgs/test_results/realsense_camera_msgs/uncrustify_rosidl_typesupport_fastrtps_c.xunit.xml" "--package-name" "realsense_camera_msgs" "--output-file" "/home/yan/camps_ws/build/realsense_camera_msgs/ament_uncrustify/uncrustify_rosidl_typesupport_fastrtps_c.txt" "--command" "/opt/ros/dashing/bin/ament_uncrustify" "--xunit-file" "/home/yan/camps_ws/build/realsense_camera_msgs/test_results/realsense_camera_msgs/uncrustify_rosidl_typesupport_fastrtps_c.xunit.xml" "--linelength" "0" "/home/yan/camps_ws/build/realsense_camera_msgs/rosidl_typesupport_fastrtps_c/realsense_camera_msgs/msg/imu_info__rosidl_typesupport_fastrtps_c.h" "/home/yan/camps_ws/build/realsense_camera_msgs/rosidl_typesupport_fastrtps_c/realsense_camera_msgs/msg/imu_info__type_support_c.cpp" "/home/yan/camps_ws/build/realsense_camera_msgs/rosidl_typesupport_fastrtps_c/realsense_camera_msgs/msg/extrinsics__rosidl_typesupport_fastrtps_c.h" "/home/yan/camps_ws/build/realsense_camera_msgs/rosidl_typesupport_fastrtps_c/realsense_camera_msgs/msg/extrinsics__type_support_c.cpp"\n'}
[17.994207] (realsense_camera_msgs) StdoutLine: {'line': b'9: Test timeout computed to be: 60\n'}
[18.071857] (-) TimerEvent: {}
[18.172627] (-) TimerEvent: {}
[18.273467] (-) TimerEvent: {}
[18.351627] (realsense_camera_msgs) StdoutLine: {'line': b"9: -- run_test.py: invoking following command in '/home/yan/camps_ws/src/ros2_intel_realsense/realsense_camera_msgs':\n"}
[18.352527] (realsense_camera_msgs) StdoutLine: {'line': b'9:  - /opt/ros/dashing/bin/ament_uncrustify --xunit-file /home/yan/camps_ws/build/realsense_camera_msgs/test_results/realsense_camera_msgs/uncrustify_rosidl_typesupport_fastrtps_c.xunit.xml --linelength 0 /home/yan/camps_ws/build/realsense_camera_msgs/rosidl_typesupport_fastrtps_c/realsense_camera_msgs/msg/imu_info__rosidl_typesupport_fastrtps_c.h /home/yan/camps_ws/build/realsense_camera_msgs/rosidl_typesupport_fastrtps_c/realsense_camera_msgs/msg/imu_info__type_support_c.cpp /home/yan/camps_ws/build/realsense_camera_msgs/rosidl_typesupport_fastrtps_c/realsense_camera_msgs/msg/extrinsics__rosidl_typesupport_fastrtps_c.h /home/yan/camps_ws/build/realsense_camera_msgs/rosidl_typesupport_fastrtps_c/realsense_camera_msgs/msg/extrinsics__type_support_c.cpp\n'}
[18.373659] (-) TimerEvent: {}
[18.475460] (-) TimerEvent: {}
[18.576243] (-) TimerEvent: {}
[18.677226] (-) TimerEvent: {}
[18.778125] (-) TimerEvent: {}
[18.879802] (-) TimerEvent: {}
[18.980544] (-) TimerEvent: {}
[19.081280] (-) TimerEvent: {}
[19.182046] (-) TimerEvent: {}
[19.282768] (-) TimerEvent: {}
[19.387106] (-) TimerEvent: {}
[19.487882] (-) TimerEvent: {}
[19.589303] (-) TimerEvent: {}
[19.692924] (-) TimerEvent: {}
[19.794545] (-) TimerEvent: {}
[19.895728] (-) TimerEvent: {}
[19.996791] (-) TimerEvent: {}
[20.097523] (-) TimerEvent: {}
[20.227221] (-) TimerEvent: {}
[20.328021] (-) TimerEvent: {}
[20.470082] (realsense_camera_msgs) StdoutLine: {'line': b"9: No code style divergence in file '/home/yan/camps_ws/build/realsense_camera_msgs/rosidl_typesupport_fastrtps_c/realsense_camera_msgs/msg/imu_info__rosidl_typesupport_fastrtps_c.h'\n"}
[20.470885] (-) TimerEvent: {}
[20.471951] (realsense_camera_msgs) StdoutLine: {'line': b'9: \n'}
[20.472675] (realsense_camera_msgs) StdoutLine: {'line': b"9: No code style divergence in file '/home/yan/camps_ws/build/realsense_camera_msgs/rosidl_typesupport_fastrtps_c/realsense_camera_msgs/msg/imu_info__type_support_c.cpp'\n"}
[20.473351] (realsense_camera_msgs) StdoutLine: {'line': b'9: \n'}
[20.473973] (realsense_camera_msgs) StdoutLine: {'line': b"9: No code style divergence in file '/home/yan/camps_ws/build/realsense_camera_msgs/rosidl_typesupport_fastrtps_c/realsense_camera_msgs/msg/extrinsics__rosidl_typesupport_fastrtps_c.h'\n"}
[20.474639] (realsense_camera_msgs) StdoutLine: {'line': b'9: \n'}
[20.475298] (realsense_camera_msgs) StdoutLine: {'line': b"9: No code style divergence in file '/home/yan/camps_ws/build/realsense_camera_msgs/rosidl_typesupport_fastrtps_c/realsense_camera_msgs/msg/extrinsics__type_support_c.cpp'\n"}
[20.476004] (realsense_camera_msgs) StdoutLine: {'line': b'9: \n'}
[20.477645] (realsense_camera_msgs) StdoutLine: {'line': b'9: No problems found\n'}
[20.555713] (realsense_camera_msgs) StdoutLine: {'line': b'9: -- run_test.py: return code 0\n'}
[20.556627] (realsense_camera_msgs) StdoutLine: {'line': b"9: -- run_test.py: verify result file '/home/yan/camps_ws/build/realsense_camera_msgs/test_results/realsense_camera_msgs/uncrustify_rosidl_typesupport_fastrtps_c.xunit.xml'\n"}
[20.571154] (-) TimerEvent: {}
[20.607017] (realsense_camera_msgs) StdoutLine: {'line': b' 9/29 Test  #9: uncrustify_rosidl_typesupport_fastrtps_c ..........   Passed    2.62 sec\n'}
[20.608246] (realsense_camera_msgs) StdoutLine: {'line': b'test 10\n'}
[20.608959] (realsense_camera_msgs) StdoutLine: {'line': b'      Start 10: cppcheck_rosidl_generated_c\n'}
[20.609675] (realsense_camera_msgs) StdoutLine: {'line': b'\n'}
[20.610335] (realsense_camera_msgs) StdoutLine: {'line': b'10: Test command: /usr/bin/python3 "-u" "/opt/ros/dashing/share/ament_cmake_test/cmake/run_test.py" "/home/yan/camps_ws/build/realsense_camera_msgs/test_results/realsense_camera_msgs/cppcheck_rosidl_generated_c.xunit.xml" "--package-name" "realsense_camera_msgs" "--output-file" "/home/yan/camps_ws/build/realsense_camera_msgs/ament_cppcheck/cppcheck_rosidl_generated_c.txt" "--command" "/opt/ros/dashing/bin/ament_cppcheck" "--xunit-file" "/home/yan/camps_ws/build/realsense_camera_msgs/test_results/realsense_camera_msgs/cppcheck_rosidl_generated_c.xunit.xml" "/home/yan/camps_ws/build/realsense_camera_msgs/rosidl_generator_c/realsense_camera_msgs"\n'}
[20.611053] (realsense_camera_msgs) StdoutLine: {'line': b'10: Test timeout computed to be: 120\n'}
[20.671375] (-) TimerEvent: {}
[20.772113] (-) TimerEvent: {}
[20.872856] (-) TimerEvent: {}
[20.973743] (-) TimerEvent: {}
[20.983547] (realsense_camera_msgs) StdoutLine: {'line': b"10: -- run_test.py: invoking following command in '/home/yan/camps_ws/src/ros2_intel_realsense/realsense_camera_msgs':\n"}
[20.984374] (realsense_camera_msgs) StdoutLine: {'line': b'10:  - /opt/ros/dashing/bin/ament_cppcheck --xunit-file /home/yan/camps_ws/build/realsense_camera_msgs/test_results/realsense_camera_msgs/cppcheck_rosidl_generated_c.xunit.xml /home/yan/camps_ws/build/realsense_camera_msgs/rosidl_generator_c/realsense_camera_msgs\n'}
[21.073928] (-) TimerEvent: {}
[21.174725] (-) TimerEvent: {}
[21.275491] (-) TimerEvent: {}
[21.376315] (-) TimerEvent: {}
[21.477060] (-) TimerEvent: {}
[21.686342] (-) TimerEvent: {}
[21.787347] (-) TimerEvent: {}
[21.888110] (-) TimerEvent: {}
[21.988802] (-) TimerEvent: {}
[22.089575] (-) TimerEvent: {}
[22.190353] (-) TimerEvent: {}
[22.291049] (-) TimerEvent: {}
[22.396234] (-) TimerEvent: {}
[22.422521] (realsense_camera_msgs) StdoutLine: {'line': b'10: No problems found\n'}
[22.496422] (-) TimerEvent: {}
[22.501879] (realsense_camera_msgs) StdoutLine: {'line': b'10: -- run_test.py: return code 0\n'}
[22.502803] (realsense_camera_msgs) StdoutLine: {'line': b"10: -- run_test.py: verify result file '/home/yan/camps_ws/build/realsense_camera_msgs/test_results/realsense_camera_msgs/cppcheck_rosidl_generated_c.xunit.xml'\n"}
[22.557446] (realsense_camera_msgs) StdoutLine: {'line': b'10/29 Test #10: cppcheck_rosidl_generated_c .......................   Passed    1.95 sec\n'}
[22.558533] (realsense_camera_msgs) StdoutLine: {'line': b'test 11\n'}
[22.559255] (realsense_camera_msgs) StdoutLine: {'line': b'      Start 11: cpplint_rosidl_generated_c\n'}
[22.559952] (realsense_camera_msgs) StdoutLine: {'line': b'\n'}
[22.560598] (realsense_camera_msgs) StdoutLine: {'line': b'11: Test command: /usr/bin/python3 "-u" "/opt/ros/dashing/share/ament_cmake_test/cmake/run_test.py" "/home/yan/camps_ws/build/realsense_camera_msgs/test_results/realsense_camera_msgs/cpplint_rosidl_generated_c.xunit.xml" "--package-name" "realsense_camera_msgs" "--output-file" "/home/yan/camps_ws/build/realsense_camera_msgs/ament_cpplint/cpplint_rosidl_generated_c.txt" "--command" "/opt/ros/dashing/bin/ament_cpplint" "--xunit-file" "/home/yan/camps_ws/build/realsense_camera_msgs/test_results/realsense_camera_msgs/cpplint_rosidl_generated_c.xunit.xml" "--linelength" "999" "--root" "/home/yan/camps_ws/build/realsense_camera_msgs/rosidl_generator_c" "/home/yan/camps_ws/build/realsense_camera_msgs/rosidl_generator_c/realsense_camera_msgs"\n'}
[22.561249] (realsense_camera_msgs) StdoutLine: {'line': b'11: Test timeout computed to be: 120\n'}
[22.596598] (-) TimerEvent: {}
[22.699561] (-) TimerEvent: {}
[22.800352] (-) TimerEvent: {}
[22.901248] (-) TimerEvent: {}
[22.950575] (realsense_camera_msgs) StdoutLine: {'line': b"11: -- run_test.py: invoking following command in '/home/yan/camps_ws/src/ros2_intel_realsense/realsense_camera_msgs':\n"}
[22.951444] (realsense_camera_msgs) StdoutLine: {'line': b'11:  - /opt/ros/dashing/bin/ament_cpplint --xunit-file /home/yan/camps_ws/build/realsense_camera_msgs/test_results/realsense_camera_msgs/cpplint_rosidl_generated_c.xunit.xml --linelength 999 --root /home/yan/camps_ws/build/realsense_camera_msgs/rosidl_generator_c /home/yan/camps_ws/build/realsense_camera_msgs/rosidl_generator_c/realsense_camera_msgs\n'}
[23.001537] (-) TimerEvent: {}
[23.102449] (-) TimerEvent: {}
[23.203552] (-) TimerEvent: {}
[23.304361] (-) TimerEvent: {}
[23.405145] (-) TimerEvent: {}
[23.506043] (-) TimerEvent: {}
[23.606734] (-) TimerEvent: {}
[23.707461] (-) TimerEvent: {}
[23.808191] (-) TimerEvent: {}
[23.908964] (-) TimerEvent: {}
[24.009761] (-) TimerEvent: {}
[24.110429] (-) TimerEvent: {}
[24.211190] (-) TimerEvent: {}
[24.312087] (-) TimerEvent: {}
[24.412889] (-) TimerEvent: {}
[24.514606] (-) TimerEvent: {}
[24.615343] (-) TimerEvent: {}
[24.716079] (-) TimerEvent: {}
[24.816788] (-) TimerEvent: {}
[24.917643] (-) TimerEvent: {}
[25.019508] (-) TimerEvent: {}
[25.120230] (-) TimerEvent: {}
[25.220964] (-) TimerEvent: {}
[25.321764] (-) TimerEvent: {}
[25.422486] (-) TimerEvent: {}
[25.523279] (-) TimerEvent: {}
[25.624317] (-) TimerEvent: {}
[25.725105] (-) TimerEvent: {}
[25.791536] (realsense_camera_msgs) StdoutLine: {'line': b"11: Using '--root=/home/yan/camps_ws/build/realsense_camera_msgs/rosidl_generator_c' argument\n"}
[25.793832] (realsense_camera_msgs) StdoutLine: {'line': b'11: \n'}
[25.794549] (realsense_camera_msgs) StdoutLine: {'line': b'11: Done processing /home/yan/camps_ws/build/realsense_camera_msgs/rosidl_generator_c/realsense_camera_msgs/msg/extrinsics.h\n'}
[25.795255] (realsense_camera_msgs) StdoutLine: {'line': b'11: \n'}
[25.796024] (realsense_camera_msgs) StdoutLine: {'line': b'11: Done processing /home/yan/camps_ws/build/realsense_camera_msgs/rosidl_generator_c/realsense_camera_msgs/msg/extrinsics__functions.c\n'}
[25.796937] (realsense_camera_msgs) StdoutLine: {'line': b'11: \n'}
[25.797656] (realsense_camera_msgs) StdoutLine: {'line': b'11: Done processing /home/yan/camps_ws/build/realsense_camera_msgs/rosidl_generator_c/realsense_camera_msgs/msg/extrinsics__functions.h\n'}
[25.798348] (realsense_camera_msgs) StdoutLine: {'line': b'11: \n'}
[25.798938] (realsense_camera_msgs) StdoutLine: {'line': b'11: Done processing /home/yan/camps_ws/build/realsense_camera_msgs/rosidl_generator_c/realsense_camera_msgs/msg/extrinsics__struct.h\n'}
[25.799527] (realsense_camera_msgs) StdoutLine: {'line': b'11: \n'}
[25.800089] (realsense_camera_msgs) StdoutLine: {'line': b'11: Done processing /home/yan/camps_ws/build/realsense_camera_msgs/rosidl_generator_c/realsense_camera_msgs/msg/extrinsics__type_support.h\n'}
[25.800640] (realsense_camera_msgs) StdoutLine: {'line': b'11: \n'}
[25.801215] (realsense_camera_msgs) StdoutLine: {'line': b'11: Done processing /home/yan/camps_ws/build/realsense_camera_msgs/rosidl_generator_c/realsense_camera_msgs/msg/imu_info.h\n'}
[25.801949] (realsense_camera_msgs) StdoutLine: {'line': b'11: \n'}
[25.802716] (realsense_camera_msgs) StdoutLine: {'line': b'11: Done processing /home/yan/camps_ws/build/realsense_camera_msgs/rosidl_generator_c/realsense_camera_msgs/msg/imu_info__functions.c\n'}
[25.803534] (realsense_camera_msgs) StdoutLine: {'line': b'11: \n'}
[25.804191] (realsense_camera_msgs) StdoutLine: {'line': b'11: Done processing /home/yan/camps_ws/build/realsense_camera_msgs/rosidl_generator_c/realsense_camera_msgs/msg/imu_info__functions.h\n'}
[25.804877] (realsense_camera_msgs) StdoutLine: {'line': b'11: \n'}
[25.806752] (realsense_camera_msgs) StdoutLine: {'line': b'11: Done processing /home/yan/camps_ws/build/realsense_camera_msgs/rosidl_generator_c/realsense_camera_msgs/msg/imu_info__struct.h\n'}
[25.807436] (realsense_camera_msgs) StdoutLine: {'line': b'11: \n'}
[25.808070] (realsense_camera_msgs) StdoutLine: {'line': b'11: Done processing /home/yan/camps_ws/build/realsense_camera_msgs/rosidl_generator_c/realsense_camera_msgs/msg/imu_info__type_support.h\n'}
[25.808825] (realsense_camera_msgs) StdoutLine: {'line': b'11: \n'}
[25.809773] (realsense_camera_msgs) StdoutLine: {'line': b'11: Done processing /home/yan/camps_ws/build/realsense_camera_msgs/rosidl_generator_c/realsense_camera_msgs/msg/rosidl_generator_c__visibility_control.h\n'}
[25.810646] (realsense_camera_msgs) StdoutLine: {'line': b'11: \n'}
[25.811235] (realsense_camera_msgs) StdoutLine: {'line': b'11: No problems found\n'}
[25.826379] (-) TimerEvent: {}
[25.877177] (realsense_camera_msgs) StdoutLine: {'line': b'11: -- run_test.py: return code 0\n'}
[25.878220] (realsense_camera_msgs) StdoutLine: {'line': b"11: -- run_test.py: verify result file '/home/yan/camps_ws/build/realsense_camera_msgs/test_results/realsense_camera_msgs/cpplint_rosidl_generated_c.xunit.xml'\n"}
[25.924932] (realsense_camera_msgs) StdoutLine: {'line': b'11/29 Test #11: cpplint_rosidl_generated_c ........................   Passed    3.37 sec\n'}
[25.926345] (realsense_camera_msgs) StdoutLine: {'line': b'test 12\n'}
[25.927109] (-) TimerEvent: {}
[25.927574] (realsense_camera_msgs) StdoutLine: {'line': b'      Start 12: uncrustify_rosidl_generated_c\n'}
[25.928112] (realsense_camera_msgs) StdoutLine: {'line': b'\n'}
[25.928628] (realsense_camera_msgs) StdoutLine: {'line': b'12: Test command: /usr/bin/python3 "-u" "/opt/ros/dashing/share/ament_cmake_test/cmake/run_test.py" "/home/yan/camps_ws/build/realsense_camera_msgs/test_results/realsense_camera_msgs/uncrustify_rosidl_generated_c.xunit.xml" "--package-name" "realsense_camera_msgs" "--output-file" "/home/yan/camps_ws/build/realsense_camera_msgs/ament_uncrustify/uncrustify_rosidl_generated_c.txt" "--command" "/opt/ros/dashing/bin/ament_uncrustify" "--xunit-file" "/home/yan/camps_ws/build/realsense_camera_msgs/test_results/realsense_camera_msgs/uncrustify_rosidl_generated_c.xunit.xml" "--linelength" "0" "/home/yan/camps_ws/build/realsense_camera_msgs/rosidl_generator_c/realsense_camera_msgs"\n'}
[25.929158] (realsense_camera_msgs) StdoutLine: {'line': b'12: Test timeout computed to be: 60\n'}
[26.027290] (-) TimerEvent: {}
[26.129391] (-) TimerEvent: {}
[26.230878] (-) TimerEvent: {}
[26.304148] (realsense_camera_msgs) StdoutLine: {'line': b"12: -- run_test.py: invoking following command in '/home/yan/camps_ws/src/ros2_intel_realsense/realsense_camera_msgs':\n"}
[26.305079] (realsense_camera_msgs) StdoutLine: {'line': b'12:  - /opt/ros/dashing/bin/ament_uncrustify --xunit-file /home/yan/camps_ws/build/realsense_camera_msgs/test_results/realsense_camera_msgs/uncrustify_rosidl_generated_c.xunit.xml --linelength 0 /home/yan/camps_ws/build/realsense_camera_msgs/rosidl_generator_c/realsense_camera_msgs\n'}
[26.331064] (-) TimerEvent: {}
[26.431827] (-) TimerEvent: {}
[26.533537] (-) TimerEvent: {}
[26.634888] (-) TimerEvent: {}
[26.736207] (-) TimerEvent: {}
[26.837643] (-) TimerEvent: {}
[26.939395] (-) TimerEvent: {}
[27.040460] (-) TimerEvent: {}
[27.141217] (-) TimerEvent: {}
[27.242048] (-) TimerEvent: {}
[27.342879] (-) TimerEvent: {}
[27.443917] (-) TimerEvent: {}
[27.544965] (-) TimerEvent: {}
[27.645813] (-) TimerEvent: {}
[27.746617] (-) TimerEvent: {}
[27.847946] (-) TimerEvent: {}
[27.952036] (-) TimerEvent: {}
[28.052902] (-) TimerEvent: {}
[28.110449] (realsense_camera_msgs) StdoutLine: {'line': b"12: No code style divergence in file '/home/yan/camps_ws/build/realsense_camera_msgs/rosidl_generator_c/realsense_camera_msgs/msg/extrinsics.h'\n"}
[28.111383] (realsense_camera_msgs) StdoutLine: {'line': b'12: \n'}
[28.113452] (realsense_camera_msgs) StdoutLine: {'line': b"12: No code style divergence in file '/home/yan/camps_ws/build/realsense_camera_msgs/rosidl_generator_c/realsense_camera_msgs/msg/extrinsics__functions.c'\n"}
[28.114282] (realsense_camera_msgs) StdoutLine: {'line': b'12: \n'}
[28.114920] (realsense_camera_msgs) StdoutLine: {'line': b"12: No code style divergence in file '/home/yan/camps_ws/build/realsense_camera_msgs/rosidl_generator_c/realsense_camera_msgs/msg/extrinsics__functions.h'\n"}
[28.115923] (realsense_camera_msgs) StdoutLine: {'line': b'12: \n'}
[28.116805] (realsense_camera_msgs) StdoutLine: {'line': b"12: No code style divergence in file '/home/yan/camps_ws/build/realsense_camera_msgs/rosidl_generator_c/realsense_camera_msgs/msg/extrinsics__struct.h'\n"}
[28.118063] (realsense_camera_msgs) StdoutLine: {'line': b'12: \n'}
[28.118888] (realsense_camera_msgs) StdoutLine: {'line': b"12: No code style divergence in file '/home/yan/camps_ws/build/realsense_camera_msgs/rosidl_generator_c/realsense_camera_msgs/msg/extrinsics__type_support.h'\n"}
[28.120747] (realsense_camera_msgs) StdoutLine: {'line': b'12: \n'}
[28.121561] (realsense_camera_msgs) StdoutLine: {'line': b"12: No code style divergence in file '/home/yan/camps_ws/build/realsense_camera_msgs/rosidl_generator_c/realsense_camera_msgs/msg/imu_info.h'\n"}
[28.122364] (realsense_camera_msgs) StdoutLine: {'line': b'12: \n'}
[28.123148] (realsense_camera_msgs) StdoutLine: {'line': b"12: No code style divergence in file '/home/yan/camps_ws/build/realsense_camera_msgs/rosidl_generator_c/realsense_camera_msgs/msg/imu_info__functions.c'\n"}
[28.123917] (realsense_camera_msgs) StdoutLine: {'line': b'12: \n'}
[28.124681] (realsense_camera_msgs) StdoutLine: {'line': b"12: No code style divergence in file '/home/yan/camps_ws/build/realsense_camera_msgs/rosidl_generator_c/realsense_camera_msgs/msg/imu_info__functions.h'\n"}
[28.125525] (realsense_camera_msgs) StdoutLine: {'line': b'12: \n'}
[28.126458] (realsense_camera_msgs) StdoutLine: {'line': b"12: No code style divergence in file '/home/yan/camps_ws/build/realsense_camera_msgs/rosidl_generator_c/realsense_camera_msgs/msg/imu_info__struct.h'\n"}
[28.127413] (realsense_camera_msgs) StdoutLine: {'line': b'12: \n'}
[28.128199] (realsense_camera_msgs) StdoutLine: {'line': b"12: No code style divergence in file '/home/yan/camps_ws/build/realsense_camera_msgs/rosidl_generator_c/realsense_camera_msgs/msg/imu_info__type_support.h'\n"}
[28.128963] (realsense_camera_msgs) StdoutLine: {'line': b'12: \n'}
[28.129804] (realsense_camera_msgs) StdoutLine: {'line': b"12: No code style divergence in file '/home/yan/camps_ws/build/realsense_camera_msgs/rosidl_generator_c/realsense_camera_msgs/msg/rosidl_generator_c__visibility_control.h'\n"}
[28.136270] (realsense_camera_msgs) StdoutLine: {'line': b'12: \n'}
[28.138036] (realsense_camera_msgs) StdoutLine: {'line': b'12: No problems found\n'}
[28.153115] (-) TimerEvent: {}
[28.200680] (realsense_camera_msgs) StdoutLine: {'line': b'12: -- run_test.py: return code 0\n'}
[28.201643] (realsense_camera_msgs) StdoutLine: {'line': b"12: -- run_test.py: verify result file '/home/yan/camps_ws/build/realsense_camera_msgs/test_results/realsense_camera_msgs/uncrustify_rosidl_generated_c.xunit.xml'\n"}
[28.253500] (-) TimerEvent: {}
[28.261481] (realsense_camera_msgs) StdoutLine: {'line': b'12/29 Test #12: uncrustify_rosidl_generated_c .....................   Passed    2.34 sec\n'}
[28.263080] (realsense_camera_msgs) StdoutLine: {'line': b'test 13\n'}
[28.264155] (realsense_camera_msgs) StdoutLine: {'line': b'      Start 13: cppcheck_rosidl_typesupport_fastrtps_cpp\n'}
[28.264930] (realsense_camera_msgs) StdoutLine: {'line': b'\n'}
[28.265858] (realsense_camera_msgs) StdoutLine: {'line': b'13: Test command: /usr/bin/python3 "-u" "/opt/ros/dashing/share/ament_cmake_test/cmake/run_test.py" "/home/yan/camps_ws/build/realsense_camera_msgs/test_results/realsense_camera_msgs/cppcheck_rosidl_typesupport_fastrtps_cpp.xunit.xml" "--package-name" "realsense_camera_msgs" "--output-file" "/home/yan/camps_ws/build/realsense_camera_msgs/ament_cppcheck/cppcheck_rosidl_typesupport_fastrtps_cpp.txt" "--command" "/opt/ros/dashing/bin/ament_cppcheck" "--xunit-file" "/home/yan/camps_ws/build/realsense_camera_msgs/test_results/realsense_camera_msgs/cppcheck_rosidl_typesupport_fastrtps_cpp.xunit.xml" "/home/yan/camps_ws/build/realsense_camera_msgs/rosidl_typesupport_fastrtps_cpp/realsense_camera_msgs/msg/dds_fastrtps/imu_info__type_support.cpp" "/home/yan/camps_ws/build/realsense_camera_msgs/rosidl_typesupport_fastrtps_cpp/realsense_camera_msgs/msg/imu_info__rosidl_typesupport_fastrtps_cpp.hpp" "/home/yan/camps_ws/build/realsense_camera_msgs/rosidl_typesupport_fastrtps_cpp/realsense_camera_msgs/msg/dds_fastrtps/extrinsics__type_support.cpp" "/home/yan/camps_ws/build/realsense_camera_msgs/rosidl_typesupport_fastrtps_cpp/realsense_camera_msgs/msg/extrinsics__rosidl_typesupport_fastrtps_cpp.hpp"\n'}
[28.266631] (realsense_camera_msgs) StdoutLine: {'line': b'13: Test timeout computed to be: 120\n'}
[28.353666] (-) TimerEvent: {}
[28.454837] (-) TimerEvent: {}
[28.555579] (-) TimerEvent: {}
[28.639288] (realsense_camera_msgs) StdoutLine: {'line': b"13: -- run_test.py: invoking following command in '/home/yan/camps_ws/src/ros2_intel_realsense/realsense_camera_msgs':\n"}
[28.640059] (realsense_camera_msgs) StdoutLine: {'line': b'13:  - /opt/ros/dashing/bin/ament_cppcheck --xunit-file /home/yan/camps_ws/build/realsense_camera_msgs/test_results/realsense_camera_msgs/cppcheck_rosidl_typesupport_fastrtps_cpp.xunit.xml /home/yan/camps_ws/build/realsense_camera_msgs/rosidl_typesupport_fastrtps_cpp/realsense_camera_msgs/msg/dds_fastrtps/imu_info__type_support.cpp /home/yan/camps_ws/build/realsense_camera_msgs/rosidl_typesupport_fastrtps_cpp/realsense_camera_msgs/msg/imu_info__rosidl_typesupport_fastrtps_cpp.hpp /home/yan/camps_ws/build/realsense_camera_msgs/rosidl_typesupport_fastrtps_cpp/realsense_camera_msgs/msg/dds_fastrtps/extrinsics__type_support.cpp /home/yan/camps_ws/build/realsense_camera_msgs/rosidl_typesupport_fastrtps_cpp/realsense_camera_msgs/msg/extrinsics__rosidl_typesupport_fastrtps_cpp.hpp\n'}
[28.655901] (-) TimerEvent: {}
[28.756727] (-) TimerEvent: {}
[28.857528] (-) TimerEvent: {}
[28.958616] (-) TimerEvent: {}
[29.059674] (-) TimerEvent: {}
[29.160473] (-) TimerEvent: {}
[29.261233] (-) TimerEvent: {}
[29.362524] (-) TimerEvent: {}
[29.463258] (-) TimerEvent: {}
[29.564119] (-) TimerEvent: {}
[29.664925] (-) TimerEvent: {}
[29.766614] (-) TimerEvent: {}
[29.868307] (-) TimerEvent: {}
[29.969704] (-) TimerEvent: {}
[30.071054] (-) TimerEvent: {}
[30.173020] (-) TimerEvent: {}
[30.274015] (-) TimerEvent: {}
[30.339158] (realsense_camera_msgs) StdoutLine: {'line': b'13: No problems found\n'}
[30.374210] (-) TimerEvent: {}
[30.432287] (realsense_camera_msgs) StdoutLine: {'line': b'13: -- run_test.py: return code 0\n'}
[30.438521] (realsense_camera_msgs) StdoutLine: {'line': b"13: -- run_test.py: verify result file '/home/yan/camps_ws/build/realsense_camera_msgs/test_results/realsense_camera_msgs/cppcheck_rosidl_typesupport_fastrtps_cpp.xunit.xml'\n"}
[30.474467] (-) TimerEvent: {}
[30.493920] (realsense_camera_msgs) StdoutLine: {'line': b'13/29 Test #13: cppcheck_rosidl_typesupport_fastrtps_cpp ..........   Passed    2.23 sec\n'}
[30.495432] (realsense_camera_msgs) StdoutLine: {'line': b'test 14\n'}
[30.496109] (realsense_camera_msgs) StdoutLine: {'line': b'      Start 14: cpplint_rosidl_typesupport_fastrtps_cpp\n'}
[30.496800] (realsense_camera_msgs) StdoutLine: {'line': b'\n'}
[30.497656] (realsense_camera_msgs) StdoutLine: {'line': b'14: Test command: /usr/bin/python3 "-u" "/opt/ros/dashing/share/ament_cmake_test/cmake/run_test.py" "/home/yan/camps_ws/build/realsense_camera_msgs/test_results/realsense_camera_msgs/cpplint_rosidl_typesupport_fastrtps_cpp.xunit.xml" "--package-name" "realsense_camera_msgs" "--output-file" "/home/yan/camps_ws/build/realsense_camera_msgs/ament_cpplint/cpplint_rosidl_typesupport_fastrtps_cpp.txt" "--command" "/opt/ros/dashing/bin/ament_cpplint" "--xunit-file" "/home/yan/camps_ws/build/realsense_camera_msgs/test_results/realsense_camera_msgs/cpplint_rosidl_typesupport_fastrtps_cpp.xunit.xml" "--linelength" "999" "--root" "/home/yan/camps_ws/build/realsense_camera_msgs/rosidl_typesupport_fastrtps_cpp" "/home/yan/camps_ws/build/realsense_camera_msgs/rosidl_typesupport_fastrtps_cpp/realsense_camera_msgs/msg/dds_fastrtps/imu_info__type_support.cpp" "/home/yan/camps_ws/build/realsense_camera_msgs/rosidl_typesupport_fastrtps_cpp/realsense_camera_msgs/msg/imu_info__rosidl_typesupport_fastrtps_cpp.hpp" "/home/yan/camps_ws/build/realsense_camera_msgs/rosidl_typesupport_fastrtps_cpp/realsense_camera_msgs/msg/dds_fastrtps/extrinsics__type_support.cpp" "/home/yan/camps_ws/build/realsense_camera_msgs/rosidl_typesupport_fastrtps_cpp/realsense_camera_msgs/msg/extrinsics__rosidl_typesupport_fastrtps_cpp.hpp"\n'}
[30.498482] (realsense_camera_msgs) StdoutLine: {'line': b'14: Test timeout computed to be: 120\n'}
[30.574677] (-) TimerEvent: {}
[30.675836] (-) TimerEvent: {}
[30.776756] (-) TimerEvent: {}
[30.877484] (-) TimerEvent: {}
[30.900589] (realsense_camera_msgs) StdoutLine: {'line': b"14: -- run_test.py: invoking following command in '/home/yan/camps_ws/src/ros2_intel_realsense/realsense_camera_msgs':\n"}
[30.901413] (realsense_camera_msgs) StdoutLine: {'line': b'14:  - /opt/ros/dashing/bin/ament_cpplint --xunit-file /home/yan/camps_ws/build/realsense_camera_msgs/test_results/realsense_camera_msgs/cpplint_rosidl_typesupport_fastrtps_cpp.xunit.xml --linelength 999 --root /home/yan/camps_ws/build/realsense_camera_msgs/rosidl_typesupport_fastrtps_cpp /home/yan/camps_ws/build/realsense_camera_msgs/rosidl_typesupport_fastrtps_cpp/realsense_camera_msgs/msg/dds_fastrtps/imu_info__type_support.cpp /home/yan/camps_ws/build/realsense_camera_msgs/rosidl_typesupport_fastrtps_cpp/realsense_camera_msgs/msg/imu_info__rosidl_typesupport_fastrtps_cpp.hpp /home/yan/camps_ws/build/realsense_camera_msgs/rosidl_typesupport_fastrtps_cpp/realsense_camera_msgs/msg/dds_fastrtps/extrinsics__type_support.cpp /home/yan/camps_ws/build/realsense_camera_msgs/rosidl_typesupport_fastrtps_cpp/realsense_camera_msgs/msg/extrinsics__rosidl_typesupport_fastrtps_cpp.hpp\n'}
[30.977698] (-) TimerEvent: {}
[31.078376] (-) TimerEvent: {}
[31.179110] (-) TimerEvent: {}
[31.279786] (-) TimerEvent: {}
[31.380512] (-) TimerEvent: {}
[31.481223] (-) TimerEvent: {}
[31.581983] (-) TimerEvent: {}
[31.682661] (-) TimerEvent: {}
[31.783359] (-) TimerEvent: {}
[31.884937] (-) TimerEvent: {}
[31.985840] (-) TimerEvent: {}
[32.086937] (-) TimerEvent: {}
[32.187675] (-) TimerEvent: {}
[32.288419] (-) TimerEvent: {}
[32.389152] (-) TimerEvent: {}
[32.489977] (-) TimerEvent: {}
[32.590678] (-) TimerEvent: {}
[32.691721] (-) TimerEvent: {}
[32.792996] (-) TimerEvent: {}
[32.894003] (-) TimerEvent: {}
[32.994702] (-) TimerEvent: {}
[33.095458] (-) TimerEvent: {}
[33.196670] (-) TimerEvent: {}
[33.297567] (-) TimerEvent: {}
[33.338226] (realsense_camera_msgs) StdoutLine: {'line': b"14: Using '--root=/home/yan/camps_ws/build/realsense_camera_msgs/rosidl_typesupport_fastrtps_cpp' argument\n"}
[33.339097] (realsense_camera_msgs) StdoutLine: {'line': b'14: \n'}
[33.339652] (realsense_camera_msgs) StdoutLine: {'line': b'14: Done processing /home/yan/camps_ws/build/realsense_camera_msgs/rosidl_typesupport_fastrtps_cpp/realsense_camera_msgs/msg/dds_fastrtps/imu_info__type_support.cpp\n'}
[33.340189] (realsense_camera_msgs) StdoutLine: {'line': b'14: \n'}
[33.340776] (realsense_camera_msgs) StdoutLine: {'line': b'14: Done processing /home/yan/camps_ws/build/realsense_camera_msgs/rosidl_typesupport_fastrtps_cpp/realsense_camera_msgs/msg/imu_info__rosidl_typesupport_fastrtps_cpp.hpp\n'}
[33.341478] (realsense_camera_msgs) StdoutLine: {'line': b'14: \n'}
[33.342114] (realsense_camera_msgs) StdoutLine: {'line': b'14: Done processing /home/yan/camps_ws/build/realsense_camera_msgs/rosidl_typesupport_fastrtps_cpp/realsense_camera_msgs/msg/dds_fastrtps/extrinsics__type_support.cpp\n'}
[33.342714] (realsense_camera_msgs) StdoutLine: {'line': b'14: \n'}
[33.343331] (realsense_camera_msgs) StdoutLine: {'line': b'14: Done processing /home/yan/camps_ws/build/realsense_camera_msgs/rosidl_typesupport_fastrtps_cpp/realsense_camera_msgs/msg/extrinsics__rosidl_typesupport_fastrtps_cpp.hpp\n'}
[33.344014] (realsense_camera_msgs) StdoutLine: {'line': b'14: \n'}
[33.344604] (realsense_camera_msgs) StdoutLine: {'line': b'14: No problems found\n'}
[33.397765] (-) TimerEvent: {}
[33.412262] (realsense_camera_msgs) StdoutLine: {'line': b'14: -- run_test.py: return code 0\n'}
[33.413171] (realsense_camera_msgs) StdoutLine: {'line': b"14: -- run_test.py: verify result file '/home/yan/camps_ws/build/realsense_camera_msgs/test_results/realsense_camera_msgs/cpplint_rosidl_typesupport_fastrtps_cpp.xunit.xml'\n"}
[33.469550] (realsense_camera_msgs) StdoutLine: {'line': b'14/29 Test #14: cpplint_rosidl_typesupport_fastrtps_cpp ...........   Passed    2.97 sec\n'}
[33.470570] (realsense_camera_msgs) StdoutLine: {'line': b'test 15\n'}
[33.471216] (realsense_camera_msgs) StdoutLine: {'line': b'      Start 15: uncrustify_rosidl_typesupport_fastrtps_cpp\n'}
[33.471736] (realsense_camera_msgs) StdoutLine: {'line': b'\n'}
[33.472239] (realsense_camera_msgs) StdoutLine: {'line': b'15: Test command: /usr/bin/python3 "-u" "/opt/ros/dashing/share/ament_cmake_test/cmake/run_test.py" "/home/yan/camps_ws/build/realsense_camera_msgs/test_results/realsense_camera_msgs/uncrustify_rosidl_typesupport_fastrtps_cpp.xunit.xml" "--package-name" "realsense_camera_msgs" "--output-file" "/home/yan/camps_ws/build/realsense_camera_msgs/ament_uncrustify/uncrustify_rosidl_typesupport_fastrtps_cpp.txt" "--command" "/opt/ros/dashing/bin/ament_uncrustify" "--xunit-file" "/home/yan/camps_ws/build/realsense_camera_msgs/test_results/realsense_camera_msgs/uncrustify_rosidl_typesupport_fastrtps_cpp.xunit.xml" "--linelength" "0" "/home/yan/camps_ws/build/realsense_camera_msgs/rosidl_typesupport_fastrtps_cpp/realsense_camera_msgs/msg/dds_fastrtps/imu_info__type_support.cpp" "/home/yan/camps_ws/build/realsense_camera_msgs/rosidl_typesupport_fastrtps_cpp/realsense_camera_msgs/msg/imu_info__rosidl_typesupport_fastrtps_cpp.hpp" "/home/yan/camps_ws/build/realsense_camera_msgs/rosidl_typesupport_fastrtps_cpp/realsense_camera_msgs/msg/dds_fastrtps/extrinsics__type_support.cpp" "/home/yan/camps_ws/build/realsense_camera_msgs/rosidl_typesupport_fastrtps_cpp/realsense_camera_msgs/msg/extrinsics__rosidl_typesupport_fastrtps_cpp.hpp"\n'}
[33.472786] (realsense_camera_msgs) StdoutLine: {'line': b'15: Test timeout computed to be: 60\n'}
[33.497926] (-) TimerEvent: {}
[33.598598] (-) TimerEvent: {}
[33.699311] (-) TimerEvent: {}
[33.800200] (-) TimerEvent: {}
[33.837686] (realsense_camera_msgs) StdoutLine: {'line': b"15: -- run_test.py: invoking following command in '/home/yan/camps_ws/src/ros2_intel_realsense/realsense_camera_msgs':\n"}
[33.838586] (realsense_camera_msgs) StdoutLine: {'line': b'15:  - /opt/ros/dashing/bin/ament_uncrustify --xunit-file /home/yan/camps_ws/build/realsense_camera_msgs/test_results/realsense_camera_msgs/uncrustify_rosidl_typesupport_fastrtps_cpp.xunit.xml --linelength 0 /home/yan/camps_ws/build/realsense_camera_msgs/rosidl_typesupport_fastrtps_cpp/realsense_camera_msgs/msg/dds_fastrtps/imu_info__type_support.cpp /home/yan/camps_ws/build/realsense_camera_msgs/rosidl_typesupport_fastrtps_cpp/realsense_camera_msgs/msg/imu_info__rosidl_typesupport_fastrtps_cpp.hpp /home/yan/camps_ws/build/realsense_camera_msgs/rosidl_typesupport_fastrtps_cpp/realsense_camera_msgs/msg/dds_fastrtps/extrinsics__type_support.cpp /home/yan/camps_ws/build/realsense_camera_msgs/rosidl_typesupport_fastrtps_cpp/realsense_camera_msgs/msg/extrinsics__rosidl_typesupport_fastrtps_cpp.hpp\n'}
[33.900366] (-) TimerEvent: {}
[34.001157] (-) TimerEvent: {}
[34.102313] (-) TimerEvent: {}
[34.203053] (-) TimerEvent: {}
[34.303768] (-) TimerEvent: {}
[34.404857] (-) TimerEvent: {}
[34.507327] (-) TimerEvent: {}
[34.608259] (-) TimerEvent: {}
[34.710577] (-) TimerEvent: {}
[34.811758] (-) TimerEvent: {}
[34.912598] (-) TimerEvent: {}
[35.013579] (-) TimerEvent: {}
[35.114350] (-) TimerEvent: {}
[35.215108] (-) TimerEvent: {}
[35.315871] (-) TimerEvent: {}
[35.416631] (-) TimerEvent: {}
[35.517412] (-) TimerEvent: {}
[35.559061] (realsense_camera_msgs) StdoutLine: {'line': b"15: No code style divergence in file '/home/yan/camps_ws/build/realsense_camera_msgs/rosidl_typesupport_fastrtps_cpp/realsense_camera_msgs/msg/dds_fastrtps/imu_info__type_support.cpp'\n"}
[35.560020] (realsense_camera_msgs) StdoutLine: {'line': b'15: \n'}
[35.560711] (realsense_camera_msgs) StdoutLine: {'line': b"15: No code style divergence in file '/home/yan/camps_ws/build/realsense_camera_msgs/rosidl_typesupport_fastrtps_cpp/realsense_camera_msgs/msg/imu_info__rosidl_typesupport_fastrtps_cpp.hpp'\n"}
[35.561249] (realsense_camera_msgs) StdoutLine: {'line': b'15: \n'}
[35.561831] (realsense_camera_msgs) StdoutLine: {'line': b"15: No code style divergence in file '/home/yan/camps_ws/build/realsense_camera_msgs/rosidl_typesupport_fastrtps_cpp/realsense_camera_msgs/msg/dds_fastrtps/extrinsics__type_support.cpp'\n"}
[35.562284] (realsense_camera_msgs) StdoutLine: {'line': b'15: \n'}
[35.562812] (realsense_camera_msgs) StdoutLine: {'line': b"15: No code style divergence in file '/home/yan/camps_ws/build/realsense_camera_msgs/rosidl_typesupport_fastrtps_cpp/realsense_camera_msgs/msg/extrinsics__rosidl_typesupport_fastrtps_cpp.hpp'\n"}
[35.563472] (realsense_camera_msgs) StdoutLine: {'line': b'15: \n'}
[35.564099] (realsense_camera_msgs) StdoutLine: {'line': b'15: No problems found\n'}
[35.618126] (-) TimerEvent: {}
[35.653896] (realsense_camera_msgs) StdoutLine: {'line': b'15: -- run_test.py: return code 0\n'}
[35.654782] (realsense_camera_msgs) StdoutLine: {'line': b"15: -- run_test.py: verify result file '/home/yan/camps_ws/build/realsense_camera_msgs/test_results/realsense_camera_msgs/uncrustify_rosidl_typesupport_fastrtps_cpp.xunit.xml'\n"}
[35.718300] (-) TimerEvent: {}
[35.725414] (realsense_camera_msgs) StdoutLine: {'line': b'15/29 Test #15: uncrustify_rosidl_typesupport_fastrtps_cpp ........   Passed    2.26 sec\n'}
[35.726761] (realsense_camera_msgs) StdoutLine: {'line': b'test 16\n'}
[35.727567] (realsense_camera_msgs) StdoutLine: {'line': b'      Start 16: cppcheck_rosidl_generated_cpp\n'}
[35.728131] (realsense_camera_msgs) StdoutLine: {'line': b'\n'}
[35.728947] (realsense_camera_msgs) StdoutLine: {'line': b'16: Test command: /usr/bin/python3 "-u" "/opt/ros/dashing/share/ament_cmake_test/cmake/run_test.py" "/home/yan/camps_ws/build/realsense_camera_msgs/test_results/realsense_camera_msgs/cppcheck_rosidl_generated_cpp.xunit.xml" "--package-name" "realsense_camera_msgs" "--output-file" "/home/yan/camps_ws/build/realsense_camera_msgs/ament_cppcheck/cppcheck_rosidl_generated_cpp.txt" "--command" "/opt/ros/dashing/bin/ament_cppcheck" "--xunit-file" "/home/yan/camps_ws/build/realsense_camera_msgs/test_results/realsense_camera_msgs/cppcheck_rosidl_generated_cpp.xunit.xml" "/home/yan/camps_ws/build/realsense_camera_msgs/rosidl_generator_cpp/realsense_camera_msgs"\n'}
[35.731630] (realsense_camera_msgs) StdoutLine: {'line': b'16: Test timeout computed to be: 120\n'}
[35.818492] (-) TimerEvent: {}
[35.919308] (-) TimerEvent: {}
[36.020443] (-) TimerEvent: {}
[36.121194] (-) TimerEvent: {}
[36.123732] (realsense_camera_msgs) StdoutLine: {'line': b"16: -- run_test.py: invoking following command in '/home/yan/camps_ws/src/ros2_intel_realsense/realsense_camera_msgs':\n"}
[36.124440] (realsense_camera_msgs) StdoutLine: {'line': b'16:  - /opt/ros/dashing/bin/ament_cppcheck --xunit-file /home/yan/camps_ws/build/realsense_camera_msgs/test_results/realsense_camera_msgs/cppcheck_rosidl_generated_cpp.xunit.xml /home/yan/camps_ws/build/realsense_camera_msgs/rosidl_generator_cpp/realsense_camera_msgs\n'}
[36.221477] (-) TimerEvent: {}
[36.323688] (-) TimerEvent: {}
[36.426568] (-) TimerEvent: {}
[36.528150] (-) TimerEvent: {}
[36.629200] (-) TimerEvent: {}
[36.730030] (-) TimerEvent: {}
[36.830793] (-) TimerEvent: {}
[36.931659] (-) TimerEvent: {}
[37.032668] (-) TimerEvent: {}
[37.133439] (-) TimerEvent: {}
[37.234252] (-) TimerEvent: {}
[37.335201] (-) TimerEvent: {}
[37.436199] (-) TimerEvent: {}
[37.537172] (-) TimerEvent: {}
[37.637964] (-) TimerEvent: {}
[37.739091] (-) TimerEvent: {}
[37.840688] (-) TimerEvent: {}
[37.862376] (realsense_camera_msgs) StdoutLine: {'line': b'16: No problems found\n'}
[37.938418] (realsense_camera_msgs) StdoutLine: {'line': b'16: -- run_test.py: return code 0\n'}
[37.939241] (realsense_camera_msgs) StdoutLine: {'line': b"16: -- run_test.py: verify result file '/home/yan/camps_ws/build/realsense_camera_msgs/test_results/realsense_camera_msgs/cppcheck_rosidl_generated_cpp.xunit.xml'\n"}
[37.940837] (-) TimerEvent: {}
[37.985854] (realsense_camera_msgs) StdoutLine: {'line': b'16/29 Test #16: cppcheck_rosidl_generated_cpp .....................   Passed    2.26 sec\n'}
[37.986940] (realsense_camera_msgs) StdoutLine: {'line': b'test 17\n'}
[37.987506] (realsense_camera_msgs) StdoutLine: {'line': b'      Start 17: cpplint_rosidl_generated_cpp\n'}
[37.987991] (realsense_camera_msgs) StdoutLine: {'line': b'\n'}
[37.988471] (realsense_camera_msgs) StdoutLine: {'line': b'17: Test command: /usr/bin/python3 "-u" "/opt/ros/dashing/share/ament_cmake_test/cmake/run_test.py" "/home/yan/camps_ws/build/realsense_camera_msgs/test_results/realsense_camera_msgs/cpplint_rosidl_generated_cpp.xunit.xml" "--package-name" "realsense_camera_msgs" "--output-file" "/home/yan/camps_ws/build/realsense_camera_msgs/ament_cpplint/cpplint_rosidl_generated_cpp.txt" "--command" "/opt/ros/dashing/bin/ament_cpplint" "--xunit-file" "/home/yan/camps_ws/build/realsense_camera_msgs/test_results/realsense_camera_msgs/cpplint_rosidl_generated_cpp.xunit.xml" "--linelength" "999" "--root" "/home/yan/camps_ws/build/realsense_camera_msgs/rosidl_generator_cpp" "/home/yan/camps_ws/build/realsense_camera_msgs/rosidl_generator_cpp/realsense_camera_msgs"\n'}
[37.989009] (realsense_camera_msgs) StdoutLine: {'line': b'17: Test timeout computed to be: 120\n'}
[38.041051] (-) TimerEvent: {}
[38.141847] (-) TimerEvent: {}
[38.242544] (-) TimerEvent: {}
[38.343292] (-) TimerEvent: {}
[38.345578] (realsense_camera_msgs) StdoutLine: {'line': b"17: -- run_test.py: invoking following command in '/home/yan/camps_ws/src/ros2_intel_realsense/realsense_camera_msgs':\n"}
[38.346299] (realsense_camera_msgs) StdoutLine: {'line': b'17:  - /opt/ros/dashing/bin/ament_cpplint --xunit-file /home/yan/camps_ws/build/realsense_camera_msgs/test_results/realsense_camera_msgs/cpplint_rosidl_generated_cpp.xunit.xml --linelength 999 --root /home/yan/camps_ws/build/realsense_camera_msgs/rosidl_generator_cpp /home/yan/camps_ws/build/realsense_camera_msgs/rosidl_generator_cpp/realsense_camera_msgs\n'}
[38.443475] (-) TimerEvent: {}
[38.544154] (-) TimerEvent: {}
[38.644874] (-) TimerEvent: {}
[38.745695] (-) TimerEvent: {}
[38.846424] (-) TimerEvent: {}
[38.947231] (-) TimerEvent: {}
[39.048045] (-) TimerEvent: {}
[39.148807] (-) TimerEvent: {}
[39.249547] (-) TimerEvent: {}
[39.350416] (-) TimerEvent: {}
[39.451132] (-) TimerEvent: {}
[39.551910] (-) TimerEvent: {}
[39.652652] (-) TimerEvent: {}
[39.753462] (-) TimerEvent: {}
[39.854165] (-) TimerEvent: {}
[39.954859] (-) TimerEvent: {}
[40.055569] (-) TimerEvent: {}
[40.156285] (-) TimerEvent: {}
[40.257041] (-) TimerEvent: {}
[40.357770] (-) TimerEvent: {}
[40.458495] (-) TimerEvent: {}
[40.559177] (-) TimerEvent: {}
[40.659899] (-) TimerEvent: {}
[40.760665] (-) TimerEvent: {}
[40.861397] (-) TimerEvent: {}
[40.940075] (realsense_camera_msgs) StdoutLine: {'line': b"17: Using '--root=/home/yan/camps_ws/build/realsense_camera_msgs/rosidl_generator_cpp' argument\n"}
[40.941604] (realsense_camera_msgs) StdoutLine: {'line': b'17: \n'}
[40.942276] (realsense_camera_msgs) StdoutLine: {'line': b'17: Done processing /home/yan/camps_ws/build/realsense_camera_msgs/rosidl_generator_cpp/realsense_camera_msgs/msg/extrinsics.hpp\n'}
[40.942869] (realsense_camera_msgs) StdoutLine: {'line': b'17: \n'}
[40.943562] (realsense_camera_msgs) StdoutLine: {'line': b'17: Done processing /home/yan/camps_ws/build/realsense_camera_msgs/rosidl_generator_cpp/realsense_camera_msgs/msg/extrinsics__struct.hpp\n'}
[40.944267] (realsense_camera_msgs) StdoutLine: {'line': b'17: \n'}
[40.945015] (realsense_camera_msgs) StdoutLine: {'line': b'17: Done processing /home/yan/camps_ws/build/realsense_camera_msgs/rosidl_generator_cpp/realsense_camera_msgs/msg/extrinsics__traits.hpp\n'}
[40.945914] (realsense_camera_msgs) StdoutLine: {'line': b'17: \n'}
[40.946671] (realsense_camera_msgs) StdoutLine: {'line': b'17: Done processing /home/yan/camps_ws/build/realsense_camera_msgs/rosidl_generator_cpp/realsense_camera_msgs/msg/imu_info.hpp\n'}
[40.947282] (realsense_camera_msgs) StdoutLine: {'line': b'17: \n'}
[40.947847] (realsense_camera_msgs) StdoutLine: {'line': b'17: Done processing /home/yan/camps_ws/build/realsense_camera_msgs/rosidl_generator_cpp/realsense_camera_msgs/msg/imu_info__struct.hpp\n'}
[40.948460] (realsense_camera_msgs) StdoutLine: {'line': b'17: \n'}
[40.949081] (realsense_camera_msgs) StdoutLine: {'line': b'17: Done processing /home/yan/camps_ws/build/realsense_camera_msgs/rosidl_generator_cpp/realsense_camera_msgs/msg/imu_info__traits.hpp\n'}
[40.949758] (realsense_camera_msgs) StdoutLine: {'line': b'17: \n'}
[40.950729] (realsense_camera_msgs) StdoutLine: {'line': b'17: No problems found\n'}
[40.961576] (-) TimerEvent: {}
[41.019908] (realsense_camera_msgs) StdoutLine: {'line': b'17: -- run_test.py: return code 0\n'}
[41.021014] (realsense_camera_msgs) StdoutLine: {'line': b"17: -- run_test.py: verify result file '/home/yan/camps_ws/build/realsense_camera_msgs/test_results/realsense_camera_msgs/cpplint_rosidl_generated_cpp.xunit.xml'\n"}
[41.061774] (-) TimerEvent: {}
[41.072114] (realsense_camera_msgs) StdoutLine: {'line': b'17/29 Test #17: cpplint_rosidl_generated_cpp ......................   Passed    3.09 sec\n'}
[41.073384] (realsense_camera_msgs) StdoutLine: {'line': b'test 18\n'}
[41.074512] (realsense_camera_msgs) StdoutLine: {'line': b'      Start 18: uncrustify_rosidl_generated_cpp\n'}
[41.075203] (realsense_camera_msgs) StdoutLine: {'line': b'\n'}
[41.075788] (realsense_camera_msgs) StdoutLine: {'line': b'18: Test command: /usr/bin/python3 "-u" "/opt/ros/dashing/share/ament_cmake_test/cmake/run_test.py" "/home/yan/camps_ws/build/realsense_camera_msgs/test_results/realsense_camera_msgs/uncrustify_rosidl_generated_cpp.xunit.xml" "--package-name" "realsense_camera_msgs" "--output-file" "/home/yan/camps_ws/build/realsense_camera_msgs/ament_uncrustify/uncrustify_rosidl_generated_cpp.txt" "--command" "/opt/ros/dashing/bin/ament_uncrustify" "--xunit-file" "/home/yan/camps_ws/build/realsense_camera_msgs/test_results/realsense_camera_msgs/uncrustify_rosidl_generated_cpp.xunit.xml" "--linelength" "0" "/home/yan/camps_ws/build/realsense_camera_msgs/rosidl_generator_cpp/realsense_camera_msgs"\n'}
[41.076558] (realsense_camera_msgs) StdoutLine: {'line': b'18: Test timeout computed to be: 60\n'}
[41.161965] (-) TimerEvent: {}
[41.263383] (-) TimerEvent: {}
[41.364120] (-) TimerEvent: {}
[41.432264] (realsense_camera_msgs) StdoutLine: {'line': b"18: -- run_test.py: invoking following command in '/home/yan/camps_ws/src/ros2_intel_realsense/realsense_camera_msgs':\n"}
[41.432968] (realsense_camera_msgs) StdoutLine: {'line': b'18:  - /opt/ros/dashing/bin/ament_uncrustify --xunit-file /home/yan/camps_ws/build/realsense_camera_msgs/test_results/realsense_camera_msgs/uncrustify_rosidl_generated_cpp.xunit.xml --linelength 0 /home/yan/camps_ws/build/realsense_camera_msgs/rosidl_generator_cpp/realsense_camera_msgs\n'}
[41.464388] (-) TimerEvent: {}
[41.565554] (-) TimerEvent: {}
[41.666205] (-) TimerEvent: {}
[41.766950] (-) TimerEvent: {}
[41.867683] (-) TimerEvent: {}
[41.968416] (-) TimerEvent: {}
[42.069206] (-) TimerEvent: {}
[42.170232] (-) TimerEvent: {}
[42.270918] (-) TimerEvent: {}
[42.371695] (-) TimerEvent: {}
[42.472363] (-) TimerEvent: {}
[42.573087] (-) TimerEvent: {}
[42.673835] (-) TimerEvent: {}
[42.774588] (-) TimerEvent: {}
[42.855319] (realsense_camera_msgs) StdoutLine: {'line': b"18: No code style divergence in file '/home/yan/camps_ws/build/realsense_camera_msgs/rosidl_generator_cpp/realsense_camera_msgs/msg/extrinsics.hpp'\n"}
[42.856042] (realsense_camera_msgs) StdoutLine: {'line': b'18: \n'}
[42.856582] (realsense_camera_msgs) StdoutLine: {'line': b"18: No code style divergence in file '/home/yan/camps_ws/build/realsense_camera_msgs/rosidl_generator_cpp/realsense_camera_msgs/msg/extrinsics__struct.hpp'\n"}
[42.857088] (realsense_camera_msgs) StdoutLine: {'line': b'18: \n'}
[42.857712] (realsense_camera_msgs) StdoutLine: {'line': b"18: No code style divergence in file '/home/yan/camps_ws/build/realsense_camera_msgs/rosidl_generator_cpp/realsense_camera_msgs/msg/extrinsics__traits.hpp'\n"}
[42.858262] (realsense_camera_msgs) StdoutLine: {'line': b'18: \n'}
[42.858860] (realsense_camera_msgs) StdoutLine: {'line': b"18: No code style divergence in file '/home/yan/camps_ws/build/realsense_camera_msgs/rosidl_generator_cpp/realsense_camera_msgs/msg/imu_info.hpp'\n"}
[42.859448] (realsense_camera_msgs) StdoutLine: {'line': b'18: \n'}
[42.860257] (realsense_camera_msgs) StdoutLine: {'line': b"18: No code style divergence in file '/home/yan/camps_ws/build/realsense_camera_msgs/rosidl_generator_cpp/realsense_camera_msgs/msg/imu_info__struct.hpp'\n"}
[42.861021] (realsense_camera_msgs) StdoutLine: {'line': b'18: \n'}
[42.861717] (realsense_camera_msgs) StdoutLine: {'line': b"18: No code style divergence in file '/home/yan/camps_ws/build/realsense_camera_msgs/rosidl_generator_cpp/realsense_camera_msgs/msg/imu_info__traits.hpp'\n"}
[42.862320] (realsense_camera_msgs) StdoutLine: {'line': b'18: \n'}
[42.862877] (realsense_camera_msgs) StdoutLine: {'line': b'18: No problems found\n'}
[42.874788] (-) TimerEvent: {}
[42.929937] (realsense_camera_msgs) StdoutLine: {'line': b'18: -- run_test.py: return code 0\n'}
[42.930773] (realsense_camera_msgs) StdoutLine: {'line': b"18: -- run_test.py: verify result file '/home/yan/camps_ws/build/realsense_camera_msgs/test_results/realsense_camera_msgs/uncrustify_rosidl_generated_cpp.xunit.xml'\n"}
[42.974987] (-) TimerEvent: {}
[42.976971] (realsense_camera_msgs) StdoutLine: {'line': b'18/29 Test #18: uncrustify_rosidl_generated_cpp ...................   Passed    1.90 sec\n'}
[42.977931] (realsense_camera_msgs) StdoutLine: {'line': b'test 19\n'}
[42.978491] (realsense_camera_msgs) StdoutLine: {'line': b'      Start 19: cppcheck_rosidl_typesupport_introspection_c\n'}
[42.978969] (realsense_camera_msgs) StdoutLine: {'line': b'\n'}
[42.979446] (realsense_camera_msgs) StdoutLine: {'line': b'19: Test command: /usr/bin/python3 "-u" "/opt/ros/dashing/share/ament_cmake_test/cmake/run_test.py" "/home/yan/camps_ws/build/realsense_camera_msgs/test_results/realsense_camera_msgs/cppcheck_rosidl_typesupport_introspection_c.xunit.xml" "--package-name" "realsense_camera_msgs" "--output-file" "/home/yan/camps_ws/build/realsense_camera_msgs/ament_cppcheck/cppcheck_rosidl_typesupport_introspection_c.txt" "--command" "/opt/ros/dashing/bin/ament_cppcheck" "--xunit-file" "/home/yan/camps_ws/build/realsense_camera_msgs/test_results/realsense_camera_msgs/cppcheck_rosidl_typesupport_introspection_c.xunit.xml" "/home/yan/camps_ws/build/realsense_camera_msgs/rosidl_typesupport_introspection_c/realsense_camera_msgs"\n'}
[42.980023] (realsense_camera_msgs) StdoutLine: {'line': b'19: Test timeout computed to be: 120\n'}
[43.075196] (-) TimerEvent: {}
[43.175964] (-) TimerEvent: {}
[43.278087] (-) TimerEvent: {}
[43.307568] (realsense_camera_msgs) StdoutLine: {'line': b"19: -- run_test.py: invoking following command in '/home/yan/camps_ws/src/ros2_intel_realsense/realsense_camera_msgs':\n"}
[43.308361] (realsense_camera_msgs) StdoutLine: {'line': b'19:  - /opt/ros/dashing/bin/ament_cppcheck --xunit-file /home/yan/camps_ws/build/realsense_camera_msgs/test_results/realsense_camera_msgs/cppcheck_rosidl_typesupport_introspection_c.xunit.xml /home/yan/camps_ws/build/realsense_camera_msgs/rosidl_typesupport_introspection_c/realsense_camera_msgs\n'}
[43.378273] (-) TimerEvent: {}
[43.479099] (-) TimerEvent: {}
[43.579786] (-) TimerEvent: {}
[43.680483] (-) TimerEvent: {}
[43.781406] (-) TimerEvent: {}
[43.882084] (-) TimerEvent: {}
[43.982767] (-) TimerEvent: {}
[44.083473] (-) TimerEvent: {}
[44.184265] (-) TimerEvent: {}
[44.285476] (-) TimerEvent: {}
[44.386201] (-) TimerEvent: {}
[44.486896] (-) TimerEvent: {}
[44.587673] (-) TimerEvent: {}
[44.689113] (-) TimerEvent: {}
[44.790052] (-) TimerEvent: {}
[44.807905] (realsense_camera_msgs) StdoutLine: {'line': b'19: No problems found\n'}
[44.887376] (realsense_camera_msgs) StdoutLine: {'line': b'19: -- run_test.py: return code 0\n'}
[44.888262] (realsense_camera_msgs) StdoutLine: {'line': b"19: -- run_test.py: verify result file '/home/yan/camps_ws/build/realsense_camera_msgs/test_results/realsense_camera_msgs/cppcheck_rosidl_typesupport_introspection_c.xunit.xml'\n"}
[44.890241] (-) TimerEvent: {}
[44.934020] (realsense_camera_msgs) StdoutLine: {'line': b'19/29 Test #19: cppcheck_rosidl_typesupport_introspection_c .......   Passed    1.96 sec\n'}
[44.935242] (realsense_camera_msgs) StdoutLine: {'line': b'test 20\n'}
[44.936020] (realsense_camera_msgs) StdoutLine: {'line': b'      Start 20: cpplint_rosidl_typesupport_introspection_c\n'}
[44.936684] (realsense_camera_msgs) StdoutLine: {'line': b'\n'}
[44.937206] (realsense_camera_msgs) StdoutLine: {'line': b'20: Test command: /usr/bin/python3 "-u" "/opt/ros/dashing/share/ament_cmake_test/cmake/run_test.py" "/home/yan/camps_ws/build/realsense_camera_msgs/test_results/realsense_camera_msgs/cpplint_rosidl_typesupport_introspection_c.xunit.xml" "--package-name" "realsense_camera_msgs" "--output-file" "/home/yan/camps_ws/build/realsense_camera_msgs/ament_cpplint/cpplint_rosidl_typesupport_introspection_c.txt" "--command" "/opt/ros/dashing/bin/ament_cpplint" "--xunit-file" "/home/yan/camps_ws/build/realsense_camera_msgs/test_results/realsense_camera_msgs/cpplint_rosidl_typesupport_introspection_c.xunit.xml" "--linelength" "999" "--root" "/home/yan/camps_ws/build/realsense_camera_msgs/rosidl_typesupport_introspection_c" "/home/yan/camps_ws/build/realsense_camera_msgs/rosidl_typesupport_introspection_c/realsense_camera_msgs"\n'}
[44.938044] (realsense_camera_msgs) StdoutLine: {'line': b'20: Test timeout computed to be: 120\n'}
[44.990480] (-) TimerEvent: {}
[45.091610] (-) TimerEvent: {}
[45.192331] (-) TimerEvent: {}
[45.288692] (realsense_camera_msgs) StdoutLine: {'line': b"20: -- run_test.py: invoking following command in '/home/yan/camps_ws/src/ros2_intel_realsense/realsense_camera_msgs':\n"}
[45.289620] (realsense_camera_msgs) StdoutLine: {'line': b'20:  - /opt/ros/dashing/bin/ament_cpplint --xunit-file /home/yan/camps_ws/build/realsense_camera_msgs/test_results/realsense_camera_msgs/cpplint_rosidl_typesupport_introspection_c.xunit.xml --linelength 999 --root /home/yan/camps_ws/build/realsense_camera_msgs/rosidl_typesupport_introspection_c /home/yan/camps_ws/build/realsense_camera_msgs/rosidl_typesupport_introspection_c/realsense_camera_msgs\n'}
[45.292465] (-) TimerEvent: {}
[45.393163] (-) TimerEvent: {}
[45.494063] (-) TimerEvent: {}
[45.594767] (-) TimerEvent: {}
[45.695481] (-) TimerEvent: {}
[45.796170] (-) TimerEvent: {}
[45.896850] (-) TimerEvent: {}
[45.997546] (-) TimerEvent: {}
[46.098219] (-) TimerEvent: {}
[46.198983] (-) TimerEvent: {}
[46.299735] (-) TimerEvent: {}
[46.400526] (-) TimerEvent: {}
[46.501258] (-) TimerEvent: {}
[46.601984] (-) TimerEvent: {}
[46.702715] (-) TimerEvent: {}
[46.803390] (-) TimerEvent: {}
[46.904141] (-) TimerEvent: {}
[47.004820] (-) TimerEvent: {}
[47.105607] (-) TimerEvent: {}
[47.206388] (-) TimerEvent: {}
[47.259416] (realsense_camera_msgs) StdoutLine: {'line': b"20: Using '--root=/home/yan/camps_ws/build/realsense_camera_msgs/rosidl_typesupport_introspection_c' argument\n"}
[47.260267] (realsense_camera_msgs) StdoutLine: {'line': b'20: \n'}
[47.260865] (realsense_camera_msgs) StdoutLine: {'line': b'20: Done processing /home/yan/camps_ws/build/realsense_camera_msgs/rosidl_typesupport_introspection_c/realsense_camera_msgs/msg/extrinsics__rosidl_typesupport_introspection_c.h\n'}
[47.261546] (realsense_camera_msgs) StdoutLine: {'line': b'20: \n'}
[47.262177] (realsense_camera_msgs) StdoutLine: {'line': b'20: Done processing /home/yan/camps_ws/build/realsense_camera_msgs/rosidl_typesupport_introspection_c/realsense_camera_msgs/msg/extrinsics__type_support.c\n'}
[47.262764] (realsense_camera_msgs) StdoutLine: {'line': b'20: \n'}
[47.263337] (realsense_camera_msgs) StdoutLine: {'line': b'20: Done processing /home/yan/camps_ws/build/realsense_camera_msgs/rosidl_typesupport_introspection_c/realsense_camera_msgs/msg/imu_info__rosidl_typesupport_introspection_c.h\n'}
[47.263963] (realsense_camera_msgs) StdoutLine: {'line': b'20: \n'}
[47.264536] (realsense_camera_msgs) StdoutLine: {'line': b'20: Done processing /home/yan/camps_ws/build/realsense_camera_msgs/rosidl_typesupport_introspection_c/realsense_camera_msgs/msg/imu_info__type_support.c\n'}
[47.265122] (realsense_camera_msgs) StdoutLine: {'line': b'20: \n'}
[47.265746] (realsense_camera_msgs) StdoutLine: {'line': b'20: Done processing /home/yan/camps_ws/build/realsense_camera_msgs/rosidl_typesupport_introspection_c/realsense_camera_msgs/msg/rosidl_typesupport_introspection_c__visibility_control.h\n'}
[47.266320] (realsense_camera_msgs) StdoutLine: {'line': b'20: \n'}
[47.266893] (realsense_camera_msgs) StdoutLine: {'line': b'20: No problems found\n'}
[47.306658] (-) TimerEvent: {}
[47.330366] (realsense_camera_msgs) StdoutLine: {'line': b'20: -- run_test.py: return code 0\n'}
[47.331204] (realsense_camera_msgs) StdoutLine: {'line': b"20: -- run_test.py: verify result file '/home/yan/camps_ws/build/realsense_camera_msgs/test_results/realsense_camera_msgs/cpplint_rosidl_typesupport_introspection_c.xunit.xml'\n"}
[47.377966] (realsense_camera_msgs) StdoutLine: {'line': b'20/29 Test #20: cpplint_rosidl_typesupport_introspection_c ........   Passed    2.44 sec\n'}
[47.379139] (realsense_camera_msgs) StdoutLine: {'line': b'test 21\n'}
[47.380205] (realsense_camera_msgs) StdoutLine: {'line': b'      Start 21: uncrustify_rosidl_typesupport_introspection_c\n'}
[47.380854] (realsense_camera_msgs) StdoutLine: {'line': b'\n'}
[47.381523] (realsense_camera_msgs) StdoutLine: {'line': b'21: Test command: /usr/bin/python3 "-u" "/opt/ros/dashing/share/ament_cmake_test/cmake/run_test.py" "/home/yan/camps_ws/build/realsense_camera_msgs/test_results/realsense_camera_msgs/uncrustify_rosidl_typesupport_introspection_c.xunit.xml" "--package-name" "realsense_camera_msgs" "--output-file" "/home/yan/camps_ws/build/realsense_camera_msgs/ament_uncrustify/uncrustify_rosidl_typesupport_introspection_c.txt" "--command" "/opt/ros/dashing/bin/ament_uncrustify" "--xunit-file" "/home/yan/camps_ws/build/realsense_camera_msgs/test_results/realsense_camera_msgs/uncrustify_rosidl_typesupport_introspection_c.xunit.xml" "--linelength" "0" "/home/yan/camps_ws/build/realsense_camera_msgs/rosidl_typesupport_introspection_c/realsense_camera_msgs"\n'}
[47.382172] (realsense_camera_msgs) StdoutLine: {'line': b'21: Test timeout computed to be: 60\n'}
[47.406814] (-) TimerEvent: {}
[47.507512] (-) TimerEvent: {}
[47.608250] (-) TimerEvent: {}
[47.709010] (-) TimerEvent: {}
[47.710973] (realsense_camera_msgs) StdoutLine: {'line': b"21: -- run_test.py: invoking following command in '/home/yan/camps_ws/src/ros2_intel_realsense/realsense_camera_msgs':\n"}
[47.711673] (realsense_camera_msgs) StdoutLine: {'line': b'21:  - /opt/ros/dashing/bin/ament_uncrustify --xunit-file /home/yan/camps_ws/build/realsense_camera_msgs/test_results/realsense_camera_msgs/uncrustify_rosidl_typesupport_introspection_c.xunit.xml --linelength 0 /home/yan/camps_ws/build/realsense_camera_msgs/rosidl_typesupport_introspection_c/realsense_camera_msgs\n'}
[47.809244] (-) TimerEvent: {}
[47.910086] (-) TimerEvent: {}
[48.010767] (-) TimerEvent: {}
[48.116135] (-) TimerEvent: {}
[48.216875] (-) TimerEvent: {}
[48.317626] (-) TimerEvent: {}
[48.418375] (-) TimerEvent: {}
[48.520177] (-) TimerEvent: {}
[48.620984] (-) TimerEvent: {}
[48.721726] (-) TimerEvent: {}
[48.822663] (-) TimerEvent: {}
[48.923404] (-) TimerEvent: {}
[49.024131] (-) TimerEvent: {}
[49.125426] (-) TimerEvent: {}
[49.200286] (realsense_camera_msgs) StdoutLine: {'line': b"21: No code style divergence in file '/home/yan/camps_ws/build/realsense_camera_msgs/rosidl_typesupport_introspection_c/realsense_camera_msgs/msg/extrinsics__rosidl_typesupport_introspection_c.h'\n"}
[49.201229] (realsense_camera_msgs) StdoutLine: {'line': b'21: \n'}
[49.202197] (realsense_camera_msgs) StdoutLine: {'line': b"21: No code style divergence in file '/home/yan/camps_ws/build/realsense_camera_msgs/rosidl_typesupport_introspection_c/realsense_camera_msgs/msg/extrinsics__type_support.c'\n"}
[49.202839] (realsense_camera_msgs) StdoutLine: {'line': b'21: \n'}
[49.203413] (realsense_camera_msgs) StdoutLine: {'line': b"21: No code style divergence in file '/home/yan/camps_ws/build/realsense_camera_msgs/rosidl_typesupport_introspection_c/realsense_camera_msgs/msg/imu_info__rosidl_typesupport_introspection_c.h'\n"}
[49.204074] (realsense_camera_msgs) StdoutLine: {'line': b'21: \n'}
[49.204672] (realsense_camera_msgs) StdoutLine: {'line': b"21: No code style divergence in file '/home/yan/camps_ws/build/realsense_camera_msgs/rosidl_typesupport_introspection_c/realsense_camera_msgs/msg/imu_info__type_support.c'\n"}
[49.205276] (realsense_camera_msgs) StdoutLine: {'line': b'21: \n'}
[49.205932] (realsense_camera_msgs) StdoutLine: {'line': b"21: No code style divergence in file '/home/yan/camps_ws/build/realsense_camera_msgs/rosidl_typesupport_introspection_c/realsense_camera_msgs/msg/rosidl_typesupport_introspection_c__visibility_control.h'\n"}
[49.206529] (realsense_camera_msgs) StdoutLine: {'line': b'21: \n'}
[49.207109] (realsense_camera_msgs) StdoutLine: {'line': b'21: No problems found\n'}
[49.225620] (-) TimerEvent: {}
[49.281486] (realsense_camera_msgs) StdoutLine: {'line': b'21: -- run_test.py: return code 0\n'}
[49.282330] (realsense_camera_msgs) StdoutLine: {'line': b"21: -- run_test.py: verify result file '/home/yan/camps_ws/build/realsense_camera_msgs/test_results/realsense_camera_msgs/uncrustify_rosidl_typesupport_introspection_c.xunit.xml'\n"}
[49.325910] (-) TimerEvent: {}
[49.329464] (realsense_camera_msgs) StdoutLine: {'line': b'21/29 Test #21: uncrustify_rosidl_typesupport_introspection_c .....   Passed    1.95 sec\n'}
[49.330731] (realsense_camera_msgs) StdoutLine: {'line': b'test 22\n'}
[49.331323] (realsense_camera_msgs) StdoutLine: {'line': b'      Start 22: cppcheck_rosidl_typesupport_introspection_cpp\n'}
[49.331817] (realsense_camera_msgs) StdoutLine: {'line': b'\n'}
[49.332305] (realsense_camera_msgs) StdoutLine: {'line': b'22: Test command: /usr/bin/python3 "-u" "/opt/ros/dashing/share/ament_cmake_test/cmake/run_test.py" "/home/yan/camps_ws/build/realsense_camera_msgs/test_results/realsense_camera_msgs/cppcheck_rosidl_typesupport_introspection_cpp.xunit.xml" "--package-name" "realsense_camera_msgs" "--output-file" "/home/yan/camps_ws/build/realsense_camera_msgs/ament_cppcheck/cppcheck_rosidl_typesupport_introspection_cpp.txt" "--command" "/opt/ros/dashing/bin/ament_cppcheck" "--xunit-file" "/home/yan/camps_ws/build/realsense_camera_msgs/test_results/realsense_camera_msgs/cppcheck_rosidl_typesupport_introspection_cpp.xunit.xml" "/home/yan/camps_ws/build/realsense_camera_msgs/rosidl_typesupport_introspection_cpp/realsense_camera_msgs"\n'}
[49.332991] (realsense_camera_msgs) StdoutLine: {'line': b'22: Test timeout computed to be: 120\n'}
[49.426126] (-) TimerEvent: {}
[49.527236] (-) TimerEvent: {}
[49.627950] (-) TimerEvent: {}
[49.668847] (realsense_camera_msgs) StdoutLine: {'line': b"22: -- run_test.py: invoking following command in '/home/yan/camps_ws/src/ros2_intel_realsense/realsense_camera_msgs':\n"}
[49.669684] (realsense_camera_msgs) StdoutLine: {'line': b'22:  - /opt/ros/dashing/bin/ament_cppcheck --xunit-file /home/yan/camps_ws/build/realsense_camera_msgs/test_results/realsense_camera_msgs/cppcheck_rosidl_typesupport_introspection_cpp.xunit.xml /home/yan/camps_ws/build/realsense_camera_msgs/rosidl_typesupport_introspection_cpp/realsense_camera_msgs\n'}
[49.728116] (-) TimerEvent: {}
[49.828803] (-) TimerEvent: {}
[49.929897] (-) TimerEvent: {}
[50.030630] (-) TimerEvent: {}
[50.131350] (-) TimerEvent: {}
[50.232071] (-) TimerEvent: {}
[50.332790] (-) TimerEvent: {}
[50.433661] (-) TimerEvent: {}
[50.534353] (-) TimerEvent: {}
[50.635285] (-) TimerEvent: {}
[50.736055] (-) TimerEvent: {}
[50.836836] (-) TimerEvent: {}
[50.937755] (-) TimerEvent: {}
[51.038839] (-) TimerEvent: {}
[51.087761] (realsense_camera_msgs) StdoutLine: {'line': b'22: No problems found\n'}
[51.139037] (-) TimerEvent: {}
[51.168540] (realsense_camera_msgs) StdoutLine: {'line': b'22: -- run_test.py: return code 0\n'}
[51.169540] (realsense_camera_msgs) StdoutLine: {'line': b"22: -- run_test.py: verify result file '/home/yan/camps_ws/build/realsense_camera_msgs/test_results/realsense_camera_msgs/cppcheck_rosidl_typesupport_introspection_cpp.xunit.xml'\n"}
[51.214268] (realsense_camera_msgs) StdoutLine: {'line': b'22/29 Test #22: cppcheck_rosidl_typesupport_introspection_cpp .....   Passed    1.88 sec\n'}
[51.215288] (realsense_camera_msgs) StdoutLine: {'line': b'test 23\n'}
[51.215788] (realsense_camera_msgs) StdoutLine: {'line': b'      Start 23: cpplint_rosidl_typesupport_introspection_cpp\n'}
[51.216353] (realsense_camera_msgs) StdoutLine: {'line': b'\n'}
[51.217051] (realsense_camera_msgs) StdoutLine: {'line': b'23: Test command: /usr/bin/python3 "-u" "/opt/ros/dashing/share/ament_cmake_test/cmake/run_test.py" "/home/yan/camps_ws/build/realsense_camera_msgs/test_results/realsense_camera_msgs/cpplint_rosidl_typesupport_introspection_cpp.xunit.xml" "--package-name" "realsense_camera_msgs" "--output-file" "/home/yan/camps_ws/build/realsense_camera_msgs/ament_cpplint/cpplint_rosidl_typesupport_introspection_cpp.txt" "--command" "/opt/ros/dashing/bin/ament_cpplint" "--xunit-file" "/home/yan/camps_ws/build/realsense_camera_msgs/test_results/realsense_camera_msgs/cpplint_rosidl_typesupport_introspection_cpp.xunit.xml" "--linelength" "999" "--root" "/home/yan/camps_ws/build/realsense_camera_msgs/rosidl_typesupport_introspection_cpp" "/home/yan/camps_ws/build/realsense_camera_msgs/rosidl_typesupport_introspection_cpp/realsense_camera_msgs"\n'}
[51.217918] (realsense_camera_msgs) StdoutLine: {'line': b'23: Test timeout computed to be: 120\n'}
[51.239210] (-) TimerEvent: {}
[51.339986] (-) TimerEvent: {}
[51.440750] (-) TimerEvent: {}
[51.541573] (-) TimerEvent: {}
[51.549109] (realsense_camera_msgs) StdoutLine: {'line': b"23: -- run_test.py: invoking following command in '/home/yan/camps_ws/src/ros2_intel_realsense/realsense_camera_msgs':\n"}
[51.549894] (realsense_camera_msgs) StdoutLine: {'line': b'23:  - /opt/ros/dashing/bin/ament_cpplint --xunit-file /home/yan/camps_ws/build/realsense_camera_msgs/test_results/realsense_camera_msgs/cpplint_rosidl_typesupport_introspection_cpp.xunit.xml --linelength 999 --root /home/yan/camps_ws/build/realsense_camera_msgs/rosidl_typesupport_introspection_cpp /home/yan/camps_ws/build/realsense_camera_msgs/rosidl_typesupport_introspection_cpp/realsense_camera_msgs\n'}
[51.641760] (-) TimerEvent: {}
[51.742457] (-) TimerEvent: {}
[51.843592] (-) TimerEvent: {}
[51.944411] (-) TimerEvent: {}
[52.045169] (-) TimerEvent: {}
[52.146157] (-) TimerEvent: {}
[52.246878] (-) TimerEvent: {}
[52.348075] (-) TimerEvent: {}
[52.448760] (-) TimerEvent: {}
[52.549459] (-) TimerEvent: {}
[52.650145] (-) TimerEvent: {}
[52.750912] (-) TimerEvent: {}
[52.851577] (-) TimerEvent: {}
[52.952523] (-) TimerEvent: {}
[53.053254] (-) TimerEvent: {}
[53.154039] (-) TimerEvent: {}
[53.254784] (-) TimerEvent: {}
[53.355484] (-) TimerEvent: {}
[53.456758] (-) TimerEvent: {}
[53.557642] (-) TimerEvent: {}
[53.645008] (realsense_camera_msgs) StdoutLine: {'line': b"23: Using '--root=/home/yan/camps_ws/build/realsense_camera_msgs/rosidl_typesupport_introspection_cpp' argument\n"}
[53.646029] (realsense_camera_msgs) StdoutLine: {'line': b'23: \n'}
[53.646598] (realsense_camera_msgs) StdoutLine: {'line': b'23: Done processing /home/yan/camps_ws/build/realsense_camera_msgs/rosidl_typesupport_introspection_cpp/realsense_camera_msgs/msg/extrinsics__rosidl_typesupport_introspection_cpp.hpp\n'}
[53.647182] (realsense_camera_msgs) StdoutLine: {'line': b'23: \n'}
[53.647783] (realsense_camera_msgs) StdoutLine: {'line': b'23: Done processing /home/yan/camps_ws/build/realsense_camera_msgs/rosidl_typesupport_introspection_cpp/realsense_camera_msgs/msg/extrinsics__type_support.cpp\n'}
[53.648536] (realsense_camera_msgs) StdoutLine: {'line': b'23: \n'}
[53.649407] (realsense_camera_msgs) StdoutLine: {'line': b'23: Done processing /home/yan/camps_ws/build/realsense_camera_msgs/rosidl_typesupport_introspection_cpp/realsense_camera_msgs/msg/imu_info__rosidl_typesupport_introspection_cpp.hpp\n'}
[53.650195] (realsense_camera_msgs) StdoutLine: {'line': b'23: \n'}
[53.650910] (realsense_camera_msgs) StdoutLine: {'line': b'23: Done processing /home/yan/camps_ws/build/realsense_camera_msgs/rosidl_typesupport_introspection_cpp/realsense_camera_msgs/msg/imu_info__type_support.cpp\n'}
[53.651537] (realsense_camera_msgs) StdoutLine: {'line': b'23: \n'}
[53.652130] (realsense_camera_msgs) StdoutLine: {'line': b'23: No problems found\n'}
[53.657821] (-) TimerEvent: {}
[53.717394] (realsense_camera_msgs) StdoutLine: {'line': b'23: -- run_test.py: return code 0\n'}
[53.718699] (realsense_camera_msgs) StdoutLine: {'line': b"23: -- run_test.py: verify result file '/home/yan/camps_ws/build/realsense_camera_msgs/test_results/realsense_camera_msgs/cpplint_rosidl_typesupport_introspection_cpp.xunit.xml'\n"}
[53.758011] (-) TimerEvent: {}
[53.766222] (realsense_camera_msgs) StdoutLine: {'line': b'23/29 Test #23: cpplint_rosidl_typesupport_introspection_cpp ......   Passed    2.55 sec\n'}
[53.767084] (realsense_camera_msgs) StdoutLine: {'line': b'test 24\n'}
[53.767809] (realsense_camera_msgs) StdoutLine: {'line': b'      Start 24: uncrustify_rosidl_typesupport_introspection_cpp\n'}
[53.768301] (realsense_camera_msgs) StdoutLine: {'line': b'\n'}
[53.768813] (realsense_camera_msgs) StdoutLine: {'line': b'24: Test command: /usr/bin/python3 "-u" "/opt/ros/dashing/share/ament_cmake_test/cmake/run_test.py" "/home/yan/camps_ws/build/realsense_camera_msgs/test_results/realsense_camera_msgs/uncrustify_rosidl_typesupport_introspection_cpp.xunit.xml" "--package-name" "realsense_camera_msgs" "--output-file" "/home/yan/camps_ws/build/realsense_camera_msgs/ament_uncrustify/uncrustify_rosidl_typesupport_introspection_cpp.txt" "--command" "/opt/ros/dashing/bin/ament_uncrustify" "--xunit-file" "/home/yan/camps_ws/build/realsense_camera_msgs/test_results/realsense_camera_msgs/uncrustify_rosidl_typesupport_introspection_cpp.xunit.xml" "--linelength" "0" "/home/yan/camps_ws/build/realsense_camera_msgs/rosidl_typesupport_introspection_cpp/realsense_camera_msgs"\n'}
[53.769526] (realsense_camera_msgs) StdoutLine: {'line': b'24: Test timeout computed to be: 60\n'}
[53.858279] (-) TimerEvent: {}
[53.959039] (-) TimerEvent: {}
[54.059782] (-) TimerEvent: {}
[54.103069] (realsense_camera_msgs) StdoutLine: {'line': b"24: -- run_test.py: invoking following command in '/home/yan/camps_ws/src/ros2_intel_realsense/realsense_camera_msgs':\n"}
[54.103838] (realsense_camera_msgs) StdoutLine: {'line': b'24:  - /opt/ros/dashing/bin/ament_uncrustify --xunit-file /home/yan/camps_ws/build/realsense_camera_msgs/test_results/realsense_camera_msgs/uncrustify_rosidl_typesupport_introspection_cpp.xunit.xml --linelength 0 /home/yan/camps_ws/build/realsense_camera_msgs/rosidl_typesupport_introspection_cpp/realsense_camera_msgs\n'}
[54.160216] (-) TimerEvent: {}
[54.260969] (-) TimerEvent: {}
[54.361749] (-) TimerEvent: {}
[54.462490] (-) TimerEvent: {}
[54.563179] (-) TimerEvent: {}
[54.663956] (-) TimerEvent: {}
[54.764701] (-) TimerEvent: {}
[54.865479] (-) TimerEvent: {}
[54.966197] (-) TimerEvent: {}
[55.067010] (-) TimerEvent: {}
[55.167738] (-) TimerEvent: {}
[55.268407] (-) TimerEvent: {}
[55.369196] (-) TimerEvent: {}
[55.469983] (-) TimerEvent: {}
[55.503023] (realsense_camera_msgs) StdoutLine: {'line': b"24: No code style divergence in file '/home/yan/camps_ws/build/realsense_camera_msgs/rosidl_typesupport_introspection_cpp/realsense_camera_msgs/msg/extrinsics__rosidl_typesupport_introspection_cpp.hpp'\n"}
[55.504443] (realsense_camera_msgs) StdoutLine: {'line': b'24: \n'}
[55.505185] (realsense_camera_msgs) StdoutLine: {'line': b"24: No code style divergence in file '/home/yan/camps_ws/build/realsense_camera_msgs/rosidl_typesupport_introspection_cpp/realsense_camera_msgs/msg/extrinsics__type_support.cpp'\n"}
[55.506112] (realsense_camera_msgs) StdoutLine: {'line': b'24: \n'}
[55.506760] (realsense_camera_msgs) StdoutLine: {'line': b"24: No code style divergence in file '/home/yan/camps_ws/build/realsense_camera_msgs/rosidl_typesupport_introspection_cpp/realsense_camera_msgs/msg/imu_info__rosidl_typesupport_introspection_cpp.hpp'\n"}
[55.507353] (realsense_camera_msgs) StdoutLine: {'line': b'24: \n'}
[55.507974] (realsense_camera_msgs) StdoutLine: {'line': b"24: No code style divergence in file '/home/yan/camps_ws/build/realsense_camera_msgs/rosidl_typesupport_introspection_cpp/realsense_camera_msgs/msg/imu_info__type_support.cpp'\n"}
[55.508566] (realsense_camera_msgs) StdoutLine: {'line': b'24: \n'}
[55.509151] (realsense_camera_msgs) StdoutLine: {'line': b'24: No problems found\n'}
[55.570179] (-) TimerEvent: {}
[55.581847] (realsense_camera_msgs) StdoutLine: {'line': b'24: -- run_test.py: return code 0\n'}
[55.582790] (realsense_camera_msgs) StdoutLine: {'line': b"24: -- run_test.py: verify result file '/home/yan/camps_ws/build/realsense_camera_msgs/test_results/realsense_camera_msgs/uncrustify_rosidl_typesupport_introspection_cpp.xunit.xml'\n"}
[55.629167] (realsense_camera_msgs) StdoutLine: {'line': b'24/29 Test #24: uncrustify_rosidl_typesupport_introspection_cpp ...   Passed    1.86 sec\n'}
[55.630196] (realsense_camera_msgs) StdoutLine: {'line': b'test 25\n'}
[55.630753] (realsense_camera_msgs) StdoutLine: {'line': b'      Start 25: cppcheck_rosidl_generated_py\n'}
[55.631208] (realsense_camera_msgs) StdoutLine: {'line': b'\n'}
[55.631697] (realsense_camera_msgs) StdoutLine: {'line': b'25: Test command: /usr/bin/python3 "-u" "/opt/ros/dashing/share/ament_cmake_test/cmake/run_test.py" "/home/yan/camps_ws/build/realsense_camera_msgs/test_results/realsense_camera_msgs/cppcheck_rosidl_generated_py.xunit.xml" "--package-name" "realsense_camera_msgs" "--output-file" "/home/yan/camps_ws/build/realsense_camera_msgs/ament_cppcheck/cppcheck_rosidl_generated_py.txt" "--command" "/opt/ros/dashing/bin/ament_cppcheck" "--xunit-file" "/home/yan/camps_ws/build/realsense_camera_msgs/test_results/realsense_camera_msgs/cppcheck_rosidl_generated_py.xunit.xml" "/home/yan/camps_ws/build/realsense_camera_msgs/rosidl_generator_py/realsense_camera_msgs"\n'}
[55.632365] (realsense_camera_msgs) StdoutLine: {'line': b'25: Test timeout computed to be: 120\n'}
[55.670362] (-) TimerEvent: {}
[55.771143] (-) TimerEvent: {}
[55.871895] (-) TimerEvent: {}
[55.959031] (realsense_camera_msgs) StdoutLine: {'line': b"25: -- run_test.py: invoking following command in '/home/yan/camps_ws/src/ros2_intel_realsense/realsense_camera_msgs':\n"}
[55.959849] (realsense_camera_msgs) StdoutLine: {'line': b'25:  - /opt/ros/dashing/bin/ament_cppcheck --xunit-file /home/yan/camps_ws/build/realsense_camera_msgs/test_results/realsense_camera_msgs/cppcheck_rosidl_generated_py.xunit.xml /home/yan/camps_ws/build/realsense_camera_msgs/rosidl_generator_py/realsense_camera_msgs\n'}
[55.972116] (-) TimerEvent: {}
[56.072909] (-) TimerEvent: {}
[56.173878] (-) TimerEvent: {}
[56.274578] (-) TimerEvent: {}
[56.375626] (-) TimerEvent: {}
[56.476369] (-) TimerEvent: {}
[56.577089] (-) TimerEvent: {}
[56.677811] (-) TimerEvent: {}
[56.778529] (-) TimerEvent: {}
[56.879209] (-) TimerEvent: {}
[56.979883] (-) TimerEvent: {}
[57.080566] (-) TimerEvent: {}
[57.181343] (-) TimerEvent: {}
[57.282155] (-) TimerEvent: {}
[57.383123] (-) TimerEvent: {}
[57.430549] (realsense_camera_msgs) StdoutLine: {'line': b'25: No problems found\n'}
[57.483385] (-) TimerEvent: {}
[57.506775] (realsense_camera_msgs) StdoutLine: {'line': b'25: -- run_test.py: return code 0\n'}
[57.507681] (realsense_camera_msgs) StdoutLine: {'line': b"25: -- run_test.py: verify result file '/home/yan/camps_ws/build/realsense_camera_msgs/test_results/realsense_camera_msgs/cppcheck_rosidl_generated_py.xunit.xml'\n"}
[57.555077] (realsense_camera_msgs) StdoutLine: {'line': b'25/29 Test #25: cppcheck_rosidl_generated_py ......................   Passed    1.93 sec\n'}
[57.556555] (realsense_camera_msgs) StdoutLine: {'line': b'test 26\n'}
[57.557130] (realsense_camera_msgs) StdoutLine: {'line': b'      Start 26: cpplint_rosidl_generated_py\n'}
[57.557747] (realsense_camera_msgs) StdoutLine: {'line': b'\n'}
[57.558316] (realsense_camera_msgs) StdoutLine: {'line': b'26: Test command: /usr/bin/python3 "-u" "/opt/ros/dashing/share/ament_cmake_test/cmake/run_test.py" "/home/yan/camps_ws/build/realsense_camera_msgs/test_results/realsense_camera_msgs/cpplint_rosidl_generated_py.xunit.xml" "--package-name" "realsense_camera_msgs" "--output-file" "/home/yan/camps_ws/build/realsense_camera_msgs/ament_cpplint/cpplint_rosidl_generated_py.txt" "--command" "/opt/ros/dashing/bin/ament_cpplint" "--xunit-file" "/home/yan/camps_ws/build/realsense_camera_msgs/test_results/realsense_camera_msgs/cpplint_rosidl_generated_py.xunit.xml" "--filters=-readability/fn_size" "--linelength" "999" "--root" "/home/yan/camps_ws/build/realsense_camera_msgs/rosidl_generator_py" "/home/yan/camps_ws/build/realsense_camera_msgs/rosidl_generator_py/realsense_camera_msgs"\n'}
[57.559025] (realsense_camera_msgs) StdoutLine: {'line': b'26: Test timeout computed to be: 120\n'}
[57.583597] (-) TimerEvent: {}
[57.684443] (-) TimerEvent: {}
[57.785386] (-) TimerEvent: {}
[57.886260] (-) TimerEvent: {}
[57.896402] (realsense_camera_msgs) StdoutLine: {'line': b"26: -- run_test.py: invoking following command in '/home/yan/camps_ws/src/ros2_intel_realsense/realsense_camera_msgs':\n"}
[57.897299] (realsense_camera_msgs) StdoutLine: {'line': b'26:  - /opt/ros/dashing/bin/ament_cpplint --xunit-file /home/yan/camps_ws/build/realsense_camera_msgs/test_results/realsense_camera_msgs/cpplint_rosidl_generated_py.xunit.xml --filters=-readability/fn_size --linelength 999 --root /home/yan/camps_ws/build/realsense_camera_msgs/rosidl_generator_py /home/yan/camps_ws/build/realsense_camera_msgs/rosidl_generator_py/realsense_camera_msgs\n'}
[57.986421] (-) TimerEvent: {}
[58.087112] (-) TimerEvent: {}
[58.187789] (-) TimerEvent: {}
[58.289240] (-) TimerEvent: {}
[58.390062] (-) TimerEvent: {}
[58.490789] (-) TimerEvent: {}
[58.591465] (-) TimerEvent: {}
[58.692182] (-) TimerEvent: {}
[58.792886] (-) TimerEvent: {}
[58.893776] (-) TimerEvent: {}
[58.994647] (-) TimerEvent: {}
[59.095447] (-) TimerEvent: {}
[59.196158] (-) TimerEvent: {}
[59.296835] (-) TimerEvent: {}
[59.397543] (-) TimerEvent: {}
[59.501455] (-) TimerEvent: {}
[59.602273] (-) TimerEvent: {}
[59.703065] (-) TimerEvent: {}
[59.803858] (-) TimerEvent: {}
[59.904654] (-) TimerEvent: {}
[60.005460] (-) TimerEvent: {}
[60.106155] (-) TimerEvent: {}
[60.206905] (-) TimerEvent: {}
[60.307611] (-) TimerEvent: {}
[60.408378] (-) TimerEvent: {}
[60.509089] (-) TimerEvent: {}
[60.609861] (-) TimerEvent: {}
[60.613184] (realsense_camera_msgs) StdoutLine: {'line': b"26: Using '--root=/home/yan/camps_ws/build/realsense_camera_msgs/rosidl_generator_py' argument\n"}
[60.626747] (realsense_camera_msgs) StdoutLine: {'line': b'26: \n'}
[60.628021] (realsense_camera_msgs) StdoutLine: {'line': b'26: Done processing /home/yan/camps_ws/build/realsense_camera_msgs/rosidl_generator_py/realsense_camera_msgs/_realsense_camera_msgs_s.ep.rosidl_typesupport_c.c\n'}
[60.629001] (realsense_camera_msgs) StdoutLine: {'line': b'26: \n'}
[60.629823] (realsense_camera_msgs) StdoutLine: {'line': b'26: Done processing /home/yan/camps_ws/build/realsense_camera_msgs/rosidl_generator_py/realsense_camera_msgs/_realsense_camera_msgs_s.ep.rosidl_typesupport_fastrtps_c.c\n'}
[60.630555] (realsense_camera_msgs) StdoutLine: {'line': b'26: \n'}
[60.631174] (realsense_camera_msgs) StdoutLine: {'line': b'26: Done processing /home/yan/camps_ws/build/realsense_camera_msgs/rosidl_generator_py/realsense_camera_msgs/msg/_extrinsics_s.c\n'}
[60.631851] (realsense_camera_msgs) StdoutLine: {'line': b'26: \n'}
[60.632463] (realsense_camera_msgs) StdoutLine: {'line': b'26: Done processing /home/yan/camps_ws/build/realsense_camera_msgs/rosidl_generator_py/realsense_camera_msgs/msg/_imu_info_s.c\n'}
[60.633044] (realsense_camera_msgs) StdoutLine: {'line': b'26: \n'}
[60.633634] (realsense_camera_msgs) StdoutLine: {'line': b'26: No problems found\n'}
[60.689217] (realsense_camera_msgs) StdoutLine: {'line': b'26: -- run_test.py: return code 0\n'}
[60.690377] (realsense_camera_msgs) StdoutLine: {'line': b"26: -- run_test.py: verify result file '/home/yan/camps_ws/build/realsense_camera_msgs/test_results/realsense_camera_msgs/cpplint_rosidl_generated_py.xunit.xml'\n"}
[60.710080] (-) TimerEvent: {}
[60.736083] (realsense_camera_msgs) StdoutLine: {'line': b'26/29 Test #26: cpplint_rosidl_generated_py .......................   Passed    3.18 sec\n'}
[60.737510] (realsense_camera_msgs) StdoutLine: {'line': b'test 27\n'}
[60.738558] (realsense_camera_msgs) StdoutLine: {'line': b'      Start 27: flake8_rosidl_generated_py\n'}
[60.739228] (realsense_camera_msgs) StdoutLine: {'line': b'\n'}
[60.739839] (realsense_camera_msgs) StdoutLine: {'line': b'27: Test command: /usr/bin/python3 "-u" "/opt/ros/dashing/share/ament_cmake_test/cmake/run_test.py" "/home/yan/camps_ws/build/realsense_camera_msgs/test_results/realsense_camera_msgs/flake8_rosidl_generated_py.xunit.xml" "--package-name" "realsense_camera_msgs" "--output-file" "/home/yan/camps_ws/build/realsense_camera_msgs/ament_flake8/flake8_rosidl_generated_py.txt" "--command" "/opt/ros/dashing/bin/ament_flake8" "--xunit-file" "/home/yan/camps_ws/build/realsense_camera_msgs/test_results/realsense_camera_msgs/flake8_rosidl_generated_py.xunit.xml" "--linelength" "999" "/home/yan/camps_ws/build/realsense_camera_msgs/rosidl_generator_py/realsense_camera_msgs"\n'}
[60.740472] (realsense_camera_msgs) StdoutLine: {'line': b'27: Test timeout computed to be: 60\n'}
[60.810240] (-) TimerEvent: {}
[60.911035] (-) TimerEvent: {}
[61.011798] (-) TimerEvent: {}
[61.068208] (realsense_camera_msgs) StdoutLine: {'line': b"27: -- run_test.py: invoking following command in '/home/yan/camps_ws/src/ros2_intel_realsense/realsense_camera_msgs':\n"}
[61.068920] (realsense_camera_msgs) StdoutLine: {'line': b'27:  - /opt/ros/dashing/bin/ament_flake8 --xunit-file /home/yan/camps_ws/build/realsense_camera_msgs/test_results/realsense_camera_msgs/flake8_rosidl_generated_py.xunit.xml --linelength 999 /home/yan/camps_ws/build/realsense_camera_msgs/rosidl_generator_py/realsense_camera_msgs\n'}
[61.112054] (-) TimerEvent: {}
[61.212750] (-) TimerEvent: {}
[61.313494] (-) TimerEvent: {}
[61.414262] (-) TimerEvent: {}
[61.515059] (-) TimerEvent: {}
[61.615862] (-) TimerEvent: {}
[61.716652] (-) TimerEvent: {}
[61.817440] (-) TimerEvent: {}
[61.918132] (-) TimerEvent: {}
[62.018863] (-) TimerEvent: {}
[62.119801] (-) TimerEvent: {}
[62.221141] (-) TimerEvent: {}
[62.321929] (-) TimerEvent: {}
[62.426162] (-) TimerEvent: {}
[62.527003] (-) TimerEvent: {}
[62.627708] (-) TimerEvent: {}
[62.728448] (-) TimerEvent: {}
[62.829139] (-) TimerEvent: {}
[62.929938] (-) TimerEvent: {}
[63.030703] (-) TimerEvent: {}
[63.131467] (-) TimerEvent: {}
[63.232253] (-) TimerEvent: {}
[63.333013] (-) TimerEvent: {}
[63.433755] (-) TimerEvent: {}
[63.534508] (-) TimerEvent: {}
[63.635226] (-) TimerEvent: {}
[63.736007] (-) TimerEvent: {}
[63.797767] (realsense_camera_msgs) StdoutLine: {'line': b'27: Traceback (most recent call last):\n'}
[63.798541] (realsense_camera_msgs) StdoutLine: {'line': b'27:   File "/home/yan/.local/lib/python3.6/site-packages/flake8/plugins/manager.py", line 157, in load_plugin\n'}
[63.799257] (realsense_camera_msgs) StdoutLine: {'line': b'27:     self._load()\n'}
[63.799891] (realsense_camera_msgs) StdoutLine: {'line': b'27:   File "/home/yan/.local/lib/python3.6/site-packages/flake8/plugins/manager.py", line 134, in _load\n'}
[63.800629] (realsense_camera_msgs) StdoutLine: {'line': b'27:     self._plugin = self.entry_point.load()\n'}
[63.801354] (realsense_camera_msgs) StdoutLine: {'line': b'27:   File "/home/yan/.local/lib/python3.6/site-packages/importlib_metadata/__init__.py", line 98, in load\n'}
[63.802146] (realsense_camera_msgs) StdoutLine: {'line': b'27:     return functools.reduce(getattr, attrs, module)\n'}
[63.802845] (realsense_camera_msgs) StdoutLine: {'line': b"27: AttributeError: module 'pycodestyle' has no attribute 'break_around_binary_operator'\n"}
[63.803521] (realsense_camera_msgs) StdoutLine: {'line': b'27: \n'}
[63.804148] (realsense_camera_msgs) StdoutLine: {'line': b'27: During handling of the above exception, another exception occurred:\n'}
[63.804836] (realsense_camera_msgs) StdoutLine: {'line': b'27: \n'}
[63.808103] (realsense_camera_msgs) StdoutLine: {'line': b'27: Traceback (most recent call last):\n'}
[63.809106] (realsense_camera_msgs) StdoutLine: {'line': b'27:   File "/opt/ros/dashing/bin/ament_flake8", line 11, in <module>\n'}
[63.810567] (realsense_camera_msgs) StdoutLine: {'line': b"27:     load_entry_point('ament-flake8==0.7.12', 'console_scripts', 'ament_flake8')()\n"}
[63.811489] (realsense_camera_msgs) StdoutLine: {'line': b'27:   File "/opt/ros/dashing/lib/python3.6/site-packages/ament_flake8/main.py", line 75, in main\n'}
[63.813136] (realsense_camera_msgs) StdoutLine: {'line': b'27:     max_line_length=args.linelength)\n'}
[63.813915] (realsense_camera_msgs) StdoutLine: {'line': b'27:   File "/opt/ros/dashing/lib/python3.6/site-packages/ament_flake8/main.py", line 176, in generate_flake8_report\n'}
[63.814624] (realsense_camera_msgs) StdoutLine: {'line': b'27:     style = get_flake8_style_guide(flake8_argv)\n'}
[63.815252] (realsense_camera_msgs) StdoutLine: {'line': b'27:   File "/opt/ros/dashing/lib/python3.6/site-packages/ament_flake8/main.py", line 140, in get_flake8_style_guide\n'}
[63.815884] (realsense_camera_msgs) StdoutLine: {'line': b'27:     application.find_plugins(config_finder)\n'}
[63.816619] (realsense_camera_msgs) StdoutLine: {'line': b'27:   File "/home/yan/.local/lib/python3.6/site-packages/flake8/main/application.py", line 159, in find_plugins\n'}
[63.817302] (realsense_camera_msgs) StdoutLine: {'line': b'27:     self.check_plugins.load_plugins()\n'}
[63.818014] (realsense_camera_msgs) StdoutLine: {'line': b'27:   File "/home/yan/.local/lib/python3.6/site-packages/flake8/plugins/manager.py", line 415, in load_plugins\n'}
[63.818749] (realsense_camera_msgs) StdoutLine: {'line': b'27:     plugins = list(self.manager.map(load_plugin))\n'}
[63.819440] (realsense_camera_msgs) StdoutLine: {'line': b'27:   File "/home/yan/.local/lib/python3.6/site-packages/flake8/plugins/manager.py", line 302, in map\n'}
[63.820254] (realsense_camera_msgs) StdoutLine: {'line': b'27:     yield func(self.plugins[name], *args, **kwargs)\n'}
[63.820946] (realsense_camera_msgs) StdoutLine: {'line': b'27:   File "/home/yan/.local/lib/python3.6/site-packages/flake8/plugins/manager.py", line 413, in load_plugin\n'}
[63.821759] (realsense_camera_msgs) StdoutLine: {'line': b'27:     return plugin.load_plugin()\n'}
[63.822480] (realsense_camera_msgs) StdoutLine: {'line': b'27:   File "/home/yan/.local/lib/python3.6/site-packages/flake8/plugins/manager.py", line 164, in load_plugin\n'}
[63.823154] (realsense_camera_msgs) StdoutLine: {'line': b'27:     raise failed_to_load\n'}
[63.823817] (realsense_camera_msgs) StdoutLine: {'line': b'27: flake8.exceptions.FailedToLoadPlugin: Flake8 failed to load plugin "pycodestyle.break_around_binary_operator" due to module \'pycodestyle\' has no attribute \'break_around_binary_operator\'.\n'}
[63.836204] (-) TimerEvent: {}
[63.936992] (-) TimerEvent: {}
[63.953702] (realsense_camera_msgs) StdoutLine: {'line': b'27: -- run_test.py: return code 1\n'}
[63.954492] (realsense_camera_msgs) StdoutLine: {'line': b"27: -- run_test.py: generate result file '/home/yan/camps_ws/build/realsense_camera_msgs/test_results/realsense_camera_msgs/flake8_rosidl_generated_py.xunit.xml' with failed test\n"}
[63.955108] (realsense_camera_msgs) StdoutLine: {'line': b"27: -- run_test.py: verify result file '/home/yan/camps_ws/build/realsense_camera_msgs/test_results/realsense_camera_msgs/flake8_rosidl_generated_py.xunit.xml'\n"}
[63.995033] (realsense_camera_msgs) StdoutLine: {'line': b'27/29 Test #27: flake8_rosidl_generated_py ........................***Failed    3.26 sec\n'}
[63.996072] (realsense_camera_msgs) StdoutLine: {'line': b'test 28\n'}
[63.996685] (realsense_camera_msgs) StdoutLine: {'line': b'      Start 28: pep257_rosidl_generated_py\n'}
[63.997210] (realsense_camera_msgs) StdoutLine: {'line': b'\n'}
[63.997929] (realsense_camera_msgs) StdoutLine: {'line': b'28: Test command: /usr/bin/python3 "-u" "/opt/ros/dashing/share/ament_cmake_test/cmake/run_test.py" "/home/yan/camps_ws/build/realsense_camera_msgs/test_results/realsense_camera_msgs/pep257_rosidl_generated_py.xunit.xml" "--package-name" "realsense_camera_msgs" "--output-file" "/home/yan/camps_ws/build/realsense_camera_msgs/ament_pep257/pep257_rosidl_generated_py.txt" "--command" "/opt/ros/dashing/bin/ament_pep257" "--xunit-file" "/home/yan/camps_ws/build/realsense_camera_msgs/test_results/realsense_camera_msgs/pep257_rosidl_generated_py.xunit.xml" "/home/yan/camps_ws/build/realsense_camera_msgs/rosidl_generator_py/realsense_camera_msgs"\n'}
[63.998513] (realsense_camera_msgs) StdoutLine: {'line': b'28: Test timeout computed to be: 60\n'}
[64.037175] (-) TimerEvent: {}
[64.137983] (-) TimerEvent: {}
[64.238671] (-) TimerEvent: {}
[64.339396] (-) TimerEvent: {}
[64.363584] (realsense_camera_msgs) StdoutLine: {'line': b"28: -- run_test.py: invoking following command in '/home/yan/camps_ws/src/ros2_intel_realsense/realsense_camera_msgs':\n"}
[64.365005] (realsense_camera_msgs) StdoutLine: {'line': b'28:  - /opt/ros/dashing/bin/ament_pep257 --xunit-file /home/yan/camps_ws/build/realsense_camera_msgs/test_results/realsense_camera_msgs/pep257_rosidl_generated_py.xunit.xml /home/yan/camps_ws/build/realsense_camera_msgs/rosidl_generator_py/realsense_camera_msgs\n'}
[64.439572] (-) TimerEvent: {}
[64.540450] (-) TimerEvent: {}
[64.641596] (-) TimerEvent: {}
[64.743834] (-) TimerEvent: {}
[64.844923] (-) TimerEvent: {}
[64.947428] (-) TimerEvent: {}
[65.049493] (-) TimerEvent: {}
[65.150551] (-) TimerEvent: {}
[65.251531] (-) TimerEvent: {}
[65.352268] (-) TimerEvent: {}
[65.453030] (-) TimerEvent: {}
[65.553862] (-) TimerEvent: {}
[65.654591] (-) TimerEvent: {}
[65.755340] (-) TimerEvent: {}
[65.856533] (-) TimerEvent: {}
[65.957599] (-) TimerEvent: {}
[66.058338] (-) TimerEvent: {}
[66.159063] (-) TimerEvent: {}
[66.259803] (-) TimerEvent: {}
[66.361130] (-) TimerEvent: {}
[66.462035] (-) TimerEvent: {}
[66.506270] (realsense_camera_msgs) StdoutLine: {'line': b'28: checking /home/yan/camps_ws/build/realsense_camera_msgs/rosidl_generator_py/realsense_camera_msgs/__init__.py\n'}
[66.507464] (realsense_camera_msgs) StdoutLine: {'line': b'28: checking /home/yan/camps_ws/build/realsense_camera_msgs/rosidl_generator_py/realsense_camera_msgs/msg/__init__.py\n'}
[66.508624] (realsense_camera_msgs) StdoutLine: {'line': b'28: checking /home/yan/camps_ws/build/realsense_camera_msgs/rosidl_generator_py/realsense_camera_msgs/msg/_extrinsics.py\n'}
[66.509392] (realsense_camera_msgs) StdoutLine: {'line': b'28: checking /home/yan/camps_ws/build/realsense_camera_msgs/rosidl_generator_py/realsense_camera_msgs/msg/_imu_info.py\n'}
[66.510644] (realsense_camera_msgs) StdoutLine: {'line': b'28: No problems found\n'}
[66.562381] (-) TimerEvent: {}
[66.618403] (realsense_camera_msgs) StdoutLine: {'line': b'28: -- run_test.py: return code 0\n'}
[66.620669] (realsense_camera_msgs) StdoutLine: {'line': b"28: -- run_test.py: verify result file '/home/yan/camps_ws/build/realsense_camera_msgs/test_results/realsense_camera_msgs/pep257_rosidl_generated_py.xunit.xml'\n"}
[66.662443] (-) TimerEvent: {}
[66.679188] (realsense_camera_msgs) StdoutLine: {'line': b'28/29 Test #28: pep257_rosidl_generated_py ........................   Passed    2.68 sec\n'}
[66.681127] (realsense_camera_msgs) StdoutLine: {'line': b'test 29\n'}
[66.681893] (realsense_camera_msgs) StdoutLine: {'line': b'      Start 29: uncrustify_rosidl_generated_py\n'}
[66.682471] (realsense_camera_msgs) StdoutLine: {'line': b'\n'}
[66.683019] (realsense_camera_msgs) StdoutLine: {'line': b'29: Test command: /usr/bin/python3 "-u" "/opt/ros/dashing/share/ament_cmake_test/cmake/run_test.py" "/home/yan/camps_ws/build/realsense_camera_msgs/test_results/realsense_camera_msgs/uncrustify_rosidl_generated_py.xunit.xml" "--package-name" "realsense_camera_msgs" "--output-file" "/home/yan/camps_ws/build/realsense_camera_msgs/ament_uncrustify/uncrustify_rosidl_generated_py.txt" "--command" "/opt/ros/dashing/bin/ament_uncrustify" "--xunit-file" "/home/yan/camps_ws/build/realsense_camera_msgs/test_results/realsense_camera_msgs/uncrustify_rosidl_generated_py.xunit.xml" "--linelength" "0" "/home/yan/camps_ws/build/realsense_camera_msgs/rosidl_generator_py/realsense_camera_msgs"\n'}
[66.683652] (realsense_camera_msgs) StdoutLine: {'line': b'29: Test timeout computed to be: 60\n'}
[66.762734] (-) TimerEvent: {}
[66.863802] (-) TimerEvent: {}
[66.964497] (-) TimerEvent: {}
[67.045679] (realsense_camera_msgs) StdoutLine: {'line': b"29: -- run_test.py: invoking following command in '/home/yan/camps_ws/src/ros2_intel_realsense/realsense_camera_msgs':\n"}
[67.046922] (realsense_camera_msgs) StdoutLine: {'line': b'29:  - /opt/ros/dashing/bin/ament_uncrustify --xunit-file /home/yan/camps_ws/build/realsense_camera_msgs/test_results/realsense_camera_msgs/uncrustify_rosidl_generated_py.xunit.xml --linelength 0 /home/yan/camps_ws/build/realsense_camera_msgs/rosidl_generator_py/realsense_camera_msgs\n'}
[67.064686] (-) TimerEvent: {}
[67.165746] (-) TimerEvent: {}
[67.266975] (-) TimerEvent: {}
[67.367703] (-) TimerEvent: {}
[67.468802] (-) TimerEvent: {}
[67.569692] (-) TimerEvent: {}
[67.670473] (-) TimerEvent: {}
[67.771165] (-) TimerEvent: {}
[67.871920] (-) TimerEvent: {}
[67.972706] (-) TimerEvent: {}
[68.073693] (-) TimerEvent: {}
[68.174463] (-) TimerEvent: {}
[68.275406] (-) TimerEvent: {}
[68.376194] (-) TimerEvent: {}
[68.482913] (-) TimerEvent: {}
[68.583771] (-) TimerEvent: {}
[68.625549] (realsense_camera_msgs) StdoutLine: {'line': b"29: No code style divergence in file '/home/yan/camps_ws/build/realsense_camera_msgs/rosidl_generator_py/realsense_camera_msgs/_realsense_camera_msgs_s.ep.rosidl_typesupport_c.c'\n"}
[68.626685] (realsense_camera_msgs) StdoutLine: {'line': b'29: \n'}
[68.627556] (realsense_camera_msgs) StdoutLine: {'line': b"29: No code style divergence in file '/home/yan/camps_ws/build/realsense_camera_msgs/rosidl_generator_py/realsense_camera_msgs/_realsense_camera_msgs_s.ep.rosidl_typesupport_fastrtps_c.c'\n"}
[68.628212] (realsense_camera_msgs) StdoutLine: {'line': b'29: \n'}
[68.628792] (realsense_camera_msgs) StdoutLine: {'line': b"29: No code style divergence in file '/home/yan/camps_ws/build/realsense_camera_msgs/rosidl_generator_py/realsense_camera_msgs/msg/_extrinsics_s.c'\n"}
[68.629448] (realsense_camera_msgs) StdoutLine: {'line': b'29: \n'}
[68.630138] (realsense_camera_msgs) StdoutLine: {'line': b"29: No code style divergence in file '/home/yan/camps_ws/build/realsense_camera_msgs/rosidl_generator_py/realsense_camera_msgs/msg/_imu_info_s.c'\n"}
[68.630825] (realsense_camera_msgs) StdoutLine: {'line': b'29: \n'}
[68.631454] (realsense_camera_msgs) StdoutLine: {'line': b'29: No problems found\n'}
[68.684006] (-) TimerEvent: {}
[68.720227] (realsense_camera_msgs) StdoutLine: {'line': b'29: -- run_test.py: return code 0\n'}
[68.721180] (realsense_camera_msgs) StdoutLine: {'line': b"29: -- run_test.py: verify result file '/home/yan/camps_ws/build/realsense_camera_msgs/test_results/realsense_camera_msgs/uncrustify_rosidl_generated_py.xunit.xml'\n"}
[68.768559] (realsense_camera_msgs) StdoutLine: {'line': b'29/29 Test #29: uncrustify_rosidl_generated_py ....................   Passed    2.09 sec\n'}
[68.769584] (realsense_camera_msgs) StdoutLine: {'line': b'\n'}
[68.770559] (realsense_camera_msgs) StdoutLine: {'line': b'97% tests passed, 1 tests failed out of 29\n'}
[68.771130] (realsense_camera_msgs) StdoutLine: {'line': b'\n'}
[68.771622] (realsense_camera_msgs) StdoutLine: {'line': b'Label Time Summary:\n'}
[68.772095] (realsense_camera_msgs) StdoutLine: {'line': b'cppcheck      =  18.43 sec*proc (9 tests)\n'}
[68.772572] (realsense_camera_msgs) StdoutLine: {'line': b'cpplint       =  24.65 sec*proc (9 tests)\n'}
[68.773052] (realsense_camera_msgs) StdoutLine: {'line': b'flake8        =   3.26 sec*proc (1 test)\n'}
[68.773607] (realsense_camera_msgs) StdoutLine: {'line': b'linter        =  68.10 sec*proc (29 tests)\n'}
[68.774101] (realsense_camera_msgs) StdoutLine: {'line': b'pep257        =   2.68 sec*proc (1 test)\n'}
[68.774567] (realsense_camera_msgs) StdoutLine: {'line': b'uncrustify    =  19.07 sec*proc (9 tests)\n'}
[68.775027] (realsense_camera_msgs) StdoutLine: {'line': b'\n'}
[68.775489] (realsense_camera_msgs) StdoutLine: {'line': b'Total Test time (real) =  68.13 sec\n'}
[68.775944] (realsense_camera_msgs) StdoutLine: {'line': b'\n'}
[68.776408] (realsense_camera_msgs) StdoutLine: {'line': b'The following tests FAILED:\n'}
[68.777105] (realsense_camera_msgs) StdoutLine: {'line': b'\t 27 - flake8_rosidl_generated_py (Failed)\n'}
[68.784194] (-) TimerEvent: {}
[68.785641] (realsense_camera_msgs) StderrLine: {'line': b'Errors while running CTest\n'}
[68.792742] (realsense_camera_msgs) CommandEnded: {'returncode': 8}
[68.802880] (realsense_camera_msgs) TestFailure: {'identifier': 'realsense_camera_msgs'}
[68.803181] (realsense_camera_msgs) JobEnded: {'identifier': 'realsense_camera_msgs', 'rc': 0}
[68.805461] (realsense_ros2_camera) JobStarted: {'identifier': 'realsense_ros2_camera'}
[68.884486] (-) TimerEvent: {}
[68.985730] (-) TimerEvent: {}
[69.056579] (realsense_ros2_camera) Command: {'cmd': ['/usr/bin/ctest', '-C', 'Release', '-D', 'ExperimentalTest', '--no-compress-output', '-V', '--force-new-ctest-process'], 'cwd': '/home/yan/camps_ws/build/realsense_ros2_camera', 'env': OrderedDict([('LESSOPEN', '| /usr/bin/lesspipe %s'), ('GTK_CSD', '0'), ('USER', 'yan'), ('LC_TIME', 'id_ID.UTF-8'), ('TEXTDOMAIN', 'im-config'), ('XDG_SESSION_TYPE', 'x11'), ('GNOME_SESSION_XDG_SESSION_PATH', ''), ('LD_LIBRARY_PATH', '/home/yan/camps_ws/install/realsense_camera_msgs/lib:/home/yan/ros2_ws/install/realsense_msgs/lib:/opt/ros/dashing/opt/yaml_cpp_vendor/lib:/opt/ros/dashing/opt/rviz_ogre_vendor/lib:/opt/ros/dashing/lib'), ('SHLVL', '2'), ('OLDPWD', '/home/yan/ros2_ws'), ('QT4_IM_MODULE', 'xim'), ('HOME', '/home/yan'), ('DESKTOP_SESSION', 'unity'), ('GTK_MODULES', 'gail:atk-bridge:unity-gtk-module'), ('ROS_PYTHON_VERSION', '3'), ('LC_MONETARY', 'id_ID.UTF-8'), ('MANAGERPID', '5678'), ('DBUS_SESSION_BUS_ADDRESS', 'unix:path=/run/user/1000/bus'), ('COLORTERM', 'truecolor'), ('MANDATORY_PATH', '/usr/share/gconf/unity.mandatory.path'), ('COLCON_PREFIX_PATH', '/home/yan/camps_ws/install:/home/yan/ros2_ws/install'), ('IM_CONFIG_PHASE', '2'), ('ROS_DISTRO', 'dashing'), ('LOGNAME', 'yan'), ('GTK_IM_MODULE', 'ibus'), ('JOURNAL_STREAM', '8:31061'), ('_', '/usr/bin/colcon'), ('DEFAULTS_PATH', '/usr/share/gconf/unity.default.path'), ('ROS_VERSION', '2'), ('USERNAME', 'yan'), ('TERM', 'xterm-256color'), ('GNOME_DESKTOP_SESSION_ID', 'this-is-deprecated'), ('WINDOWPATH', '1'), ('PATH', '/home/yan/camps_ws/install/realsense_ros2_camera/bin:/opt/ros/dashing/bin:/home/yan/.local/bin:/usr/local/sbin:/usr/local/bin:/usr/sbin:/usr/bin:/sbin:/bin:/usr/games:/usr/local/games:/snap/bin'), ('INVOCATION_ID', 'b0626d62104845a39d36296cb48b36e5'), ('SESSION_MANAGER', 'local/yan-desktop:@/tmp/.ICE-unix/6304,unix/yan-desktop:/tmp/.ICE-unix/6304'), ('XDG_MENU_PREFIX', 'gnome-'), ('GNOME_TERMINAL_SCREEN', '/org/gnome/Terminal/screen/146be67b_a2c3_406e_b711_b26aa6662acf'), ('LC_ADDRESS', 'id_ID.UTF-8'), ('XDG_RUNTIME_DIR', '/run/user/1000'), ('DISPLAY', ':0'), ('LANG', 'en_US.UTF-8'), ('XDG_CURRENT_DESKTOP', 'Unity:Unity7:ubuntu'), ('LC_TELEPHONE', 'id_ID.UTF-8'), ('LD_PRELOAD', 'libgtk3-nocsd.so.0'), ('LS_COLORS', 'rs=0:di=01;34:ln=01;36:mh=00:pi=40;33:so=01;35:do=01;35:bd=40;33;01:cd=40;33;01:or=40;31;01:mi=00:su=37;41:sg=30;43:ca=30;41:tw=30;42:ow=34;42:st=37;44:ex=01;32:*.tar=01;31:*.tgz=01;31:*.arc=01;31:*.arj=01;31:*.taz=01;31:*.lha=01;31:*.lz4=01;31:*.lzh=01;31:*.lzma=01;31:*.tlz=01;31:*.txz=01;31:*.tzo=01;31:*.t7z=01;31:*.zip=01;31:*.z=01;31:*.Z=01;31:*.dz=01;31:*.gz=01;31:*.lrz=01;31:*.lz=01;31:*.lzo=01;31:*.xz=01;31:*.zst=01;31:*.tzst=01;31:*.bz2=01;31:*.bz=01;31:*.tbz=01;31:*.tbz2=01;31:*.tz=01;31:*.deb=01;31:*.rpm=01;31:*.jar=01;31:*.war=01;31:*.ear=01;31:*.sar=01;31:*.rar=01;31:*.alz=01;31:*.ace=01;31:*.zoo=01;31:*.cpio=01;31:*.7z=01;31:*.rz=01;31:*.cab=01;31:*.wim=01;31:*.swm=01;31:*.dwm=01;31:*.esd=01;31:*.jpg=01;35:*.jpeg=01;35:*.mjpg=01;35:*.mjpeg=01;35:*.gif=01;35:*.bmp=01;35:*.pbm=01;35:*.pgm=01;35:*.ppm=01;35:*.tga=01;35:*.xbm=01;35:*.xpm=01;35:*.tif=01;35:*.tiff=01;35:*.png=01;35:*.svg=01;35:*.svgz=01;35:*.mng=01;35:*.pcx=01;35:*.mov=01;35:*.mpg=01;35:*.mpeg=01;35:*.m2v=01;35:*.mkv=01;35:*.webm=01;35:*.ogm=01;35:*.mp4=01;35:*.m4v=01;35:*.mp4v=01;35:*.vob=01;35:*.qt=01;35:*.nuv=01;35:*.wmv=01;35:*.asf=01;35:*.rm=01;35:*.rmvb=01;35:*.flc=01;35:*.avi=01;35:*.fli=01;35:*.flv=01;35:*.gl=01;35:*.dl=01;35:*.xcf=01;35:*.xwd=01;35:*.yuv=01;35:*.cgm=01;35:*.emf=01;35:*.ogv=01;35:*.ogx=01;35:*.aac=00;36:*.au=00;36:*.flac=00;36:*.m4a=00;36:*.mid=00;36:*.midi=00;36:*.mka=00;36:*.mp3=00;36:*.mpc=00;36:*.ogg=00;36:*.ra=00;36:*.wav=00;36:*.oga=00;36:*.opus=00;36:*.spx=00;36:*.xspf=00;36:'), ('XDG_SESSION_DESKTOP', 'unity'), ('XMODIFIERS', '@im=ibus'), ('GNOME_TERMINAL_SERVICE', ':1.97'), ('XAUTHORITY', '/run/user/1000/gdm/Xauthority'), ('AMENT_PREFIX_PATH', '/home/yan/camps_ws/install/realsense_ros2_camera:/home/yan/camps_ws/install/realsense_camera_msgs:/home/yan/camps_ws/install/py_pubsub:/home/yan/ros2_ws/install/realsense_msgs:/opt/ros/dashing'), ('SSH_AUTH_SOCK', '/run/user/1000/keyring/ssh'), ('SSH_AGENT_LAUNCHER', 'gnome-keyring'), ('LC_NAME', 'id_ID.UTF-8'), ('SHELL', '/bin/bash'), ('QT_ACCESSIBILITY', '1'), ('GDMSESSION', 'unity'), ('LESSCLOSE', '/usr/bin/lesspipe %s %s'), ('LC_MEASUREMENT', 'id_ID.UTF-8'), ('TEXTDOMAINDIR', '/usr/share/locale/'), ('GPG_AGENT_INFO', '/run/user/1000/gnupg/S.gpg-agent:0:1'), ('LC_IDENTIFICATION', 'id_ID.UTF-8'), ('QT_IM_MODULE', 'ibus'), ('LC_ALL', 'en_US.UTF-8'), ('PWD', '/home/yan/camps_ws/build/realsense_ros2_camera'), ('CLUTTER_IM_MODULE', 'xim'), ('XDG_DATA_DIRS', '/usr/share/unity:/usr/local/share/:/usr/share/:/var/lib/snapd/desktop'), ('XDG_CONFIG_DIRS', '/etc/xdg/xdg-unity:/etc/xdg'), ('LC_NUMERIC', 'id_ID.UTF-8'), ('PYTHONPATH', '/home/yan/camps_ws/install/realsense_camera_msgs/lib/python3.6/site-packages:/home/yan/camps_ws/install/py_pubsub/lib/python3.6/site-packages:/home/yan/ros2_ws/install/realsense_msgs/lib/python3.6/site-packages:/opt/ros/dashing/lib/python3.6/site-packages'), ('LC_PAPER', 'id_ID.UTF-8'), ('COLCON', '1'), ('VTE_VERSION', '5202'), ('CMAKE_PREFIX_PATH', '/home/yan/camps_ws/install/realsense_ros2_camera:/home/yan/camps_ws/install/realsense_camera_msgs:/home/yan/ros2_ws/install/realsense_msgs')]), 'shell': False}
[69.089783] (-) TimerEvent: {}
[69.140236] (realsense_ros2_camera) StdoutLine: {'line': b'UpdateCTestConfiguration  from :/home/yan/camps_ws/build/realsense_ros2_camera/CTestConfiguration.ini\n'}
[69.141510] (realsense_ros2_camera) StdoutLine: {'line': b'Parse Config file:/home/yan/camps_ws/build/realsense_ros2_camera/CTestConfiguration.ini\n'}
[69.142801] (realsense_ros2_camera) StdoutLine: {'line': b'   Site: yan-desktop\n'}
[69.143584] (realsense_ros2_camera) StdoutLine: {'line': b'   Build name: (empty)\n'}
[69.146052] (realsense_ros2_camera) StdoutLine: {'line': b' Add coverage exclude regular expressions.\n'}
[69.148106] (realsense_ros2_camera) StdoutLine: {'line': b'SetCTestConfiguration:CMakeCommand:/usr/bin/cmake\n'}
[69.148781] (realsense_ros2_camera) StdoutLine: {'line': b'Create new tag: 20201220-0759 - Experimental\n'}
[69.149411] (realsense_ros2_camera) StdoutLine: {'line': b'UpdateCTestConfiguration  from :/home/yan/camps_ws/build/realsense_ros2_camera/CTestConfiguration.ini\n'}
[69.150344] (realsense_ros2_camera) StdoutLine: {'line': b'Parse Config file:/home/yan/camps_ws/build/realsense_ros2_camera/CTestConfiguration.ini\n'}
[69.150987] (realsense_ros2_camera) StdoutLine: {'line': b'Test project /home/yan/camps_ws/build/realsense_ros2_camera\n'}
[69.151584] (realsense_ros2_camera) StdoutLine: {'line': b'Constructing a list of tests\n'}
[69.152205] (realsense_ros2_camera) StdoutLine: {'line': b'Done constructing a list of tests\n'}
[69.156306] (realsense_ros2_camera) StdoutLine: {'line': b'Updating test list for fixtures\n'}
[69.157259] (realsense_ros2_camera) StdoutLine: {'line': b'Added 0 tests to meet fixture requirements\n'}
[69.158077] (realsense_ros2_camera) StdoutLine: {'line': b'Checking test dependency graph...\n'}
[69.158814] (realsense_ros2_camera) StdoutLine: {'line': b'Checking test dependency graph end\n'}
[69.159627] (realsense_ros2_camera) StdoutLine: {'line': b'test 1\n'}
[69.160319] (realsense_ros2_camera) StdoutLine: {'line': b'    Start 1: copyright\n'}
[69.161217] (realsense_ros2_camera) StdoutLine: {'line': b'\n'}
[69.162038] (realsense_ros2_camera) StdoutLine: {'line': b'1: Test command: /usr/bin/python3 "-u" "/opt/ros/dashing/share/ament_cmake_test/cmake/run_test.py" "/home/yan/camps_ws/build/realsense_ros2_camera/test_results/realsense_ros2_camera/copyright.xunit.xml" "--package-name" "realsense_ros2_camera" "--output-file" "/home/yan/camps_ws/build/realsense_ros2_camera/ament_copyright/copyright.txt" "--command" "/opt/ros/dashing/bin/ament_copyright" "--xunit-file" "/home/yan/camps_ws/build/realsense_ros2_camera/test_results/realsense_ros2_camera/copyright.xunit.xml"\n'}
[69.162777] (realsense_ros2_camera) StdoutLine: {'line': b'1: Test timeout computed to be: 60\n'}
[69.189911] (-) TimerEvent: {}
[69.291052] (-) TimerEvent: {}
[69.391888] (-) TimerEvent: {}
[69.492732] (-) TimerEvent: {}
[69.593845] (-) TimerEvent: {}
[69.644721] (realsense_ros2_camera) StdoutLine: {'line': b"1: -- run_test.py: invoking following command in '/home/yan/camps_ws/src/ros2_intel_realsense/realsense_ros2_camera':\n"}
[69.645701] (realsense_ros2_camera) StdoutLine: {'line': b'1:  - /opt/ros/dashing/bin/ament_copyright --xunit-file /home/yan/camps_ws/build/realsense_ros2_camera/test_results/realsense_ros2_camera/copyright.xunit.xml\n'}
[69.694027] (-) TimerEvent: {}
[69.795175] (-) TimerEvent: {}
[69.896985] (-) TimerEvent: {}
[69.998317] (-) TimerEvent: {}
[70.099551] (-) TimerEvent: {}
[70.200321] (-) TimerEvent: {}
[70.301096] (-) TimerEvent: {}
[70.402254] (-) TimerEvent: {}
[70.503345] (-) TimerEvent: {}
[70.604072] (-) TimerEvent: {}
[70.704884] (-) TimerEvent: {}
[70.805837] (-) TimerEvent: {}
[70.906913] (-) TimerEvent: {}
[71.007661] (-) TimerEvent: {}
[71.109077] (-) TimerEvent: {}
[71.210208] (-) TimerEvent: {}
[71.322941] (-) TimerEvent: {}
[71.424998] (-) TimerEvent: {}
[71.497361] (realsense_ros2_camera) StdoutLine: {'line': b'1: No problems found, checked 6 files\n'}
[71.526072] (-) TimerEvent: {}
[71.589980] (realsense_ros2_camera) StdoutLine: {'line': b'1: -- run_test.py: return code 0\n'}
[71.590895] (realsense_ros2_camera) StdoutLine: {'line': b"1: -- run_test.py: verify result file '/home/yan/camps_ws/build/realsense_ros2_camera/test_results/realsense_ros2_camera/copyright.xunit.xml'\n"}
[71.626411] (-) TimerEvent: {}
[71.661135] (realsense_ros2_camera) StdoutLine: {'line': b'1/8 Test #1: copyright ........................   Passed    2.52 sec\n'}
[71.662319] (realsense_ros2_camera) StdoutLine: {'line': b'test 2\n'}
[71.665002] (realsense_ros2_camera) StdoutLine: {'line': b'    Start 2: cppcheck\n'}
[71.665861] (realsense_ros2_camera) StdoutLine: {'line': b'\n'}
[71.666546] (realsense_ros2_camera) StdoutLine: {'line': b'2: Test command: /usr/bin/python3 "-u" "/opt/ros/dashing/share/ament_cmake_test/cmake/run_test.py" "/home/yan/camps_ws/build/realsense_ros2_camera/test_results/realsense_ros2_camera/cppcheck.xunit.xml" "--package-name" "realsense_ros2_camera" "--output-file" "/home/yan/camps_ws/build/realsense_ros2_camera/ament_cppcheck/cppcheck.txt" "--command" "/opt/ros/dashing/bin/ament_cppcheck" "--xunit-file" "/home/yan/camps_ws/build/realsense_ros2_camera/test_results/realsense_ros2_camera/cppcheck.xunit.xml" "--include_dirs" "/home/yan/camps_ws/src/ros2_intel_realsense/realsense_ros2_camera/include"\n'}
[71.667229] (realsense_ros2_camera) StdoutLine: {'line': b'2: Test timeout computed to be: 120\n'}
[71.726620] (-) TimerEvent: {}
[71.827524] (-) TimerEvent: {}
[71.928837] (-) TimerEvent: {}
[72.029699] (-) TimerEvent: {}
[72.060433] (realsense_ros2_camera) StdoutLine: {'line': b"2: -- run_test.py: invoking following command in '/home/yan/camps_ws/src/ros2_intel_realsense/realsense_ros2_camera':\n"}
[72.062232] (realsense_ros2_camera) StdoutLine: {'line': b'2:  - /opt/ros/dashing/bin/ament_cppcheck --xunit-file /home/yan/camps_ws/build/realsense_ros2_camera/test_results/realsense_ros2_camera/cppcheck.xunit.xml --include_dirs /home/yan/camps_ws/src/ros2_intel_realsense/realsense_ros2_camera/include\n'}
[72.129892] (-) TimerEvent: {}
[72.230858] (-) TimerEvent: {}
[72.331814] (-) TimerEvent: {}
[72.433726] (-) TimerEvent: {}
[72.534526] (-) TimerEvent: {}
[72.635700] (-) TimerEvent: {}
[72.736485] (-) TimerEvent: {}
[72.837231] (-) TimerEvent: {}
[72.938403] (-) TimerEvent: {}
[73.039356] (-) TimerEvent: {}
[73.140760] (-) TimerEvent: {}
[73.241845] (-) TimerEvent: {}
[73.342955] (-) TimerEvent: {}
[73.443725] (-) TimerEvent: {}
[73.544954] (-) TimerEvent: {}
[73.645811] (-) TimerEvent: {}
[73.747123] (-) TimerEvent: {}
[73.847960] (-) TimerEvent: {}
[73.948778] (-) TimerEvent: {}
[74.049728] (-) TimerEvent: {}
[74.152169] (-) TimerEvent: {}
[74.253001] (-) TimerEvent: {}
[74.353853] (-) TimerEvent: {}
[74.454651] (-) TimerEvent: {}
[74.555568] (-) TimerEvent: {}
[74.656360] (-) TimerEvent: {}
[74.757432] (-) TimerEvent: {}
[74.808957] (realsense_ros2_camera) StdoutLine: {'line': b'2: No problems found\n'}
[74.857545] (-) TimerEvent: {}
[74.906908] (realsense_ros2_camera) StdoutLine: {'line': b'2: -- run_test.py: return code 0\n'}
[74.909386] (realsense_ros2_camera) StdoutLine: {'line': b"2: -- run_test.py: verify result file '/home/yan/camps_ws/build/realsense_ros2_camera/test_results/realsense_ros2_camera/cppcheck.xunit.xml'\n"}
[74.957746] (-) TimerEvent: {}
[74.973235] (realsense_ros2_camera) StdoutLine: {'line': b'2/8 Test #2: cppcheck .........................   Passed    3.31 sec\n'}
[74.974617] (realsense_ros2_camera) StdoutLine: {'line': b'test 3\n'}
[74.975357] (realsense_ros2_camera) StdoutLine: {'line': b'    Start 3: cpplint\n'}
[74.975975] (realsense_ros2_camera) StdoutLine: {'line': b'\n'}
[74.978006] (realsense_ros2_camera) StdoutLine: {'line': b'3: Test command: /usr/bin/python3 "-u" "/opt/ros/dashing/share/ament_cmake_test/cmake/run_test.py" "/home/yan/camps_ws/build/realsense_ros2_camera/test_results/realsense_ros2_camera/cpplint.xunit.xml" "--package-name" "realsense_ros2_camera" "--output-file" "/home/yan/camps_ws/build/realsense_ros2_camera/ament_cpplint/cpplint.txt" "--command" "/opt/ros/dashing/bin/ament_cpplint" "--xunit-file" "/home/yan/camps_ws/build/realsense_ros2_camera/test_results/realsense_ros2_camera/cpplint.xunit.xml"\n'}
[74.978824] (realsense_ros2_camera) StdoutLine: {'line': b'3: Test timeout computed to be: 120\n'}
[75.057956] (-) TimerEvent: {}
[75.158656] (-) TimerEvent: {}
[75.259401] (-) TimerEvent: {}
[75.344189] (realsense_ros2_camera) StdoutLine: {'line': b"3: -- run_test.py: invoking following command in '/home/yan/camps_ws/src/ros2_intel_realsense/realsense_ros2_camera':\n"}
[75.345021] (realsense_ros2_camera) StdoutLine: {'line': b'3:  - /opt/ros/dashing/bin/ament_cpplint --xunit-file /home/yan/camps_ws/build/realsense_ros2_camera/test_results/realsense_ros2_camera/cpplint.xunit.xml\n'}
[75.359642] (-) TimerEvent: {}
[75.460368] (-) TimerEvent: {}
[75.561118] (-) TimerEvent: {}
[75.661912] (-) TimerEvent: {}
[75.762593] (-) TimerEvent: {}
[75.863684] (-) TimerEvent: {}
[75.964471] (-) TimerEvent: {}
[76.065220] (-) TimerEvent: {}
[76.174005] (-) TimerEvent: {}
[76.274691] (-) TimerEvent: {}
[76.375415] (-) TimerEvent: {}
[76.476172] (-) TimerEvent: {}
[76.576944] (-) TimerEvent: {}
[76.677818] (-) TimerEvent: {}
[76.778891] (-) TimerEvent: {}
[76.879598] (-) TimerEvent: {}
[76.980326] (-) TimerEvent: {}
[77.081061] (-) TimerEvent: {}
[77.183481] (-) TimerEvent: {}
[77.284623] (-) TimerEvent: {}
[77.385608] (-) TimerEvent: {}
[77.487470] (-) TimerEvent: {}
[77.588770] (-) TimerEvent: {}
[77.689957] (-) TimerEvent: {}
[77.790730] (-) TimerEvent: {}
[77.891969] (-) TimerEvent: {}
[77.993096] (-) TimerEvent: {}
[78.093993] (-) TimerEvent: {}
[78.195060] (-) TimerEvent: {}
[78.296798] (-) TimerEvent: {}
[78.398032] (-) TimerEvent: {}
[78.498865] (-) TimerEvent: {}
[78.599659] (-) TimerEvent: {}
[78.700428] (-) TimerEvent: {}
[78.801279] (-) TimerEvent: {}
[78.902013] (-) TimerEvent: {}
[79.002717] (-) TimerEvent: {}
[79.103433] (-) TimerEvent: {}
[79.107151] (realsense_ros2_camera) StdoutLine: {'line': b'3: /home/yan/camps_ws/src/ros2_intel_realsense/realsense_ros2_camera/src/realsense_camera_node.cpp:181:  Lines should be <= 100 characters long  [whitespace/line_length] [2]\n'}
[79.107922] (realsense_ros2_camera) StdoutLine: {'line': b"3: Category 'whitespace/line_length' errors found: 1\n"}
[79.108475] (realsense_ros2_camera) StdoutLine: {'line': b'3: Total errors found: 1\n'}
[79.109038] (realsense_ros2_camera) StdoutLine: {'line': b"3: Using '--root=/home/yan/camps_ws/src/ros2_intel_realsense/realsense_ros2_camera/include' argument\n"}
[79.109761] (realsense_ros2_camera) StdoutLine: {'line': b'3: \n'}
[79.110545] (realsense_ros2_camera) StdoutLine: {'line': b'3: Done processing /home/yan/camps_ws/src/ros2_intel_realsense/realsense_ros2_camera/include/realsense_ros2_camera/constants.hpp\n'}
[79.111722] (realsense_ros2_camera) StdoutLine: {'line': b'3: \n'}
[79.112482] (realsense_ros2_camera) StdoutLine: {'line': b"3: Using '--root=/home/yan/camps_ws/src/ros2_intel_realsense/realsense_ros2_camera/src' argument\n"}
[79.113142] (realsense_ros2_camera) StdoutLine: {'line': b'3: \n'}
[79.113773] (realsense_ros2_camera) StdoutLine: {'line': b'3: Done processing /home/yan/camps_ws/src/ros2_intel_realsense/realsense_ros2_camera/src/realsense_camera_node.cpp\n'}
[79.114406] (realsense_ros2_camera) StdoutLine: {'line': b'3: \n'}
[79.115072] (realsense_ros2_camera) StdoutLine: {'line': b"3: Using '--root=/home/yan/camps_ws/src/ros2_intel_realsense/realsense_ros2_camera/test' argument\n"}
[79.115693] (realsense_ros2_camera) StdoutLine: {'line': b'3: \n'}
[79.116276] (realsense_ros2_camera) StdoutLine: {'line': b'3: Done processing /home/yan/camps_ws/src/ros2_intel_realsense/realsense_ros2_camera/test/test_api.cpp\n'}
[79.116858] (realsense_ros2_camera) StdoutLine: {'line': b'3: \n'}
[79.181165] (realsense_ros2_camera) StdoutLine: {'line': b'3: -- run_test.py: return code 1\n'}
[79.182193] (realsense_ros2_camera) StdoutLine: {'line': b"3: -- run_test.py: verify result file '/home/yan/camps_ws/build/realsense_ros2_camera/test_results/realsense_ros2_camera/cpplint.xunit.xml'\n"}
[79.203700] (-) TimerEvent: {}
[79.229420] (realsense_ros2_camera) StdoutLine: {'line': b'3/8 Test #3: cpplint ..........................***Failed    4.26 sec\n'}
[79.230610] (realsense_ros2_camera) StdoutLine: {'line': b'test 4\n'}
[79.231265] (realsense_ros2_camera) StdoutLine: {'line': b'    Start 4: flake8\n'}
[79.231796] (realsense_ros2_camera) StdoutLine: {'line': b'\n'}
[79.232285] (realsense_ros2_camera) StdoutLine: {'line': b'4: Test command: /usr/bin/python3 "-u" "/opt/ros/dashing/share/ament_cmake_test/cmake/run_test.py" "/home/yan/camps_ws/build/realsense_ros2_camera/test_results/realsense_ros2_camera/flake8.xunit.xml" "--package-name" "realsense_ros2_camera" "--output-file" "/home/yan/camps_ws/build/realsense_ros2_camera/ament_flake8/flake8.txt" "--command" "/opt/ros/dashing/bin/ament_flake8" "--xunit-file" "/home/yan/camps_ws/build/realsense_ros2_camera/test_results/realsense_ros2_camera/flake8.xunit.xml"\n'}
[79.232817] (realsense_ros2_camera) StdoutLine: {'line': b'4: Test timeout computed to be: 60\n'}
[79.303928] (-) TimerEvent: {}
[79.404635] (-) TimerEvent: {}
[79.505403] (-) TimerEvent: {}
[79.564886] (realsense_ros2_camera) StdoutLine: {'line': b"4: -- run_test.py: invoking following command in '/home/yan/camps_ws/src/ros2_intel_realsense/realsense_ros2_camera':\n"}
[79.566032] (realsense_ros2_camera) StdoutLine: {'line': b'4:  - /opt/ros/dashing/bin/ament_flake8 --xunit-file /home/yan/camps_ws/build/realsense_ros2_camera/test_results/realsense_ros2_camera/flake8.xunit.xml\n'}
[79.605568] (-) TimerEvent: {}
[79.706306] (-) TimerEvent: {}
[79.807018] (-) TimerEvent: {}
[79.907766] (-) TimerEvent: {}
[80.010587] (-) TimerEvent: {}
[80.112360] (-) TimerEvent: {}
[80.214344] (-) TimerEvent: {}
[80.315116] (-) TimerEvent: {}
[80.415859] (-) TimerEvent: {}
[80.516557] (-) TimerEvent: {}
[80.617461] (-) TimerEvent: {}
[80.718472] (-) TimerEvent: {}
[80.819180] (-) TimerEvent: {}
[80.919885] (-) TimerEvent: {}
[81.020947] (-) TimerEvent: {}
[81.121738] (-) TimerEvent: {}
[81.222488] (-) TimerEvent: {}
[81.323221] (-) TimerEvent: {}
[81.423961] (-) TimerEvent: {}
[81.524795] (-) TimerEvent: {}
[81.626240] (-) TimerEvent: {}
[81.726937] (-) TimerEvent: {}
[81.827622] (-) TimerEvent: {}
[81.928338] (-) TimerEvent: {}
[82.029181] (-) TimerEvent: {}
[82.127003] (realsense_ros2_camera) StdoutLine: {'line': b'4: Traceback (most recent call last):\n'}
[82.130096] (-) TimerEvent: {}
[82.130637] (realsense_ros2_camera) StdoutLine: {'line': b'4:   File "/home/yan/.local/lib/python3.6/site-packages/flake8/plugins/manager.py", line 157, in load_plugin\n'}
[82.131344] (realsense_ros2_camera) StdoutLine: {'line': b'4:     self._load()\n'}
[82.131956] (realsense_ros2_camera) StdoutLine: {'line': b'4:   File "/home/yan/.local/lib/python3.6/site-packages/flake8/plugins/manager.py", line 134, in _load\n'}
[82.132544] (realsense_ros2_camera) StdoutLine: {'line': b'4:     self._plugin = self.entry_point.load()\n'}
[82.133127] (realsense_ros2_camera) StdoutLine: {'line': b'4:   File "/home/yan/.local/lib/python3.6/site-packages/importlib_metadata/__init__.py", line 98, in load\n'}
[82.133786] (realsense_ros2_camera) StdoutLine: {'line': b'4:     return functools.reduce(getattr, attrs, module)\n'}
[82.134371] (realsense_ros2_camera) StdoutLine: {'line': b"4: AttributeError: module 'pycodestyle' has no attribute 'break_around_binary_operator'\n"}
[82.134952] (realsense_ros2_camera) StdoutLine: {'line': b'4: \n'}
[82.135503] (realsense_ros2_camera) StdoutLine: {'line': b'4: During handling of the above exception, another exception occurred:\n'}
[82.136096] (realsense_ros2_camera) StdoutLine: {'line': b'4: \n'}
[82.136919] (realsense_ros2_camera) StdoutLine: {'line': b'4: Traceback (most recent call last):\n'}
[82.137796] (realsense_ros2_camera) StdoutLine: {'line': b'4:   File "/opt/ros/dashing/bin/ament_flake8", line 11, in <module>\n'}
[82.138588] (realsense_ros2_camera) StdoutLine: {'line': b"4:     load_entry_point('ament-flake8==0.7.12', 'console_scripts', 'ament_flake8')()\n"}
[82.139277] (realsense_ros2_camera) StdoutLine: {'line': b'4:   File "/opt/ros/dashing/lib/python3.6/site-packages/ament_flake8/main.py", line 75, in main\n'}
[82.140031] (realsense_ros2_camera) StdoutLine: {'line': b'4:     max_line_length=args.linelength)\n'}
[82.140686] (realsense_ros2_camera) StdoutLine: {'line': b'4:   File "/opt/ros/dashing/lib/python3.6/site-packages/ament_flake8/main.py", line 176, in generate_flake8_report\n'}
[82.141574] (realsense_ros2_camera) StdoutLine: {'line': b'4:     style = get_flake8_style_guide(flake8_argv)\n'}
[82.142337] (realsense_ros2_camera) StdoutLine: {'line': b'4:   File "/opt/ros/dashing/lib/python3.6/site-packages/ament_flake8/main.py", line 140, in get_flake8_style_guide\n'}
[82.143061] (realsense_ros2_camera) StdoutLine: {'line': b'4:     application.find_plugins(config_finder)\n'}
[82.143713] (realsense_ros2_camera) StdoutLine: {'line': b'4:   File "/home/yan/.local/lib/python3.6/site-packages/flake8/main/application.py", line 159, in find_plugins\n'}
[82.144521] (realsense_ros2_camera) StdoutLine: {'line': b'4:     self.check_plugins.load_plugins()\n'}
[82.145270] (realsense_ros2_camera) StdoutLine: {'line': b'4:   File "/home/yan/.local/lib/python3.6/site-packages/flake8/plugins/manager.py", line 415, in load_plugins\n'}
[82.145994] (realsense_ros2_camera) StdoutLine: {'line': b'4:     plugins = list(self.manager.map(load_plugin))\n'}
[82.146735] (realsense_ros2_camera) StdoutLine: {'line': b'4:   File "/home/yan/.local/lib/python3.6/site-packages/flake8/plugins/manager.py", line 302, in map\n'}
[82.147408] (realsense_ros2_camera) StdoutLine: {'line': b'4:     yield func(self.plugins[name], *args, **kwargs)\n'}
[82.147982] (realsense_ros2_camera) StdoutLine: {'line': b'4:   File "/home/yan/.local/lib/python3.6/site-packages/flake8/plugins/manager.py", line 413, in load_plugin\n'}
[82.148558] (realsense_ros2_camera) StdoutLine: {'line': b'4:     return plugin.load_plugin()\n'}
[82.149107] (realsense_ros2_camera) StdoutLine: {'line': b'4:   File "/home/yan/.local/lib/python3.6/site-packages/flake8/plugins/manager.py", line 164, in load_plugin\n'}
[82.149764] (realsense_ros2_camera) StdoutLine: {'line': b'4:     raise failed_to_load\n'}
[82.150319] (realsense_ros2_camera) StdoutLine: {'line': b'4: flake8.exceptions.FailedToLoadPlugin: Flake8 failed to load plugin "pycodestyle.break_around_binary_operator" due to module \'pycodestyle\' has no attribute \'break_around_binary_operator\'.\n'}
[82.230304] (-) TimerEvent: {}
[82.270076] (realsense_ros2_camera) StdoutLine: {'line': b'4: -- run_test.py: return code 1\n'}
[82.272222] (realsense_ros2_camera) StdoutLine: {'line': b"4: -- run_test.py: generate result file '/home/yan/camps_ws/build/realsense_ros2_camera/test_results/realsense_ros2_camera/flake8.xunit.xml' with failed test\n"}
[82.272934] (realsense_ros2_camera) StdoutLine: {'line': b"4: -- run_test.py: verify result file '/home/yan/camps_ws/build/realsense_ros2_camera/test_results/realsense_ros2_camera/flake8.xunit.xml'\n"}
[82.317382] (realsense_ros2_camera) StdoutLine: {'line': b'4/8 Test #4: flake8 ...........................***Failed    3.09 sec\n'}
[82.318335] (realsense_ros2_camera) StdoutLine: {'line': b'test 5\n'}
[82.319225] (realsense_ros2_camera) StdoutLine: {'line': b'    Start 5: lint_cmake\n'}
[82.319855] (realsense_ros2_camera) StdoutLine: {'line': b'\n'}
[82.320748] (realsense_ros2_camera) StdoutLine: {'line': b'5: Test command: /usr/bin/python3 "-u" "/opt/ros/dashing/share/ament_cmake_test/cmake/run_test.py" "/home/yan/camps_ws/build/realsense_ros2_camera/test_results/realsense_ros2_camera/lint_cmake.xunit.xml" "--package-name" "realsense_ros2_camera" "--output-file" "/home/yan/camps_ws/build/realsense_ros2_camera/ament_lint_cmake/lint_cmake.txt" "--command" "/opt/ros/dashing/bin/ament_lint_cmake" "--xunit-file" "/home/yan/camps_ws/build/realsense_ros2_camera/test_results/realsense_ros2_camera/lint_cmake.xunit.xml"\n'}
[82.321384] (realsense_ros2_camera) StdoutLine: {'line': b'5: Test timeout computed to be: 60\n'}
[82.330464] (-) TimerEvent: {}
[82.431637] (-) TimerEvent: {}
[82.532396] (-) TimerEvent: {}
[82.633165] (-) TimerEvent: {}
[82.652752] (realsense_ros2_camera) StdoutLine: {'line': b"5: -- run_test.py: invoking following command in '/home/yan/camps_ws/src/ros2_intel_realsense/realsense_ros2_camera':\n"}
[82.653731] (realsense_ros2_camera) StdoutLine: {'line': b'5:  - /opt/ros/dashing/bin/ament_lint_cmake --xunit-file /home/yan/camps_ws/build/realsense_ros2_camera/test_results/realsense_ros2_camera/lint_cmake.xunit.xml\n'}
[82.733447] (-) TimerEvent: {}
[82.834236] (-) TimerEvent: {}
[82.934921] (-) TimerEvent: {}
[83.035613] (-) TimerEvent: {}
[83.136311] (-) TimerEvent: {}
[83.236993] (-) TimerEvent: {}
[83.337781] (-) TimerEvent: {}
[83.438486] (-) TimerEvent: {}
[83.539292] (-) TimerEvent: {}
[83.639998] (-) TimerEvent: {}
[83.740803] (-) TimerEvent: {}
[83.841603] (-) TimerEvent: {}
[83.942384] (-) TimerEvent: {}
[84.014207] (realsense_ros2_camera) StdoutLine: {'line': b'5: \n'}
[84.014998] (realsense_ros2_camera) StdoutLine: {'line': b'5: No problems found\n'}
[84.042592] (-) TimerEvent: {}
[84.087264] (realsense_ros2_camera) StdoutLine: {'line': b'5: -- run_test.py: return code 0\n'}
[84.088098] (realsense_ros2_camera) StdoutLine: {'line': b"5: -- run_test.py: verify result file '/home/yan/camps_ws/build/realsense_ros2_camera/test_results/realsense_ros2_camera/lint_cmake.xunit.xml'\n"}
[84.137059] (realsense_ros2_camera) StdoutLine: {'line': b'5/8 Test #5: lint_cmake .......................   Passed    1.82 sec\n'}
[84.138315] (realsense_ros2_camera) StdoutLine: {'line': b'test 6\n'}
[84.138885] (realsense_ros2_camera) StdoutLine: {'line': b'    Start 6: pep257\n'}
[84.139379] (realsense_ros2_camera) StdoutLine: {'line': b'\n'}
[84.139905] (realsense_ros2_camera) StdoutLine: {'line': b'6: Test command: /usr/bin/python3 "-u" "/opt/ros/dashing/share/ament_cmake_test/cmake/run_test.py" "/home/yan/camps_ws/build/realsense_ros2_camera/test_results/realsense_ros2_camera/pep257.xunit.xml" "--package-name" "realsense_ros2_camera" "--output-file" "/home/yan/camps_ws/build/realsense_ros2_camera/ament_pep257/pep257.txt" "--command" "/opt/ros/dashing/bin/ament_pep257" "--xunit-file" "/home/yan/camps_ws/build/realsense_ros2_camera/test_results/realsense_ros2_camera/pep257.xunit.xml"\n'}
[84.140478] (realsense_ros2_camera) StdoutLine: {'line': b'6: Test timeout computed to be: 60\n'}
[84.142757] (-) TimerEvent: {}
[84.243473] (-) TimerEvent: {}
[84.344249] (-) TimerEvent: {}
[84.445066] (-) TimerEvent: {}
[84.479005] (realsense_ros2_camera) StdoutLine: {'line': b"6: -- run_test.py: invoking following command in '/home/yan/camps_ws/src/ros2_intel_realsense/realsense_ros2_camera':\n"}
[84.479680] (realsense_ros2_camera) StdoutLine: {'line': b'6:  - /opt/ros/dashing/bin/ament_pep257 --xunit-file /home/yan/camps_ws/build/realsense_ros2_camera/test_results/realsense_ros2_camera/pep257.xunit.xml\n'}
[84.545294] (-) TimerEvent: {}
[84.646456] (-) TimerEvent: {}
[84.748222] (-) TimerEvent: {}
[84.848917] (-) TimerEvent: {}
[84.949706] (-) TimerEvent: {}
[85.050403] (-) TimerEvent: {}
[85.151123] (-) TimerEvent: {}
[85.251875] (-) TimerEvent: {}
[85.352619] (-) TimerEvent: {}
[85.453453] (-) TimerEvent: {}
[85.554182] (-) TimerEvent: {}
[85.654881] (-) TimerEvent: {}
[85.755575] (-) TimerEvent: {}
[85.856285] (-) TimerEvent: {}
[85.957127] (-) TimerEvent: {}
[86.058144] (-) TimerEvent: {}
[86.158827] (-) TimerEvent: {}
[86.172405] (realsense_ros2_camera) StdoutLine: {'line': b'6: checking ./launch/realsense2_to_laserscan.py\n'}
[86.173198] (realsense_ros2_camera) StdoutLine: {'line': b'6: checking ./launch/ros2_intel_realsense.launch.py\n'}
[86.173942] (realsense_ros2_camera) StdoutLine: {'line': b'6: checking ./launch/rs.launch.py\n'}
[86.174669] (realsense_ros2_camera) StdoutLine: {'line': b'6: No problems found\n'}
[86.259080] (-) TimerEvent: {}
[86.278244] (realsense_ros2_camera) StdoutLine: {'line': b'6: -- run_test.py: return code 0\n'}
[86.280561] (realsense_ros2_camera) StdoutLine: {'line': b"6: -- run_test.py: verify result file '/home/yan/camps_ws/build/realsense_ros2_camera/test_results/realsense_ros2_camera/pep257.xunit.xml'\n"}
[86.330358] (realsense_ros2_camera) StdoutLine: {'line': b'6/8 Test #6: pep257 ...........................   Passed    2.19 sec\n'}
[86.331460] (realsense_ros2_camera) StdoutLine: {'line': b'test 7\n'}
[86.332018] (realsense_ros2_camera) StdoutLine: {'line': b'    Start 7: uncrustify\n'}
[86.332506] (realsense_ros2_camera) StdoutLine: {'line': b'\n'}
[86.333112] (realsense_ros2_camera) StdoutLine: {'line': b'7: Test command: /usr/bin/python3 "-u" "/opt/ros/dashing/share/ament_cmake_test/cmake/run_test.py" "/home/yan/camps_ws/build/realsense_ros2_camera/test_results/realsense_ros2_camera/uncrustify.xunit.xml" "--package-name" "realsense_ros2_camera" "--output-file" "/home/yan/camps_ws/build/realsense_ros2_camera/ament_uncrustify/uncrustify.txt" "--command" "/opt/ros/dashing/bin/ament_uncrustify" "--xunit-file" "/home/yan/camps_ws/build/realsense_ros2_camera/test_results/realsense_ros2_camera/uncrustify.xunit.xml"\n'}
[86.333725] (realsense_ros2_camera) StdoutLine: {'line': b'7: Test timeout computed to be: 60\n'}
[86.359235] (-) TimerEvent: {}
[86.460021] (-) TimerEvent: {}
[86.561210] (-) TimerEvent: {}
[86.662465] (-) TimerEvent: {}
[86.715337] (realsense_ros2_camera) StdoutLine: {'line': b"7: -- run_test.py: invoking following command in '/home/yan/camps_ws/src/ros2_intel_realsense/realsense_ros2_camera':\n"}
[86.716385] (realsense_ros2_camera) StdoutLine: {'line': b'7:  - /opt/ros/dashing/bin/ament_uncrustify --xunit-file /home/yan/camps_ws/build/realsense_ros2_camera/test_results/realsense_ros2_camera/uncrustify.xunit.xml\n'}
[86.762653] (-) TimerEvent: {}
[86.863479] (-) TimerEvent: {}
[86.964275] (-) TimerEvent: {}
[87.065020] (-) TimerEvent: {}
[87.165885] (-) TimerEvent: {}
[87.266840] (-) TimerEvent: {}
[87.368998] (-) TimerEvent: {}
[87.469883] (-) TimerEvent: {}
[87.570593] (-) TimerEvent: {}
[87.671281] (-) TimerEvent: {}
[87.776742] (-) TimerEvent: {}
[87.878141] (-) TimerEvent: {}
[87.979733] (-) TimerEvent: {}
[88.081152] (-) TimerEvent: {}
[88.181967] (-) TimerEvent: {}
[88.282694] (-) TimerEvent: {}
[88.383889] (-) TimerEvent: {}
[88.485083] (-) TimerEvent: {}
[88.586023] (-) TimerEvent: {}
[88.689620] (-) TimerEvent: {}
[88.791434] (-) TimerEvent: {}
[88.894946] (-) TimerEvent: {}
[88.995928] (-) TimerEvent: {}
[89.096874] (-) TimerEvent: {}
[89.198139] (-) TimerEvent: {}
[89.241999] (realsense_ros2_camera) StdoutLine: {'line': b"7: Code style divergence in file 'src/realsense_camera_node.cpp':\n"}
[89.242843] (realsense_ros2_camera) StdoutLine: {'line': b'7: \n'}
[89.243451] (realsense_ros2_camera) StdoutLine: {'line': b'7: --- src/realsense_camera_node.cpp\n'}
[89.244327] (realsense_ros2_camera) StdoutLine: {'line': b'7: +++ src/realsense_camera_node.cpp.uncrustify\n'}
[89.245262] (realsense_ros2_camera) StdoutLine: {'line': b'7: @@ -181 +181,3 @@\n'}
[89.246128] (realsense_ros2_camera) StdoutLine: {'line': b'7: -    timer_ = this->create_wall_timer(std::chrono::seconds(1), std::bind(&RealSenseCameraNode::publishStaticTransforms, this));\n'}
[89.246896] (realsense_ros2_camera) StdoutLine: {'line': b'7: +    timer_ =\n'}
[89.248540] (realsense_ros2_camera) StdoutLine: {'line': b'7: +      this->create_wall_timer(std::chrono::seconds(1),\n'}
[89.249846] (realsense_ros2_camera) StdoutLine: {'line': b'7: +        std::bind(&RealSenseCameraNode::publishStaticTransforms, this));\n'}
[89.250644] (realsense_ros2_camera) StdoutLine: {'line': b'7: \n'}
[89.252218] (realsense_ros2_camera) StdoutLine: {'line': b'7: 1 files with code style divergence\n'}
[89.252911] (realsense_ros2_camera) StdoutLine: {'line': b"7: No code style divergence in file 'include/realsense_ros2_camera/constants.hpp'\n"}
[89.254037] (realsense_ros2_camera) StdoutLine: {'line': b'7: \n'}
[89.254741] (realsense_ros2_camera) StdoutLine: {'line': b"7: No code style divergence in file 'test/test_api.cpp'\n"}
[89.255359] (realsense_ros2_camera) StdoutLine: {'line': b'7: \n'}
[89.298579] (-) TimerEvent: {}
[89.324693] (realsense_ros2_camera) StdoutLine: {'line': b'7: -- run_test.py: return code 1\n'}
[89.327476] (realsense_ros2_camera) StdoutLine: {'line': b"7: -- run_test.py: verify result file '/home/yan/camps_ws/build/realsense_ros2_camera/test_results/realsense_ros2_camera/uncrustify.xunit.xml'\n"}
[89.381423] (realsense_ros2_camera) StdoutLine: {'line': b'7/8 Test #7: uncrustify .......................***Failed    3.05 sec\n'}
[89.382992] (realsense_ros2_camera) StdoutLine: {'line': b'test 8\n'}
[89.383669] (realsense_ros2_camera) StdoutLine: {'line': b'    Start 8: xmllint\n'}
[89.384196] (realsense_ros2_camera) StdoutLine: {'line': b'\n'}
[89.384694] (realsense_ros2_camera) StdoutLine: {'line': b'8: Test command: /usr/bin/python3 "-u" "/opt/ros/dashing/share/ament_cmake_test/cmake/run_test.py" "/home/yan/camps_ws/build/realsense_ros2_camera/test_results/realsense_ros2_camera/xmllint.xunit.xml" "--package-name" "realsense_ros2_camera" "--output-file" "/home/yan/camps_ws/build/realsense_ros2_camera/ament_xmllint/xmllint.txt" "--command" "/opt/ros/dashing/bin/ament_xmllint" "--xunit-file" "/home/yan/camps_ws/build/realsense_ros2_camera/test_results/realsense_ros2_camera/xmllint.xunit.xml"\n'}
[89.385240] (realsense_ros2_camera) StdoutLine: {'line': b'8: Test timeout computed to be: 60\n'}
[89.399068] (-) TimerEvent: {}
[89.500195] (-) TimerEvent: {}
[89.602192] (-) TimerEvent: {}
[89.703361] (-) TimerEvent: {}
[89.768770] (realsense_ros2_camera) StdoutLine: {'line': b"8: -- run_test.py: invoking following command in '/home/yan/camps_ws/src/ros2_intel_realsense/realsense_ros2_camera':\n"}
[89.769701] (realsense_ros2_camera) StdoutLine: {'line': b'8:  - /opt/ros/dashing/bin/ament_xmllint --xunit-file /home/yan/camps_ws/build/realsense_ros2_camera/test_results/realsense_ros2_camera/xmllint.xunit.xml\n'}
[89.803564] (-) TimerEvent: {}
[89.904399] (-) TimerEvent: {}
[90.006136] (-) TimerEvent: {}
[90.107196] (-) TimerEvent: {}
[90.208788] (-) TimerEvent: {}
[90.310281] (-) TimerEvent: {}
[90.411866] (-) TimerEvent: {}
[90.512644] (-) TimerEvent: {}
[90.613461] (-) TimerEvent: {}
[90.714265] (-) TimerEvent: {}
[90.815198] (-) TimerEvent: {}
[90.916042] (-) TimerEvent: {}
[91.016836] (-) TimerEvent: {}
[91.118062] (-) TimerEvent: {}
[91.219586] (-) TimerEvent: {}
[91.323070] (-) TimerEvent: {}
[91.425287] (-) TimerEvent: {}
[91.526558] (-) TimerEvent: {}
[91.627621] (-) TimerEvent: {}
[91.729376] (-) TimerEvent: {}
[91.830267] (-) TimerEvent: {}
[91.931126] (-) TimerEvent: {}
[92.031943] (-) TimerEvent: {}
[92.132804] (-) TimerEvent: {}
[92.233848] (-) TimerEvent: {}
[92.334665] (-) TimerEvent: {}
[92.435483] (-) TimerEvent: {}
[92.538005] (-) TimerEvent: {}
[92.638773] (-) TimerEvent: {}
[92.739635] (-) TimerEvent: {}
[92.818266] (realsense_ros2_camera) StdoutLine: {'line': b"8: File 'package.xml' is valid\n"}
[92.819303] (realsense_ros2_camera) StdoutLine: {'line': b'8: \n'}
[92.820184] (realsense_ros2_camera) StdoutLine: {'line': b'8: No problems found\n'}
[92.839864] (-) TimerEvent: {}
[92.901113] (realsense_ros2_camera) StdoutLine: {'line': b'8: -- run_test.py: return code 0\n'}
[92.902315] (realsense_ros2_camera) StdoutLine: {'line': b"8: -- run_test.py: verify result file '/home/yan/camps_ws/build/realsense_ros2_camera/test_results/realsense_ros2_camera/xmllint.xunit.xml'\n"}
[92.940057] (-) TimerEvent: {}
[92.953926] (realsense_ros2_camera) StdoutLine: {'line': b'8/8 Test #8: xmllint ..........................   Passed    3.57 sec\n'}
[92.954931] (realsense_ros2_camera) StdoutLine: {'line': b'\n'}
[92.955811] (realsense_ros2_camera) StdoutLine: {'line': b'63% tests passed, 3 tests failed out of 8\n'}
[92.956747] (realsense_ros2_camera) StdoutLine: {'line': b'\n'}
[92.957446] (realsense_ros2_camera) StdoutLine: {'line': b'Label Time Summary:\n'}
[92.957998] (realsense_ros2_camera) StdoutLine: {'line': b'copyright     =   2.52 sec*proc (1 test)\n'}
[92.958929] (realsense_ros2_camera) StdoutLine: {'line': b'cppcheck      =   3.31 sec*proc (1 test)\n'}
[92.959593] (realsense_ros2_camera) StdoutLine: {'line': b'cpplint       =   4.26 sec*proc (1 test)\n'}
[92.960608] (realsense_ros2_camera) StdoutLine: {'line': b'flake8        =   3.09 sec*proc (1 test)\n'}
[92.961405] (realsense_ros2_camera) StdoutLine: {'line': b'lint_cmake    =   1.82 sec*proc (1 test)\n'}
[92.962065] (realsense_ros2_camera) StdoutLine: {'line': b'linter        =  23.80 sec*proc (8 tests)\n'}
[92.962678] (realsense_ros2_camera) StdoutLine: {'line': b'pep257        =   2.19 sec*proc (1 test)\n'}
[92.963700] (realsense_ros2_camera) StdoutLine: {'line': b'uncrustify    =   3.05 sec*proc (1 test)\n'}
[92.964515] (realsense_ros2_camera) StdoutLine: {'line': b'xmllint       =   3.57 sec*proc (1 test)\n'}
[92.966918] (realsense_ros2_camera) StdoutLine: {'line': b'\n'}
[92.969859] (realsense_ros2_camera) StdoutLine: {'line': b'Total Test time (real) =  23.81 sec\n'}
[92.971873] (realsense_ros2_camera) StdoutLine: {'line': b'\n'}
[92.972860] (realsense_ros2_camera) StdoutLine: {'line': b'The following tests FAILED:\n'}
[92.973499] (realsense_ros2_camera) StdoutLine: {'line': b'\t  3 - cpplint (Failed)\n'}
[92.974036] (realsense_ros2_camera) StdoutLine: {'line': b'\t  4 - flake8 (Failed)\n'}
[92.974504] (realsense_ros2_camera) StdoutLine: {'line': b'\t  7 - uncrustify (Failed)\n'}
[92.975005] (realsense_ros2_camera) StderrLine: {'line': b'Errors while running CTest\n'}
[92.976007] (realsense_ros2_camera) CommandEnded: {'returncode': 8}
[92.979019] (realsense_ros2_camera) TestFailure: {'identifier': 'realsense_ros2_camera'}
[92.979200] (realsense_ros2_camera) JobEnded: {'identifier': 'realsense_ros2_camera', 'rc': 0}
[92.980869] (-) EventReactorShutdown: {}
