UpdateCTestConfiguration  from :/home/yan/camps_ws/build/realsense_ros2_camera/CTestConfiguration.ini
Parse Config file:/home/yan/camps_ws/build/realsense_ros2_camera/CTestConfiguration.ini
   Site: yan-desktop
   Build name: (empty)
 Add coverage exclude regular expressions.
SetCTestConfiguration:CMakeCommand:/usr/bin/cmake
Create new tag: 20201220-0759 - Experimental
UpdateCTestConfiguration  from :/home/yan/camps_ws/build/realsense_ros2_camera/CTestConfiguration.ini
Parse Config file:/home/yan/camps_ws/build/realsense_ros2_camera/CTestConfiguration.ini
Test project /home/yan/camps_ws/build/realsense_ros2_camera
Constructing a list of tests
Done constructing a list of tests
Updating test list for fixtures
Added 0 tests to meet fixture requirements
Checking test dependency graph...
Checking test dependency graph end
test 1
    Start 1: copyright

1: Test command: /usr/bin/python3 "-u" "/opt/ros/dashing/share/ament_cmake_test/cmake/run_test.py" "/home/yan/camps_ws/build/realsense_ros2_camera/test_results/realsense_ros2_camera/copyright.xunit.xml" "--package-name" "realsense_ros2_camera" "--output-file" "/home/yan/camps_ws/build/realsense_ros2_camera/ament_copyright/copyright.txt" "--command" "/opt/ros/dashing/bin/ament_copyright" "--xunit-file" "/home/yan/camps_ws/build/realsense_ros2_camera/test_results/realsense_ros2_camera/copyright.xunit.xml"
1: Test timeout computed to be: 60
1: -- run_test.py: invoking following command in '/home/yan/camps_ws/src/ros2_intel_realsense/realsense_ros2_camera':
1:  - /opt/ros/dashing/bin/ament_copyright --xunit-file /home/yan/camps_ws/build/realsense_ros2_camera/test_results/realsense_ros2_camera/copyright.xunit.xml
1: No problems found, checked 6 files
1: -- run_test.py: return code 0
1: -- run_test.py: verify result file '/home/yan/camps_ws/build/realsense_ros2_camera/test_results/realsense_ros2_camera/copyright.xunit.xml'
1/8 Test #1: copyright ........................   Passed    2.52 sec
test 2
    Start 2: cppcheck

2: Test command: /usr/bin/python3 "-u" "/opt/ros/dashing/share/ament_cmake_test/cmake/run_test.py" "/home/yan/camps_ws/build/realsense_ros2_camera/test_results/realsense_ros2_camera/cppcheck.xunit.xml" "--package-name" "realsense_ros2_camera" "--output-file" "/home/yan/camps_ws/build/realsense_ros2_camera/ament_cppcheck/cppcheck.txt" "--command" "/opt/ros/dashing/bin/ament_cppcheck" "--xunit-file" "/home/yan/camps_ws/build/realsense_ros2_camera/test_results/realsense_ros2_camera/cppcheck.xunit.xml" "--include_dirs" "/home/yan/camps_ws/src/ros2_intel_realsense/realsense_ros2_camera/include"
2: Test timeout computed to be: 120
2: -- run_test.py: invoking following command in '/home/yan/camps_ws/src/ros2_intel_realsense/realsense_ros2_camera':
2:  - /opt/ros/dashing/bin/ament_cppcheck --xunit-file /home/yan/camps_ws/build/realsense_ros2_camera/test_results/realsense_ros2_camera/cppcheck.xunit.xml --include_dirs /home/yan/camps_ws/src/ros2_intel_realsense/realsense_ros2_camera/include
2: No problems found
2: -- run_test.py: return code 0
2: -- run_test.py: verify result file '/home/yan/camps_ws/build/realsense_ros2_camera/test_results/realsense_ros2_camera/cppcheck.xunit.xml'
2/8 Test #2: cppcheck .........................   Passed    3.31 sec
test 3
    Start 3: cpplint

3: Test command: /usr/bin/python3 "-u" "/opt/ros/dashing/share/ament_cmake_test/cmake/run_test.py" "/home/yan/camps_ws/build/realsense_ros2_camera/test_results/realsense_ros2_camera/cpplint.xunit.xml" "--package-name" "realsense_ros2_camera" "--output-file" "/home/yan/camps_ws/build/realsense_ros2_camera/ament_cpplint/cpplint.txt" "--command" "/opt/ros/dashing/bin/ament_cpplint" "--xunit-file" "/home/yan/camps_ws/build/realsense_ros2_camera/test_results/realsense_ros2_camera/cpplint.xunit.xml"
3: Test timeout computed to be: 120
3: -- run_test.py: invoking following command in '/home/yan/camps_ws/src/ros2_intel_realsense/realsense_ros2_camera':
3:  - /opt/ros/dashing/bin/ament_cpplint --xunit-file /home/yan/camps_ws/build/realsense_ros2_camera/test_results/realsense_ros2_camera/cpplint.xunit.xml
3: /home/yan/camps_ws/src/ros2_intel_realsense/realsense_ros2_camera/src/realsense_camera_node.cpp:181:  Lines should be <= 100 characters long  [whitespace/line_length] [2]
3: Category 'whitespace/line_length' errors found: 1
3: Total errors found: 1
3: Using '--root=/home/yan/camps_ws/src/ros2_intel_realsense/realsense_ros2_camera/include' argument
3: 
3: Done processing /home/yan/camps_ws/src/ros2_intel_realsense/realsense_ros2_camera/include/realsense_ros2_camera/constants.hpp
3: 
3: Using '--root=/home/yan/camps_ws/src/ros2_intel_realsense/realsense_ros2_camera/src' argument
3: 
3: Done processing /home/yan/camps_ws/src/ros2_intel_realsense/realsense_ros2_camera/src/realsense_camera_node.cpp
3: 
3: Using '--root=/home/yan/camps_ws/src/ros2_intel_realsense/realsense_ros2_camera/test' argument
3: 
3: Done processing /home/yan/camps_ws/src/ros2_intel_realsense/realsense_ros2_camera/test/test_api.cpp
3: 
3: -- run_test.py: return code 1
3: -- run_test.py: verify result file '/home/yan/camps_ws/build/realsense_ros2_camera/test_results/realsense_ros2_camera/cpplint.xunit.xml'
3/8 Test #3: cpplint ..........................***Failed    4.26 sec
test 4
    Start 4: flake8

4: Test command: /usr/bin/python3 "-u" "/opt/ros/dashing/share/ament_cmake_test/cmake/run_test.py" "/home/yan/camps_ws/build/realsense_ros2_camera/test_results/realsense_ros2_camera/flake8.xunit.xml" "--package-name" "realsense_ros2_camera" "--output-file" "/home/yan/camps_ws/build/realsense_ros2_camera/ament_flake8/flake8.txt" "--command" "/opt/ros/dashing/bin/ament_flake8" "--xunit-file" "/home/yan/camps_ws/build/realsense_ros2_camera/test_results/realsense_ros2_camera/flake8.xunit.xml"
4: Test timeout computed to be: 60
4: -- run_test.py: invoking following command in '/home/yan/camps_ws/src/ros2_intel_realsense/realsense_ros2_camera':
4:  - /opt/ros/dashing/bin/ament_flake8 --xunit-file /home/yan/camps_ws/build/realsense_ros2_camera/test_results/realsense_ros2_camera/flake8.xunit.xml
4: Traceback (most recent call last):
4:   File "/home/yan/.local/lib/python3.6/site-packages/flake8/plugins/manager.py", line 157, in load_plugin
4:     self._load()
4:   File "/home/yan/.local/lib/python3.6/site-packages/flake8/plugins/manager.py", line 134, in _load
4:     self._plugin = self.entry_point.load()
4:   File "/home/yan/.local/lib/python3.6/site-packages/importlib_metadata/__init__.py", line 98, in load
4:     return functools.reduce(getattr, attrs, module)
4: AttributeError: module 'pycodestyle' has no attribute 'break_around_binary_operator'
4: 
4: During handling of the above exception, another exception occurred:
4: 
4: Traceback (most recent call last):
4:   File "/opt/ros/dashing/bin/ament_flake8", line 11, in <module>
4:     load_entry_point('ament-flake8==0.7.12', 'console_scripts', 'ament_flake8')()
4:   File "/opt/ros/dashing/lib/python3.6/site-packages/ament_flake8/main.py", line 75, in main
4:     max_line_length=args.linelength)
4:   File "/opt/ros/dashing/lib/python3.6/site-packages/ament_flake8/main.py", line 176, in generate_flake8_report
4:     style = get_flake8_style_guide(flake8_argv)
4:   File "/opt/ros/dashing/lib/python3.6/site-packages/ament_flake8/main.py", line 140, in get_flake8_style_guide
4:     application.find_plugins(config_finder)
4:   File "/home/yan/.local/lib/python3.6/site-packages/flake8/main/application.py", line 159, in find_plugins
4:     self.check_plugins.load_plugins()
4:   File "/home/yan/.local/lib/python3.6/site-packages/flake8/plugins/manager.py", line 415, in load_plugins
4:     plugins = list(self.manager.map(load_plugin))
4:   File "/home/yan/.local/lib/python3.6/site-packages/flake8/plugins/manager.py", line 302, in map
4:     yield func(self.plugins[name], *args, **kwargs)
4:   File "/home/yan/.local/lib/python3.6/site-packages/flake8/plugins/manager.py", line 413, in load_plugin
4:     return plugin.load_plugin()
4:   File "/home/yan/.local/lib/python3.6/site-packages/flake8/plugins/manager.py", line 164, in load_plugin
4:     raise failed_to_load
4: flake8.exceptions.FailedToLoadPlugin: Flake8 failed to load plugin "pycodestyle.break_around_binary_operator" due to module 'pycodestyle' has no attribute 'break_around_binary_operator'.
4: -- run_test.py: return code 1
4: -- run_test.py: generate result file '/home/yan/camps_ws/build/realsense_ros2_camera/test_results/realsense_ros2_camera/flake8.xunit.xml' with failed test
4: -- run_test.py: verify result file '/home/yan/camps_ws/build/realsense_ros2_camera/test_results/realsense_ros2_camera/flake8.xunit.xml'
4/8 Test #4: flake8 ...........................***Failed    3.09 sec
test 5
    Start 5: lint_cmake

5: Test command: /usr/bin/python3 "-u" "/opt/ros/dashing/share/ament_cmake_test/cmake/run_test.py" "/home/yan/camps_ws/build/realsense_ros2_camera/test_results/realsense_ros2_camera/lint_cmake.xunit.xml" "--package-name" "realsense_ros2_camera" "--output-file" "/home/yan/camps_ws/build/realsense_ros2_camera/ament_lint_cmake/lint_cmake.txt" "--command" "/opt/ros/dashing/bin/ament_lint_cmake" "--xunit-file" "/home/yan/camps_ws/build/realsense_ros2_camera/test_results/realsense_ros2_camera/lint_cmake.xunit.xml"
5: Test timeout computed to be: 60
5: -- run_test.py: invoking following command in '/home/yan/camps_ws/src/ros2_intel_realsense/realsense_ros2_camera':
5:  - /opt/ros/dashing/bin/ament_lint_cmake --xunit-file /home/yan/camps_ws/build/realsense_ros2_camera/test_results/realsense_ros2_camera/lint_cmake.xunit.xml
5: 
5: No problems found
5: -- run_test.py: return code 0
5: -- run_test.py: verify result file '/home/yan/camps_ws/build/realsense_ros2_camera/test_results/realsense_ros2_camera/lint_cmake.xunit.xml'
5/8 Test #5: lint_cmake .......................   Passed    1.82 sec
test 6
    Start 6: pep257

6: Test command: /usr/bin/python3 "-u" "/opt/ros/dashing/share/ament_cmake_test/cmake/run_test.py" "/home/yan/camps_ws/build/realsense_ros2_camera/test_results/realsense_ros2_camera/pep257.xunit.xml" "--package-name" "realsense_ros2_camera" "--output-file" "/home/yan/camps_ws/build/realsense_ros2_camera/ament_pep257/pep257.txt" "--command" "/opt/ros/dashing/bin/ament_pep257" "--xunit-file" "/home/yan/camps_ws/build/realsense_ros2_camera/test_results/realsense_ros2_camera/pep257.xunit.xml"
6: Test timeout computed to be: 60
6: -- run_test.py: invoking following command in '/home/yan/camps_ws/src/ros2_intel_realsense/realsense_ros2_camera':
6:  - /opt/ros/dashing/bin/ament_pep257 --xunit-file /home/yan/camps_ws/build/realsense_ros2_camera/test_results/realsense_ros2_camera/pep257.xunit.xml
6: checking ./launch/realsense2_to_laserscan.py
6: checking ./launch/ros2_intel_realsense.launch.py
6: checking ./launch/rs.launch.py
6: No problems found
6: -- run_test.py: return code 0
6: -- run_test.py: verify result file '/home/yan/camps_ws/build/realsense_ros2_camera/test_results/realsense_ros2_camera/pep257.xunit.xml'
6/8 Test #6: pep257 ...........................   Passed    2.19 sec
test 7
    Start 7: uncrustify

7: Test command: /usr/bin/python3 "-u" "/opt/ros/dashing/share/ament_cmake_test/cmake/run_test.py" "/home/yan/camps_ws/build/realsense_ros2_camera/test_results/realsense_ros2_camera/uncrustify.xunit.xml" "--package-name" "realsense_ros2_camera" "--output-file" "/home/yan/camps_ws/build/realsense_ros2_camera/ament_uncrustify/uncrustify.txt" "--command" "/opt/ros/dashing/bin/ament_uncrustify" "--xunit-file" "/home/yan/camps_ws/build/realsense_ros2_camera/test_results/realsense_ros2_camera/uncrustify.xunit.xml"
7: Test timeout computed to be: 60
7: -- run_test.py: invoking following command in '/home/yan/camps_ws/src/ros2_intel_realsense/realsense_ros2_camera':
7:  - /opt/ros/dashing/bin/ament_uncrustify --xunit-file /home/yan/camps_ws/build/realsense_ros2_camera/test_results/realsense_ros2_camera/uncrustify.xunit.xml
7: Code style divergence in file 'src/realsense_camera_node.cpp':
7: 
7: --- src/realsense_camera_node.cpp
7: +++ src/realsense_camera_node.cpp.uncrustify
7: @@ -181 +181,3 @@
7: -    timer_ = this->create_wall_timer(std::chrono::seconds(1), std::bind(&RealSenseCameraNode::publishStaticTransforms, this));
7: +    timer_ =
7: +      this->create_wall_timer(std::chrono::seconds(1),
7: +        std::bind(&RealSenseCameraNode::publishStaticTransforms, this));
7: 
7: 1 files with code style divergence
7: No code style divergence in file 'include/realsense_ros2_camera/constants.hpp'
7: 
7: No code style divergence in file 'test/test_api.cpp'
7: 
7: -- run_test.py: return code 1
7: -- run_test.py: verify result file '/home/yan/camps_ws/build/realsense_ros2_camera/test_results/realsense_ros2_camera/uncrustify.xunit.xml'
7/8 Test #7: uncrustify .......................***Failed    3.05 sec
test 8
    Start 8: xmllint

8: Test command: /usr/bin/python3 "-u" "/opt/ros/dashing/share/ament_cmake_test/cmake/run_test.py" "/home/yan/camps_ws/build/realsense_ros2_camera/test_results/realsense_ros2_camera/xmllint.xunit.xml" "--package-name" "realsense_ros2_camera" "--output-file" "/home/yan/camps_ws/build/realsense_ros2_camera/ament_xmllint/xmllint.txt" "--command" "/opt/ros/dashing/bin/ament_xmllint" "--xunit-file" "/home/yan/camps_ws/build/realsense_ros2_camera/test_results/realsense_ros2_camera/xmllint.xunit.xml"
8: Test timeout computed to be: 60
8: -- run_test.py: invoking following command in '/home/yan/camps_ws/src/ros2_intel_realsense/realsense_ros2_camera':
8:  - /opt/ros/dashing/bin/ament_xmllint --xunit-file /home/yan/camps_ws/build/realsense_ros2_camera/test_results/realsense_ros2_camera/xmllint.xunit.xml
8: File 'package.xml' is valid
8: 
8: No problems found
8: -- run_test.py: return code 0
8: -- run_test.py: verify result file '/home/yan/camps_ws/build/realsense_ros2_camera/test_results/realsense_ros2_camera/xmllint.xunit.xml'
8/8 Test #8: xmllint ..........................   Passed    3.57 sec

63% tests passed, 3 tests failed out of 8

Label Time Summary:
copyright     =   2.52 sec*proc (1 test)
cppcheck      =   3.31 sec*proc (1 test)
cpplint       =   4.26 sec*proc (1 test)
flake8        =   3.09 sec*proc (1 test)
lint_cmake    =   1.82 sec*proc (1 test)
linter        =  23.80 sec*proc (8 tests)
pep257        =   2.19 sec*proc (1 test)
uncrustify    =   3.05 sec*proc (1 test)
xmllint       =   3.57 sec*proc (1 test)

Total Test time (real) =  23.81 sec

The following tests FAILED:
	  3 - cpplint (Failed)
	  4 - flake8 (Failed)
	  7 - uncrustify (Failed)
Errors while running CTest
