[0.256s] Invoking command in '/home/yan/camps_ws/build/realsense_ros2_camera': /usr/bin/ctest -C Release -D ExperimentalTest --no-compress-output -V --force-new-ctest-process
[0.336s] UpdateCTestConfiguration  from :/home/yan/camps_ws/build/realsense_ros2_camera/CTestConfiguration.ini
[0.337s] Parse Config file:/home/yan/camps_ws/build/realsense_ros2_camera/CTestConfiguration.ini
[0.338s]    Site: yan-desktop
[0.340s]    Build name: (empty)
[0.342s]  Add coverage exclude regular expressions.
[0.343s] SetCTestConfiguration:CMakeCommand:/usr/bin/cmake
[0.344s] Create new tag: 20201220-0759 - Experimental
[0.344s] UpdateCTestConfiguration  from :/home/yan/camps_ws/build/realsense_ros2_camera/CTestConfiguration.ini
[0.345s] Parse Config file:/home/yan/camps_ws/build/realsense_ros2_camera/CTestConfiguration.ini
[0.346s] Test project /home/yan/camps_ws/build/realsense_ros2_camera
[0.346s] Constructing a list of tests
[0.347s] Done constructing a list of tests
[0.351s] Updating test list for fixtures
[0.352s] Added 0 tests to meet fixture requirements
[0.353s] Checking test dependency graph...
[0.354s] Checking test dependency graph end
[0.355s] test 1
[0.355s]     Start 1: copyright
[0.356s] 
[0.357s] 1: Test command: /usr/bin/python3 "-u" "/opt/ros/dashing/share/ament_cmake_test/cmake/run_test.py" "/home/yan/camps_ws/build/realsense_ros2_camera/test_results/realsense_ros2_camera/copyright.xunit.xml" "--package-name" "realsense_ros2_camera" "--output-file" "/home/yan/camps_ws/build/realsense_ros2_camera/ament_copyright/copyright.txt" "--command" "/opt/ros/dashing/bin/ament_copyright" "--xunit-file" "/home/yan/camps_ws/build/realsense_ros2_camera/test_results/realsense_ros2_camera/copyright.xunit.xml"
[0.358s] 1: Test timeout computed to be: 60
[0.840s] 1: -- run_test.py: invoking following command in '/home/yan/camps_ws/src/ros2_intel_realsense/realsense_ros2_camera':
[0.841s] 1:  - /opt/ros/dashing/bin/ament_copyright --xunit-file /home/yan/camps_ws/build/realsense_ros2_camera/test_results/realsense_ros2_camera/copyright.xunit.xml
[2.692s] 1: No problems found, checked 6 files
[2.785s] 1: -- run_test.py: return code 0
[2.786s] 1: -- run_test.py: verify result file '/home/yan/camps_ws/build/realsense_ros2_camera/test_results/realsense_ros2_camera/copyright.xunit.xml'
[2.856s] 1/8 Test #1: copyright ........................   Passed    2.52 sec
[2.857s] test 2
[2.860s]     Start 2: cppcheck
[2.861s] 
[2.861s] 2: Test command: /usr/bin/python3 "-u" "/opt/ros/dashing/share/ament_cmake_test/cmake/run_test.py" "/home/yan/camps_ws/build/realsense_ros2_camera/test_results/realsense_ros2_camera/cppcheck.xunit.xml" "--package-name" "realsense_ros2_camera" "--output-file" "/home/yan/camps_ws/build/realsense_ros2_camera/ament_cppcheck/cppcheck.txt" "--command" "/opt/ros/dashing/bin/ament_cppcheck" "--xunit-file" "/home/yan/camps_ws/build/realsense_ros2_camera/test_results/realsense_ros2_camera/cppcheck.xunit.xml" "--include_dirs" "/home/yan/camps_ws/src/ros2_intel_realsense/realsense_ros2_camera/include"
[2.862s] 2: Test timeout computed to be: 120
[3.256s] 2: -- run_test.py: invoking following command in '/home/yan/camps_ws/src/ros2_intel_realsense/realsense_ros2_camera':
[3.257s] 2:  - /opt/ros/dashing/bin/ament_cppcheck --xunit-file /home/yan/camps_ws/build/realsense_ros2_camera/test_results/realsense_ros2_camera/cppcheck.xunit.xml --include_dirs /home/yan/camps_ws/src/ros2_intel_realsense/realsense_ros2_camera/include
[6.004s] 2: No problems found
[6.102s] 2: -- run_test.py: return code 0
[6.104s] 2: -- run_test.py: verify result file '/home/yan/camps_ws/build/realsense_ros2_camera/test_results/realsense_ros2_camera/cppcheck.xunit.xml'
[6.169s] 2/8 Test #2: cppcheck .........................   Passed    3.31 sec
[6.170s] test 3
[6.170s]     Start 3: cpplint
[6.171s] 
[6.173s] 3: Test command: /usr/bin/python3 "-u" "/opt/ros/dashing/share/ament_cmake_test/cmake/run_test.py" "/home/yan/camps_ws/build/realsense_ros2_camera/test_results/realsense_ros2_camera/cpplint.xunit.xml" "--package-name" "realsense_ros2_camera" "--output-file" "/home/yan/camps_ws/build/realsense_ros2_camera/ament_cpplint/cpplint.txt" "--command" "/opt/ros/dashing/bin/ament_cpplint" "--xunit-file" "/home/yan/camps_ws/build/realsense_ros2_camera/test_results/realsense_ros2_camera/cpplint.xunit.xml"
[6.174s] 3: Test timeout computed to be: 120
[6.539s] 3: -- run_test.py: invoking following command in '/home/yan/camps_ws/src/ros2_intel_realsense/realsense_ros2_camera':
[6.540s] 3:  - /opt/ros/dashing/bin/ament_cpplint --xunit-file /home/yan/camps_ws/build/realsense_ros2_camera/test_results/realsense_ros2_camera/cpplint.xunit.xml
[10.302s] 3: /home/yan/camps_ws/src/ros2_intel_realsense/realsense_ros2_camera/src/realsense_camera_node.cpp:181:  Lines should be <= 100 characters long  [whitespace/line_length] [2]
[10.303s] 3: Category 'whitespace/line_length' errors found: 1
[10.303s] 3: Total errors found: 1
[10.304s] 3: Using '--root=/home/yan/camps_ws/src/ros2_intel_realsense/realsense_ros2_camera/include' argument
[10.305s] 3: 
[10.306s] 3: Done processing /home/yan/camps_ws/src/ros2_intel_realsense/realsense_ros2_camera/include/realsense_ros2_camera/constants.hpp
[10.307s] 3: 
[10.307s] 3: Using '--root=/home/yan/camps_ws/src/ros2_intel_realsense/realsense_ros2_camera/src' argument
[10.308s] 3: 
[10.309s] 3: Done processing /home/yan/camps_ws/src/ros2_intel_realsense/realsense_ros2_camera/src/realsense_camera_node.cpp
[10.309s] 3: 
[10.310s] 3: Using '--root=/home/yan/camps_ws/src/ros2_intel_realsense/realsense_ros2_camera/test' argument
[10.311s] 3: 
[10.311s] 3: Done processing /home/yan/camps_ws/src/ros2_intel_realsense/realsense_ros2_camera/test/test_api.cpp
[10.312s] 3: 
[10.376s] 3: -- run_test.py: return code 1
[10.377s] 3: -- run_test.py: verify result file '/home/yan/camps_ws/build/realsense_ros2_camera/test_results/realsense_ros2_camera/cpplint.xunit.xml'
[10.425s] 3/8 Test #3: cpplint ..........................***Failed    4.26 sec
[10.426s] test 4
[10.426s]     Start 4: flake8
[10.427s] 
[10.427s] 4: Test command: /usr/bin/python3 "-u" "/opt/ros/dashing/share/ament_cmake_test/cmake/run_test.py" "/home/yan/camps_ws/build/realsense_ros2_camera/test_results/realsense_ros2_camera/flake8.xunit.xml" "--package-name" "realsense_ros2_camera" "--output-file" "/home/yan/camps_ws/build/realsense_ros2_camera/ament_flake8/flake8.txt" "--command" "/opt/ros/dashing/bin/ament_flake8" "--xunit-file" "/home/yan/camps_ws/build/realsense_ros2_camera/test_results/realsense_ros2_camera/flake8.xunit.xml"
[10.428s] 4: Test timeout computed to be: 60
[10.760s] 4: -- run_test.py: invoking following command in '/home/yan/camps_ws/src/ros2_intel_realsense/realsense_ros2_camera':
[10.761s] 4:  - /opt/ros/dashing/bin/ament_flake8 --xunit-file /home/yan/camps_ws/build/realsense_ros2_camera/test_results/realsense_ros2_camera/flake8.xunit.xml
[13.324s] 4: Traceback (most recent call last):
[13.326s] 4:   File "/home/yan/.local/lib/python3.6/site-packages/flake8/plugins/manager.py", line 157, in load_plugin
[13.326s] 4:     self._load()
[13.327s] 4:   File "/home/yan/.local/lib/python3.6/site-packages/flake8/plugins/manager.py", line 134, in _load
[13.327s] 4:     self._plugin = self.entry_point.load()
[13.328s] 4:   File "/home/yan/.local/lib/python3.6/site-packages/importlib_metadata/__init__.py", line 98, in load
[13.329s] 4:     return functools.reduce(getattr, attrs, module)
[13.329s] 4: AttributeError: module 'pycodestyle' has no attribute 'break_around_binary_operator'
[13.330s] 4: 
[13.330s] 4: During handling of the above exception, another exception occurred:
[13.331s] 4: 
[13.332s] 4: Traceback (most recent call last):
[13.333s] 4:   File "/opt/ros/dashing/bin/ament_flake8", line 11, in <module>
[13.334s] 4:     load_entry_point('ament-flake8==0.7.12', 'console_scripts', 'ament_flake8')()
[13.334s] 4:   File "/opt/ros/dashing/lib/python3.6/site-packages/ament_flake8/main.py", line 75, in main
[13.335s] 4:     max_line_length=args.linelength)
[13.336s] 4:   File "/opt/ros/dashing/lib/python3.6/site-packages/ament_flake8/main.py", line 176, in generate_flake8_report
[13.337s] 4:     style = get_flake8_style_guide(flake8_argv)
[13.337s] 4:   File "/opt/ros/dashing/lib/python3.6/site-packages/ament_flake8/main.py", line 140, in get_flake8_style_guide
[13.338s] 4:     application.find_plugins(config_finder)
[13.339s] 4:   File "/home/yan/.local/lib/python3.6/site-packages/flake8/main/application.py", line 159, in find_plugins
[13.339s] 4:     self.check_plugins.load_plugins()
[13.340s] 4:   File "/home/yan/.local/lib/python3.6/site-packages/flake8/plugins/manager.py", line 415, in load_plugins
[13.341s] 4:     plugins = list(self.manager.map(load_plugin))
[13.342s] 4:   File "/home/yan/.local/lib/python3.6/site-packages/flake8/plugins/manager.py", line 302, in map
[13.342s] 4:     yield func(self.plugins[name], *args, **kwargs)
[13.343s] 4:   File "/home/yan/.local/lib/python3.6/site-packages/flake8/plugins/manager.py", line 413, in load_plugin
[13.343s] 4:     return plugin.load_plugin()
[13.344s] 4:   File "/home/yan/.local/lib/python3.6/site-packages/flake8/plugins/manager.py", line 164, in load_plugin
[13.345s] 4:     raise failed_to_load
[13.345s] 4: flake8.exceptions.FailedToLoadPlugin: Flake8 failed to load plugin "pycodestyle.break_around_binary_operator" due to module 'pycodestyle' has no attribute 'break_around_binary_operator'.
[13.466s] 4: -- run_test.py: return code 1
[13.467s] 4: -- run_test.py: generate result file '/home/yan/camps_ws/build/realsense_ros2_camera/test_results/realsense_ros2_camera/flake8.xunit.xml' with failed test
[13.468s] 4: -- run_test.py: verify result file '/home/yan/camps_ws/build/realsense_ros2_camera/test_results/realsense_ros2_camera/flake8.xunit.xml'
[13.512s] 4/8 Test #4: flake8 ...........................***Failed    3.09 sec
[13.513s] test 5
[13.514s]     Start 5: lint_cmake
[13.515s] 
[13.516s] 5: Test command: /usr/bin/python3 "-u" "/opt/ros/dashing/share/ament_cmake_test/cmake/run_test.py" "/home/yan/camps_ws/build/realsense_ros2_camera/test_results/realsense_ros2_camera/lint_cmake.xunit.xml" "--package-name" "realsense_ros2_camera" "--output-file" "/home/yan/camps_ws/build/realsense_ros2_camera/ament_lint_cmake/lint_cmake.txt" "--command" "/opt/ros/dashing/bin/ament_lint_cmake" "--xunit-file" "/home/yan/camps_ws/build/realsense_ros2_camera/test_results/realsense_ros2_camera/lint_cmake.xunit.xml"
[13.516s] 5: Test timeout computed to be: 60
[13.848s] 5: -- run_test.py: invoking following command in '/home/yan/camps_ws/src/ros2_intel_realsense/realsense_ros2_camera':
[13.849s] 5:  - /opt/ros/dashing/bin/ament_lint_cmake --xunit-file /home/yan/camps_ws/build/realsense_ros2_camera/test_results/realsense_ros2_camera/lint_cmake.xunit.xml
[15.209s] 5: 
[15.210s] 5: No problems found
[15.282s] 5: -- run_test.py: return code 0
[15.283s] 5: -- run_test.py: verify result file '/home/yan/camps_ws/build/realsense_ros2_camera/test_results/realsense_ros2_camera/lint_cmake.xunit.xml'
[15.333s] 5/8 Test #5: lint_cmake .......................   Passed    1.82 sec
[15.333s] test 6
[15.334s]     Start 6: pep257
[15.334s] 
[15.335s] 6: Test command: /usr/bin/python3 "-u" "/opt/ros/dashing/share/ament_cmake_test/cmake/run_test.py" "/home/yan/camps_ws/build/realsense_ros2_camera/test_results/realsense_ros2_camera/pep257.xunit.xml" "--package-name" "realsense_ros2_camera" "--output-file" "/home/yan/camps_ws/build/realsense_ros2_camera/ament_pep257/pep257.txt" "--command" "/opt/ros/dashing/bin/ament_pep257" "--xunit-file" "/home/yan/camps_ws/build/realsense_ros2_camera/test_results/realsense_ros2_camera/pep257.xunit.xml"
[15.335s] 6: Test timeout computed to be: 60
[15.674s] 6: -- run_test.py: invoking following command in '/home/yan/camps_ws/src/ros2_intel_realsense/realsense_ros2_camera':
[15.675s] 6:  - /opt/ros/dashing/bin/ament_pep257 --xunit-file /home/yan/camps_ws/build/realsense_ros2_camera/test_results/realsense_ros2_camera/pep257.xunit.xml
[17.367s] 6: checking ./launch/realsense2_to_laserscan.py
[17.368s] 6: checking ./launch/ros2_intel_realsense.launch.py
[17.369s] 6: checking ./launch/rs.launch.py
[17.370s] 6: No problems found
[17.475s] 6: -- run_test.py: return code 0
[17.476s] 6: -- run_test.py: verify result file '/home/yan/camps_ws/build/realsense_ros2_camera/test_results/realsense_ros2_camera/pep257.xunit.xml'
[17.526s] 6/8 Test #6: pep257 ...........................   Passed    2.19 sec
[17.526s] test 7
[17.527s]     Start 7: uncrustify
[17.527s] 
[17.528s] 7: Test command: /usr/bin/python3 "-u" "/opt/ros/dashing/share/ament_cmake_test/cmake/run_test.py" "/home/yan/camps_ws/build/realsense_ros2_camera/test_results/realsense_ros2_camera/uncrustify.xunit.xml" "--package-name" "realsense_ros2_camera" "--output-file" "/home/yan/camps_ws/build/realsense_ros2_camera/ament_uncrustify/uncrustify.txt" "--command" "/opt/ros/dashing/bin/ament_uncrustify" "--xunit-file" "/home/yan/camps_ws/build/realsense_ros2_camera/test_results/realsense_ros2_camera/uncrustify.xunit.xml"
[17.529s] 7: Test timeout computed to be: 60
[17.911s] 7: -- run_test.py: invoking following command in '/home/yan/camps_ws/src/ros2_intel_realsense/realsense_ros2_camera':
[17.911s] 7:  - /opt/ros/dashing/bin/ament_uncrustify --xunit-file /home/yan/camps_ws/build/realsense_ros2_camera/test_results/realsense_ros2_camera/uncrustify.xunit.xml
[20.437s] 7: Code style divergence in file 'src/realsense_camera_node.cpp':
[20.438s] 7: 
[20.438s] 7: --- src/realsense_camera_node.cpp
[20.439s] 7: +++ src/realsense_camera_node.cpp.uncrustify
[20.440s] 7: @@ -181 +181,3 @@
[20.441s] 7: -    timer_ = this->create_wall_timer(std::chrono::seconds(1), std::bind(&RealSenseCameraNode::publishStaticTransforms, this));
[20.442s] 7: +    timer_ =
[20.444s] 7: +      this->create_wall_timer(std::chrono::seconds(1),
[20.445s] 7: +        std::bind(&RealSenseCameraNode::publishStaticTransforms, this));
[20.446s] 7: 
[20.447s] 7: 1 files with code style divergence
[20.448s] 7: No code style divergence in file 'include/realsense_ros2_camera/constants.hpp'
[20.449s] 7: 
[20.450s] 7: No code style divergence in file 'test/test_api.cpp'
[20.450s] 7: 
[20.520s] 7: -- run_test.py: return code 1
[20.523s] 7: -- run_test.py: verify result file '/home/yan/camps_ws/build/realsense_ros2_camera/test_results/realsense_ros2_camera/uncrustify.xunit.xml'
[20.577s] 7/8 Test #7: uncrustify .......................***Failed    3.05 sec
[20.578s] test 8
[20.578s]     Start 8: xmllint
[20.579s] 
[20.580s] 8: Test command: /usr/bin/python3 "-u" "/opt/ros/dashing/share/ament_cmake_test/cmake/run_test.py" "/home/yan/camps_ws/build/realsense_ros2_camera/test_results/realsense_ros2_camera/xmllint.xunit.xml" "--package-name" "realsense_ros2_camera" "--output-file" "/home/yan/camps_ws/build/realsense_ros2_camera/ament_xmllint/xmllint.txt" "--command" "/opt/ros/dashing/bin/ament_xmllint" "--xunit-file" "/home/yan/camps_ws/build/realsense_ros2_camera/test_results/realsense_ros2_camera/xmllint.xunit.xml"
[20.580s] 8: Test timeout computed to be: 60
[20.964s] 8: -- run_test.py: invoking following command in '/home/yan/camps_ws/src/ros2_intel_realsense/realsense_ros2_camera':
[20.965s] 8:  - /opt/ros/dashing/bin/ament_xmllint --xunit-file /home/yan/camps_ws/build/realsense_ros2_camera/test_results/realsense_ros2_camera/xmllint.xunit.xml
[24.013s] 8: File 'package.xml' is valid
[24.014s] 8: 
[24.016s] 8: No problems found
[24.096s] 8: -- run_test.py: return code 0
[24.097s] 8: -- run_test.py: verify result file '/home/yan/camps_ws/build/realsense_ros2_camera/test_results/realsense_ros2_camera/xmllint.xunit.xml'
[24.149s] 8/8 Test #8: xmllint ..........................   Passed    3.57 sec
[24.150s] 
[24.151s] 63% tests passed, 3 tests failed out of 8
[24.152s] 
[24.152s] Label Time Summary:
[24.153s] copyright     =   2.52 sec*proc (1 test)
[24.154s] cppcheck      =   3.31 sec*proc (1 test)
[24.155s] cpplint       =   4.26 sec*proc (1 test)
[24.156s] flake8        =   3.09 sec*proc (1 test)
[24.156s] lint_cmake    =   1.82 sec*proc (1 test)
[24.157s] linter        =  23.80 sec*proc (8 tests)
[24.158s] pep257        =   2.19 sec*proc (1 test)
[24.159s] uncrustify    =   3.05 sec*proc (1 test)
[24.161s] xmllint       =   3.57 sec*proc (1 test)
[24.164s] 
[24.166s] Total Test time (real) =  23.81 sec
[24.167s] 
[24.168s] The following tests FAILED:
[24.168s] 	  3 - cpplint (Failed)
[24.169s] 	  4 - flake8 (Failed)
[24.169s] 	  7 - uncrustify (Failed)
[24.170s] Errors while running CTest
[24.172s] Invoked command in '/home/yan/camps_ws/build/realsense_ros2_camera' returned '8': /usr/bin/ctest -C Release -D ExperimentalTest --no-compress-output -V --force-new-ctest-process
