UpdateCTestConfiguration  from :/home/yan/camps_ws/build/realsense_camera_msgs/CTestConfiguration.ini
Parse Config file:/home/yan/camps_ws/build/realsense_camera_msgs/CTestConfiguration.ini
   Site: yan-desktop
   Build name: (empty)
 Add coverage exclude regular expressions.
SetCTestConfiguration:CMakeCommand:/usr/bin/cmake
Create new tag: 20201220-0758 - Experimental
UpdateCTestConfiguration  from :/home/yan/camps_ws/build/realsense_camera_msgs/CTestConfiguration.ini
Parse Config file:/home/yan/camps_ws/build/realsense_camera_msgs/CTestConfiguration.ini
Test project /home/yan/camps_ws/build/realsense_camera_msgs
Constructing a list of tests
Done constructing a list of tests
Updating test list for fixtures
Added 0 tests to meet fixture requirements
Checking test dependency graph...
Checking test dependency graph end
test 1
      Start  1: cppcheck_rosidl_typesupport_c

1: Test command: /usr/bin/python3 "-u" "/opt/ros/dashing/share/ament_cmake_test/cmake/run_test.py" "/home/yan/camps_ws/build/realsense_camera_msgs/test_results/realsense_camera_msgs/cppcheck_rosidl_typesupport_c.xunit.xml" "--package-name" "realsense_camera_msgs" "--output-file" "/home/yan/camps_ws/build/realsense_camera_msgs/ament_cppcheck/cppcheck_rosidl_typesupport_c.txt" "--command" "/opt/ros/dashing/bin/ament_cppcheck" "--xunit-file" "/home/yan/camps_ws/build/realsense_camera_msgs/test_results/realsense_camera_msgs/cppcheck_rosidl_typesupport_c.xunit.xml" "/home/yan/camps_ws/build/realsense_camera_msgs/rosidl_typesupport_c/realsense_camera_msgs"
1: Test timeout computed to be: 120
1: -- run_test.py: invoking following command in '/home/yan/camps_ws/src/ros2_intel_realsense/realsense_camera_msgs':
1:  - /opt/ros/dashing/bin/ament_cppcheck --xunit-file /home/yan/camps_ws/build/realsense_camera_msgs/test_results/realsense_camera_msgs/cppcheck_rosidl_typesupport_c.xunit.xml /home/yan/camps_ws/build/realsense_camera_msgs/rosidl_typesupport_c/realsense_camera_msgs
1: No problems found
1: -- run_test.py: return code 0
1: -- run_test.py: verify result file '/home/yan/camps_ws/build/realsense_camera_msgs/test_results/realsense_camera_msgs/cppcheck_rosidl_typesupport_c.xunit.xml'
 1/29 Test  #1: cppcheck_rosidl_typesupport_c .....................   Passed    1.91 sec
test 2
      Start  2: cpplint_rosidl_typesupport_c

2: Test command: /usr/bin/python3 "-u" "/opt/ros/dashing/share/ament_cmake_test/cmake/run_test.py" "/home/yan/camps_ws/build/realsense_camera_msgs/test_results/realsense_camera_msgs/cpplint_rosidl_typesupport_c.xunit.xml" "--package-name" "realsense_camera_msgs" "--output-file" "/home/yan/camps_ws/build/realsense_camera_msgs/ament_cpplint/cpplint_rosidl_typesupport_c.txt" "--command" "/opt/ros/dashing/bin/ament_cpplint" "--xunit-file" "/home/yan/camps_ws/build/realsense_camera_msgs/test_results/realsense_camera_msgs/cpplint_rosidl_typesupport_c.xunit.xml" "--linelength" "999" "--root" "/home/yan/camps_ws/build/realsense_camera_msgs/rosidl_typesupport_c" "/home/yan/camps_ws/build/realsense_camera_msgs/rosidl_typesupport_c/realsense_camera_msgs"
2: Test timeout computed to be: 120
2: -- run_test.py: invoking following command in '/home/yan/camps_ws/src/ros2_intel_realsense/realsense_camera_msgs':
2:  - /opt/ros/dashing/bin/ament_cpplint --xunit-file /home/yan/camps_ws/build/realsense_camera_msgs/test_results/realsense_camera_msgs/cpplint_rosidl_typesupport_c.xunit.xml --linelength 999 --root /home/yan/camps_ws/build/realsense_camera_msgs/rosidl_typesupport_c /home/yan/camps_ws/build/realsense_camera_msgs/rosidl_typesupport_c/realsense_camera_msgs
2: Using '--root=/home/yan/camps_ws/build/realsense_camera_msgs/rosidl_typesupport_c' argument
2: 
2: Done processing /home/yan/camps_ws/build/realsense_camera_msgs/rosidl_typesupport_c/realsense_camera_msgs/msg/extrinsics__type_support.cpp
2: 
2: Done processing /home/yan/camps_ws/build/realsense_camera_msgs/rosidl_typesupport_c/realsense_camera_msgs/msg/imu_info__type_support.cpp
2: 
2: Done processing /home/yan/camps_ws/build/realsense_camera_msgs/rosidl_typesupport_c/realsense_camera_msgs/msg/rosidl_typesupport_c__visibility_control.h
2: 
2: No problems found
2: -- run_test.py: return code 0
2: -- run_test.py: verify result file '/home/yan/camps_ws/build/realsense_camera_msgs/test_results/realsense_camera_msgs/cpplint_rosidl_typesupport_c.xunit.xml'
 2/29 Test  #2: cpplint_rosidl_typesupport_c ......................   Passed    2.11 sec
test 3
      Start  3: uncrustify_rosidl_typesupport_c

3: Test command: /usr/bin/python3 "-u" "/opt/ros/dashing/share/ament_cmake_test/cmake/run_test.py" "/home/yan/camps_ws/build/realsense_camera_msgs/test_results/realsense_camera_msgs/uncrustify_rosidl_typesupport_c.xunit.xml" "--package-name" "realsense_camera_msgs" "--output-file" "/home/yan/camps_ws/build/realsense_camera_msgs/ament_uncrustify/uncrustify_rosidl_typesupport_c.txt" "--command" "/opt/ros/dashing/bin/ament_uncrustify" "--xunit-file" "/home/yan/camps_ws/build/realsense_camera_msgs/test_results/realsense_camera_msgs/uncrustify_rosidl_typesupport_c.xunit.xml" "--linelength" "0" "/home/yan/camps_ws/build/realsense_camera_msgs/rosidl_typesupport_c/realsense_camera_msgs"
3: Test timeout computed to be: 60
3: -- run_test.py: invoking following command in '/home/yan/camps_ws/src/ros2_intel_realsense/realsense_camera_msgs':
3:  - /opt/ros/dashing/bin/ament_uncrustify --xunit-file /home/yan/camps_ws/build/realsense_camera_msgs/test_results/realsense_camera_msgs/uncrustify_rosidl_typesupport_c.xunit.xml --linelength 0 /home/yan/camps_ws/build/realsense_camera_msgs/rosidl_typesupport_c/realsense_camera_msgs
3: No code style divergence in file '/home/yan/camps_ws/build/realsense_camera_msgs/rosidl_typesupport_c/realsense_camera_msgs/msg/extrinsics__type_support.cpp'
3: 
3: No code style divergence in file '/home/yan/camps_ws/build/realsense_camera_msgs/rosidl_typesupport_c/realsense_camera_msgs/msg/imu_info__type_support.cpp'
3: 
3: No code style divergence in file '/home/yan/camps_ws/build/realsense_camera_msgs/rosidl_typesupport_c/realsense_camera_msgs/msg/rosidl_typesupport_c__visibility_control.h'
3: 
3: No problems found
3: -- run_test.py: return code 0
3: -- run_test.py: verify result file '/home/yan/camps_ws/build/realsense_camera_msgs/test_results/realsense_camera_msgs/uncrustify_rosidl_typesupport_c.xunit.xml'
 3/29 Test  #3: uncrustify_rosidl_typesupport_c ...................   Passed    1.99 sec
test 4
      Start  4: cppcheck_rosidl_typesupport_cpp

4: Test command: /usr/bin/python3 "-u" "/opt/ros/dashing/share/ament_cmake_test/cmake/run_test.py" "/home/yan/camps_ws/build/realsense_camera_msgs/test_results/realsense_camera_msgs/cppcheck_rosidl_typesupport_cpp.xunit.xml" "--package-name" "realsense_camera_msgs" "--output-file" "/home/yan/camps_ws/build/realsense_camera_msgs/ament_cppcheck/cppcheck_rosidl_typesupport_cpp.txt" "--command" "/opt/ros/dashing/bin/ament_cppcheck" "--xunit-file" "/home/yan/camps_ws/build/realsense_camera_msgs/test_results/realsense_camera_msgs/cppcheck_rosidl_typesupport_cpp.xunit.xml" "/home/yan/camps_ws/build/realsense_camera_msgs/rosidl_typesupport_cpp/realsense_camera_msgs"
4: Test timeout computed to be: 120
4: -- run_test.py: invoking following command in '/home/yan/camps_ws/src/ros2_intel_realsense/realsense_camera_msgs':
4:  - /opt/ros/dashing/bin/ament_cppcheck --xunit-file /home/yan/camps_ws/build/realsense_camera_msgs/test_results/realsense_camera_msgs/cppcheck_rosidl_typesupport_cpp.xunit.xml /home/yan/camps_ws/build/realsense_camera_msgs/rosidl_typesupport_cpp/realsense_camera_msgs
4: No problems found
4: -- run_test.py: return code 0
4: -- run_test.py: verify result file '/home/yan/camps_ws/build/realsense_camera_msgs/test_results/realsense_camera_msgs/cppcheck_rosidl_typesupport_cpp.xunit.xml'
 4/29 Test  #4: cppcheck_rosidl_typesupport_cpp ...................   Passed    1.92 sec
test 5
      Start  5: cpplint_rosidl_typesupport_cpp

5: Test command: /usr/bin/python3 "-u" "/opt/ros/dashing/share/ament_cmake_test/cmake/run_test.py" "/home/yan/camps_ws/build/realsense_camera_msgs/test_results/realsense_camera_msgs/cpplint_rosidl_typesupport_cpp.xunit.xml" "--package-name" "realsense_camera_msgs" "--output-file" "/home/yan/camps_ws/build/realsense_camera_msgs/ament_cpplint/cpplint_rosidl_typesupport_cpp.txt" "--command" "/opt/ros/dashing/bin/ament_cpplint" "--xunit-file" "/home/yan/camps_ws/build/realsense_camera_msgs/test_results/realsense_camera_msgs/cpplint_rosidl_typesupport_cpp.xunit.xml" "--linelength" "999" "--root" "/home/yan/camps_ws/build/realsense_camera_msgs/rosidl_typesupport_cpp" "/home/yan/camps_ws/build/realsense_camera_msgs/rosidl_typesupport_cpp/realsense_camera_msgs"
5: Test timeout computed to be: 120
5: -- run_test.py: invoking following command in '/home/yan/camps_ws/src/ros2_intel_realsense/realsense_camera_msgs':
5:  - /opt/ros/dashing/bin/ament_cpplint --xunit-file /home/yan/camps_ws/build/realsense_camera_msgs/test_results/realsense_camera_msgs/cpplint_rosidl_typesupport_cpp.xunit.xml --linelength 999 --root /home/yan/camps_ws/build/realsense_camera_msgs/rosidl_typesupport_cpp /home/yan/camps_ws/build/realsense_camera_msgs/rosidl_typesupport_cpp/realsense_camera_msgs
5: Using '--root=/home/yan/camps_ws/build/realsense_camera_msgs/rosidl_typesupport_cpp' argument
5: 
5: Done processing /home/yan/camps_ws/build/realsense_camera_msgs/rosidl_typesupport_cpp/realsense_camera_msgs/msg/extrinsics__type_support.cpp
5: 
5: Done processing /home/yan/camps_ws/build/realsense_camera_msgs/rosidl_typesupport_cpp/realsense_camera_msgs/msg/imu_info__type_support.cpp
5: 
5: No problems found
5: -- run_test.py: return code 0
5: -- run_test.py: verify result file '/home/yan/camps_ws/build/realsense_camera_msgs/test_results/realsense_camera_msgs/cpplint_rosidl_typesupport_cpp.xunit.xml'
 5/29 Test  #5: cpplint_rosidl_typesupport_cpp ....................   Passed    2.18 sec
test 6
      Start  6: uncrustify_rosidl_typesupport_cpp

6: Test command: /usr/bin/python3 "-u" "/opt/ros/dashing/share/ament_cmake_test/cmake/run_test.py" "/home/yan/camps_ws/build/realsense_camera_msgs/test_results/realsense_camera_msgs/uncrustify_rosidl_typesupport_cpp.xunit.xml" "--package-name" "realsense_camera_msgs" "--output-file" "/home/yan/camps_ws/build/realsense_camera_msgs/ament_uncrustify/uncrustify_rosidl_typesupport_cpp.txt" "--command" "/opt/ros/dashing/bin/ament_uncrustify" "--xunit-file" "/home/yan/camps_ws/build/realsense_camera_msgs/test_results/realsense_camera_msgs/uncrustify_rosidl_typesupport_cpp.xunit.xml" "--linelength" "0" "/home/yan/camps_ws/build/realsense_camera_msgs/rosidl_typesupport_cpp/realsense_camera_msgs"
6: Test timeout computed to be: 60
6: -- run_test.py: invoking following command in '/home/yan/camps_ws/src/ros2_intel_realsense/realsense_camera_msgs':
6:  - /opt/ros/dashing/bin/ament_uncrustify --xunit-file /home/yan/camps_ws/build/realsense_camera_msgs/test_results/realsense_camera_msgs/uncrustify_rosidl_typesupport_cpp.xunit.xml --linelength 0 /home/yan/camps_ws/build/realsense_camera_msgs/rosidl_typesupport_cpp/realsense_camera_msgs
6: No code style divergence in file '/home/yan/camps_ws/build/realsense_camera_msgs/rosidl_typesupport_cpp/realsense_camera_msgs/msg/extrinsics__type_support.cpp'
6: 
6: No code style divergence in file '/home/yan/camps_ws/build/realsense_camera_msgs/rosidl_typesupport_cpp/realsense_camera_msgs/msg/imu_info__type_support.cpp'
6: 
6: No problems found
6: -- run_test.py: return code 0
6: -- run_test.py: verify result file '/home/yan/camps_ws/build/realsense_camera_msgs/test_results/realsense_camera_msgs/uncrustify_rosidl_typesupport_cpp.xunit.xml'
 6/29 Test  #6: uncrustify_rosidl_typesupport_cpp .................   Passed    2.07 sec
test 7
      Start  7: cppcheck_rosidl_typesupport_fastrtps_c

7: Test command: /usr/bin/python3 "-u" "/opt/ros/dashing/share/ament_cmake_test/cmake/run_test.py" "/home/yan/camps_ws/build/realsense_camera_msgs/test_results/realsense_camera_msgs/cppcheck_rosidl_typesupport_fastrtps_c.xunit.xml" "--package-name" "realsense_camera_msgs" "--output-file" "/home/yan/camps_ws/build/realsense_camera_msgs/ament_cppcheck/cppcheck_rosidl_typesupport_fastrtps_c.txt" "--command" "/opt/ros/dashing/bin/ament_cppcheck" "--xunit-file" "/home/yan/camps_ws/build/realsense_camera_msgs/test_results/realsense_camera_msgs/cppcheck_rosidl_typesupport_fastrtps_c.xunit.xml" "/home/yan/camps_ws/build/realsense_camera_msgs/rosidl_typesupport_fastrtps_c/realsense_camera_msgs/msg/imu_info__rosidl_typesupport_fastrtps_c.h" "/home/yan/camps_ws/build/realsense_camera_msgs/rosidl_typesupport_fastrtps_c/realsense_camera_msgs/msg/imu_info__type_support_c.cpp" "/home/yan/camps_ws/build/realsense_camera_msgs/rosidl_typesupport_fastrtps_c/realsense_camera_msgs/msg/extrinsics__rosidl_typesupport_fastrtps_c.h" "/home/yan/camps_ws/build/realsense_camera_msgs/rosidl_typesupport_fastrtps_c/realsense_camera_msgs/msg/extrinsics__type_support_c.cpp"
7: Test timeout computed to be: 120
7: -- run_test.py: invoking following command in '/home/yan/camps_ws/src/ros2_intel_realsense/realsense_camera_msgs':
7:  - /opt/ros/dashing/bin/ament_cppcheck --xunit-file /home/yan/camps_ws/build/realsense_camera_msgs/test_results/realsense_camera_msgs/cppcheck_rosidl_typesupport_fastrtps_c.xunit.xml /home/yan/camps_ws/build/realsense_camera_msgs/rosidl_typesupport_fastrtps_c/realsense_camera_msgs/msg/imu_info__rosidl_typesupport_fastrtps_c.h /home/yan/camps_ws/build/realsense_camera_msgs/rosidl_typesupport_fastrtps_c/realsense_camera_msgs/msg/imu_info__type_support_c.cpp /home/yan/camps_ws/build/realsense_camera_msgs/rosidl_typesupport_fastrtps_c/realsense_camera_msgs/msg/extrinsics__rosidl_typesupport_fastrtps_c.h /home/yan/camps_ws/build/realsense_camera_msgs/rosidl_typesupport_fastrtps_c/realsense_camera_msgs/msg/extrinsics__type_support_c.cpp
7: No problems found
7: -- run_test.py: return code 0
7: -- run_test.py: verify result file '/home/yan/camps_ws/build/realsense_camera_msgs/test_results/realsense_camera_msgs/cppcheck_rosidl_typesupport_fastrtps_c.xunit.xml'
 7/29 Test  #7: cppcheck_rosidl_typesupport_fastrtps_c ............   Passed    2.40 sec
test 8
      Start  8: cpplint_rosidl_typesupport_fastrtps_c

8: Test command: /usr/bin/python3 "-u" "/opt/ros/dashing/share/ament_cmake_test/cmake/run_test.py" "/home/yan/camps_ws/build/realsense_camera_msgs/test_results/realsense_camera_msgs/cpplint_rosidl_typesupport_fastrtps_c.xunit.xml" "--package-name" "realsense_camera_msgs" "--output-file" "/home/yan/camps_ws/build/realsense_camera_msgs/ament_cpplint/cpplint_rosidl_typesupport_fastrtps_c.txt" "--command" "/opt/ros/dashing/bin/ament_cpplint" "--xunit-file" "/home/yan/camps_ws/build/realsense_camera_msgs/test_results/realsense_camera_msgs/cpplint_rosidl_typesupport_fastrtps_c.xunit.xml" "--linelength" "999" "--root" "/home/yan/camps_ws/build/realsense_camera_msgs/rosidl_typesupport_fastrtps_c" "/home/yan/camps_ws/build/realsense_camera_msgs/rosidl_typesupport_fastrtps_c/realsense_camera_msgs/msg/imu_info__rosidl_typesupport_fastrtps_c.h" "/home/yan/camps_ws/build/realsense_camera_msgs/rosidl_typesupport_fastrtps_c/realsense_camera_msgs/msg/imu_info__type_support_c.cpp" "/home/yan/camps_ws/build/realsense_camera_msgs/rosidl_typesupport_fastrtps_c/realsense_camera_msgs/msg/extrinsics__rosidl_typesupport_fastrtps_c.h" "/home/yan/camps_ws/build/realsense_camera_msgs/rosidl_typesupport_fastrtps_c/realsense_camera_msgs/msg/extrinsics__type_support_c.cpp"
8: Test timeout computed to be: 120
8: -- run_test.py: invoking following command in '/home/yan/camps_ws/src/ros2_intel_realsense/realsense_camera_msgs':
8:  - /opt/ros/dashing/bin/ament_cpplint --xunit-file /home/yan/camps_ws/build/realsense_camera_msgs/test_results/realsense_camera_msgs/cpplint_rosidl_typesupport_fastrtps_c.xunit.xml --linelength 999 --root /home/yan/camps_ws/build/realsense_camera_msgs/rosidl_typesupport_fastrtps_c /home/yan/camps_ws/build/realsense_camera_msgs/rosidl_typesupport_fastrtps_c/realsense_camera_msgs/msg/imu_info__rosidl_typesupport_fastrtps_c.h /home/yan/camps_ws/build/realsense_camera_msgs/rosidl_typesupport_fastrtps_c/realsense_camera_msgs/msg/imu_info__type_support_c.cpp /home/yan/camps_ws/build/realsense_camera_msgs/rosidl_typesupport_fastrtps_c/realsense_camera_msgs/msg/extrinsics__rosidl_typesupport_fastrtps_c.h /home/yan/camps_ws/build/realsense_camera_msgs/rosidl_typesupport_fastrtps_c/realsense_camera_msgs/msg/extrinsics__type_support_c.cpp
8: Using '--root=/home/yan/camps_ws/build/realsense_camera_msgs/rosidl_typesupport_fastrtps_c' argument
8: 
8: Done processing /home/yan/camps_ws/build/realsense_camera_msgs/rosidl_typesupport_fastrtps_c/realsense_camera_msgs/msg/imu_info__rosidl_typesupport_fastrtps_c.h
8: 
8: Done processing /home/yan/camps_ws/build/realsense_camera_msgs/rosidl_typesupport_fastrtps_c/realsense_camera_msgs/msg/imu_info__type_support_c.cpp
8: 
8: Done processing /home/yan/camps_ws/build/realsense_camera_msgs/rosidl_typesupport_fastrtps_c/realsense_camera_msgs/msg/extrinsics__rosidl_typesupport_fastrtps_c.h
8: 
8: Done processing /home/yan/camps_ws/build/realsense_camera_msgs/rosidl_typesupport_fastrtps_c/realsense_camera_msgs/msg/extrinsics__type_support_c.cpp
8: 
8: No problems found
8: -- run_test.py: return code 0
8: -- run_test.py: verify result file '/home/yan/camps_ws/build/realsense_camera_msgs/test_results/realsense_camera_msgs/cpplint_rosidl_typesupport_fastrtps_c.xunit.xml'
 8/29 Test  #8: cpplint_rosidl_typesupport_fastrtps_c .............   Passed    2.77 sec
test 9
      Start  9: uncrustify_rosidl_typesupport_fastrtps_c

9: Test command: /usr/bin/python3 "-u" "/opt/ros/dashing/share/ament_cmake_test/cmake/run_test.py" "/home/yan/camps_ws/build/realsense_camera_msgs/test_results/realsense_camera_msgs/uncrustify_rosidl_typesupport_fastrtps_c.xunit.xml" "--package-name" "realsense_camera_msgs" "--output-file" "/home/yan/camps_ws/build/realsense_camera_msgs/ament_uncrustify/uncrustify_rosidl_typesupport_fastrtps_c.txt" "--command" "/opt/ros/dashing/bin/ament_uncrustify" "--xunit-file" "/home/yan/camps_ws/build/realsense_camera_msgs/test_results/realsense_camera_msgs/uncrustify_rosidl_typesupport_fastrtps_c.xunit.xml" "--linelength" "0" "/home/yan/camps_ws/build/realsense_camera_msgs/rosidl_typesupport_fastrtps_c/realsense_camera_msgs/msg/imu_info__rosidl_typesupport_fastrtps_c.h" "/home/yan/camps_ws/build/realsense_camera_msgs/rosidl_typesupport_fastrtps_c/realsense_camera_msgs/msg/imu_info__type_support_c.cpp" "/home/yan/camps_ws/build/realsense_camera_msgs/rosidl_typesupport_fastrtps_c/realsense_camera_msgs/msg/extrinsics__rosidl_typesupport_fastrtps_c.h" "/home/yan/camps_ws/build/realsense_camera_msgs/rosidl_typesupport_fastrtps_c/realsense_camera_msgs/msg/extrinsics__type_support_c.cpp"
9: Test timeout computed to be: 60
9: -- run_test.py: invoking following command in '/home/yan/camps_ws/src/ros2_intel_realsense/realsense_camera_msgs':
9:  - /opt/ros/dashing/bin/ament_uncrustify --xunit-file /home/yan/camps_ws/build/realsense_camera_msgs/test_results/realsense_camera_msgs/uncrustify_rosidl_typesupport_fastrtps_c.xunit.xml --linelength 0 /home/yan/camps_ws/build/realsense_camera_msgs/rosidl_typesupport_fastrtps_c/realsense_camera_msgs/msg/imu_info__rosidl_typesupport_fastrtps_c.h /home/yan/camps_ws/build/realsense_camera_msgs/rosidl_typesupport_fastrtps_c/realsense_camera_msgs/msg/imu_info__type_support_c.cpp /home/yan/camps_ws/build/realsense_camera_msgs/rosidl_typesupport_fastrtps_c/realsense_camera_msgs/msg/extrinsics__rosidl_typesupport_fastrtps_c.h /home/yan/camps_ws/build/realsense_camera_msgs/rosidl_typesupport_fastrtps_c/realsense_camera_msgs/msg/extrinsics__type_support_c.cpp
9: No code style divergence in file '/home/yan/camps_ws/build/realsense_camera_msgs/rosidl_typesupport_fastrtps_c/realsense_camera_msgs/msg/imu_info__rosidl_typesupport_fastrtps_c.h'
9: 
9: No code style divergence in file '/home/yan/camps_ws/build/realsense_camera_msgs/rosidl_typesupport_fastrtps_c/realsense_camera_msgs/msg/imu_info__type_support_c.cpp'
9: 
9: No code style divergence in file '/home/yan/camps_ws/build/realsense_camera_msgs/rosidl_typesupport_fastrtps_c/realsense_camera_msgs/msg/extrinsics__rosidl_typesupport_fastrtps_c.h'
9: 
9: No code style divergence in file '/home/yan/camps_ws/build/realsense_camera_msgs/rosidl_typesupport_fastrtps_c/realsense_camera_msgs/msg/extrinsics__type_support_c.cpp'
9: 
9: No problems found
9: -- run_test.py: return code 0
9: -- run_test.py: verify result file '/home/yan/camps_ws/build/realsense_camera_msgs/test_results/realsense_camera_msgs/uncrustify_rosidl_typesupport_fastrtps_c.xunit.xml'
 9/29 Test  #9: uncrustify_rosidl_typesupport_fastrtps_c ..........   Passed    2.62 sec
test 10
      Start 10: cppcheck_rosidl_generated_c

10: Test command: /usr/bin/python3 "-u" "/opt/ros/dashing/share/ament_cmake_test/cmake/run_test.py" "/home/yan/camps_ws/build/realsense_camera_msgs/test_results/realsense_camera_msgs/cppcheck_rosidl_generated_c.xunit.xml" "--package-name" "realsense_camera_msgs" "--output-file" "/home/yan/camps_ws/build/realsense_camera_msgs/ament_cppcheck/cppcheck_rosidl_generated_c.txt" "--command" "/opt/ros/dashing/bin/ament_cppcheck" "--xunit-file" "/home/yan/camps_ws/build/realsense_camera_msgs/test_results/realsense_camera_msgs/cppcheck_rosidl_generated_c.xunit.xml" "/home/yan/camps_ws/build/realsense_camera_msgs/rosidl_generator_c/realsense_camera_msgs"
10: Test timeout computed to be: 120
10: -- run_test.py: invoking following command in '/home/yan/camps_ws/src/ros2_intel_realsense/realsense_camera_msgs':
10:  - /opt/ros/dashing/bin/ament_cppcheck --xunit-file /home/yan/camps_ws/build/realsense_camera_msgs/test_results/realsense_camera_msgs/cppcheck_rosidl_generated_c.xunit.xml /home/yan/camps_ws/build/realsense_camera_msgs/rosidl_generator_c/realsense_camera_msgs
10: No problems found
10: -- run_test.py: return code 0
10: -- run_test.py: verify result file '/home/yan/camps_ws/build/realsense_camera_msgs/test_results/realsense_camera_msgs/cppcheck_rosidl_generated_c.xunit.xml'
10/29 Test #10: cppcheck_rosidl_generated_c .......................   Passed    1.95 sec
test 11
      Start 11: cpplint_rosidl_generated_c

11: Test command: /usr/bin/python3 "-u" "/opt/ros/dashing/share/ament_cmake_test/cmake/run_test.py" "/home/yan/camps_ws/build/realsense_camera_msgs/test_results/realsense_camera_msgs/cpplint_rosidl_generated_c.xunit.xml" "--package-name" "realsense_camera_msgs" "--output-file" "/home/yan/camps_ws/build/realsense_camera_msgs/ament_cpplint/cpplint_rosidl_generated_c.txt" "--command" "/opt/ros/dashing/bin/ament_cpplint" "--xunit-file" "/home/yan/camps_ws/build/realsense_camera_msgs/test_results/realsense_camera_msgs/cpplint_rosidl_generated_c.xunit.xml" "--linelength" "999" "--root" "/home/yan/camps_ws/build/realsense_camera_msgs/rosidl_generator_c" "/home/yan/camps_ws/build/realsense_camera_msgs/rosidl_generator_c/realsense_camera_msgs"
11: Test timeout computed to be: 120
11: -- run_test.py: invoking following command in '/home/yan/camps_ws/src/ros2_intel_realsense/realsense_camera_msgs':
11:  - /opt/ros/dashing/bin/ament_cpplint --xunit-file /home/yan/camps_ws/build/realsense_camera_msgs/test_results/realsense_camera_msgs/cpplint_rosidl_generated_c.xunit.xml --linelength 999 --root /home/yan/camps_ws/build/realsense_camera_msgs/rosidl_generator_c /home/yan/camps_ws/build/realsense_camera_msgs/rosidl_generator_c/realsense_camera_msgs
11: Using '--root=/home/yan/camps_ws/build/realsense_camera_msgs/rosidl_generator_c' argument
11: 
11: Done processing /home/yan/camps_ws/build/realsense_camera_msgs/rosidl_generator_c/realsense_camera_msgs/msg/extrinsics.h
11: 
11: Done processing /home/yan/camps_ws/build/realsense_camera_msgs/rosidl_generator_c/realsense_camera_msgs/msg/extrinsics__functions.c
11: 
11: Done processing /home/yan/camps_ws/build/realsense_camera_msgs/rosidl_generator_c/realsense_camera_msgs/msg/extrinsics__functions.h
11: 
11: Done processing /home/yan/camps_ws/build/realsense_camera_msgs/rosidl_generator_c/realsense_camera_msgs/msg/extrinsics__struct.h
11: 
11: Done processing /home/yan/camps_ws/build/realsense_camera_msgs/rosidl_generator_c/realsense_camera_msgs/msg/extrinsics__type_support.h
11: 
11: Done processing /home/yan/camps_ws/build/realsense_camera_msgs/rosidl_generator_c/realsense_camera_msgs/msg/imu_info.h
11: 
11: Done processing /home/yan/camps_ws/build/realsense_camera_msgs/rosidl_generator_c/realsense_camera_msgs/msg/imu_info__functions.c
11: 
11: Done processing /home/yan/camps_ws/build/realsense_camera_msgs/rosidl_generator_c/realsense_camera_msgs/msg/imu_info__functions.h
11: 
11: Done processing /home/yan/camps_ws/build/realsense_camera_msgs/rosidl_generator_c/realsense_camera_msgs/msg/imu_info__struct.h
11: 
11: Done processing /home/yan/camps_ws/build/realsense_camera_msgs/rosidl_generator_c/realsense_camera_msgs/msg/imu_info__type_support.h
11: 
11: Done processing /home/yan/camps_ws/build/realsense_camera_msgs/rosidl_generator_c/realsense_camera_msgs/msg/rosidl_generator_c__visibility_control.h
11: 
11: No problems found
11: -- run_test.py: return code 0
11: -- run_test.py: verify result file '/home/yan/camps_ws/build/realsense_camera_msgs/test_results/realsense_camera_msgs/cpplint_rosidl_generated_c.xunit.xml'
11/29 Test #11: cpplint_rosidl_generated_c ........................   Passed    3.37 sec
test 12
      Start 12: uncrustify_rosidl_generated_c

12: Test command: /usr/bin/python3 "-u" "/opt/ros/dashing/share/ament_cmake_test/cmake/run_test.py" "/home/yan/camps_ws/build/realsense_camera_msgs/test_results/realsense_camera_msgs/uncrustify_rosidl_generated_c.xunit.xml" "--package-name" "realsense_camera_msgs" "--output-file" "/home/yan/camps_ws/build/realsense_camera_msgs/ament_uncrustify/uncrustify_rosidl_generated_c.txt" "--command" "/opt/ros/dashing/bin/ament_uncrustify" "--xunit-file" "/home/yan/camps_ws/build/realsense_camera_msgs/test_results/realsense_camera_msgs/uncrustify_rosidl_generated_c.xunit.xml" "--linelength" "0" "/home/yan/camps_ws/build/realsense_camera_msgs/rosidl_generator_c/realsense_camera_msgs"
12: Test timeout computed to be: 60
12: -- run_test.py: invoking following command in '/home/yan/camps_ws/src/ros2_intel_realsense/realsense_camera_msgs':
12:  - /opt/ros/dashing/bin/ament_uncrustify --xunit-file /home/yan/camps_ws/build/realsense_camera_msgs/test_results/realsense_camera_msgs/uncrustify_rosidl_generated_c.xunit.xml --linelength 0 /home/yan/camps_ws/build/realsense_camera_msgs/rosidl_generator_c/realsense_camera_msgs
12: No code style divergence in file '/home/yan/camps_ws/build/realsense_camera_msgs/rosidl_generator_c/realsense_camera_msgs/msg/extrinsics.h'
12: 
12: No code style divergence in file '/home/yan/camps_ws/build/realsense_camera_msgs/rosidl_generator_c/realsense_camera_msgs/msg/extrinsics__functions.c'
12: 
12: No code style divergence in file '/home/yan/camps_ws/build/realsense_camera_msgs/rosidl_generator_c/realsense_camera_msgs/msg/extrinsics__functions.h'
12: 
12: No code style divergence in file '/home/yan/camps_ws/build/realsense_camera_msgs/rosidl_generator_c/realsense_camera_msgs/msg/extrinsics__struct.h'
12: 
12: No code style divergence in file '/home/yan/camps_ws/build/realsense_camera_msgs/rosidl_generator_c/realsense_camera_msgs/msg/extrinsics__type_support.h'
12: 
12: No code style divergence in file '/home/yan/camps_ws/build/realsense_camera_msgs/rosidl_generator_c/realsense_camera_msgs/msg/imu_info.h'
12: 
12: No code style divergence in file '/home/yan/camps_ws/build/realsense_camera_msgs/rosidl_generator_c/realsense_camera_msgs/msg/imu_info__functions.c'
12: 
12: No code style divergence in file '/home/yan/camps_ws/build/realsense_camera_msgs/rosidl_generator_c/realsense_camera_msgs/msg/imu_info__functions.h'
12: 
12: No code style divergence in file '/home/yan/camps_ws/build/realsense_camera_msgs/rosidl_generator_c/realsense_camera_msgs/msg/imu_info__struct.h'
12: 
12: No code style divergence in file '/home/yan/camps_ws/build/realsense_camera_msgs/rosidl_generator_c/realsense_camera_msgs/msg/imu_info__type_support.h'
12: 
12: No code style divergence in file '/home/yan/camps_ws/build/realsense_camera_msgs/rosidl_generator_c/realsense_camera_msgs/msg/rosidl_generator_c__visibility_control.h'
12: 
12: No problems found
12: -- run_test.py: return code 0
12: -- run_test.py: verify result file '/home/yan/camps_ws/build/realsense_camera_msgs/test_results/realsense_camera_msgs/uncrustify_rosidl_generated_c.xunit.xml'
12/29 Test #12: uncrustify_rosidl_generated_c .....................   Passed    2.34 sec
test 13
      Start 13: cppcheck_rosidl_typesupport_fastrtps_cpp

13: Test command: /usr/bin/python3 "-u" "/opt/ros/dashing/share/ament_cmake_test/cmake/run_test.py" "/home/yan/camps_ws/build/realsense_camera_msgs/test_results/realsense_camera_msgs/cppcheck_rosidl_typesupport_fastrtps_cpp.xunit.xml" "--package-name" "realsense_camera_msgs" "--output-file" "/home/yan/camps_ws/build/realsense_camera_msgs/ament_cppcheck/cppcheck_rosidl_typesupport_fastrtps_cpp.txt" "--command" "/opt/ros/dashing/bin/ament_cppcheck" "--xunit-file" "/home/yan/camps_ws/build/realsense_camera_msgs/test_results/realsense_camera_msgs/cppcheck_rosidl_typesupport_fastrtps_cpp.xunit.xml" "/home/yan/camps_ws/build/realsense_camera_msgs/rosidl_typesupport_fastrtps_cpp/realsense_camera_msgs/msg/dds_fastrtps/imu_info__type_support.cpp" "/home/yan/camps_ws/build/realsense_camera_msgs/rosidl_typesupport_fastrtps_cpp/realsense_camera_msgs/msg/imu_info__rosidl_typesupport_fastrtps_cpp.hpp" "/home/yan/camps_ws/build/realsense_camera_msgs/rosidl_typesupport_fastrtps_cpp/realsense_camera_msgs/msg/dds_fastrtps/extrinsics__type_support.cpp" "/home/yan/camps_ws/build/realsense_camera_msgs/rosidl_typesupport_fastrtps_cpp/realsense_camera_msgs/msg/extrinsics__rosidl_typesupport_fastrtps_cpp.hpp"
13: Test timeout computed to be: 120
13: -- run_test.py: invoking following command in '/home/yan/camps_ws/src/ros2_intel_realsense/realsense_camera_msgs':
13:  - /opt/ros/dashing/bin/ament_cppcheck --xunit-file /home/yan/camps_ws/build/realsense_camera_msgs/test_results/realsense_camera_msgs/cppcheck_rosidl_typesupport_fastrtps_cpp.xunit.xml /home/yan/camps_ws/build/realsense_camera_msgs/rosidl_typesupport_fastrtps_cpp/realsense_camera_msgs/msg/dds_fastrtps/imu_info__type_support.cpp /home/yan/camps_ws/build/realsense_camera_msgs/rosidl_typesupport_fastrtps_cpp/realsense_camera_msgs/msg/imu_info__rosidl_typesupport_fastrtps_cpp.hpp /home/yan/camps_ws/build/realsense_camera_msgs/rosidl_typesupport_fastrtps_cpp/realsense_camera_msgs/msg/dds_fastrtps/extrinsics__type_support.cpp /home/yan/camps_ws/build/realsense_camera_msgs/rosidl_typesupport_fastrtps_cpp/realsense_camera_msgs/msg/extrinsics__rosidl_typesupport_fastrtps_cpp.hpp
13: No problems found
13: -- run_test.py: return code 0
13: -- run_test.py: verify result file '/home/yan/camps_ws/build/realsense_camera_msgs/test_results/realsense_camera_msgs/cppcheck_rosidl_typesupport_fastrtps_cpp.xunit.xml'
13/29 Test #13: cppcheck_rosidl_typesupport_fastrtps_cpp ..........   Passed    2.23 sec
test 14
      Start 14: cpplint_rosidl_typesupport_fastrtps_cpp

14: Test command: /usr/bin/python3 "-u" "/opt/ros/dashing/share/ament_cmake_test/cmake/run_test.py" "/home/yan/camps_ws/build/realsense_camera_msgs/test_results/realsense_camera_msgs/cpplint_rosidl_typesupport_fastrtps_cpp.xunit.xml" "--package-name" "realsense_camera_msgs" "--output-file" "/home/yan/camps_ws/build/realsense_camera_msgs/ament_cpplint/cpplint_rosidl_typesupport_fastrtps_cpp.txt" "--command" "/opt/ros/dashing/bin/ament_cpplint" "--xunit-file" "/home/yan/camps_ws/build/realsense_camera_msgs/test_results/realsense_camera_msgs/cpplint_rosidl_typesupport_fastrtps_cpp.xunit.xml" "--linelength" "999" "--root" "/home/yan/camps_ws/build/realsense_camera_msgs/rosidl_typesupport_fastrtps_cpp" "/home/yan/camps_ws/build/realsense_camera_msgs/rosidl_typesupport_fastrtps_cpp/realsense_camera_msgs/msg/dds_fastrtps/imu_info__type_support.cpp" "/home/yan/camps_ws/build/realsense_camera_msgs/rosidl_typesupport_fastrtps_cpp/realsense_camera_msgs/msg/imu_info__rosidl_typesupport_fastrtps_cpp.hpp" "/home/yan/camps_ws/build/realsense_camera_msgs/rosidl_typesupport_fastrtps_cpp/realsense_camera_msgs/msg/dds_fastrtps/extrinsics__type_support.cpp" "/home/yan/camps_ws/build/realsense_camera_msgs/rosidl_typesupport_fastrtps_cpp/realsense_camera_msgs/msg/extrinsics__rosidl_typesupport_fastrtps_cpp.hpp"
14: Test timeout computed to be: 120
14: -- run_test.py: invoking following command in '/home/yan/camps_ws/src/ros2_intel_realsense/realsense_camera_msgs':
14:  - /opt/ros/dashing/bin/ament_cpplint --xunit-file /home/yan/camps_ws/build/realsense_camera_msgs/test_results/realsense_camera_msgs/cpplint_rosidl_typesupport_fastrtps_cpp.xunit.xml --linelength 999 --root /home/yan/camps_ws/build/realsense_camera_msgs/rosidl_typesupport_fastrtps_cpp /home/yan/camps_ws/build/realsense_camera_msgs/rosidl_typesupport_fastrtps_cpp/realsense_camera_msgs/msg/dds_fastrtps/imu_info__type_support.cpp /home/yan/camps_ws/build/realsense_camera_msgs/rosidl_typesupport_fastrtps_cpp/realsense_camera_msgs/msg/imu_info__rosidl_typesupport_fastrtps_cpp.hpp /home/yan/camps_ws/build/realsense_camera_msgs/rosidl_typesupport_fastrtps_cpp/realsense_camera_msgs/msg/dds_fastrtps/extrinsics__type_support.cpp /home/yan/camps_ws/build/realsense_camera_msgs/rosidl_typesupport_fastrtps_cpp/realsense_camera_msgs/msg/extrinsics__rosidl_typesupport_fastrtps_cpp.hpp
14: Using '--root=/home/yan/camps_ws/build/realsense_camera_msgs/rosidl_typesupport_fastrtps_cpp' argument
14: 
14: Done processing /home/yan/camps_ws/build/realsense_camera_msgs/rosidl_typesupport_fastrtps_cpp/realsense_camera_msgs/msg/dds_fastrtps/imu_info__type_support.cpp
14: 
14: Done processing /home/yan/camps_ws/build/realsense_camera_msgs/rosidl_typesupport_fastrtps_cpp/realsense_camera_msgs/msg/imu_info__rosidl_typesupport_fastrtps_cpp.hpp
14: 
14: Done processing /home/yan/camps_ws/build/realsense_camera_msgs/rosidl_typesupport_fastrtps_cpp/realsense_camera_msgs/msg/dds_fastrtps/extrinsics__type_support.cpp
14: 
14: Done processing /home/yan/camps_ws/build/realsense_camera_msgs/rosidl_typesupport_fastrtps_cpp/realsense_camera_msgs/msg/extrinsics__rosidl_typesupport_fastrtps_cpp.hpp
14: 
14: No problems found
14: -- run_test.py: return code 0
14: -- run_test.py: verify result file '/home/yan/camps_ws/build/realsense_camera_msgs/test_results/realsense_camera_msgs/cpplint_rosidl_typesupport_fastrtps_cpp.xunit.xml'
14/29 Test #14: cpplint_rosidl_typesupport_fastrtps_cpp ...........   Passed    2.97 sec
test 15
      Start 15: uncrustify_rosidl_typesupport_fastrtps_cpp

15: Test command: /usr/bin/python3 "-u" "/opt/ros/dashing/share/ament_cmake_test/cmake/run_test.py" "/home/yan/camps_ws/build/realsense_camera_msgs/test_results/realsense_camera_msgs/uncrustify_rosidl_typesupport_fastrtps_cpp.xunit.xml" "--package-name" "realsense_camera_msgs" "--output-file" "/home/yan/camps_ws/build/realsense_camera_msgs/ament_uncrustify/uncrustify_rosidl_typesupport_fastrtps_cpp.txt" "--command" "/opt/ros/dashing/bin/ament_uncrustify" "--xunit-file" "/home/yan/camps_ws/build/realsense_camera_msgs/test_results/realsense_camera_msgs/uncrustify_rosidl_typesupport_fastrtps_cpp.xunit.xml" "--linelength" "0" "/home/yan/camps_ws/build/realsense_camera_msgs/rosidl_typesupport_fastrtps_cpp/realsense_camera_msgs/msg/dds_fastrtps/imu_info__type_support.cpp" "/home/yan/camps_ws/build/realsense_camera_msgs/rosidl_typesupport_fastrtps_cpp/realsense_camera_msgs/msg/imu_info__rosidl_typesupport_fastrtps_cpp.hpp" "/home/yan/camps_ws/build/realsense_camera_msgs/rosidl_typesupport_fastrtps_cpp/realsense_camera_msgs/msg/dds_fastrtps/extrinsics__type_support.cpp" "/home/yan/camps_ws/build/realsense_camera_msgs/rosidl_typesupport_fastrtps_cpp/realsense_camera_msgs/msg/extrinsics__rosidl_typesupport_fastrtps_cpp.hpp"
15: Test timeout computed to be: 60
15: -- run_test.py: invoking following command in '/home/yan/camps_ws/src/ros2_intel_realsense/realsense_camera_msgs':
15:  - /opt/ros/dashing/bin/ament_uncrustify --xunit-file /home/yan/camps_ws/build/realsense_camera_msgs/test_results/realsense_camera_msgs/uncrustify_rosidl_typesupport_fastrtps_cpp.xunit.xml --linelength 0 /home/yan/camps_ws/build/realsense_camera_msgs/rosidl_typesupport_fastrtps_cpp/realsense_camera_msgs/msg/dds_fastrtps/imu_info__type_support.cpp /home/yan/camps_ws/build/realsense_camera_msgs/rosidl_typesupport_fastrtps_cpp/realsense_camera_msgs/msg/imu_info__rosidl_typesupport_fastrtps_cpp.hpp /home/yan/camps_ws/build/realsense_camera_msgs/rosidl_typesupport_fastrtps_cpp/realsense_camera_msgs/msg/dds_fastrtps/extrinsics__type_support.cpp /home/yan/camps_ws/build/realsense_camera_msgs/rosidl_typesupport_fastrtps_cpp/realsense_camera_msgs/msg/extrinsics__rosidl_typesupport_fastrtps_cpp.hpp
15: No code style divergence in file '/home/yan/camps_ws/build/realsense_camera_msgs/rosidl_typesupport_fastrtps_cpp/realsense_camera_msgs/msg/dds_fastrtps/imu_info__type_support.cpp'
15: 
15: No code style divergence in file '/home/yan/camps_ws/build/realsense_camera_msgs/rosidl_typesupport_fastrtps_cpp/realsense_camera_msgs/msg/imu_info__rosidl_typesupport_fastrtps_cpp.hpp'
15: 
15: No code style divergence in file '/home/yan/camps_ws/build/realsense_camera_msgs/rosidl_typesupport_fastrtps_cpp/realsense_camera_msgs/msg/dds_fastrtps/extrinsics__type_support.cpp'
15: 
15: No code style divergence in file '/home/yan/camps_ws/build/realsense_camera_msgs/rosidl_typesupport_fastrtps_cpp/realsense_camera_msgs/msg/extrinsics__rosidl_typesupport_fastrtps_cpp.hpp'
15: 
15: No problems found
15: -- run_test.py: return code 0
15: -- run_test.py: verify result file '/home/yan/camps_ws/build/realsense_camera_msgs/test_results/realsense_camera_msgs/uncrustify_rosidl_typesupport_fastrtps_cpp.xunit.xml'
15/29 Test #15: uncrustify_rosidl_typesupport_fastrtps_cpp ........   Passed    2.26 sec
test 16
      Start 16: cppcheck_rosidl_generated_cpp

16: Test command: /usr/bin/python3 "-u" "/opt/ros/dashing/share/ament_cmake_test/cmake/run_test.py" "/home/yan/camps_ws/build/realsense_camera_msgs/test_results/realsense_camera_msgs/cppcheck_rosidl_generated_cpp.xunit.xml" "--package-name" "realsense_camera_msgs" "--output-file" "/home/yan/camps_ws/build/realsense_camera_msgs/ament_cppcheck/cppcheck_rosidl_generated_cpp.txt" "--command" "/opt/ros/dashing/bin/ament_cppcheck" "--xunit-file" "/home/yan/camps_ws/build/realsense_camera_msgs/test_results/realsense_camera_msgs/cppcheck_rosidl_generated_cpp.xunit.xml" "/home/yan/camps_ws/build/realsense_camera_msgs/rosidl_generator_cpp/realsense_camera_msgs"
16: Test timeout computed to be: 120
16: -- run_test.py: invoking following command in '/home/yan/camps_ws/src/ros2_intel_realsense/realsense_camera_msgs':
16:  - /opt/ros/dashing/bin/ament_cppcheck --xunit-file /home/yan/camps_ws/build/realsense_camera_msgs/test_results/realsense_camera_msgs/cppcheck_rosidl_generated_cpp.xunit.xml /home/yan/camps_ws/build/realsense_camera_msgs/rosidl_generator_cpp/realsense_camera_msgs
16: No problems found
16: -- run_test.py: return code 0
16: -- run_test.py: verify result file '/home/yan/camps_ws/build/realsense_camera_msgs/test_results/realsense_camera_msgs/cppcheck_rosidl_generated_cpp.xunit.xml'
16/29 Test #16: cppcheck_rosidl_generated_cpp .....................   Passed    2.26 sec
test 17
      Start 17: cpplint_rosidl_generated_cpp

17: Test command: /usr/bin/python3 "-u" "/opt/ros/dashing/share/ament_cmake_test/cmake/run_test.py" "/home/yan/camps_ws/build/realsense_camera_msgs/test_results/realsense_camera_msgs/cpplint_rosidl_generated_cpp.xunit.xml" "--package-name" "realsense_camera_msgs" "--output-file" "/home/yan/camps_ws/build/realsense_camera_msgs/ament_cpplint/cpplint_rosidl_generated_cpp.txt" "--command" "/opt/ros/dashing/bin/ament_cpplint" "--xunit-file" "/home/yan/camps_ws/build/realsense_camera_msgs/test_results/realsense_camera_msgs/cpplint_rosidl_generated_cpp.xunit.xml" "--linelength" "999" "--root" "/home/yan/camps_ws/build/realsense_camera_msgs/rosidl_generator_cpp" "/home/yan/camps_ws/build/realsense_camera_msgs/rosidl_generator_cpp/realsense_camera_msgs"
17: Test timeout computed to be: 120
17: -- run_test.py: invoking following command in '/home/yan/camps_ws/src/ros2_intel_realsense/realsense_camera_msgs':
17:  - /opt/ros/dashing/bin/ament_cpplint --xunit-file /home/yan/camps_ws/build/realsense_camera_msgs/test_results/realsense_camera_msgs/cpplint_rosidl_generated_cpp.xunit.xml --linelength 999 --root /home/yan/camps_ws/build/realsense_camera_msgs/rosidl_generator_cpp /home/yan/camps_ws/build/realsense_camera_msgs/rosidl_generator_cpp/realsense_camera_msgs
17: Using '--root=/home/yan/camps_ws/build/realsense_camera_msgs/rosidl_generator_cpp' argument
17: 
17: Done processing /home/yan/camps_ws/build/realsense_camera_msgs/rosidl_generator_cpp/realsense_camera_msgs/msg/extrinsics.hpp
17: 
17: Done processing /home/yan/camps_ws/build/realsense_camera_msgs/rosidl_generator_cpp/realsense_camera_msgs/msg/extrinsics__struct.hpp
17: 
17: Done processing /home/yan/camps_ws/build/realsense_camera_msgs/rosidl_generator_cpp/realsense_camera_msgs/msg/extrinsics__traits.hpp
17: 
17: Done processing /home/yan/camps_ws/build/realsense_camera_msgs/rosidl_generator_cpp/realsense_camera_msgs/msg/imu_info.hpp
17: 
17: Done processing /home/yan/camps_ws/build/realsense_camera_msgs/rosidl_generator_cpp/realsense_camera_msgs/msg/imu_info__struct.hpp
17: 
17: Done processing /home/yan/camps_ws/build/realsense_camera_msgs/rosidl_generator_cpp/realsense_camera_msgs/msg/imu_info__traits.hpp
17: 
17: No problems found
17: -- run_test.py: return code 0
17: -- run_test.py: verify result file '/home/yan/camps_ws/build/realsense_camera_msgs/test_results/realsense_camera_msgs/cpplint_rosidl_generated_cpp.xunit.xml'
17/29 Test #17: cpplint_rosidl_generated_cpp ......................   Passed    3.09 sec
test 18
      Start 18: uncrustify_rosidl_generated_cpp

18: Test command: /usr/bin/python3 "-u" "/opt/ros/dashing/share/ament_cmake_test/cmake/run_test.py" "/home/yan/camps_ws/build/realsense_camera_msgs/test_results/realsense_camera_msgs/uncrustify_rosidl_generated_cpp.xunit.xml" "--package-name" "realsense_camera_msgs" "--output-file" "/home/yan/camps_ws/build/realsense_camera_msgs/ament_uncrustify/uncrustify_rosidl_generated_cpp.txt" "--command" "/opt/ros/dashing/bin/ament_uncrustify" "--xunit-file" "/home/yan/camps_ws/build/realsense_camera_msgs/test_results/realsense_camera_msgs/uncrustify_rosidl_generated_cpp.xunit.xml" "--linelength" "0" "/home/yan/camps_ws/build/realsense_camera_msgs/rosidl_generator_cpp/realsense_camera_msgs"
18: Test timeout computed to be: 60
18: -- run_test.py: invoking following command in '/home/yan/camps_ws/src/ros2_intel_realsense/realsense_camera_msgs':
18:  - /opt/ros/dashing/bin/ament_uncrustify --xunit-file /home/yan/camps_ws/build/realsense_camera_msgs/test_results/realsense_camera_msgs/uncrustify_rosidl_generated_cpp.xunit.xml --linelength 0 /home/yan/camps_ws/build/realsense_camera_msgs/rosidl_generator_cpp/realsense_camera_msgs
18: No code style divergence in file '/home/yan/camps_ws/build/realsense_camera_msgs/rosidl_generator_cpp/realsense_camera_msgs/msg/extrinsics.hpp'
18: 
18: No code style divergence in file '/home/yan/camps_ws/build/realsense_camera_msgs/rosidl_generator_cpp/realsense_camera_msgs/msg/extrinsics__struct.hpp'
18: 
18: No code style divergence in file '/home/yan/camps_ws/build/realsense_camera_msgs/rosidl_generator_cpp/realsense_camera_msgs/msg/extrinsics__traits.hpp'
18: 
18: No code style divergence in file '/home/yan/camps_ws/build/realsense_camera_msgs/rosidl_generator_cpp/realsense_camera_msgs/msg/imu_info.hpp'
18: 
18: No code style divergence in file '/home/yan/camps_ws/build/realsense_camera_msgs/rosidl_generator_cpp/realsense_camera_msgs/msg/imu_info__struct.hpp'
18: 
18: No code style divergence in file '/home/yan/camps_ws/build/realsense_camera_msgs/rosidl_generator_cpp/realsense_camera_msgs/msg/imu_info__traits.hpp'
18: 
18: No problems found
18: -- run_test.py: return code 0
18: -- run_test.py: verify result file '/home/yan/camps_ws/build/realsense_camera_msgs/test_results/realsense_camera_msgs/uncrustify_rosidl_generated_cpp.xunit.xml'
18/29 Test #18: uncrustify_rosidl_generated_cpp ...................   Passed    1.90 sec
test 19
      Start 19: cppcheck_rosidl_typesupport_introspection_c

19: Test command: /usr/bin/python3 "-u" "/opt/ros/dashing/share/ament_cmake_test/cmake/run_test.py" "/home/yan/camps_ws/build/realsense_camera_msgs/test_results/realsense_camera_msgs/cppcheck_rosidl_typesupport_introspection_c.xunit.xml" "--package-name" "realsense_camera_msgs" "--output-file" "/home/yan/camps_ws/build/realsense_camera_msgs/ament_cppcheck/cppcheck_rosidl_typesupport_introspection_c.txt" "--command" "/opt/ros/dashing/bin/ament_cppcheck" "--xunit-file" "/home/yan/camps_ws/build/realsense_camera_msgs/test_results/realsense_camera_msgs/cppcheck_rosidl_typesupport_introspection_c.xunit.xml" "/home/yan/camps_ws/build/realsense_camera_msgs/rosidl_typesupport_introspection_c/realsense_camera_msgs"
19: Test timeout computed to be: 120
19: -- run_test.py: invoking following command in '/home/yan/camps_ws/src/ros2_intel_realsense/realsense_camera_msgs':
19:  - /opt/ros/dashing/bin/ament_cppcheck --xunit-file /home/yan/camps_ws/build/realsense_camera_msgs/test_results/realsense_camera_msgs/cppcheck_rosidl_typesupport_introspection_c.xunit.xml /home/yan/camps_ws/build/realsense_camera_msgs/rosidl_typesupport_introspection_c/realsense_camera_msgs
19: No problems found
19: -- run_test.py: return code 0
19: -- run_test.py: verify result file '/home/yan/camps_ws/build/realsense_camera_msgs/test_results/realsense_camera_msgs/cppcheck_rosidl_typesupport_introspection_c.xunit.xml'
19/29 Test #19: cppcheck_rosidl_typesupport_introspection_c .......   Passed    1.96 sec
test 20
      Start 20: cpplint_rosidl_typesupport_introspection_c

20: Test command: /usr/bin/python3 "-u" "/opt/ros/dashing/share/ament_cmake_test/cmake/run_test.py" "/home/yan/camps_ws/build/realsense_camera_msgs/test_results/realsense_camera_msgs/cpplint_rosidl_typesupport_introspection_c.xunit.xml" "--package-name" "realsense_camera_msgs" "--output-file" "/home/yan/camps_ws/build/realsense_camera_msgs/ament_cpplint/cpplint_rosidl_typesupport_introspection_c.txt" "--command" "/opt/ros/dashing/bin/ament_cpplint" "--xunit-file" "/home/yan/camps_ws/build/realsense_camera_msgs/test_results/realsense_camera_msgs/cpplint_rosidl_typesupport_introspection_c.xunit.xml" "--linelength" "999" "--root" "/home/yan/camps_ws/build/realsense_camera_msgs/rosidl_typesupport_introspection_c" "/home/yan/camps_ws/build/realsense_camera_msgs/rosidl_typesupport_introspection_c/realsense_camera_msgs"
20: Test timeout computed to be: 120
20: -- run_test.py: invoking following command in '/home/yan/camps_ws/src/ros2_intel_realsense/realsense_camera_msgs':
20:  - /opt/ros/dashing/bin/ament_cpplint --xunit-file /home/yan/camps_ws/build/realsense_camera_msgs/test_results/realsense_camera_msgs/cpplint_rosidl_typesupport_introspection_c.xunit.xml --linelength 999 --root /home/yan/camps_ws/build/realsense_camera_msgs/rosidl_typesupport_introspection_c /home/yan/camps_ws/build/realsense_camera_msgs/rosidl_typesupport_introspection_c/realsense_camera_msgs
20: Using '--root=/home/yan/camps_ws/build/realsense_camera_msgs/rosidl_typesupport_introspection_c' argument
20: 
20: Done processing /home/yan/camps_ws/build/realsense_camera_msgs/rosidl_typesupport_introspection_c/realsense_camera_msgs/msg/extrinsics__rosidl_typesupport_introspection_c.h
20: 
20: Done processing /home/yan/camps_ws/build/realsense_camera_msgs/rosidl_typesupport_introspection_c/realsense_camera_msgs/msg/extrinsics__type_support.c
20: 
20: Done processing /home/yan/camps_ws/build/realsense_camera_msgs/rosidl_typesupport_introspection_c/realsense_camera_msgs/msg/imu_info__rosidl_typesupport_introspection_c.h
20: 
20: Done processing /home/yan/camps_ws/build/realsense_camera_msgs/rosidl_typesupport_introspection_c/realsense_camera_msgs/msg/imu_info__type_support.c
20: 
20: Done processing /home/yan/camps_ws/build/realsense_camera_msgs/rosidl_typesupport_introspection_c/realsense_camera_msgs/msg/rosidl_typesupport_introspection_c__visibility_control.h
20: 
20: No problems found
20: -- run_test.py: return code 0
20: -- run_test.py: verify result file '/home/yan/camps_ws/build/realsense_camera_msgs/test_results/realsense_camera_msgs/cpplint_rosidl_typesupport_introspection_c.xunit.xml'
20/29 Test #20: cpplint_rosidl_typesupport_introspection_c ........   Passed    2.44 sec
test 21
      Start 21: uncrustify_rosidl_typesupport_introspection_c

21: Test command: /usr/bin/python3 "-u" "/opt/ros/dashing/share/ament_cmake_test/cmake/run_test.py" "/home/yan/camps_ws/build/realsense_camera_msgs/test_results/realsense_camera_msgs/uncrustify_rosidl_typesupport_introspection_c.xunit.xml" "--package-name" "realsense_camera_msgs" "--output-file" "/home/yan/camps_ws/build/realsense_camera_msgs/ament_uncrustify/uncrustify_rosidl_typesupport_introspection_c.txt" "--command" "/opt/ros/dashing/bin/ament_uncrustify" "--xunit-file" "/home/yan/camps_ws/build/realsense_camera_msgs/test_results/realsense_camera_msgs/uncrustify_rosidl_typesupport_introspection_c.xunit.xml" "--linelength" "0" "/home/yan/camps_ws/build/realsense_camera_msgs/rosidl_typesupport_introspection_c/realsense_camera_msgs"
21: Test timeout computed to be: 60
21: -- run_test.py: invoking following command in '/home/yan/camps_ws/src/ros2_intel_realsense/realsense_camera_msgs':
21:  - /opt/ros/dashing/bin/ament_uncrustify --xunit-file /home/yan/camps_ws/build/realsense_camera_msgs/test_results/realsense_camera_msgs/uncrustify_rosidl_typesupport_introspection_c.xunit.xml --linelength 0 /home/yan/camps_ws/build/realsense_camera_msgs/rosidl_typesupport_introspection_c/realsense_camera_msgs
21: No code style divergence in file '/home/yan/camps_ws/build/realsense_camera_msgs/rosidl_typesupport_introspection_c/realsense_camera_msgs/msg/extrinsics__rosidl_typesupport_introspection_c.h'
21: 
21: No code style divergence in file '/home/yan/camps_ws/build/realsense_camera_msgs/rosidl_typesupport_introspection_c/realsense_camera_msgs/msg/extrinsics__type_support.c'
21: 
21: No code style divergence in file '/home/yan/camps_ws/build/realsense_camera_msgs/rosidl_typesupport_introspection_c/realsense_camera_msgs/msg/imu_info__rosidl_typesupport_introspection_c.h'
21: 
21: No code style divergence in file '/home/yan/camps_ws/build/realsense_camera_msgs/rosidl_typesupport_introspection_c/realsense_camera_msgs/msg/imu_info__type_support.c'
21: 
21: No code style divergence in file '/home/yan/camps_ws/build/realsense_camera_msgs/rosidl_typesupport_introspection_c/realsense_camera_msgs/msg/rosidl_typesupport_introspection_c__visibility_control.h'
21: 
21: No problems found
21: -- run_test.py: return code 0
21: -- run_test.py: verify result file '/home/yan/camps_ws/build/realsense_camera_msgs/test_results/realsense_camera_msgs/uncrustify_rosidl_typesupport_introspection_c.xunit.xml'
21/29 Test #21: uncrustify_rosidl_typesupport_introspection_c .....   Passed    1.95 sec
test 22
      Start 22: cppcheck_rosidl_typesupport_introspection_cpp

22: Test command: /usr/bin/python3 "-u" "/opt/ros/dashing/share/ament_cmake_test/cmake/run_test.py" "/home/yan/camps_ws/build/realsense_camera_msgs/test_results/realsense_camera_msgs/cppcheck_rosidl_typesupport_introspection_cpp.xunit.xml" "--package-name" "realsense_camera_msgs" "--output-file" "/home/yan/camps_ws/build/realsense_camera_msgs/ament_cppcheck/cppcheck_rosidl_typesupport_introspection_cpp.txt" "--command" "/opt/ros/dashing/bin/ament_cppcheck" "--xunit-file" "/home/yan/camps_ws/build/realsense_camera_msgs/test_results/realsense_camera_msgs/cppcheck_rosidl_typesupport_introspection_cpp.xunit.xml" "/home/yan/camps_ws/build/realsense_camera_msgs/rosidl_typesupport_introspection_cpp/realsense_camera_msgs"
22: Test timeout computed to be: 120
22: -- run_test.py: invoking following command in '/home/yan/camps_ws/src/ros2_intel_realsense/realsense_camera_msgs':
22:  - /opt/ros/dashing/bin/ament_cppcheck --xunit-file /home/yan/camps_ws/build/realsense_camera_msgs/test_results/realsense_camera_msgs/cppcheck_rosidl_typesupport_introspection_cpp.xunit.xml /home/yan/camps_ws/build/realsense_camera_msgs/rosidl_typesupport_introspection_cpp/realsense_camera_msgs
22: No problems found
22: -- run_test.py: return code 0
22: -- run_test.py: verify result file '/home/yan/camps_ws/build/realsense_camera_msgs/test_results/realsense_camera_msgs/cppcheck_rosidl_typesupport_introspection_cpp.xunit.xml'
22/29 Test #22: cppcheck_rosidl_typesupport_introspection_cpp .....   Passed    1.88 sec
test 23
      Start 23: cpplint_rosidl_typesupport_introspection_cpp

23: Test command: /usr/bin/python3 "-u" "/opt/ros/dashing/share/ament_cmake_test/cmake/run_test.py" "/home/yan/camps_ws/build/realsense_camera_msgs/test_results/realsense_camera_msgs/cpplint_rosidl_typesupport_introspection_cpp.xunit.xml" "--package-name" "realsense_camera_msgs" "--output-file" "/home/yan/camps_ws/build/realsense_camera_msgs/ament_cpplint/cpplint_rosidl_typesupport_introspection_cpp.txt" "--command" "/opt/ros/dashing/bin/ament_cpplint" "--xunit-file" "/home/yan/camps_ws/build/realsense_camera_msgs/test_results/realsense_camera_msgs/cpplint_rosidl_typesupport_introspection_cpp.xunit.xml" "--linelength" "999" "--root" "/home/yan/camps_ws/build/realsense_camera_msgs/rosidl_typesupport_introspection_cpp" "/home/yan/camps_ws/build/realsense_camera_msgs/rosidl_typesupport_introspection_cpp/realsense_camera_msgs"
23: Test timeout computed to be: 120
23: -- run_test.py: invoking following command in '/home/yan/camps_ws/src/ros2_intel_realsense/realsense_camera_msgs':
23:  - /opt/ros/dashing/bin/ament_cpplint --xunit-file /home/yan/camps_ws/build/realsense_camera_msgs/test_results/realsense_camera_msgs/cpplint_rosidl_typesupport_introspection_cpp.xunit.xml --linelength 999 --root /home/yan/camps_ws/build/realsense_camera_msgs/rosidl_typesupport_introspection_cpp /home/yan/camps_ws/build/realsense_camera_msgs/rosidl_typesupport_introspection_cpp/realsense_camera_msgs
23: Using '--root=/home/yan/camps_ws/build/realsense_camera_msgs/rosidl_typesupport_introspection_cpp' argument
23: 
23: Done processing /home/yan/camps_ws/build/realsense_camera_msgs/rosidl_typesupport_introspection_cpp/realsense_camera_msgs/msg/extrinsics__rosidl_typesupport_introspection_cpp.hpp
23: 
23: Done processing /home/yan/camps_ws/build/realsense_camera_msgs/rosidl_typesupport_introspection_cpp/realsense_camera_msgs/msg/extrinsics__type_support.cpp
23: 
23: Done processing /home/yan/camps_ws/build/realsense_camera_msgs/rosidl_typesupport_introspection_cpp/realsense_camera_msgs/msg/imu_info__rosidl_typesupport_introspection_cpp.hpp
23: 
23: Done processing /home/yan/camps_ws/build/realsense_camera_msgs/rosidl_typesupport_introspection_cpp/realsense_camera_msgs/msg/imu_info__type_support.cpp
23: 
23: No problems found
23: -- run_test.py: return code 0
23: -- run_test.py: verify result file '/home/yan/camps_ws/build/realsense_camera_msgs/test_results/realsense_camera_msgs/cpplint_rosidl_typesupport_introspection_cpp.xunit.xml'
23/29 Test #23: cpplint_rosidl_typesupport_introspection_cpp ......   Passed    2.55 sec
test 24
      Start 24: uncrustify_rosidl_typesupport_introspection_cpp

24: Test command: /usr/bin/python3 "-u" "/opt/ros/dashing/share/ament_cmake_test/cmake/run_test.py" "/home/yan/camps_ws/build/realsense_camera_msgs/test_results/realsense_camera_msgs/uncrustify_rosidl_typesupport_introspection_cpp.xunit.xml" "--package-name" "realsense_camera_msgs" "--output-file" "/home/yan/camps_ws/build/realsense_camera_msgs/ament_uncrustify/uncrustify_rosidl_typesupport_introspection_cpp.txt" "--command" "/opt/ros/dashing/bin/ament_uncrustify" "--xunit-file" "/home/yan/camps_ws/build/realsense_camera_msgs/test_results/realsense_camera_msgs/uncrustify_rosidl_typesupport_introspection_cpp.xunit.xml" "--linelength" "0" "/home/yan/camps_ws/build/realsense_camera_msgs/rosidl_typesupport_introspection_cpp/realsense_camera_msgs"
24: Test timeout computed to be: 60
24: -- run_test.py: invoking following command in '/home/yan/camps_ws/src/ros2_intel_realsense/realsense_camera_msgs':
24:  - /opt/ros/dashing/bin/ament_uncrustify --xunit-file /home/yan/camps_ws/build/realsense_camera_msgs/test_results/realsense_camera_msgs/uncrustify_rosidl_typesupport_introspection_cpp.xunit.xml --linelength 0 /home/yan/camps_ws/build/realsense_camera_msgs/rosidl_typesupport_introspection_cpp/realsense_camera_msgs
24: No code style divergence in file '/home/yan/camps_ws/build/realsense_camera_msgs/rosidl_typesupport_introspection_cpp/realsense_camera_msgs/msg/extrinsics__rosidl_typesupport_introspection_cpp.hpp'
24: 
24: No code style divergence in file '/home/yan/camps_ws/build/realsense_camera_msgs/rosidl_typesupport_introspection_cpp/realsense_camera_msgs/msg/extrinsics__type_support.cpp'
24: 
24: No code style divergence in file '/home/yan/camps_ws/build/realsense_camera_msgs/rosidl_typesupport_introspection_cpp/realsense_camera_msgs/msg/imu_info__rosidl_typesupport_introspection_cpp.hpp'
24: 
24: No code style divergence in file '/home/yan/camps_ws/build/realsense_camera_msgs/rosidl_typesupport_introspection_cpp/realsense_camera_msgs/msg/imu_info__type_support.cpp'
24: 
24: No problems found
24: -- run_test.py: return code 0
24: -- run_test.py: verify result file '/home/yan/camps_ws/build/realsense_camera_msgs/test_results/realsense_camera_msgs/uncrustify_rosidl_typesupport_introspection_cpp.xunit.xml'
24/29 Test #24: uncrustify_rosidl_typesupport_introspection_cpp ...   Passed    1.86 sec
test 25
      Start 25: cppcheck_rosidl_generated_py

25: Test command: /usr/bin/python3 "-u" "/opt/ros/dashing/share/ament_cmake_test/cmake/run_test.py" "/home/yan/camps_ws/build/realsense_camera_msgs/test_results/realsense_camera_msgs/cppcheck_rosidl_generated_py.xunit.xml" "--package-name" "realsense_camera_msgs" "--output-file" "/home/yan/camps_ws/build/realsense_camera_msgs/ament_cppcheck/cppcheck_rosidl_generated_py.txt" "--command" "/opt/ros/dashing/bin/ament_cppcheck" "--xunit-file" "/home/yan/camps_ws/build/realsense_camera_msgs/test_results/realsense_camera_msgs/cppcheck_rosidl_generated_py.xunit.xml" "/home/yan/camps_ws/build/realsense_camera_msgs/rosidl_generator_py/realsense_camera_msgs"
25: Test timeout computed to be: 120
25: -- run_test.py: invoking following command in '/home/yan/camps_ws/src/ros2_intel_realsense/realsense_camera_msgs':
25:  - /opt/ros/dashing/bin/ament_cppcheck --xunit-file /home/yan/camps_ws/build/realsense_camera_msgs/test_results/realsense_camera_msgs/cppcheck_rosidl_generated_py.xunit.xml /home/yan/camps_ws/build/realsense_camera_msgs/rosidl_generator_py/realsense_camera_msgs
25: No problems found
25: -- run_test.py: return code 0
25: -- run_test.py: verify result file '/home/yan/camps_ws/build/realsense_camera_msgs/test_results/realsense_camera_msgs/cppcheck_rosidl_generated_py.xunit.xml'
25/29 Test #25: cppcheck_rosidl_generated_py ......................   Passed    1.93 sec
test 26
      Start 26: cpplint_rosidl_generated_py

26: Test command: /usr/bin/python3 "-u" "/opt/ros/dashing/share/ament_cmake_test/cmake/run_test.py" "/home/yan/camps_ws/build/realsense_camera_msgs/test_results/realsense_camera_msgs/cpplint_rosidl_generated_py.xunit.xml" "--package-name" "realsense_camera_msgs" "--output-file" "/home/yan/camps_ws/build/realsense_camera_msgs/ament_cpplint/cpplint_rosidl_generated_py.txt" "--command" "/opt/ros/dashing/bin/ament_cpplint" "--xunit-file" "/home/yan/camps_ws/build/realsense_camera_msgs/test_results/realsense_camera_msgs/cpplint_rosidl_generated_py.xunit.xml" "--filters=-readability/fn_size" "--linelength" "999" "--root" "/home/yan/camps_ws/build/realsense_camera_msgs/rosidl_generator_py" "/home/yan/camps_ws/build/realsense_camera_msgs/rosidl_generator_py/realsense_camera_msgs"
26: Test timeout computed to be: 120
26: -- run_test.py: invoking following command in '/home/yan/camps_ws/src/ros2_intel_realsense/realsense_camera_msgs':
26:  - /opt/ros/dashing/bin/ament_cpplint --xunit-file /home/yan/camps_ws/build/realsense_camera_msgs/test_results/realsense_camera_msgs/cpplint_rosidl_generated_py.xunit.xml --filters=-readability/fn_size --linelength 999 --root /home/yan/camps_ws/build/realsense_camera_msgs/rosidl_generator_py /home/yan/camps_ws/build/realsense_camera_msgs/rosidl_generator_py/realsense_camera_msgs
26: Using '--root=/home/yan/camps_ws/build/realsense_camera_msgs/rosidl_generator_py' argument
26: 
26: Done processing /home/yan/camps_ws/build/realsense_camera_msgs/rosidl_generator_py/realsense_camera_msgs/_realsense_camera_msgs_s.ep.rosidl_typesupport_c.c
26: 
26: Done processing /home/yan/camps_ws/build/realsense_camera_msgs/rosidl_generator_py/realsense_camera_msgs/_realsense_camera_msgs_s.ep.rosidl_typesupport_fastrtps_c.c
26: 
26: Done processing /home/yan/camps_ws/build/realsense_camera_msgs/rosidl_generator_py/realsense_camera_msgs/msg/_extrinsics_s.c
26: 
26: Done processing /home/yan/camps_ws/build/realsense_camera_msgs/rosidl_generator_py/realsense_camera_msgs/msg/_imu_info_s.c
26: 
26: No problems found
26: -- run_test.py: return code 0
26: -- run_test.py: verify result file '/home/yan/camps_ws/build/realsense_camera_msgs/test_results/realsense_camera_msgs/cpplint_rosidl_generated_py.xunit.xml'
26/29 Test #26: cpplint_rosidl_generated_py .......................   Passed    3.18 sec
test 27
      Start 27: flake8_rosidl_generated_py

27: Test command: /usr/bin/python3 "-u" "/opt/ros/dashing/share/ament_cmake_test/cmake/run_test.py" "/home/yan/camps_ws/build/realsense_camera_msgs/test_results/realsense_camera_msgs/flake8_rosidl_generated_py.xunit.xml" "--package-name" "realsense_camera_msgs" "--output-file" "/home/yan/camps_ws/build/realsense_camera_msgs/ament_flake8/flake8_rosidl_generated_py.txt" "--command" "/opt/ros/dashing/bin/ament_flake8" "--xunit-file" "/home/yan/camps_ws/build/realsense_camera_msgs/test_results/realsense_camera_msgs/flake8_rosidl_generated_py.xunit.xml" "--linelength" "999" "/home/yan/camps_ws/build/realsense_camera_msgs/rosidl_generator_py/realsense_camera_msgs"
27: Test timeout computed to be: 60
27: -- run_test.py: invoking following command in '/home/yan/camps_ws/src/ros2_intel_realsense/realsense_camera_msgs':
27:  - /opt/ros/dashing/bin/ament_flake8 --xunit-file /home/yan/camps_ws/build/realsense_camera_msgs/test_results/realsense_camera_msgs/flake8_rosidl_generated_py.xunit.xml --linelength 999 /home/yan/camps_ws/build/realsense_camera_msgs/rosidl_generator_py/realsense_camera_msgs
27: Traceback (most recent call last):
27:   File "/home/yan/.local/lib/python3.6/site-packages/flake8/plugins/manager.py", line 157, in load_plugin
27:     self._load()
27:   File "/home/yan/.local/lib/python3.6/site-packages/flake8/plugins/manager.py", line 134, in _load
27:     self._plugin = self.entry_point.load()
27:   File "/home/yan/.local/lib/python3.6/site-packages/importlib_metadata/__init__.py", line 98, in load
27:     return functools.reduce(getattr, attrs, module)
27: AttributeError: module 'pycodestyle' has no attribute 'break_around_binary_operator'
27: 
27: During handling of the above exception, another exception occurred:
27: 
27: Traceback (most recent call last):
27:   File "/opt/ros/dashing/bin/ament_flake8", line 11, in <module>
27:     load_entry_point('ament-flake8==0.7.12', 'console_scripts', 'ament_flake8')()
27:   File "/opt/ros/dashing/lib/python3.6/site-packages/ament_flake8/main.py", line 75, in main
27:     max_line_length=args.linelength)
27:   File "/opt/ros/dashing/lib/python3.6/site-packages/ament_flake8/main.py", line 176, in generate_flake8_report
27:     style = get_flake8_style_guide(flake8_argv)
27:   File "/opt/ros/dashing/lib/python3.6/site-packages/ament_flake8/main.py", line 140, in get_flake8_style_guide
27:     application.find_plugins(config_finder)
27:   File "/home/yan/.local/lib/python3.6/site-packages/flake8/main/application.py", line 159, in find_plugins
27:     self.check_plugins.load_plugins()
27:   File "/home/yan/.local/lib/python3.6/site-packages/flake8/plugins/manager.py", line 415, in load_plugins
27:     plugins = list(self.manager.map(load_plugin))
27:   File "/home/yan/.local/lib/python3.6/site-packages/flake8/plugins/manager.py", line 302, in map
27:     yield func(self.plugins[name], *args, **kwargs)
27:   File "/home/yan/.local/lib/python3.6/site-packages/flake8/plugins/manager.py", line 413, in load_plugin
27:     return plugin.load_plugin()
27:   File "/home/yan/.local/lib/python3.6/site-packages/flake8/plugins/manager.py", line 164, in load_plugin
27:     raise failed_to_load
27: flake8.exceptions.FailedToLoadPlugin: Flake8 failed to load plugin "pycodestyle.break_around_binary_operator" due to module 'pycodestyle' has no attribute 'break_around_binary_operator'.
27: -- run_test.py: return code 1
27: -- run_test.py: generate result file '/home/yan/camps_ws/build/realsense_camera_msgs/test_results/realsense_camera_msgs/flake8_rosidl_generated_py.xunit.xml' with failed test
27: -- run_test.py: verify result file '/home/yan/camps_ws/build/realsense_camera_msgs/test_results/realsense_camera_msgs/flake8_rosidl_generated_py.xunit.xml'
27/29 Test #27: flake8_rosidl_generated_py ........................***Failed    3.26 sec
test 28
      Start 28: pep257_rosidl_generated_py

28: Test command: /usr/bin/python3 "-u" "/opt/ros/dashing/share/ament_cmake_test/cmake/run_test.py" "/home/yan/camps_ws/build/realsense_camera_msgs/test_results/realsense_camera_msgs/pep257_rosidl_generated_py.xunit.xml" "--package-name" "realsense_camera_msgs" "--output-file" "/home/yan/camps_ws/build/realsense_camera_msgs/ament_pep257/pep257_rosidl_generated_py.txt" "--command" "/opt/ros/dashing/bin/ament_pep257" "--xunit-file" "/home/yan/camps_ws/build/realsense_camera_msgs/test_results/realsense_camera_msgs/pep257_rosidl_generated_py.xunit.xml" "/home/yan/camps_ws/build/realsense_camera_msgs/rosidl_generator_py/realsense_camera_msgs"
28: Test timeout computed to be: 60
28: -- run_test.py: invoking following command in '/home/yan/camps_ws/src/ros2_intel_realsense/realsense_camera_msgs':
28:  - /opt/ros/dashing/bin/ament_pep257 --xunit-file /home/yan/camps_ws/build/realsense_camera_msgs/test_results/realsense_camera_msgs/pep257_rosidl_generated_py.xunit.xml /home/yan/camps_ws/build/realsense_camera_msgs/rosidl_generator_py/realsense_camera_msgs
28: checking /home/yan/camps_ws/build/realsense_camera_msgs/rosidl_generator_py/realsense_camera_msgs/__init__.py
28: checking /home/yan/camps_ws/build/realsense_camera_msgs/rosidl_generator_py/realsense_camera_msgs/msg/__init__.py
28: checking /home/yan/camps_ws/build/realsense_camera_msgs/rosidl_generator_py/realsense_camera_msgs/msg/_extrinsics.py
28: checking /home/yan/camps_ws/build/realsense_camera_msgs/rosidl_generator_py/realsense_camera_msgs/msg/_imu_info.py
28: No problems found
28: -- run_test.py: return code 0
28: -- run_test.py: verify result file '/home/yan/camps_ws/build/realsense_camera_msgs/test_results/realsense_camera_msgs/pep257_rosidl_generated_py.xunit.xml'
28/29 Test #28: pep257_rosidl_generated_py ........................   Passed    2.68 sec
test 29
      Start 29: uncrustify_rosidl_generated_py

29: Test command: /usr/bin/python3 "-u" "/opt/ros/dashing/share/ament_cmake_test/cmake/run_test.py" "/home/yan/camps_ws/build/realsense_camera_msgs/test_results/realsense_camera_msgs/uncrustify_rosidl_generated_py.xunit.xml" "--package-name" "realsense_camera_msgs" "--output-file" "/home/yan/camps_ws/build/realsense_camera_msgs/ament_uncrustify/uncrustify_rosidl_generated_py.txt" "--command" "/opt/ros/dashing/bin/ament_uncrustify" "--xunit-file" "/home/yan/camps_ws/build/realsense_camera_msgs/test_results/realsense_camera_msgs/uncrustify_rosidl_generated_py.xunit.xml" "--linelength" "0" "/home/yan/camps_ws/build/realsense_camera_msgs/rosidl_generator_py/realsense_camera_msgs"
29: Test timeout computed to be: 60
29: -- run_test.py: invoking following command in '/home/yan/camps_ws/src/ros2_intel_realsense/realsense_camera_msgs':
29:  - /opt/ros/dashing/bin/ament_uncrustify --xunit-file /home/yan/camps_ws/build/realsense_camera_msgs/test_results/realsense_camera_msgs/uncrustify_rosidl_generated_py.xunit.xml --linelength 0 /home/yan/camps_ws/build/realsense_camera_msgs/rosidl_generator_py/realsense_camera_msgs
29: No code style divergence in file '/home/yan/camps_ws/build/realsense_camera_msgs/rosidl_generator_py/realsense_camera_msgs/_realsense_camera_msgs_s.ep.rosidl_typesupport_c.c'
29: 
29: No code style divergence in file '/home/yan/camps_ws/build/realsense_camera_msgs/rosidl_generator_py/realsense_camera_msgs/_realsense_camera_msgs_s.ep.rosidl_typesupport_fastrtps_c.c'
29: 
29: No code style divergence in file '/home/yan/camps_ws/build/realsense_camera_msgs/rosidl_generator_py/realsense_camera_msgs/msg/_extrinsics_s.c'
29: 
29: No code style divergence in file '/home/yan/camps_ws/build/realsense_camera_msgs/rosidl_generator_py/realsense_camera_msgs/msg/_imu_info_s.c'
29: 
29: No problems found
29: -- run_test.py: return code 0
29: -- run_test.py: verify result file '/home/yan/camps_ws/build/realsense_camera_msgs/test_results/realsense_camera_msgs/uncrustify_rosidl_generated_py.xunit.xml'
29/29 Test #29: uncrustify_rosidl_generated_py ....................   Passed    2.09 sec

97% tests passed, 1 tests failed out of 29

Label Time Summary:
cppcheck      =  18.43 sec*proc (9 tests)
cpplint       =  24.65 sec*proc (9 tests)
flake8        =   3.26 sec*proc (1 test)
linter        =  68.10 sec*proc (29 tests)
pep257        =   2.68 sec*proc (1 test)
uncrustify    =  19.07 sec*proc (9 tests)

Total Test time (real) =  68.13 sec

The following tests FAILED:
	 27 - flake8_rosidl_generated_py (Failed)
Errors while running CTest
