[0.551s] Invoking command in '/home/yan/camps_ws/build/realsense_camera_msgs': CMAKE_PREFIX_PATH=/home/yan/camps_ws/install/realsense_camera_msgs:/home/yan/camps_ws/install/realsense_ros2_camera:/home/yan/ros2_ws/install/realsense_msgs /usr/bin/ctest -C Release -D ExperimentalTest --no-compress-output -V --force-new-ctest-process
[0.636s] UpdateCTestConfiguration  from :/home/yan/camps_ws/build/realsense_camera_msgs/CTestConfiguration.ini
[0.637s] Parse Config file:/home/yan/camps_ws/build/realsense_camera_msgs/CTestConfiguration.ini
[0.637s]    Site: yan-desktop
[0.638s]    Build name: (empty)
[0.639s]  Add coverage exclude regular expressions.
[0.640s] SetCTestConfiguration:CMakeCommand:/usr/bin/cmake
[0.640s] Create new tag: 20201220-0758 - Experimental
[0.641s] UpdateCTestConfiguration  from :/home/yan/camps_ws/build/realsense_camera_msgs/CTestConfiguration.ini
[0.642s] Parse Config file:/home/yan/camps_ws/build/realsense_camera_msgs/CTestConfiguration.ini
[0.643s] Test project /home/yan/camps_ws/build/realsense_camera_msgs
[0.644s] Constructing a list of tests
[0.644s] Done constructing a list of tests
[0.645s] Updating test list for fixtures
[0.645s] Added 0 tests to meet fixture requirements
[0.646s] Checking test dependency graph...
[0.646s] Checking test dependency graph end
[0.647s] test 1
[0.647s]       Start  1: cppcheck_rosidl_typesupport_c
[0.648s] 
[0.648s] 1: Test command: /usr/bin/python3 "-u" "/opt/ros/dashing/share/ament_cmake_test/cmake/run_test.py" "/home/yan/camps_ws/build/realsense_camera_msgs/test_results/realsense_camera_msgs/cppcheck_rosidl_typesupport_c.xunit.xml" "--package-name" "realsense_camera_msgs" "--output-file" "/home/yan/camps_ws/build/realsense_camera_msgs/ament_cppcheck/cppcheck_rosidl_typesupport_c.txt" "--command" "/opt/ros/dashing/bin/ament_cppcheck" "--xunit-file" "/home/yan/camps_ws/build/realsense_camera_msgs/test_results/realsense_camera_msgs/cppcheck_rosidl_typesupport_c.xunit.xml" "/home/yan/camps_ws/build/realsense_camera_msgs/rosidl_typesupport_c/realsense_camera_msgs"
[0.649s] 1: Test timeout computed to be: 120
[0.994s] 1: -- run_test.py: invoking following command in '/home/yan/camps_ws/src/ros2_intel_realsense/realsense_camera_msgs':
[0.994s] 1:  - /opt/ros/dashing/bin/ament_cppcheck --xunit-file /home/yan/camps_ws/build/realsense_camera_msgs/test_results/realsense_camera_msgs/cppcheck_rosidl_typesupport_c.xunit.xml /home/yan/camps_ws/build/realsense_camera_msgs/rosidl_typesupport_c/realsense_camera_msgs
[2.426s] 1: No problems found
[2.502s] 1: -- run_test.py: return code 0
[2.503s] 1: -- run_test.py: verify result file '/home/yan/camps_ws/build/realsense_camera_msgs/test_results/realsense_camera_msgs/cppcheck_rosidl_typesupport_c.xunit.xml'
[2.551s]  1/29 Test  #1: cppcheck_rosidl_typesupport_c .....................   Passed    1.91 sec
[2.552s] test 2
[2.553s]       Start  2: cpplint_rosidl_typesupport_c
[2.553s] 
[2.554s] 2: Test command: /usr/bin/python3 "-u" "/opt/ros/dashing/share/ament_cmake_test/cmake/run_test.py" "/home/yan/camps_ws/build/realsense_camera_msgs/test_results/realsense_camera_msgs/cpplint_rosidl_typesupport_c.xunit.xml" "--package-name" "realsense_camera_msgs" "--output-file" "/home/yan/camps_ws/build/realsense_camera_msgs/ament_cpplint/cpplint_rosidl_typesupport_c.txt" "--command" "/opt/ros/dashing/bin/ament_cpplint" "--xunit-file" "/home/yan/camps_ws/build/realsense_camera_msgs/test_results/realsense_camera_msgs/cpplint_rosidl_typesupport_c.xunit.xml" "--linelength" "999" "--root" "/home/yan/camps_ws/build/realsense_camera_msgs/rosidl_typesupport_c" "/home/yan/camps_ws/build/realsense_camera_msgs/rosidl_typesupport_c/realsense_camera_msgs"
[2.554s] 2: Test timeout computed to be: 120
[2.888s] 2: -- run_test.py: invoking following command in '/home/yan/camps_ws/src/ros2_intel_realsense/realsense_camera_msgs':
[2.889s] 2:  - /opt/ros/dashing/bin/ament_cpplint --xunit-file /home/yan/camps_ws/build/realsense_camera_msgs/test_results/realsense_camera_msgs/cpplint_rosidl_typesupport_c.xunit.xml --linelength 999 --root /home/yan/camps_ws/build/realsense_camera_msgs/rosidl_typesupport_c /home/yan/camps_ws/build/realsense_camera_msgs/rosidl_typesupport_c/realsense_camera_msgs
[4.542s] 2: Using '--root=/home/yan/camps_ws/build/realsense_camera_msgs/rosidl_typesupport_c' argument
[4.542s] 2: 
[4.543s] 2: Done processing /home/yan/camps_ws/build/realsense_camera_msgs/rosidl_typesupport_c/realsense_camera_msgs/msg/extrinsics__type_support.cpp
[4.544s] 2: 
[4.545s] 2: Done processing /home/yan/camps_ws/build/realsense_camera_msgs/rosidl_typesupport_c/realsense_camera_msgs/msg/imu_info__type_support.cpp
[4.545s] 2: 
[4.546s] 2: Done processing /home/yan/camps_ws/build/realsense_camera_msgs/rosidl_typesupport_c/realsense_camera_msgs/msg/rosidl_typesupport_c__visibility_control.h
[4.546s] 2: 
[4.547s] 2: No problems found
[4.613s] 2: -- run_test.py: return code 0
[4.614s] 2: -- run_test.py: verify result file '/home/yan/camps_ws/build/realsense_camera_msgs/test_results/realsense_camera_msgs/cpplint_rosidl_typesupport_c.xunit.xml'
[4.660s]  2/29 Test  #2: cpplint_rosidl_typesupport_c ......................   Passed    2.11 sec
[4.661s] test 3
[4.661s]       Start  3: uncrustify_rosidl_typesupport_c
[4.662s] 
[4.662s] 3: Test command: /usr/bin/python3 "-u" "/opt/ros/dashing/share/ament_cmake_test/cmake/run_test.py" "/home/yan/camps_ws/build/realsense_camera_msgs/test_results/realsense_camera_msgs/uncrustify_rosidl_typesupport_c.xunit.xml" "--package-name" "realsense_camera_msgs" "--output-file" "/home/yan/camps_ws/build/realsense_camera_msgs/ament_uncrustify/uncrustify_rosidl_typesupport_c.txt" "--command" "/opt/ros/dashing/bin/ament_uncrustify" "--xunit-file" "/home/yan/camps_ws/build/realsense_camera_msgs/test_results/realsense_camera_msgs/uncrustify_rosidl_typesupport_c.xunit.xml" "--linelength" "0" "/home/yan/camps_ws/build/realsense_camera_msgs/rosidl_typesupport_c/realsense_camera_msgs"
[4.663s] 3: Test timeout computed to be: 60
[4.996s] 3: -- run_test.py: invoking following command in '/home/yan/camps_ws/src/ros2_intel_realsense/realsense_camera_msgs':
[4.997s] 3:  - /opt/ros/dashing/bin/ament_uncrustify --xunit-file /home/yan/camps_ws/build/realsense_camera_msgs/test_results/realsense_camera_msgs/uncrustify_rosidl_typesupport_c.xunit.xml --linelength 0 /home/yan/camps_ws/build/realsense_camera_msgs/rosidl_typesupport_c/realsense_camera_msgs
[6.509s] 3: No code style divergence in file '/home/yan/camps_ws/build/realsense_camera_msgs/rosidl_typesupport_c/realsense_camera_msgs/msg/extrinsics__type_support.cpp'
[6.510s] 3: 
[6.511s] 3: No code style divergence in file '/home/yan/camps_ws/build/realsense_camera_msgs/rosidl_typesupport_c/realsense_camera_msgs/msg/imu_info__type_support.cpp'
[6.512s] 3: 
[6.512s] 3: No code style divergence in file '/home/yan/camps_ws/build/realsense_camera_msgs/rosidl_typesupport_c/realsense_camera_msgs/msg/rosidl_typesupport_c__visibility_control.h'
[6.513s] 3: 
[6.514s] 3: No problems found
[6.591s] 3: -- run_test.py: return code 0
[6.593s] 3: -- run_test.py: verify result file '/home/yan/camps_ws/build/realsense_camera_msgs/test_results/realsense_camera_msgs/uncrustify_rosidl_typesupport_c.xunit.xml'
[6.646s]  3/29 Test  #3: uncrustify_rosidl_typesupport_c ...................   Passed    1.99 sec
[6.646s] test 4
[6.647s]       Start  4: cppcheck_rosidl_typesupport_cpp
[6.647s] 
[6.648s] 4: Test command: /usr/bin/python3 "-u" "/opt/ros/dashing/share/ament_cmake_test/cmake/run_test.py" "/home/yan/camps_ws/build/realsense_camera_msgs/test_results/realsense_camera_msgs/cppcheck_rosidl_typesupport_cpp.xunit.xml" "--package-name" "realsense_camera_msgs" "--output-file" "/home/yan/camps_ws/build/realsense_camera_msgs/ament_cppcheck/cppcheck_rosidl_typesupport_cpp.txt" "--command" "/opt/ros/dashing/bin/ament_cppcheck" "--xunit-file" "/home/yan/camps_ws/build/realsense_camera_msgs/test_results/realsense_camera_msgs/cppcheck_rosidl_typesupport_cpp.xunit.xml" "/home/yan/camps_ws/build/realsense_camera_msgs/rosidl_typesupport_cpp/realsense_camera_msgs"
[6.649s] 4: Test timeout computed to be: 120
[7.004s] 4: -- run_test.py: invoking following command in '/home/yan/camps_ws/src/ros2_intel_realsense/realsense_camera_msgs':
[7.005s] 4:  - /opt/ros/dashing/bin/ament_cppcheck --xunit-file /home/yan/camps_ws/build/realsense_camera_msgs/test_results/realsense_camera_msgs/cppcheck_rosidl_typesupport_cpp.xunit.xml /home/yan/camps_ws/build/realsense_camera_msgs/rosidl_typesupport_cpp/realsense_camera_msgs
[8.441s] 4: No problems found
[8.517s] 4: -- run_test.py: return code 0
[8.518s] 4: -- run_test.py: verify result file '/home/yan/camps_ws/build/realsense_camera_msgs/test_results/realsense_camera_msgs/cppcheck_rosidl_typesupport_cpp.xunit.xml'
[8.568s]  4/29 Test  #4: cppcheck_rosidl_typesupport_cpp ...................   Passed    1.92 sec
[8.569s] test 5
[8.569s]       Start  5: cpplint_rosidl_typesupport_cpp
[8.570s] 
[8.571s] 5: Test command: /usr/bin/python3 "-u" "/opt/ros/dashing/share/ament_cmake_test/cmake/run_test.py" "/home/yan/camps_ws/build/realsense_camera_msgs/test_results/realsense_camera_msgs/cpplint_rosidl_typesupport_cpp.xunit.xml" "--package-name" "realsense_camera_msgs" "--output-file" "/home/yan/camps_ws/build/realsense_camera_msgs/ament_cpplint/cpplint_rosidl_typesupport_cpp.txt" "--command" "/opt/ros/dashing/bin/ament_cpplint" "--xunit-file" "/home/yan/camps_ws/build/realsense_camera_msgs/test_results/realsense_camera_msgs/cpplint_rosidl_typesupport_cpp.xunit.xml" "--linelength" "999" "--root" "/home/yan/camps_ws/build/realsense_camera_msgs/rosidl_typesupport_cpp" "/home/yan/camps_ws/build/realsense_camera_msgs/rosidl_typesupport_cpp/realsense_camera_msgs"
[8.571s] 5: Test timeout computed to be: 120
[8.909s] 5: -- run_test.py: invoking following command in '/home/yan/camps_ws/src/ros2_intel_realsense/realsense_camera_msgs':
[8.910s] 5:  - /opt/ros/dashing/bin/ament_cpplint --xunit-file /home/yan/camps_ws/build/realsense_camera_msgs/test_results/realsense_camera_msgs/cpplint_rosidl_typesupport_cpp.xunit.xml --linelength 999 --root /home/yan/camps_ws/build/realsense_camera_msgs/rosidl_typesupport_cpp /home/yan/camps_ws/build/realsense_camera_msgs/rosidl_typesupport_cpp/realsense_camera_msgs
[10.615s] 5: Using '--root=/home/yan/camps_ws/build/realsense_camera_msgs/rosidl_typesupport_cpp' argument
[10.616s] 5: 
[10.617s] 5: Done processing /home/yan/camps_ws/build/realsense_camera_msgs/rosidl_typesupport_cpp/realsense_camera_msgs/msg/extrinsics__type_support.cpp
[10.618s] 5: 
[10.618s] 5: Done processing /home/yan/camps_ws/build/realsense_camera_msgs/rosidl_typesupport_cpp/realsense_camera_msgs/msg/imu_info__type_support.cpp
[10.619s] 5: 
[10.620s] 5: No problems found
[10.694s] 5: -- run_test.py: return code 0
[10.695s] 5: -- run_test.py: verify result file '/home/yan/camps_ws/build/realsense_camera_msgs/test_results/realsense_camera_msgs/cpplint_rosidl_typesupport_cpp.xunit.xml'
[10.747s]  5/29 Test  #5: cpplint_rosidl_typesupport_cpp ....................   Passed    2.18 sec
[10.748s] test 6
[10.748s]       Start  6: uncrustify_rosidl_typesupport_cpp
[10.749s] 
[10.750s] 6: Test command: /usr/bin/python3 "-u" "/opt/ros/dashing/share/ament_cmake_test/cmake/run_test.py" "/home/yan/camps_ws/build/realsense_camera_msgs/test_results/realsense_camera_msgs/uncrustify_rosidl_typesupport_cpp.xunit.xml" "--package-name" "realsense_camera_msgs" "--output-file" "/home/yan/camps_ws/build/realsense_camera_msgs/ament_uncrustify/uncrustify_rosidl_typesupport_cpp.txt" "--command" "/opt/ros/dashing/bin/ament_uncrustify" "--xunit-file" "/home/yan/camps_ws/build/realsense_camera_msgs/test_results/realsense_camera_msgs/uncrustify_rosidl_typesupport_cpp.xunit.xml" "--linelength" "0" "/home/yan/camps_ws/build/realsense_camera_msgs/rosidl_typesupport_cpp/realsense_camera_msgs"
[10.750s] 6: Test timeout computed to be: 60
[11.095s] 6: -- run_test.py: invoking following command in '/home/yan/camps_ws/src/ros2_intel_realsense/realsense_camera_msgs':
[11.096s] 6:  - /opt/ros/dashing/bin/ament_uncrustify --xunit-file /home/yan/camps_ws/build/realsense_camera_msgs/test_results/realsense_camera_msgs/uncrustify_rosidl_typesupport_cpp.xunit.xml --linelength 0 /home/yan/camps_ws/build/realsense_camera_msgs/rosidl_typesupport_cpp/realsense_camera_msgs
[12.682s] 6: No code style divergence in file '/home/yan/camps_ws/build/realsense_camera_msgs/rosidl_typesupport_cpp/realsense_camera_msgs/msg/extrinsics__type_support.cpp'
[12.682s] 6: 
[12.683s] 6: No code style divergence in file '/home/yan/camps_ws/build/realsense_camera_msgs/rosidl_typesupport_cpp/realsense_camera_msgs/msg/imu_info__type_support.cpp'
[12.683s] 6: 
[12.684s] 6: No problems found
[12.764s] 6: -- run_test.py: return code 0
[12.765s] 6: -- run_test.py: verify result file '/home/yan/camps_ws/build/realsense_camera_msgs/test_results/realsense_camera_msgs/uncrustify_rosidl_typesupport_cpp.xunit.xml'
[12.820s]  6/29 Test  #6: uncrustify_rosidl_typesupport_cpp .................   Passed    2.07 sec
[12.821s] test 7
[12.822s]       Start  7: cppcheck_rosidl_typesupport_fastrtps_c
[12.823s] 
[12.823s] 7: Test command: /usr/bin/python3 "-u" "/opt/ros/dashing/share/ament_cmake_test/cmake/run_test.py" "/home/yan/camps_ws/build/realsense_camera_msgs/test_results/realsense_camera_msgs/cppcheck_rosidl_typesupport_fastrtps_c.xunit.xml" "--package-name" "realsense_camera_msgs" "--output-file" "/home/yan/camps_ws/build/realsense_camera_msgs/ament_cppcheck/cppcheck_rosidl_typesupport_fastrtps_c.txt" "--command" "/opt/ros/dashing/bin/ament_cppcheck" "--xunit-file" "/home/yan/camps_ws/build/realsense_camera_msgs/test_results/realsense_camera_msgs/cppcheck_rosidl_typesupport_fastrtps_c.xunit.xml" "/home/yan/camps_ws/build/realsense_camera_msgs/rosidl_typesupport_fastrtps_c/realsense_camera_msgs/msg/imu_info__rosidl_typesupport_fastrtps_c.h" "/home/yan/camps_ws/build/realsense_camera_msgs/rosidl_typesupport_fastrtps_c/realsense_camera_msgs/msg/imu_info__type_support_c.cpp" "/home/yan/camps_ws/build/realsense_camera_msgs/rosidl_typesupport_fastrtps_c/realsense_camera_msgs/msg/extrinsics__rosidl_typesupport_fastrtps_c.h" "/home/yan/camps_ws/build/realsense_camera_msgs/rosidl_typesupport_fastrtps_c/realsense_camera_msgs/msg/extrinsics__type_support_c.cpp"
[12.824s] 7: Test timeout computed to be: 120
[13.186s] 7: -- run_test.py: invoking following command in '/home/yan/camps_ws/src/ros2_intel_realsense/realsense_camera_msgs':
[13.187s] 7:  - /opt/ros/dashing/bin/ament_cppcheck --xunit-file /home/yan/camps_ws/build/realsense_camera_msgs/test_results/realsense_camera_msgs/cppcheck_rosidl_typesupport_fastrtps_c.xunit.xml /home/yan/camps_ws/build/realsense_camera_msgs/rosidl_typesupport_fastrtps_c/realsense_camera_msgs/msg/imu_info__rosidl_typesupport_fastrtps_c.h /home/yan/camps_ws/build/realsense_camera_msgs/rosidl_typesupport_fastrtps_c/realsense_camera_msgs/msg/imu_info__type_support_c.cpp /home/yan/camps_ws/build/realsense_camera_msgs/rosidl_typesupport_fastrtps_c/realsense_camera_msgs/msg/extrinsics__rosidl_typesupport_fastrtps_c.h /home/yan/camps_ws/build/realsense_camera_msgs/rosidl_typesupport_fastrtps_c/realsense_camera_msgs/msg/extrinsics__type_support_c.cpp
[15.093s] 7: No problems found
[15.173s] 7: -- run_test.py: return code 0
[15.173s] 7: -- run_test.py: verify result file '/home/yan/camps_ws/build/realsense_camera_msgs/test_results/realsense_camera_msgs/cppcheck_rosidl_typesupport_fastrtps_c.xunit.xml'
[15.220s]  7/29 Test  #7: cppcheck_rosidl_typesupport_fastrtps_c ............   Passed    2.40 sec
[15.222s] test 8
[15.222s]       Start  8: cpplint_rosidl_typesupport_fastrtps_c
[15.225s] 
[15.225s] 8: Test command: /usr/bin/python3 "-u" "/opt/ros/dashing/share/ament_cmake_test/cmake/run_test.py" "/home/yan/camps_ws/build/realsense_camera_msgs/test_results/realsense_camera_msgs/cpplint_rosidl_typesupport_fastrtps_c.xunit.xml" "--package-name" "realsense_camera_msgs" "--output-file" "/home/yan/camps_ws/build/realsense_camera_msgs/ament_cpplint/cpplint_rosidl_typesupport_fastrtps_c.txt" "--command" "/opt/ros/dashing/bin/ament_cpplint" "--xunit-file" "/home/yan/camps_ws/build/realsense_camera_msgs/test_results/realsense_camera_msgs/cpplint_rosidl_typesupport_fastrtps_c.xunit.xml" "--linelength" "999" "--root" "/home/yan/camps_ws/build/realsense_camera_msgs/rosidl_typesupport_fastrtps_c" "/home/yan/camps_ws/build/realsense_camera_msgs/rosidl_typesupport_fastrtps_c/realsense_camera_msgs/msg/imu_info__rosidl_typesupport_fastrtps_c.h" "/home/yan/camps_ws/build/realsense_camera_msgs/rosidl_typesupport_fastrtps_c/realsense_camera_msgs/msg/imu_info__type_support_c.cpp" "/home/yan/camps_ws/build/realsense_camera_msgs/rosidl_typesupport_fastrtps_c/realsense_camera_msgs/msg/extrinsics__rosidl_typesupport_fastrtps_c.h" "/home/yan/camps_ws/build/realsense_camera_msgs/rosidl_typesupport_fastrtps_c/realsense_camera_msgs/msg/extrinsics__type_support_c.cpp"
[15.226s] 8: Test timeout computed to be: 120
[15.591s] 8: -- run_test.py: invoking following command in '/home/yan/camps_ws/src/ros2_intel_realsense/realsense_camera_msgs':
[15.592s] 8:  - /opt/ros/dashing/bin/ament_cpplint --xunit-file /home/yan/camps_ws/build/realsense_camera_msgs/test_results/realsense_camera_msgs/cpplint_rosidl_typesupport_fastrtps_c.xunit.xml --linelength 999 --root /home/yan/camps_ws/build/realsense_camera_msgs/rosidl_typesupport_fastrtps_c /home/yan/camps_ws/build/realsense_camera_msgs/rosidl_typesupport_fastrtps_c/realsense_camera_msgs/msg/imu_info__rosidl_typesupport_fastrtps_c.h /home/yan/camps_ws/build/realsense_camera_msgs/rosidl_typesupport_fastrtps_c/realsense_camera_msgs/msg/imu_info__type_support_c.cpp /home/yan/camps_ws/build/realsense_camera_msgs/rosidl_typesupport_fastrtps_c/realsense_camera_msgs/msg/extrinsics__rosidl_typesupport_fastrtps_c.h /home/yan/camps_ws/build/realsense_camera_msgs/rosidl_typesupport_fastrtps_c/realsense_camera_msgs/msg/extrinsics__type_support_c.cpp
[17.868s] 8: Using '--root=/home/yan/camps_ws/build/realsense_camera_msgs/rosidl_typesupport_fastrtps_c' argument
[17.869s] 8: 
[17.870s] 8: Done processing /home/yan/camps_ws/build/realsense_camera_msgs/rosidl_typesupport_fastrtps_c/realsense_camera_msgs/msg/imu_info__rosidl_typesupport_fastrtps_c.h
[17.871s] 8: 
[17.872s] 8: Done processing /home/yan/camps_ws/build/realsense_camera_msgs/rosidl_typesupport_fastrtps_c/realsense_camera_msgs/msg/imu_info__type_support_c.cpp
[17.872s] 8: 
[17.873s] 8: Done processing /home/yan/camps_ws/build/realsense_camera_msgs/rosidl_typesupport_fastrtps_c/realsense_camera_msgs/msg/extrinsics__rosidl_typesupport_fastrtps_c.h
[17.874s] 8: 
[17.875s] 8: Done processing /home/yan/camps_ws/build/realsense_camera_msgs/rosidl_typesupport_fastrtps_c/realsense_camera_msgs/msg/extrinsics__type_support_c.cpp
[17.876s] 8: 
[17.876s] 8: No problems found
[17.943s] 8: -- run_test.py: return code 0
[17.943s] 8: -- run_test.py: verify result file '/home/yan/camps_ws/build/realsense_camera_msgs/test_results/realsense_camera_msgs/cpplint_rosidl_typesupport_fastrtps_c.xunit.xml'
[17.989s]  8/29 Test  #8: cpplint_rosidl_typesupport_fastrtps_c .............   Passed    2.77 sec
[17.990s] test 9
[17.990s]       Start  9: uncrustify_rosidl_typesupport_fastrtps_c
[17.991s] 
[17.992s] 9: Test command: /usr/bin/python3 "-u" "/opt/ros/dashing/share/ament_cmake_test/cmake/run_test.py" "/home/yan/camps_ws/build/realsense_camera_msgs/test_results/realsense_camera_msgs/uncrustify_rosidl_typesupport_fastrtps_c.xunit.xml" "--package-name" "realsense_camera_msgs" "--output-file" "/home/yan/camps_ws/build/realsense_camera_msgs/ament_uncrustify/uncrustify_rosidl_typesupport_fastrtps_c.txt" "--command" "/opt/ros/dashing/bin/ament_uncrustify" "--xunit-file" "/home/yan/camps_ws/build/realsense_camera_msgs/test_results/realsense_camera_msgs/uncrustify_rosidl_typesupport_fastrtps_c.xunit.xml" "--linelength" "0" "/home/yan/camps_ws/build/realsense_camera_msgs/rosidl_typesupport_fastrtps_c/realsense_camera_msgs/msg/imu_info__rosidl_typesupport_fastrtps_c.h" "/home/yan/camps_ws/build/realsense_camera_msgs/rosidl_typesupport_fastrtps_c/realsense_camera_msgs/msg/imu_info__type_support_c.cpp" "/home/yan/camps_ws/build/realsense_camera_msgs/rosidl_typesupport_fastrtps_c/realsense_camera_msgs/msg/extrinsics__rosidl_typesupport_fastrtps_c.h" "/home/yan/camps_ws/build/realsense_camera_msgs/rosidl_typesupport_fastrtps_c/realsense_camera_msgs/msg/extrinsics__type_support_c.cpp"
[17.992s] 9: Test timeout computed to be: 60
[18.350s] 9: -- run_test.py: invoking following command in '/home/yan/camps_ws/src/ros2_intel_realsense/realsense_camera_msgs':
[18.351s] 9:  - /opt/ros/dashing/bin/ament_uncrustify --xunit-file /home/yan/camps_ws/build/realsense_camera_msgs/test_results/realsense_camera_msgs/uncrustify_rosidl_typesupport_fastrtps_c.xunit.xml --linelength 0 /home/yan/camps_ws/build/realsense_camera_msgs/rosidl_typesupport_fastrtps_c/realsense_camera_msgs/msg/imu_info__rosidl_typesupport_fastrtps_c.h /home/yan/camps_ws/build/realsense_camera_msgs/rosidl_typesupport_fastrtps_c/realsense_camera_msgs/msg/imu_info__type_support_c.cpp /home/yan/camps_ws/build/realsense_camera_msgs/rosidl_typesupport_fastrtps_c/realsense_camera_msgs/msg/extrinsics__rosidl_typesupport_fastrtps_c.h /home/yan/camps_ws/build/realsense_camera_msgs/rosidl_typesupport_fastrtps_c/realsense_camera_msgs/msg/extrinsics__type_support_c.cpp
[20.468s] 9: No code style divergence in file '/home/yan/camps_ws/build/realsense_camera_msgs/rosidl_typesupport_fastrtps_c/realsense_camera_msgs/msg/imu_info__rosidl_typesupport_fastrtps_c.h'
[20.470s] 9: 
[20.471s] 9: No code style divergence in file '/home/yan/camps_ws/build/realsense_camera_msgs/rosidl_typesupport_fastrtps_c/realsense_camera_msgs/msg/imu_info__type_support_c.cpp'
[20.471s] 9: 
[20.472s] 9: No code style divergence in file '/home/yan/camps_ws/build/realsense_camera_msgs/rosidl_typesupport_fastrtps_c/realsense_camera_msgs/msg/extrinsics__rosidl_typesupport_fastrtps_c.h'
[20.473s] 9: 
[20.473s] 9: No code style divergence in file '/home/yan/camps_ws/build/realsense_camera_msgs/rosidl_typesupport_fastrtps_c/realsense_camera_msgs/msg/extrinsics__type_support_c.cpp'
[20.475s] 9: 
[20.476s] 9: No problems found
[20.554s] 9: -- run_test.py: return code 0
[20.555s] 9: -- run_test.py: verify result file '/home/yan/camps_ws/build/realsense_camera_msgs/test_results/realsense_camera_msgs/uncrustify_rosidl_typesupport_fastrtps_c.xunit.xml'
[20.605s]  9/29 Test  #9: uncrustify_rosidl_typesupport_fastrtps_c ..........   Passed    2.62 sec
[20.606s] test 10
[20.607s]       Start 10: cppcheck_rosidl_generated_c
[20.608s] 
[20.608s] 10: Test command: /usr/bin/python3 "-u" "/opt/ros/dashing/share/ament_cmake_test/cmake/run_test.py" "/home/yan/camps_ws/build/realsense_camera_msgs/test_results/realsense_camera_msgs/cppcheck_rosidl_generated_c.xunit.xml" "--package-name" "realsense_camera_msgs" "--output-file" "/home/yan/camps_ws/build/realsense_camera_msgs/ament_cppcheck/cppcheck_rosidl_generated_c.txt" "--command" "/opt/ros/dashing/bin/ament_cppcheck" "--xunit-file" "/home/yan/camps_ws/build/realsense_camera_msgs/test_results/realsense_camera_msgs/cppcheck_rosidl_generated_c.xunit.xml" "/home/yan/camps_ws/build/realsense_camera_msgs/rosidl_generator_c/realsense_camera_msgs"
[20.609s] 10: Test timeout computed to be: 120
[20.982s] 10: -- run_test.py: invoking following command in '/home/yan/camps_ws/src/ros2_intel_realsense/realsense_camera_msgs':
[20.983s] 10:  - /opt/ros/dashing/bin/ament_cppcheck --xunit-file /home/yan/camps_ws/build/realsense_camera_msgs/test_results/realsense_camera_msgs/cppcheck_rosidl_generated_c.xunit.xml /home/yan/camps_ws/build/realsense_camera_msgs/rosidl_generator_c/realsense_camera_msgs
[22.421s] 10: No problems found
[22.500s] 10: -- run_test.py: return code 0
[22.501s] 10: -- run_test.py: verify result file '/home/yan/camps_ws/build/realsense_camera_msgs/test_results/realsense_camera_msgs/cppcheck_rosidl_generated_c.xunit.xml'
[22.556s] 10/29 Test #10: cppcheck_rosidl_generated_c .......................   Passed    1.95 sec
[22.557s] test 11
[22.557s]       Start 11: cpplint_rosidl_generated_c
[22.558s] 
[22.559s] 11: Test command: /usr/bin/python3 "-u" "/opt/ros/dashing/share/ament_cmake_test/cmake/run_test.py" "/home/yan/camps_ws/build/realsense_camera_msgs/test_results/realsense_camera_msgs/cpplint_rosidl_generated_c.xunit.xml" "--package-name" "realsense_camera_msgs" "--output-file" "/home/yan/camps_ws/build/realsense_camera_msgs/ament_cpplint/cpplint_rosidl_generated_c.txt" "--command" "/opt/ros/dashing/bin/ament_cpplint" "--xunit-file" "/home/yan/camps_ws/build/realsense_camera_msgs/test_results/realsense_camera_msgs/cpplint_rosidl_generated_c.xunit.xml" "--linelength" "999" "--root" "/home/yan/camps_ws/build/realsense_camera_msgs/rosidl_generator_c" "/home/yan/camps_ws/build/realsense_camera_msgs/rosidl_generator_c/realsense_camera_msgs"
[22.559s] 11: Test timeout computed to be: 120
[22.949s] 11: -- run_test.py: invoking following command in '/home/yan/camps_ws/src/ros2_intel_realsense/realsense_camera_msgs':
[22.949s] 11:  - /opt/ros/dashing/bin/ament_cpplint --xunit-file /home/yan/camps_ws/build/realsense_camera_msgs/test_results/realsense_camera_msgs/cpplint_rosidl_generated_c.xunit.xml --linelength 999 --root /home/yan/camps_ws/build/realsense_camera_msgs/rosidl_generator_c /home/yan/camps_ws/build/realsense_camera_msgs/rosidl_generator_c/realsense_camera_msgs
[25.791s] 11: Using '--root=/home/yan/camps_ws/build/realsense_camera_msgs/rosidl_generator_c' argument
[25.792s] 11: 
[25.793s] 11: Done processing /home/yan/camps_ws/build/realsense_camera_msgs/rosidl_generator_c/realsense_camera_msgs/msg/extrinsics.h
[25.793s] 11: 
[25.794s] 11: Done processing /home/yan/camps_ws/build/realsense_camera_msgs/rosidl_generator_c/realsense_camera_msgs/msg/extrinsics__functions.c
[25.795s] 11: 
[25.796s] 11: Done processing /home/yan/camps_ws/build/realsense_camera_msgs/rosidl_generator_c/realsense_camera_msgs/msg/extrinsics__functions.h
[25.796s] 11: 
[25.797s] 11: Done processing /home/yan/camps_ws/build/realsense_camera_msgs/rosidl_generator_c/realsense_camera_msgs/msg/extrinsics__struct.h
[25.797s] 11: 
[25.798s] 11: Done processing /home/yan/camps_ws/build/realsense_camera_msgs/rosidl_generator_c/realsense_camera_msgs/msg/extrinsics__type_support.h
[25.799s] 11: 
[25.799s] 11: Done processing /home/yan/camps_ws/build/realsense_camera_msgs/rosidl_generator_c/realsense_camera_msgs/msg/imu_info.h
[25.800s] 11: 
[25.801s] 11: Done processing /home/yan/camps_ws/build/realsense_camera_msgs/rosidl_generator_c/realsense_camera_msgs/msg/imu_info__functions.c
[25.802s] 11: 
[25.802s] 11: Done processing /home/yan/camps_ws/build/realsense_camera_msgs/rosidl_generator_c/realsense_camera_msgs/msg/imu_info__functions.h
[25.804s] 11: 
[25.805s] 11: Done processing /home/yan/camps_ws/build/realsense_camera_msgs/rosidl_generator_c/realsense_camera_msgs/msg/imu_info__struct.h
[25.805s] 11: 
[25.806s] 11: Done processing /home/yan/camps_ws/build/realsense_camera_msgs/rosidl_generator_c/realsense_camera_msgs/msg/imu_info__type_support.h
[25.807s] 11: 
[25.808s] 11: Done processing /home/yan/camps_ws/build/realsense_camera_msgs/rosidl_generator_c/realsense_camera_msgs/msg/rosidl_generator_c__visibility_control.h
[25.809s] 11: 
[25.809s] 11: No problems found
[25.875s] 11: -- run_test.py: return code 0
[25.876s] 11: -- run_test.py: verify result file '/home/yan/camps_ws/build/realsense_camera_msgs/test_results/realsense_camera_msgs/cpplint_rosidl_generated_c.xunit.xml'
[25.924s] 11/29 Test #11: cpplint_rosidl_generated_c ........................   Passed    3.37 sec
[25.925s] test 12
[25.926s]       Start 12: uncrustify_rosidl_generated_c
[25.926s] 
[25.927s] 12: Test command: /usr/bin/python3 "-u" "/opt/ros/dashing/share/ament_cmake_test/cmake/run_test.py" "/home/yan/camps_ws/build/realsense_camera_msgs/test_results/realsense_camera_msgs/uncrustify_rosidl_generated_c.xunit.xml" "--package-name" "realsense_camera_msgs" "--output-file" "/home/yan/camps_ws/build/realsense_camera_msgs/ament_uncrustify/uncrustify_rosidl_generated_c.txt" "--command" "/opt/ros/dashing/bin/ament_uncrustify" "--xunit-file" "/home/yan/camps_ws/build/realsense_camera_msgs/test_results/realsense_camera_msgs/uncrustify_rosidl_generated_c.xunit.xml" "--linelength" "0" "/home/yan/camps_ws/build/realsense_camera_msgs/rosidl_generator_c/realsense_camera_msgs"
[25.927s] 12: Test timeout computed to be: 60
[26.302s] 12: -- run_test.py: invoking following command in '/home/yan/camps_ws/src/ros2_intel_realsense/realsense_camera_msgs':
[26.303s] 12:  - /opt/ros/dashing/bin/ament_uncrustify --xunit-file /home/yan/camps_ws/build/realsense_camera_msgs/test_results/realsense_camera_msgs/uncrustify_rosidl_generated_c.xunit.xml --linelength 0 /home/yan/camps_ws/build/realsense_camera_msgs/rosidl_generator_c/realsense_camera_msgs
[28.109s] 12: No code style divergence in file '/home/yan/camps_ws/build/realsense_camera_msgs/rosidl_generator_c/realsense_camera_msgs/msg/extrinsics.h'
[28.110s] 12: 
[28.112s] 12: No code style divergence in file '/home/yan/camps_ws/build/realsense_camera_msgs/rosidl_generator_c/realsense_camera_msgs/msg/extrinsics__functions.c'
[28.112s] 12: 
[28.113s] 12: No code style divergence in file '/home/yan/camps_ws/build/realsense_camera_msgs/rosidl_generator_c/realsense_camera_msgs/msg/extrinsics__functions.h'
[28.114s] 12: 
[28.115s] 12: No code style divergence in file '/home/yan/camps_ws/build/realsense_camera_msgs/rosidl_generator_c/realsense_camera_msgs/msg/extrinsics__struct.h'
[28.116s] 12: 
[28.118s] 12: No code style divergence in file '/home/yan/camps_ws/build/realsense_camera_msgs/rosidl_generator_c/realsense_camera_msgs/msg/extrinsics__type_support.h'
[28.119s] 12: 
[28.120s] 12: No code style divergence in file '/home/yan/camps_ws/build/realsense_camera_msgs/rosidl_generator_c/realsense_camera_msgs/msg/imu_info.h'
[28.120s] 12: 
[28.121s] 12: No code style divergence in file '/home/yan/camps_ws/build/realsense_camera_msgs/rosidl_generator_c/realsense_camera_msgs/msg/imu_info__functions.c'
[28.122s] 12: 
[28.123s] 12: No code style divergence in file '/home/yan/camps_ws/build/realsense_camera_msgs/rosidl_generator_c/realsense_camera_msgs/msg/imu_info__functions.h'
[28.124s] 12: 
[28.125s] 12: No code style divergence in file '/home/yan/camps_ws/build/realsense_camera_msgs/rosidl_generator_c/realsense_camera_msgs/msg/imu_info__struct.h'
[28.126s] 12: 
[28.126s] 12: No code style divergence in file '/home/yan/camps_ws/build/realsense_camera_msgs/rosidl_generator_c/realsense_camera_msgs/msg/imu_info__type_support.h'
[28.127s] 12: 
[28.133s] 12: No code style divergence in file '/home/yan/camps_ws/build/realsense_camera_msgs/rosidl_generator_c/realsense_camera_msgs/msg/rosidl_generator_c__visibility_control.h'
[28.135s] 12: 
[28.136s] 12: No problems found
[28.199s] 12: -- run_test.py: return code 0
[28.200s] 12: -- run_test.py: verify result file '/home/yan/camps_ws/build/realsense_camera_msgs/test_results/realsense_camera_msgs/uncrustify_rosidl_generated_c.xunit.xml'
[28.260s] 12/29 Test #12: uncrustify_rosidl_generated_c .....................   Passed    2.34 sec
[28.261s] test 13
[28.262s]       Start 13: cppcheck_rosidl_typesupport_fastrtps_cpp
[28.263s] 
[28.264s] 13: Test command: /usr/bin/python3 "-u" "/opt/ros/dashing/share/ament_cmake_test/cmake/run_test.py" "/home/yan/camps_ws/build/realsense_camera_msgs/test_results/realsense_camera_msgs/cppcheck_rosidl_typesupport_fastrtps_cpp.xunit.xml" "--package-name" "realsense_camera_msgs" "--output-file" "/home/yan/camps_ws/build/realsense_camera_msgs/ament_cppcheck/cppcheck_rosidl_typesupport_fastrtps_cpp.txt" "--command" "/opt/ros/dashing/bin/ament_cppcheck" "--xunit-file" "/home/yan/camps_ws/build/realsense_camera_msgs/test_results/realsense_camera_msgs/cppcheck_rosidl_typesupport_fastrtps_cpp.xunit.xml" "/home/yan/camps_ws/build/realsense_camera_msgs/rosidl_typesupport_fastrtps_cpp/realsense_camera_msgs/msg/dds_fastrtps/imu_info__type_support.cpp" "/home/yan/camps_ws/build/realsense_camera_msgs/rosidl_typesupport_fastrtps_cpp/realsense_camera_msgs/msg/imu_info__rosidl_typesupport_fastrtps_cpp.hpp" "/home/yan/camps_ws/build/realsense_camera_msgs/rosidl_typesupport_fastrtps_cpp/realsense_camera_msgs/msg/dds_fastrtps/extrinsics__type_support.cpp" "/home/yan/camps_ws/build/realsense_camera_msgs/rosidl_typesupport_fastrtps_cpp/realsense_camera_msgs/msg/extrinsics__rosidl_typesupport_fastrtps_cpp.hpp"
[28.265s] 13: Test timeout computed to be: 120
[28.637s] 13: -- run_test.py: invoking following command in '/home/yan/camps_ws/src/ros2_intel_realsense/realsense_camera_msgs':
[28.638s] 13:  - /opt/ros/dashing/bin/ament_cppcheck --xunit-file /home/yan/camps_ws/build/realsense_camera_msgs/test_results/realsense_camera_msgs/cppcheck_rosidl_typesupport_fastrtps_cpp.xunit.xml /home/yan/camps_ws/build/realsense_camera_msgs/rosidl_typesupport_fastrtps_cpp/realsense_camera_msgs/msg/dds_fastrtps/imu_info__type_support.cpp /home/yan/camps_ws/build/realsense_camera_msgs/rosidl_typesupport_fastrtps_cpp/realsense_camera_msgs/msg/imu_info__rosidl_typesupport_fastrtps_cpp.hpp /home/yan/camps_ws/build/realsense_camera_msgs/rosidl_typesupport_fastrtps_cpp/realsense_camera_msgs/msg/dds_fastrtps/extrinsics__type_support.cpp /home/yan/camps_ws/build/realsense_camera_msgs/rosidl_typesupport_fastrtps_cpp/realsense_camera_msgs/msg/extrinsics__rosidl_typesupport_fastrtps_cpp.hpp
[30.337s] 13: No problems found
[30.430s] 13: -- run_test.py: return code 0
[30.437s] 13: -- run_test.py: verify result file '/home/yan/camps_ws/build/realsense_camera_msgs/test_results/realsense_camera_msgs/cppcheck_rosidl_typesupport_fastrtps_cpp.xunit.xml'
[30.492s] 13/29 Test #13: cppcheck_rosidl_typesupport_fastrtps_cpp ..........   Passed    2.23 sec
[30.494s] test 14
[30.494s]       Start 14: cpplint_rosidl_typesupport_fastrtps_cpp
[30.495s] 
[30.496s] 14: Test command: /usr/bin/python3 "-u" "/opt/ros/dashing/share/ament_cmake_test/cmake/run_test.py" "/home/yan/camps_ws/build/realsense_camera_msgs/test_results/realsense_camera_msgs/cpplint_rosidl_typesupport_fastrtps_cpp.xunit.xml" "--package-name" "realsense_camera_msgs" "--output-file" "/home/yan/camps_ws/build/realsense_camera_msgs/ament_cpplint/cpplint_rosidl_typesupport_fastrtps_cpp.txt" "--command" "/opt/ros/dashing/bin/ament_cpplint" "--xunit-file" "/home/yan/camps_ws/build/realsense_camera_msgs/test_results/realsense_camera_msgs/cpplint_rosidl_typesupport_fastrtps_cpp.xunit.xml" "--linelength" "999" "--root" "/home/yan/camps_ws/build/realsense_camera_msgs/rosidl_typesupport_fastrtps_cpp" "/home/yan/camps_ws/build/realsense_camera_msgs/rosidl_typesupport_fastrtps_cpp/realsense_camera_msgs/msg/dds_fastrtps/imu_info__type_support.cpp" "/home/yan/camps_ws/build/realsense_camera_msgs/rosidl_typesupport_fastrtps_cpp/realsense_camera_msgs/msg/imu_info__rosidl_typesupport_fastrtps_cpp.hpp" "/home/yan/camps_ws/build/realsense_camera_msgs/rosidl_typesupport_fastrtps_cpp/realsense_camera_msgs/msg/dds_fastrtps/extrinsics__type_support.cpp" "/home/yan/camps_ws/build/realsense_camera_msgs/rosidl_typesupport_fastrtps_cpp/realsense_camera_msgs/msg/extrinsics__rosidl_typesupport_fastrtps_cpp.hpp"
[30.497s] 14: Test timeout computed to be: 120
[30.899s] 14: -- run_test.py: invoking following command in '/home/yan/camps_ws/src/ros2_intel_realsense/realsense_camera_msgs':
[30.899s] 14:  - /opt/ros/dashing/bin/ament_cpplint --xunit-file /home/yan/camps_ws/build/realsense_camera_msgs/test_results/realsense_camera_msgs/cpplint_rosidl_typesupport_fastrtps_cpp.xunit.xml --linelength 999 --root /home/yan/camps_ws/build/realsense_camera_msgs/rosidl_typesupport_fastrtps_cpp /home/yan/camps_ws/build/realsense_camera_msgs/rosidl_typesupport_fastrtps_cpp/realsense_camera_msgs/msg/dds_fastrtps/imu_info__type_support.cpp /home/yan/camps_ws/build/realsense_camera_msgs/rosidl_typesupport_fastrtps_cpp/realsense_camera_msgs/msg/imu_info__rosidl_typesupport_fastrtps_cpp.hpp /home/yan/camps_ws/build/realsense_camera_msgs/rosidl_typesupport_fastrtps_cpp/realsense_camera_msgs/msg/dds_fastrtps/extrinsics__type_support.cpp /home/yan/camps_ws/build/realsense_camera_msgs/rosidl_typesupport_fastrtps_cpp/realsense_camera_msgs/msg/extrinsics__rosidl_typesupport_fastrtps_cpp.hpp
[33.336s] 14: Using '--root=/home/yan/camps_ws/build/realsense_camera_msgs/rosidl_typesupport_fastrtps_cpp' argument
[33.337s] 14: 
[33.338s] 14: Done processing /home/yan/camps_ws/build/realsense_camera_msgs/rosidl_typesupport_fastrtps_cpp/realsense_camera_msgs/msg/dds_fastrtps/imu_info__type_support.cpp
[33.338s] 14: 
[33.339s] 14: Done processing /home/yan/camps_ws/build/realsense_camera_msgs/rosidl_typesupport_fastrtps_cpp/realsense_camera_msgs/msg/imu_info__rosidl_typesupport_fastrtps_cpp.hpp
[33.340s] 14: 
[33.340s] 14: Done processing /home/yan/camps_ws/build/realsense_camera_msgs/rosidl_typesupport_fastrtps_cpp/realsense_camera_msgs/msg/dds_fastrtps/extrinsics__type_support.cpp
[33.341s] 14: 
[33.341s] 14: Done processing /home/yan/camps_ws/build/realsense_camera_msgs/rosidl_typesupport_fastrtps_cpp/realsense_camera_msgs/msg/extrinsics__rosidl_typesupport_fastrtps_cpp.hpp
[33.342s] 14: 
[33.343s] 14: No problems found
[33.411s] 14: -- run_test.py: return code 0
[33.411s] 14: -- run_test.py: verify result file '/home/yan/camps_ws/build/realsense_camera_msgs/test_results/realsense_camera_msgs/cpplint_rosidl_typesupport_fastrtps_cpp.xunit.xml'
[33.468s] 14/29 Test #14: cpplint_rosidl_typesupport_fastrtps_cpp ...........   Passed    2.97 sec
[33.469s] test 15
[33.469s]       Start 15: uncrustify_rosidl_typesupport_fastrtps_cpp
[33.470s] 
[33.470s] 15: Test command: /usr/bin/python3 "-u" "/opt/ros/dashing/share/ament_cmake_test/cmake/run_test.py" "/home/yan/camps_ws/build/realsense_camera_msgs/test_results/realsense_camera_msgs/uncrustify_rosidl_typesupport_fastrtps_cpp.xunit.xml" "--package-name" "realsense_camera_msgs" "--output-file" "/home/yan/camps_ws/build/realsense_camera_msgs/ament_uncrustify/uncrustify_rosidl_typesupport_fastrtps_cpp.txt" "--command" "/opt/ros/dashing/bin/ament_uncrustify" "--xunit-file" "/home/yan/camps_ws/build/realsense_camera_msgs/test_results/realsense_camera_msgs/uncrustify_rosidl_typesupport_fastrtps_cpp.xunit.xml" "--linelength" "0" "/home/yan/camps_ws/build/realsense_camera_msgs/rosidl_typesupport_fastrtps_cpp/realsense_camera_msgs/msg/dds_fastrtps/imu_info__type_support.cpp" "/home/yan/camps_ws/build/realsense_camera_msgs/rosidl_typesupport_fastrtps_cpp/realsense_camera_msgs/msg/imu_info__rosidl_typesupport_fastrtps_cpp.hpp" "/home/yan/camps_ws/build/realsense_camera_msgs/rosidl_typesupport_fastrtps_cpp/realsense_camera_msgs/msg/dds_fastrtps/extrinsics__type_support.cpp" "/home/yan/camps_ws/build/realsense_camera_msgs/rosidl_typesupport_fastrtps_cpp/realsense_camera_msgs/msg/extrinsics__rosidl_typesupport_fastrtps_cpp.hpp"
[33.471s] 15: Test timeout computed to be: 60
[33.836s] 15: -- run_test.py: invoking following command in '/home/yan/camps_ws/src/ros2_intel_realsense/realsense_camera_msgs':
[33.837s] 15:  - /opt/ros/dashing/bin/ament_uncrustify --xunit-file /home/yan/camps_ws/build/realsense_camera_msgs/test_results/realsense_camera_msgs/uncrustify_rosidl_typesupport_fastrtps_cpp.xunit.xml --linelength 0 /home/yan/camps_ws/build/realsense_camera_msgs/rosidl_typesupport_fastrtps_cpp/realsense_camera_msgs/msg/dds_fastrtps/imu_info__type_support.cpp /home/yan/camps_ws/build/realsense_camera_msgs/rosidl_typesupport_fastrtps_cpp/realsense_camera_msgs/msg/imu_info__rosidl_typesupport_fastrtps_cpp.hpp /home/yan/camps_ws/build/realsense_camera_msgs/rosidl_typesupport_fastrtps_cpp/realsense_camera_msgs/msg/dds_fastrtps/extrinsics__type_support.cpp /home/yan/camps_ws/build/realsense_camera_msgs/rosidl_typesupport_fastrtps_cpp/realsense_camera_msgs/msg/extrinsics__rosidl_typesupport_fastrtps_cpp.hpp
[35.557s] 15: No code style divergence in file '/home/yan/camps_ws/build/realsense_camera_msgs/rosidl_typesupport_fastrtps_cpp/realsense_camera_msgs/msg/dds_fastrtps/imu_info__type_support.cpp'
[35.558s] 15: 
[35.559s] 15: No code style divergence in file '/home/yan/camps_ws/build/realsense_camera_msgs/rosidl_typesupport_fastrtps_cpp/realsense_camera_msgs/msg/imu_info__rosidl_typesupport_fastrtps_cpp.hpp'
[35.559s] 15: 
[35.560s] 15: No code style divergence in file '/home/yan/camps_ws/build/realsense_camera_msgs/rosidl_typesupport_fastrtps_cpp/realsense_camera_msgs/msg/dds_fastrtps/extrinsics__type_support.cpp'
[35.560s] 15: 
[35.561s] 15: No code style divergence in file '/home/yan/camps_ws/build/realsense_camera_msgs/rosidl_typesupport_fastrtps_cpp/realsense_camera_msgs/msg/extrinsics__rosidl_typesupport_fastrtps_cpp.hpp'
[35.562s] 15: 
[35.562s] 15: No problems found
[35.652s] 15: -- run_test.py: return code 0
[35.653s] 15: -- run_test.py: verify result file '/home/yan/camps_ws/build/realsense_camera_msgs/test_results/realsense_camera_msgs/uncrustify_rosidl_typesupport_fastrtps_cpp.xunit.xml'
[35.724s] 15/29 Test #15: uncrustify_rosidl_typesupport_fastrtps_cpp ........   Passed    2.26 sec
[35.725s] test 16
[35.726s]       Start 16: cppcheck_rosidl_generated_cpp
[35.726s] 
[35.729s] 16: Test command: /usr/bin/python3 "-u" "/opt/ros/dashing/share/ament_cmake_test/cmake/run_test.py" "/home/yan/camps_ws/build/realsense_camera_msgs/test_results/realsense_camera_msgs/cppcheck_rosidl_generated_cpp.xunit.xml" "--package-name" "realsense_camera_msgs" "--output-file" "/home/yan/camps_ws/build/realsense_camera_msgs/ament_cppcheck/cppcheck_rosidl_generated_cpp.txt" "--command" "/opt/ros/dashing/bin/ament_cppcheck" "--xunit-file" "/home/yan/camps_ws/build/realsense_camera_msgs/test_results/realsense_camera_msgs/cppcheck_rosidl_generated_cpp.xunit.xml" "/home/yan/camps_ws/build/realsense_camera_msgs/rosidl_generator_cpp/realsense_camera_msgs"
[35.730s] 16: Test timeout computed to be: 120
[36.122s] 16: -- run_test.py: invoking following command in '/home/yan/camps_ws/src/ros2_intel_realsense/realsense_camera_msgs':
[36.123s] 16:  - /opt/ros/dashing/bin/ament_cppcheck --xunit-file /home/yan/camps_ws/build/realsense_camera_msgs/test_results/realsense_camera_msgs/cppcheck_rosidl_generated_cpp.xunit.xml /home/yan/camps_ws/build/realsense_camera_msgs/rosidl_generator_cpp/realsense_camera_msgs
[37.860s] 16: No problems found
[37.937s] 16: -- run_test.py: return code 0
[37.937s] 16: -- run_test.py: verify result file '/home/yan/camps_ws/build/realsense_camera_msgs/test_results/realsense_camera_msgs/cppcheck_rosidl_generated_cpp.xunit.xml'
[37.984s] 16/29 Test #16: cppcheck_rosidl_generated_cpp .....................   Passed    2.26 sec
[37.985s] test 17
[37.985s]       Start 17: cpplint_rosidl_generated_cpp
[37.986s] 
[37.986s] 17: Test command: /usr/bin/python3 "-u" "/opt/ros/dashing/share/ament_cmake_test/cmake/run_test.py" "/home/yan/camps_ws/build/realsense_camera_msgs/test_results/realsense_camera_msgs/cpplint_rosidl_generated_cpp.xunit.xml" "--package-name" "realsense_camera_msgs" "--output-file" "/home/yan/camps_ws/build/realsense_camera_msgs/ament_cpplint/cpplint_rosidl_generated_cpp.txt" "--command" "/opt/ros/dashing/bin/ament_cpplint" "--xunit-file" "/home/yan/camps_ws/build/realsense_camera_msgs/test_results/realsense_camera_msgs/cpplint_rosidl_generated_cpp.xunit.xml" "--linelength" "999" "--root" "/home/yan/camps_ws/build/realsense_camera_msgs/rosidl_generator_cpp" "/home/yan/camps_ws/build/realsense_camera_msgs/rosidl_generator_cpp/realsense_camera_msgs"
[37.987s] 17: Test timeout computed to be: 120
[38.344s] 17: -- run_test.py: invoking following command in '/home/yan/camps_ws/src/ros2_intel_realsense/realsense_camera_msgs':
[38.344s] 17:  - /opt/ros/dashing/bin/ament_cpplint --xunit-file /home/yan/camps_ws/build/realsense_camera_msgs/test_results/realsense_camera_msgs/cpplint_rosidl_generated_cpp.xunit.xml --linelength 999 --root /home/yan/camps_ws/build/realsense_camera_msgs/rosidl_generator_cpp /home/yan/camps_ws/build/realsense_camera_msgs/rosidl_generator_cpp/realsense_camera_msgs
[40.938s] 17: Using '--root=/home/yan/camps_ws/build/realsense_camera_msgs/rosidl_generator_cpp' argument
[40.940s] 17: 
[40.940s] 17: Done processing /home/yan/camps_ws/build/realsense_camera_msgs/rosidl_generator_cpp/realsense_camera_msgs/msg/extrinsics.hpp
[40.941s] 17: 
[40.942s] 17: Done processing /home/yan/camps_ws/build/realsense_camera_msgs/rosidl_generator_cpp/realsense_camera_msgs/msg/extrinsics__struct.hpp
[40.942s] 17: 
[40.943s] 17: Done processing /home/yan/camps_ws/build/realsense_camera_msgs/rosidl_generator_cpp/realsense_camera_msgs/msg/extrinsics__traits.hpp
[40.944s] 17: 
[40.945s] 17: Done processing /home/yan/camps_ws/build/realsense_camera_msgs/rosidl_generator_cpp/realsense_camera_msgs/msg/imu_info.hpp
[40.945s] 17: 
[40.946s] 17: Done processing /home/yan/camps_ws/build/realsense_camera_msgs/rosidl_generator_cpp/realsense_camera_msgs/msg/imu_info__struct.hpp
[40.946s] 17: 
[40.947s] 17: Done processing /home/yan/camps_ws/build/realsense_camera_msgs/rosidl_generator_cpp/realsense_camera_msgs/msg/imu_info__traits.hpp
[40.948s] 17: 
[40.949s] 17: No problems found
[41.018s] 17: -- run_test.py: return code 0
[41.019s] 17: -- run_test.py: verify result file '/home/yan/camps_ws/build/realsense_camera_msgs/test_results/realsense_camera_msgs/cpplint_rosidl_generated_cpp.xunit.xml'
[41.070s] 17/29 Test #17: cpplint_rosidl_generated_cpp ......................   Passed    3.09 sec
[41.072s] test 18
[41.073s]       Start 18: uncrustify_rosidl_generated_cpp
[41.073s] 
[41.074s] 18: Test command: /usr/bin/python3 "-u" "/opt/ros/dashing/share/ament_cmake_test/cmake/run_test.py" "/home/yan/camps_ws/build/realsense_camera_msgs/test_results/realsense_camera_msgs/uncrustify_rosidl_generated_cpp.xunit.xml" "--package-name" "realsense_camera_msgs" "--output-file" "/home/yan/camps_ws/build/realsense_camera_msgs/ament_uncrustify/uncrustify_rosidl_generated_cpp.txt" "--command" "/opt/ros/dashing/bin/ament_uncrustify" "--xunit-file" "/home/yan/camps_ws/build/realsense_camera_msgs/test_results/realsense_camera_msgs/uncrustify_rosidl_generated_cpp.xunit.xml" "--linelength" "0" "/home/yan/camps_ws/build/realsense_camera_msgs/rosidl_generator_cpp/realsense_camera_msgs"
[41.075s] 18: Test timeout computed to be: 60
[41.430s] 18: -- run_test.py: invoking following command in '/home/yan/camps_ws/src/ros2_intel_realsense/realsense_camera_msgs':
[41.431s] 18:  - /opt/ros/dashing/bin/ament_uncrustify --xunit-file /home/yan/camps_ws/build/realsense_camera_msgs/test_results/realsense_camera_msgs/uncrustify_rosidl_generated_cpp.xunit.xml --linelength 0 /home/yan/camps_ws/build/realsense_camera_msgs/rosidl_generator_cpp/realsense_camera_msgs
[42.853s] 18: No code style divergence in file '/home/yan/camps_ws/build/realsense_camera_msgs/rosidl_generator_cpp/realsense_camera_msgs/msg/extrinsics.hpp'
[42.854s] 18: 
[42.855s] 18: No code style divergence in file '/home/yan/camps_ws/build/realsense_camera_msgs/rosidl_generator_cpp/realsense_camera_msgs/msg/extrinsics__struct.hpp'
[42.855s] 18: 
[42.856s] 18: No code style divergence in file '/home/yan/camps_ws/build/realsense_camera_msgs/rosidl_generator_cpp/realsense_camera_msgs/msg/extrinsics__traits.hpp'
[42.856s] 18: 
[42.857s] 18: No code style divergence in file '/home/yan/camps_ws/build/realsense_camera_msgs/rosidl_generator_cpp/realsense_camera_msgs/msg/imu_info.hpp'
[42.858s] 18: 
[42.858s] 18: No code style divergence in file '/home/yan/camps_ws/build/realsense_camera_msgs/rosidl_generator_cpp/realsense_camera_msgs/msg/imu_info__struct.hpp'
[42.859s] 18: 
[42.860s] 18: No code style divergence in file '/home/yan/camps_ws/build/realsense_camera_msgs/rosidl_generator_cpp/realsense_camera_msgs/msg/imu_info__traits.hpp'
[42.860s] 18: 
[42.861s] 18: No problems found
[42.928s] 18: -- run_test.py: return code 0
[42.929s] 18: -- run_test.py: verify result file '/home/yan/camps_ws/build/realsense_camera_msgs/test_results/realsense_camera_msgs/uncrustify_rosidl_generated_cpp.xunit.xml'
[42.975s] 18/29 Test #18: uncrustify_rosidl_generated_cpp ...................   Passed    1.90 sec
[42.976s] test 19
[42.976s]       Start 19: cppcheck_rosidl_typesupport_introspection_c
[42.977s] 
[42.977s] 19: Test command: /usr/bin/python3 "-u" "/opt/ros/dashing/share/ament_cmake_test/cmake/run_test.py" "/home/yan/camps_ws/build/realsense_camera_msgs/test_results/realsense_camera_msgs/cppcheck_rosidl_typesupport_introspection_c.xunit.xml" "--package-name" "realsense_camera_msgs" "--output-file" "/home/yan/camps_ws/build/realsense_camera_msgs/ament_cppcheck/cppcheck_rosidl_typesupport_introspection_c.txt" "--command" "/opt/ros/dashing/bin/ament_cppcheck" "--xunit-file" "/home/yan/camps_ws/build/realsense_camera_msgs/test_results/realsense_camera_msgs/cppcheck_rosidl_typesupport_introspection_c.xunit.xml" "/home/yan/camps_ws/build/realsense_camera_msgs/rosidl_typesupport_introspection_c/realsense_camera_msgs"
[42.978s] 19: Test timeout computed to be: 120
[43.306s] 19: -- run_test.py: invoking following command in '/home/yan/camps_ws/src/ros2_intel_realsense/realsense_camera_msgs':
[43.306s] 19:  - /opt/ros/dashing/bin/ament_cppcheck --xunit-file /home/yan/camps_ws/build/realsense_camera_msgs/test_results/realsense_camera_msgs/cppcheck_rosidl_typesupport_introspection_c.xunit.xml /home/yan/camps_ws/build/realsense_camera_msgs/rosidl_typesupport_introspection_c/realsense_camera_msgs
[44.806s] 19: No problems found
[44.886s] 19: -- run_test.py: return code 0
[44.886s] 19: -- run_test.py: verify result file '/home/yan/camps_ws/build/realsense_camera_msgs/test_results/realsense_camera_msgs/cppcheck_rosidl_typesupport_introspection_c.xunit.xml'
[44.932s] 19/29 Test #19: cppcheck_rosidl_typesupport_introspection_c .......   Passed    1.96 sec
[44.933s] test 20
[44.934s]       Start 20: cpplint_rosidl_typesupport_introspection_c
[44.935s] 
[44.935s] 20: Test command: /usr/bin/python3 "-u" "/opt/ros/dashing/share/ament_cmake_test/cmake/run_test.py" "/home/yan/camps_ws/build/realsense_camera_msgs/test_results/realsense_camera_msgs/cpplint_rosidl_typesupport_introspection_c.xunit.xml" "--package-name" "realsense_camera_msgs" "--output-file" "/home/yan/camps_ws/build/realsense_camera_msgs/ament_cpplint/cpplint_rosidl_typesupport_introspection_c.txt" "--command" "/opt/ros/dashing/bin/ament_cpplint" "--xunit-file" "/home/yan/camps_ws/build/realsense_camera_msgs/test_results/realsense_camera_msgs/cpplint_rosidl_typesupport_introspection_c.xunit.xml" "--linelength" "999" "--root" "/home/yan/camps_ws/build/realsense_camera_msgs/rosidl_typesupport_introspection_c" "/home/yan/camps_ws/build/realsense_camera_msgs/rosidl_typesupport_introspection_c/realsense_camera_msgs"
[44.936s] 20: Test timeout computed to be: 120
[45.287s] 20: -- run_test.py: invoking following command in '/home/yan/camps_ws/src/ros2_intel_realsense/realsense_camera_msgs':
[45.288s] 20:  - /opt/ros/dashing/bin/ament_cpplint --xunit-file /home/yan/camps_ws/build/realsense_camera_msgs/test_results/realsense_camera_msgs/cpplint_rosidl_typesupport_introspection_c.xunit.xml --linelength 999 --root /home/yan/camps_ws/build/realsense_camera_msgs/rosidl_typesupport_introspection_c /home/yan/camps_ws/build/realsense_camera_msgs/rosidl_typesupport_introspection_c/realsense_camera_msgs
[47.258s] 20: Using '--root=/home/yan/camps_ws/build/realsense_camera_msgs/rosidl_typesupport_introspection_c' argument
[47.258s] 20: 
[47.259s] 20: Done processing /home/yan/camps_ws/build/realsense_camera_msgs/rosidl_typesupport_introspection_c/realsense_camera_msgs/msg/extrinsics__rosidl_typesupport_introspection_c.h
[47.260s] 20: 
[47.260s] 20: Done processing /home/yan/camps_ws/build/realsense_camera_msgs/rosidl_typesupport_introspection_c/realsense_camera_msgs/msg/extrinsics__type_support.c
[47.261s] 20: 
[47.261s] 20: Done processing /home/yan/camps_ws/build/realsense_camera_msgs/rosidl_typesupport_introspection_c/realsense_camera_msgs/msg/imu_info__rosidl_typesupport_introspection_c.h
[47.262s] 20: 
[47.263s] 20: Done processing /home/yan/camps_ws/build/realsense_camera_msgs/rosidl_typesupport_introspection_c/realsense_camera_msgs/msg/imu_info__type_support.c
[47.263s] 20: 
[47.264s] 20: Done processing /home/yan/camps_ws/build/realsense_camera_msgs/rosidl_typesupport_introspection_c/realsense_camera_msgs/msg/rosidl_typesupport_introspection_c__visibility_control.h
[47.264s] 20: 
[47.265s] 20: No problems found
[47.329s] 20: -- run_test.py: return code 0
[47.329s] 20: -- run_test.py: verify result file '/home/yan/camps_ws/build/realsense_camera_msgs/test_results/realsense_camera_msgs/cpplint_rosidl_typesupport_introspection_c.xunit.xml'
[47.376s] 20/29 Test #20: cpplint_rosidl_typesupport_introspection_c ........   Passed    2.44 sec
[47.378s] test 21
[47.378s]       Start 21: uncrustify_rosidl_typesupport_introspection_c
[47.379s] 
[47.380s] 21: Test command: /usr/bin/python3 "-u" "/opt/ros/dashing/share/ament_cmake_test/cmake/run_test.py" "/home/yan/camps_ws/build/realsense_camera_msgs/test_results/realsense_camera_msgs/uncrustify_rosidl_typesupport_introspection_c.xunit.xml" "--package-name" "realsense_camera_msgs" "--output-file" "/home/yan/camps_ws/build/realsense_camera_msgs/ament_uncrustify/uncrustify_rosidl_typesupport_introspection_c.txt" "--command" "/opt/ros/dashing/bin/ament_uncrustify" "--xunit-file" "/home/yan/camps_ws/build/realsense_camera_msgs/test_results/realsense_camera_msgs/uncrustify_rosidl_typesupport_introspection_c.xunit.xml" "--linelength" "0" "/home/yan/camps_ws/build/realsense_camera_msgs/rosidl_typesupport_introspection_c/realsense_camera_msgs"
[47.380s] 21: Test timeout computed to be: 60
[47.709s] 21: -- run_test.py: invoking following command in '/home/yan/camps_ws/src/ros2_intel_realsense/realsense_camera_msgs':
[47.710s] 21:  - /opt/ros/dashing/bin/ament_uncrustify --xunit-file /home/yan/camps_ws/build/realsense_camera_msgs/test_results/realsense_camera_msgs/uncrustify_rosidl_typesupport_introspection_c.xunit.xml --linelength 0 /home/yan/camps_ws/build/realsense_camera_msgs/rosidl_typesupport_introspection_c/realsense_camera_msgs
[49.199s] 21: No code style divergence in file '/home/yan/camps_ws/build/realsense_camera_msgs/rosidl_typesupport_introspection_c/realsense_camera_msgs/msg/extrinsics__rosidl_typesupport_introspection_c.h'
[49.199s] 21: 
[49.200s] 21: No code style divergence in file '/home/yan/camps_ws/build/realsense_camera_msgs/rosidl_typesupport_introspection_c/realsense_camera_msgs/msg/extrinsics__type_support.c'
[49.201s] 21: 
[49.201s] 21: No code style divergence in file '/home/yan/camps_ws/build/realsense_camera_msgs/rosidl_typesupport_introspection_c/realsense_camera_msgs/msg/imu_info__rosidl_typesupport_introspection_c.h'
[49.202s] 21: 
[49.203s] 21: No code style divergence in file '/home/yan/camps_ws/build/realsense_camera_msgs/rosidl_typesupport_introspection_c/realsense_camera_msgs/msg/imu_info__type_support.c'
[49.203s] 21: 
[49.204s] 21: No code style divergence in file '/home/yan/camps_ws/build/realsense_camera_msgs/rosidl_typesupport_introspection_c/realsense_camera_msgs/msg/rosidl_typesupport_introspection_c__visibility_control.h'
[49.205s] 21: 
[49.205s] 21: No problems found
[49.280s] 21: -- run_test.py: return code 0
[49.280s] 21: -- run_test.py: verify result file '/home/yan/camps_ws/build/realsense_camera_msgs/test_results/realsense_camera_msgs/uncrustify_rosidl_typesupport_introspection_c.xunit.xml'
[49.328s] 21/29 Test #21: uncrustify_rosidl_typesupport_introspection_c .....   Passed    1.95 sec
[49.329s] test 22
[49.329s]       Start 22: cppcheck_rosidl_typesupport_introspection_cpp
[49.330s] 
[49.330s] 22: Test command: /usr/bin/python3 "-u" "/opt/ros/dashing/share/ament_cmake_test/cmake/run_test.py" "/home/yan/camps_ws/build/realsense_camera_msgs/test_results/realsense_camera_msgs/cppcheck_rosidl_typesupport_introspection_cpp.xunit.xml" "--package-name" "realsense_camera_msgs" "--output-file" "/home/yan/camps_ws/build/realsense_camera_msgs/ament_cppcheck/cppcheck_rosidl_typesupport_introspection_cpp.txt" "--command" "/opt/ros/dashing/bin/ament_cppcheck" "--xunit-file" "/home/yan/camps_ws/build/realsense_camera_msgs/test_results/realsense_camera_msgs/cppcheck_rosidl_typesupport_introspection_cpp.xunit.xml" "/home/yan/camps_ws/build/realsense_camera_msgs/rosidl_typesupport_introspection_cpp/realsense_camera_msgs"
[49.331s] 22: Test timeout computed to be: 120
[49.667s] 22: -- run_test.py: invoking following command in '/home/yan/camps_ws/src/ros2_intel_realsense/realsense_camera_msgs':
[49.668s] 22:  - /opt/ros/dashing/bin/ament_cppcheck --xunit-file /home/yan/camps_ws/build/realsense_camera_msgs/test_results/realsense_camera_msgs/cppcheck_rosidl_typesupport_introspection_cpp.xunit.xml /home/yan/camps_ws/build/realsense_camera_msgs/rosidl_typesupport_introspection_cpp/realsense_camera_msgs
[51.086s] 22: No problems found
[51.167s] 22: -- run_test.py: return code 0
[51.168s] 22: -- run_test.py: verify result file '/home/yan/camps_ws/build/realsense_camera_msgs/test_results/realsense_camera_msgs/cppcheck_rosidl_typesupport_introspection_cpp.xunit.xml'
[51.213s] 22/29 Test #22: cppcheck_rosidl_typesupport_introspection_cpp .....   Passed    1.88 sec
[51.213s] test 23
[51.214s]       Start 23: cpplint_rosidl_typesupport_introspection_cpp
[51.214s] 
[51.215s] 23: Test command: /usr/bin/python3 "-u" "/opt/ros/dashing/share/ament_cmake_test/cmake/run_test.py" "/home/yan/camps_ws/build/realsense_camera_msgs/test_results/realsense_camera_msgs/cpplint_rosidl_typesupport_introspection_cpp.xunit.xml" "--package-name" "realsense_camera_msgs" "--output-file" "/home/yan/camps_ws/build/realsense_camera_msgs/ament_cpplint/cpplint_rosidl_typesupport_introspection_cpp.txt" "--command" "/opt/ros/dashing/bin/ament_cpplint" "--xunit-file" "/home/yan/camps_ws/build/realsense_camera_msgs/test_results/realsense_camera_msgs/cpplint_rosidl_typesupport_introspection_cpp.xunit.xml" "--linelength" "999" "--root" "/home/yan/camps_ws/build/realsense_camera_msgs/rosidl_typesupport_introspection_cpp" "/home/yan/camps_ws/build/realsense_camera_msgs/rosidl_typesupport_introspection_cpp/realsense_camera_msgs"
[51.216s] 23: Test timeout computed to be: 120
[51.547s] 23: -- run_test.py: invoking following command in '/home/yan/camps_ws/src/ros2_intel_realsense/realsense_camera_msgs':
[51.548s] 23:  - /opt/ros/dashing/bin/ament_cpplint --xunit-file /home/yan/camps_ws/build/realsense_camera_msgs/test_results/realsense_camera_msgs/cpplint_rosidl_typesupport_introspection_cpp.xunit.xml --linelength 999 --root /home/yan/camps_ws/build/realsense_camera_msgs/rosidl_typesupport_introspection_cpp /home/yan/camps_ws/build/realsense_camera_msgs/rosidl_typesupport_introspection_cpp/realsense_camera_msgs
[53.643s] 23: Using '--root=/home/yan/camps_ws/build/realsense_camera_msgs/rosidl_typesupport_introspection_cpp' argument
[53.644s] 23: 
[53.645s] 23: Done processing /home/yan/camps_ws/build/realsense_camera_msgs/rosidl_typesupport_introspection_cpp/realsense_camera_msgs/msg/extrinsics__rosidl_typesupport_introspection_cpp.hpp
[53.645s] 23: 
[53.646s] 23: Done processing /home/yan/camps_ws/build/realsense_camera_msgs/rosidl_typesupport_introspection_cpp/realsense_camera_msgs/msg/extrinsics__type_support.cpp
[53.647s] 23: 
[53.648s] 23: Done processing /home/yan/camps_ws/build/realsense_camera_msgs/rosidl_typesupport_introspection_cpp/realsense_camera_msgs/msg/imu_info__rosidl_typesupport_introspection_cpp.hpp
[53.648s] 23: 
[53.649s] 23: Done processing /home/yan/camps_ws/build/realsense_camera_msgs/rosidl_typesupport_introspection_cpp/realsense_camera_msgs/msg/imu_info__type_support.cpp
[53.650s] 23: 
[53.650s] 23: No problems found
[53.716s] 23: -- run_test.py: return code 0
[53.717s] 23: -- run_test.py: verify result file '/home/yan/camps_ws/build/realsense_camera_msgs/test_results/realsense_camera_msgs/cpplint_rosidl_typesupport_introspection_cpp.xunit.xml'
[53.764s] 23/29 Test #23: cpplint_rosidl_typesupport_introspection_cpp ......   Passed    2.55 sec
[53.765s] test 24
[53.766s]       Start 24: uncrustify_rosidl_typesupport_introspection_cpp
[53.766s] 
[53.767s] 24: Test command: /usr/bin/python3 "-u" "/opt/ros/dashing/share/ament_cmake_test/cmake/run_test.py" "/home/yan/camps_ws/build/realsense_camera_msgs/test_results/realsense_camera_msgs/uncrustify_rosidl_typesupport_introspection_cpp.xunit.xml" "--package-name" "realsense_camera_msgs" "--output-file" "/home/yan/camps_ws/build/realsense_camera_msgs/ament_uncrustify/uncrustify_rosidl_typesupport_introspection_cpp.txt" "--command" "/opt/ros/dashing/bin/ament_uncrustify" "--xunit-file" "/home/yan/camps_ws/build/realsense_camera_msgs/test_results/realsense_camera_msgs/uncrustify_rosidl_typesupport_introspection_cpp.xunit.xml" "--linelength" "0" "/home/yan/camps_ws/build/realsense_camera_msgs/rosidl_typesupport_introspection_cpp/realsense_camera_msgs"
[53.768s] 24: Test timeout computed to be: 60
[54.101s] 24: -- run_test.py: invoking following command in '/home/yan/camps_ws/src/ros2_intel_realsense/realsense_camera_msgs':
[54.102s] 24:  - /opt/ros/dashing/bin/ament_uncrustify --xunit-file /home/yan/camps_ws/build/realsense_camera_msgs/test_results/realsense_camera_msgs/uncrustify_rosidl_typesupport_introspection_cpp.xunit.xml --linelength 0 /home/yan/camps_ws/build/realsense_camera_msgs/rosidl_typesupport_introspection_cpp/realsense_camera_msgs
[55.502s] 24: No code style divergence in file '/home/yan/camps_ws/build/realsense_camera_msgs/rosidl_typesupport_introspection_cpp/realsense_camera_msgs/msg/extrinsics__rosidl_typesupport_introspection_cpp.hpp'
[55.503s] 24: 
[55.503s] 24: No code style divergence in file '/home/yan/camps_ws/build/realsense_camera_msgs/rosidl_typesupport_introspection_cpp/realsense_camera_msgs/msg/extrinsics__type_support.cpp'
[55.504s] 24: 
[55.505s] 24: No code style divergence in file '/home/yan/camps_ws/build/realsense_camera_msgs/rosidl_typesupport_introspection_cpp/realsense_camera_msgs/msg/imu_info__rosidl_typesupport_introspection_cpp.hpp'
[55.505s] 24: 
[55.506s] 24: No code style divergence in file '/home/yan/camps_ws/build/realsense_camera_msgs/rosidl_typesupport_introspection_cpp/realsense_camera_msgs/msg/imu_info__type_support.cpp'
[55.507s] 24: 
[55.507s] 24: No problems found
[55.580s] 24: -- run_test.py: return code 0
[55.581s] 24: -- run_test.py: verify result file '/home/yan/camps_ws/build/realsense_camera_msgs/test_results/realsense_camera_msgs/uncrustify_rosidl_typesupport_introspection_cpp.xunit.xml'
[55.628s] 24/29 Test #24: uncrustify_rosidl_typesupport_introspection_cpp ...   Passed    1.86 sec
[55.628s] test 25
[55.629s]       Start 25: cppcheck_rosidl_generated_py
[55.629s] 
[55.630s] 25: Test command: /usr/bin/python3 "-u" "/opt/ros/dashing/share/ament_cmake_test/cmake/run_test.py" "/home/yan/camps_ws/build/realsense_camera_msgs/test_results/realsense_camera_msgs/cppcheck_rosidl_generated_py.xunit.xml" "--package-name" "realsense_camera_msgs" "--output-file" "/home/yan/camps_ws/build/realsense_camera_msgs/ament_cppcheck/cppcheck_rosidl_generated_py.txt" "--command" "/opt/ros/dashing/bin/ament_cppcheck" "--xunit-file" "/home/yan/camps_ws/build/realsense_camera_msgs/test_results/realsense_camera_msgs/cppcheck_rosidl_generated_py.xunit.xml" "/home/yan/camps_ws/build/realsense_camera_msgs/rosidl_generator_py/realsense_camera_msgs"
[55.630s] 25: Test timeout computed to be: 120
[55.957s] 25: -- run_test.py: invoking following command in '/home/yan/camps_ws/src/ros2_intel_realsense/realsense_camera_msgs':
[55.958s] 25:  - /opt/ros/dashing/bin/ament_cppcheck --xunit-file /home/yan/camps_ws/build/realsense_camera_msgs/test_results/realsense_camera_msgs/cppcheck_rosidl_generated_py.xunit.xml /home/yan/camps_ws/build/realsense_camera_msgs/rosidl_generator_py/realsense_camera_msgs
[57.429s] 25: No problems found
[57.505s] 25: -- run_test.py: return code 0
[57.506s] 25: -- run_test.py: verify result file '/home/yan/camps_ws/build/realsense_camera_msgs/test_results/realsense_camera_msgs/cppcheck_rosidl_generated_py.xunit.xml'
[57.554s] 25/29 Test #25: cppcheck_rosidl_generated_py ......................   Passed    1.93 sec
[57.555s] test 26
[57.555s]       Start 26: cpplint_rosidl_generated_py
[57.556s] 
[57.556s] 26: Test command: /usr/bin/python3 "-u" "/opt/ros/dashing/share/ament_cmake_test/cmake/run_test.py" "/home/yan/camps_ws/build/realsense_camera_msgs/test_results/realsense_camera_msgs/cpplint_rosidl_generated_py.xunit.xml" "--package-name" "realsense_camera_msgs" "--output-file" "/home/yan/camps_ws/build/realsense_camera_msgs/ament_cpplint/cpplint_rosidl_generated_py.txt" "--command" "/opt/ros/dashing/bin/ament_cpplint" "--xunit-file" "/home/yan/camps_ws/build/realsense_camera_msgs/test_results/realsense_camera_msgs/cpplint_rosidl_generated_py.xunit.xml" "--filters=-readability/fn_size" "--linelength" "999" "--root" "/home/yan/camps_ws/build/realsense_camera_msgs/rosidl_generator_py" "/home/yan/camps_ws/build/realsense_camera_msgs/rosidl_generator_py/realsense_camera_msgs"
[57.557s] 26: Test timeout computed to be: 120
[57.895s] 26: -- run_test.py: invoking following command in '/home/yan/camps_ws/src/ros2_intel_realsense/realsense_camera_msgs':
[57.895s] 26:  - /opt/ros/dashing/bin/ament_cpplint --xunit-file /home/yan/camps_ws/build/realsense_camera_msgs/test_results/realsense_camera_msgs/cpplint_rosidl_generated_py.xunit.xml --filters=-readability/fn_size --linelength 999 --root /home/yan/camps_ws/build/realsense_camera_msgs/rosidl_generator_py /home/yan/camps_ws/build/realsense_camera_msgs/rosidl_generator_py/realsense_camera_msgs
[60.611s] 26: Using '--root=/home/yan/camps_ws/build/realsense_camera_msgs/rosidl_generator_py' argument
[60.625s] 26: 
[60.626s] 26: Done processing /home/yan/camps_ws/build/realsense_camera_msgs/rosidl_generator_py/realsense_camera_msgs/_realsense_camera_msgs_s.ep.rosidl_typesupport_c.c
[60.627s] 26: 
[60.628s] 26: Done processing /home/yan/camps_ws/build/realsense_camera_msgs/rosidl_generator_py/realsense_camera_msgs/_realsense_camera_msgs_s.ep.rosidl_typesupport_fastrtps_c.c
[60.629s] 26: 
[60.629s] 26: Done processing /home/yan/camps_ws/build/realsense_camera_msgs/rosidl_generator_py/realsense_camera_msgs/msg/_extrinsics_s.c
[60.630s] 26: 
[60.630s] 26: Done processing /home/yan/camps_ws/build/realsense_camera_msgs/rosidl_generator_py/realsense_camera_msgs/msg/_imu_info_s.c
[60.631s] 26: 
[60.632s] 26: No problems found
[60.687s] 26: -- run_test.py: return code 0
[60.688s] 26: -- run_test.py: verify result file '/home/yan/camps_ws/build/realsense_camera_msgs/test_results/realsense_camera_msgs/cpplint_rosidl_generated_py.xunit.xml'
[60.735s] 26/29 Test #26: cpplint_rosidl_generated_py .......................   Passed    3.18 sec
[60.736s] test 27
[60.737s]       Start 27: flake8_rosidl_generated_py
[60.737s] 
[60.738s] 27: Test command: /usr/bin/python3 "-u" "/opt/ros/dashing/share/ament_cmake_test/cmake/run_test.py" "/home/yan/camps_ws/build/realsense_camera_msgs/test_results/realsense_camera_msgs/flake8_rosidl_generated_py.xunit.xml" "--package-name" "realsense_camera_msgs" "--output-file" "/home/yan/camps_ws/build/realsense_camera_msgs/ament_flake8/flake8_rosidl_generated_py.txt" "--command" "/opt/ros/dashing/bin/ament_flake8" "--xunit-file" "/home/yan/camps_ws/build/realsense_camera_msgs/test_results/realsense_camera_msgs/flake8_rosidl_generated_py.xunit.xml" "--linelength" "999" "/home/yan/camps_ws/build/realsense_camera_msgs/rosidl_generator_py/realsense_camera_msgs"
[60.738s] 27: Test timeout computed to be: 60
[61.066s] 27: -- run_test.py: invoking following command in '/home/yan/camps_ws/src/ros2_intel_realsense/realsense_camera_msgs':
[61.067s] 27:  - /opt/ros/dashing/bin/ament_flake8 --xunit-file /home/yan/camps_ws/build/realsense_camera_msgs/test_results/realsense_camera_msgs/flake8_rosidl_generated_py.xunit.xml --linelength 999 /home/yan/camps_ws/build/realsense_camera_msgs/rosidl_generator_py/realsense_camera_msgs
[63.796s] 27: Traceback (most recent call last):
[63.797s] 27:   File "/home/yan/.local/lib/python3.6/site-packages/flake8/plugins/manager.py", line 157, in load_plugin
[63.797s] 27:     self._load()
[63.798s] 27:   File "/home/yan/.local/lib/python3.6/site-packages/flake8/plugins/manager.py", line 134, in _load
[63.799s] 27:     self._plugin = self.entry_point.load()
[63.799s] 27:   File "/home/yan/.local/lib/python3.6/site-packages/importlib_metadata/__init__.py", line 98, in load
[63.800s] 27:     return functools.reduce(getattr, attrs, module)
[63.801s] 27: AttributeError: module 'pycodestyle' has no attribute 'break_around_binary_operator'
[63.802s] 27: 
[63.802s] 27: During handling of the above exception, another exception occurred:
[63.803s] 27: 
[63.806s] 27: Traceback (most recent call last):
[63.808s] 27:   File "/opt/ros/dashing/bin/ament_flake8", line 11, in <module>
[63.809s] 27:     load_entry_point('ament-flake8==0.7.12', 'console_scripts', 'ament_flake8')()
[63.810s] 27:   File "/opt/ros/dashing/lib/python3.6/site-packages/ament_flake8/main.py", line 75, in main
[63.811s] 27:     max_line_length=args.linelength)
[63.812s] 27:   File "/opt/ros/dashing/lib/python3.6/site-packages/ament_flake8/main.py", line 176, in generate_flake8_report
[63.813s] 27:     style = get_flake8_style_guide(flake8_argv)
[63.813s] 27:   File "/opt/ros/dashing/lib/python3.6/site-packages/ament_flake8/main.py", line 140, in get_flake8_style_guide
[63.814s] 27:     application.find_plugins(config_finder)
[63.815s] 27:   File "/home/yan/.local/lib/python3.6/site-packages/flake8/main/application.py", line 159, in find_plugins
[63.815s] 27:     self.check_plugins.load_plugins()
[63.816s] 27:   File "/home/yan/.local/lib/python3.6/site-packages/flake8/plugins/manager.py", line 415, in load_plugins
[63.817s] 27:     plugins = list(self.manager.map(load_plugin))
[63.818s] 27:   File "/home/yan/.local/lib/python3.6/site-packages/flake8/plugins/manager.py", line 302, in map
[63.818s] 27:     yield func(self.plugins[name], *args, **kwargs)
[63.819s] 27:   File "/home/yan/.local/lib/python3.6/site-packages/flake8/plugins/manager.py", line 413, in load_plugin
[63.820s] 27:     return plugin.load_plugin()
[63.821s] 27:   File "/home/yan/.local/lib/python3.6/site-packages/flake8/plugins/manager.py", line 164, in load_plugin
[63.821s] 27:     raise failed_to_load
[63.822s] 27: flake8.exceptions.FailedToLoadPlugin: Flake8 failed to load plugin "pycodestyle.break_around_binary_operator" due to module 'pycodestyle' has no attribute 'break_around_binary_operator'.
[63.952s] 27: -- run_test.py: return code 1
[63.953s] 27: -- run_test.py: generate result file '/home/yan/camps_ws/build/realsense_camera_msgs/test_results/realsense_camera_msgs/flake8_rosidl_generated_py.xunit.xml' with failed test
[63.953s] 27: -- run_test.py: verify result file '/home/yan/camps_ws/build/realsense_camera_msgs/test_results/realsense_camera_msgs/flake8_rosidl_generated_py.xunit.xml'
[63.993s] 27/29 Test #27: flake8_rosidl_generated_py ........................***Failed    3.26 sec
[63.994s] test 28
[63.995s]       Start 28: pep257_rosidl_generated_py
[63.995s] 
[63.996s] 28: Test command: /usr/bin/python3 "-u" "/opt/ros/dashing/share/ament_cmake_test/cmake/run_test.py" "/home/yan/camps_ws/build/realsense_camera_msgs/test_results/realsense_camera_msgs/pep257_rosidl_generated_py.xunit.xml" "--package-name" "realsense_camera_msgs" "--output-file" "/home/yan/camps_ws/build/realsense_camera_msgs/ament_pep257/pep257_rosidl_generated_py.txt" "--command" "/opt/ros/dashing/bin/ament_pep257" "--xunit-file" "/home/yan/camps_ws/build/realsense_camera_msgs/test_results/realsense_camera_msgs/pep257_rosidl_generated_py.xunit.xml" "/home/yan/camps_ws/build/realsense_camera_msgs/rosidl_generator_py/realsense_camera_msgs"
[63.996s] 28: Test timeout computed to be: 60
[64.362s] 28: -- run_test.py: invoking following command in '/home/yan/camps_ws/src/ros2_intel_realsense/realsense_camera_msgs':
[64.364s] 28:  - /opt/ros/dashing/bin/ament_pep257 --xunit-file /home/yan/camps_ws/build/realsense_camera_msgs/test_results/realsense_camera_msgs/pep257_rosidl_generated_py.xunit.xml /home/yan/camps_ws/build/realsense_camera_msgs/rosidl_generator_py/realsense_camera_msgs
[66.504s] 28: checking /home/yan/camps_ws/build/realsense_camera_msgs/rosidl_generator_py/realsense_camera_msgs/__init__.py
[66.506s] 28: checking /home/yan/camps_ws/build/realsense_camera_msgs/rosidl_generator_py/realsense_camera_msgs/msg/__init__.py
[66.507s] 28: checking /home/yan/camps_ws/build/realsense_camera_msgs/rosidl_generator_py/realsense_camera_msgs/msg/_extrinsics.py
[66.508s] 28: checking /home/yan/camps_ws/build/realsense_camera_msgs/rosidl_generator_py/realsense_camera_msgs/msg/_imu_info.py
[66.509s] 28: No problems found
[66.617s] 28: -- run_test.py: return code 0
[66.619s] 28: -- run_test.py: verify result file '/home/yan/camps_ws/build/realsense_camera_msgs/test_results/realsense_camera_msgs/pep257_rosidl_generated_py.xunit.xml'
[66.678s] 28/29 Test #28: pep257_rosidl_generated_py ........................   Passed    2.68 sec
[66.679s] test 29
[66.680s]       Start 29: uncrustify_rosidl_generated_py
[66.680s] 
[66.681s] 29: Test command: /usr/bin/python3 "-u" "/opt/ros/dashing/share/ament_cmake_test/cmake/run_test.py" "/home/yan/camps_ws/build/realsense_camera_msgs/test_results/realsense_camera_msgs/uncrustify_rosidl_generated_py.xunit.xml" "--package-name" "realsense_camera_msgs" "--output-file" "/home/yan/camps_ws/build/realsense_camera_msgs/ament_uncrustify/uncrustify_rosidl_generated_py.txt" "--command" "/opt/ros/dashing/bin/ament_uncrustify" "--xunit-file" "/home/yan/camps_ws/build/realsense_camera_msgs/test_results/realsense_camera_msgs/uncrustify_rosidl_generated_py.xunit.xml" "--linelength" "0" "/home/yan/camps_ws/build/realsense_camera_msgs/rosidl_generator_py/realsense_camera_msgs"
[66.682s] 29: Test timeout computed to be: 60
[67.044s] 29: -- run_test.py: invoking following command in '/home/yan/camps_ws/src/ros2_intel_realsense/realsense_camera_msgs':
[67.045s] 29:  - /opt/ros/dashing/bin/ament_uncrustify --xunit-file /home/yan/camps_ws/build/realsense_camera_msgs/test_results/realsense_camera_msgs/uncrustify_rosidl_generated_py.xunit.xml --linelength 0 /home/yan/camps_ws/build/realsense_camera_msgs/rosidl_generator_py/realsense_camera_msgs
[68.624s] 29: No code style divergence in file '/home/yan/camps_ws/build/realsense_camera_msgs/rosidl_generator_py/realsense_camera_msgs/_realsense_camera_msgs_s.ep.rosidl_typesupport_c.c'
[68.625s] 29: 
[68.626s] 29: No code style divergence in file '/home/yan/camps_ws/build/realsense_camera_msgs/rosidl_generator_py/realsense_camera_msgs/_realsense_camera_msgs_s.ep.rosidl_typesupport_fastrtps_c.c'
[68.626s] 29: 
[68.627s] 29: No code style divergence in file '/home/yan/camps_ws/build/realsense_camera_msgs/rosidl_generator_py/realsense_camera_msgs/msg/_extrinsics_s.c'
[68.627s] 29: 
[68.628s] 29: No code style divergence in file '/home/yan/camps_ws/build/realsense_camera_msgs/rosidl_generator_py/realsense_camera_msgs/msg/_imu_info_s.c'
[68.629s] 29: 
[68.629s] 29: No problems found
[68.719s] 29: -- run_test.py: return code 0
[68.719s] 29: -- run_test.py: verify result file '/home/yan/camps_ws/build/realsense_camera_msgs/test_results/realsense_camera_msgs/uncrustify_rosidl_generated_py.xunit.xml'
[68.767s] 29/29 Test #29: uncrustify_rosidl_generated_py ....................   Passed    2.09 sec
[68.768s] 
[68.769s] 97% tests passed, 1 tests failed out of 29
[68.769s] 
[68.770s] Label Time Summary:
[68.770s] cppcheck      =  18.43 sec*proc (9 tests)
[68.771s] cpplint       =  24.65 sec*proc (9 tests)
[68.771s] flake8        =   3.26 sec*proc (1 test)
[68.772s] linter        =  68.10 sec*proc (29 tests)
[68.772s] pep257        =   2.68 sec*proc (1 test)
[68.772s] uncrustify    =  19.07 sec*proc (9 tests)
[68.773s] 
[68.773s] Total Test time (real) =  68.13 sec
[68.774s] 
[68.774s] The following tests FAILED:
[68.775s] 	 27 - flake8_rosidl_generated_py (Failed)
[68.784s] Errors while running CTest
[68.794s] Invoked command in '/home/yan/camps_ws/build/realsense_camera_msgs' returned '8': CMAKE_PREFIX_PATH=/home/yan/camps_ws/install/realsense_camera_msgs:/home/yan/camps_ws/install/realsense_ros2_camera:/home/yan/ros2_ws/install/realsense_msgs /usr/bin/ctest -C Release -D ExperimentalTest --no-compress-output -V --force-new-ctest-process
